-- Found ament_cmake: 1.3.5 (/home/user/ros2_humble/install/ament_cmake/share/ament_cmake/cmake)
-- Override CMake install command with custom implementation using symlinks instead of copying resources
-- Found rclcpp: 16.0.4 (/home/user/ros2_humble/install/rclcpp/share/rclcpp/cmake)
-- Found rosidl_generator_c: 3.1.4 (/home/user/ros2_humble/install/rosidl_generator_c/share/rosidl_generator_c/cmake)
-- Found rosidl_adapter: 3.1.4 (/home/user/ros2_humble/install/rosidl_adapter/share/rosidl_adapter/cmake)
-- Found rosidl_generator_cpp: 3.1.4 (/home/user/ros2_humble/install/rosidl_generator_cpp/share/rosidl_generator_cpp/cmake)
-- Using all available rosidl_typesupport_c: rosidl_typesupport_introspection_c;rosidl_typesupport_fastrtps_c
-- Using all available rosidl_typesupport_cpp: rosidl_typesupport_introspection_cpp;rosidl_typesupport_fastrtps_cpp
-- Found rmw_implementation_cmake: 6.1.1 (/home/user/ros2_humble/install/rmw_implementation_cmake/share/rmw_implementation_cmake/cmake)
-- Found rmw_fastrtps_cpp: 6.2.2 (/home/user/ros2_humble/install/rmw_fastrtps_cpp/share/rmw_fastrtps_cpp/cmake)
-- Using RMW implementation 'rmw_fastrtps_cpp' as default
-- Found my_interfaces: 0.0.0 (/home/user/template_ws/install/my_interfaces/share/my_interfaces/cmake)
-- Configuring done
-- Generating done
-- Build files have been written to: /home/user/template_ws/build/robot_v2_pkg
[35m[1mConsolidate compiler generated dependencies of target robot_v2_node[0m
[ 50%] [32mBuilding CXX object CMakeFiles/robot_v2_node.dir/src/robot_v2_node.cpp.o[0m
[100%] [32m[1mLinking CXX executable robot_v2_node[0m
[100%] Built target robot_v2_node
-- Install configuration: ""
-- Execute custom install script
-- Up-to-date symlink: /home/user/template_ws/install/robot_v2_pkg/lib/robot_v2_pkg/robot_v2_node
-- Up-to-date symlink: /home/user/template_ws/install/robot_v2_pkg/share/ament_index/resource_index/package_run_dependencies/robot_v2_pkg
-- Up-to-date symlink: /home/user/template_ws/install/robot_v2_pkg/share/ament_index/resource_index/parent_prefix_path/robot_v2_pkg
-- Up-to-date symlink: /home/user/template_ws/install/robot_v2_pkg/share/robot_v2_pkg/environment/ament_prefix_path.sh
-- Up-to-date symlink: /home/user/template_ws/install/robot_v2_pkg/share/robot_v2_pkg/environment/ament_prefix_path.dsv
-- Up-to-date symlink: /home/user/template_ws/install/robot_v2_pkg/share/robot_v2_pkg/environment/path.sh
-- Up-to-date symlink: /home/user/template_ws/install/robot_v2_pkg/share/robot_v2_pkg/environment/path.dsv
-- Up-to-date symlink: /home/user/template_ws/install/robot_v2_pkg/share/robot_v2_pkg/local_setup.bash
-- Up-to-date symlink: /home/user/template_ws/install/robot_v2_pkg/share/robot_v2_pkg/local_setup.sh
-- Up-to-date symlink: /home/user/template_ws/install/robot_v2_pkg/share/robot_v2_pkg/local_setup.zsh
-- Up-to-date symlink: /home/user/template_ws/install/robot_v2_pkg/share/robot_v2_pkg/local_setup.dsv
-- Symlinking: /home/user/template_ws/install/robot_v2_pkg/share/robot_v2_pkg/package.dsv
-- Up-to-date symlink: /home/user/template_ws/install/robot_v2_pkg/share/ament_index/resource_index/packages/robot_v2_pkg
-- Up-to-date symlink: /home/user/template_ws/install/robot_v2_pkg/share/robot_v2_pkg/cmake/robot_v2_pkgConfig.cmake
-- Up-to-date symlink: /home/user/template_ws/install/robot_v2_pkg/share/robot_v2_pkg/cmake/robot_v2_pkgConfig-version.cmake
-- Up-to-date symlink: /home/user/template_ws/install/robot_v2_pkg/share/robot_v2_pkg/package.xml
