[1.209s] DEBUG:colcon:Command line arguments: ['/home/user/.local/bin/colcon', 'build', '--symlink-install']
[1.209s] DEBUG:colcon:Parsed command line arguments: Namespace(log_base=None, log_level=None, verb_name='build', build_base='build', install_base='install', merge_install=False, symlink_install=True, test_result_base=None, continue_on_error=False, executor='parallel', parallel_workers=4, event_handlers=None, ignore_user_meta=False, metas=['./colcon.meta'], base_paths=['.'], packages_ignore=None, packages_ignore_regex=None, paths=None, packages_up_to=None, packages_up_to_regex=None, packages_above=None, packages_above_and_dependencies=None, packages_above_depth=None, packages_select_by_dep=None, packages_skip_by_dep=None, packages_skip_up_to=None, packages_select_build_failed=False, packages_skip_build_finished=False, packages_select_test_failures=False, packages_skip_test_passed=False, packages_select=None, packages_skip=None, packages_select_regex=None, packages_skip_regex=None, packages_start=None, packages_end=None, allow_overriding=[], cmake_args=None, cmake_target=None, cmake_target_skip_unavailable=False, cmake_clean_cache=False, cmake_clean_first=False, cmake_force_configure=False, ament_cmake_args=None, catkin_cmake_args=None, catkin_skip_building_tests=False, verb_parser=<colcon_defaults.argument_parser.defaults.DefaultArgumentsDecorator object at 0x7f722f9e5b70>, verb_extension=<colcon_core.verb.build.BuildVerb object at 0x7f722f9e5600>, main=<bound method BuildVerb.main of <colcon_core.verb.build.BuildVerb object at 0x7f722f9e5600>>)
[1.294s] Level 1:colcon.colcon_core.package_discovery:discover_packages(colcon_meta) check parameters
[1.294s] Level 1:colcon.colcon_core.package_discovery:discover_packages(recursive) check parameters
[1.294s] Level 1:colcon.colcon_core.package_discovery:discover_packages(ignore) check parameters
[1.294s] Level 1:colcon.colcon_core.package_discovery:discover_packages(path) check parameters
[1.294s] Level 1:colcon.colcon_core.package_discovery:discover_packages(colcon_meta) discover
[1.294s] Level 1:colcon.colcon_core.package_discovery:discover_packages(recursive) discover
[1.294s] INFO:colcon.colcon_core.package_discovery:Crawling recursively for packages in '/home/user/template_ws'
[1.294s] Level 1:colcon.colcon_core.package_identification:_identify(.) by extensions ['ignore', 'ignore_ament_install']
[1.295s] Level 1:colcon.colcon_core.package_identification:_identify(.) by extension 'ignore'
[1.295s] Level 1:colcon.colcon_core.package_identification:_identify(.) by extension 'ignore_ament_install'
[1.295s] Level 1:colcon.colcon_core.package_identification:_identify(.) by extensions ['colcon_pkg']
[1.295s] Level 1:colcon.colcon_core.package_identification:_identify(.) by extension 'colcon_pkg'
[1.295s] Level 1:colcon.colcon_core.package_identification:_identify(.) by extensions ['colcon_meta']
[1.295s] Level 1:colcon.colcon_core.package_identification:_identify(.) by extension 'colcon_meta'
[1.295s] Level 1:colcon.colcon_core.package_identification:_identify(.) by extensions ['ros']
[1.295s] Level 1:colcon.colcon_core.package_identification:_identify(.) by extension 'ros'
[1.311s] Level 1:colcon.colcon_core.package_identification:_identify(.) by extensions ['cmake', 'python']
[1.311s] Level 1:colcon.colcon_core.package_identification:_identify(.) by extension 'cmake'
[1.312s] Level 1:colcon.colcon_core.package_identification:_identify(.) by extension 'python'
[1.312s] Level 1:colcon.colcon_core.package_identification:_identify(.) by extensions ['python_setup_py']
[1.312s] Level 1:colcon.colcon_core.package_identification:_identify(.) by extension 'python_setup_py'
[1.312s] Level 1:colcon.colcon_core.package_identification:_identify(build) by extensions ['ignore', 'ignore_ament_install']
[1.312s] Level 1:colcon.colcon_core.package_identification:_identify(build) by extension 'ignore'
[1.312s] Level 1:colcon.colcon_core.package_identification:_identify(build) ignored
[1.312s] Level 1:colcon.colcon_core.package_identification:_identify(install) by extensions ['ignore', 'ignore_ament_install']
[1.312s] Level 1:colcon.colcon_core.package_identification:_identify(install) by extension 'ignore'
[1.312s] Level 1:colcon.colcon_core.package_identification:_identify(install) ignored
[1.312s] Level 1:colcon.colcon_core.package_identification:_identify(log) by extensions ['ignore', 'ignore_ament_install']
[1.312s] Level 1:colcon.colcon_core.package_identification:_identify(log) by extension 'ignore'
[1.313s] Level 1:colcon.colcon_core.package_identification:_identify(log) ignored
[1.313s] Level 1:colcon.colcon_core.package_identification:_identify(src) by extensions ['ignore', 'ignore_ament_install']
[1.313s] Level 1:colcon.colcon_core.package_identification:_identify(src) by extension 'ignore'
[1.313s] Level 1:colcon.colcon_core.package_identification:_identify(src) by extension 'ignore_ament_install'
[1.313s] Level 1:colcon.colcon_core.package_identification:_identify(src) by extensions ['colcon_pkg']
[1.313s] Level 1:colcon.colcon_core.package_identification:_identify(src) by extension 'colcon_pkg'
[1.313s] Level 1:colcon.colcon_core.package_identification:_identify(src) by extensions ['colcon_meta']
[1.313s] Level 1:colcon.colcon_core.package_identification:_identify(src) by extension 'colcon_meta'
[1.313s] Level 1:colcon.colcon_core.package_identification:_identify(src) by extensions ['ros']
[1.313s] Level 1:colcon.colcon_core.package_identification:_identify(src) by extension 'ros'
[1.313s] Level 1:colcon.colcon_core.package_identification:_identify(src) by extensions ['cmake', 'python']
[1.313s] Level 1:colcon.colcon_core.package_identification:_identify(src) by extension 'cmake'
[1.313s] Level 1:colcon.colcon_core.package_identification:_identify(src) by extension 'python'
[1.313s] Level 1:colcon.colcon_core.package_identification:_identify(src) by extensions ['python_setup_py']
[1.313s] Level 1:colcon.colcon_core.package_identification:_identify(src) by extension 'python_setup_py'
[1.314s] Level 1:colcon.colcon_core.package_identification:_identify(src/camera_pkg) by extensions ['ignore', 'ignore_ament_install']
[1.314s] Level 1:colcon.colcon_core.package_identification:_identify(src/camera_pkg) by extension 'ignore'
[1.314s] Level 1:colcon.colcon_core.package_identification:_identify(src/camera_pkg) by extension 'ignore_ament_install'
[1.314s] Level 1:colcon.colcon_core.package_identification:_identify(src/camera_pkg) by extensions ['colcon_pkg']
[1.314s] Level 1:colcon.colcon_core.package_identification:_identify(src/camera_pkg) by extension 'colcon_pkg'
[1.314s] Level 1:colcon.colcon_core.package_identification:_identify(src/camera_pkg) by extensions ['colcon_meta']
[1.314s] Level 1:colcon.colcon_core.package_identification:_identify(src/camera_pkg) by extension 'colcon_meta'
[1.314s] Level 1:colcon.colcon_core.package_identification:_identify(src/camera_pkg) by extensions ['ros']
[1.314s] Level 1:colcon.colcon_core.package_identification:_identify(src/camera_pkg) by extension 'ros'
[1.317s] DEBUG:colcon.colcon_core.package_identification:Package 'src/camera_pkg' with type 'ros.ament_python' and name 'camera_pkg'
[1.317s] Level 1:colcon.colcon_core.package_identification:_identify(src/robot_pkg) by extensions ['ignore', 'ignore_ament_install']
[1.317s] Level 1:colcon.colcon_core.package_identification:_identify(src/robot_pkg) by extension 'ignore'
[1.317s] Level 1:colcon.colcon_core.package_identification:_identify(src/robot_pkg) by extension 'ignore_ament_install'
[1.317s] Level 1:colcon.colcon_core.package_identification:_identify(src/robot_pkg) by extensions ['colcon_pkg']
[1.318s] Level 1:colcon.colcon_core.package_identification:_identify(src/robot_pkg) by extension 'colcon_pkg'
[1.318s] Level 1:colcon.colcon_core.package_identification:_identify(src/robot_pkg) by extensions ['colcon_meta']
[1.318s] Level 1:colcon.colcon_core.package_identification:_identify(src/robot_pkg) by extension 'colcon_meta'
[1.318s] Level 1:colcon.colcon_core.package_identification:_identify(src/robot_pkg) by extensions ['ros']
[1.318s] Level 1:colcon.colcon_core.package_identification:_identify(src/robot_pkg) by extension 'ros'
[1.319s] DEBUG:colcon.colcon_core.package_identification:Package 'src/robot_pkg' with type 'ros.ament_cmake' and name 'robot_pkg'
[1.319s] Level 1:colcon.colcon_core.package_discovery:discover_packages(recursive) using defaults
[1.319s] Level 1:colcon.colcon_core.package_discovery:discover_packages(ignore) discover
[1.319s] Level 1:colcon.colcon_core.package_discovery:discover_packages(ignore) using defaults
[1.319s] Level 1:colcon.colcon_core.package_discovery:discover_packages(path) discover
[1.319s] Level 1:colcon.colcon_core.package_discovery:discover_packages(path) using defaults
[1.470s] Level 1:colcon.colcon_core.package_discovery:discover_packages(prefix_path) check parameters
[1.471s] Level 1:colcon.colcon_core.package_discovery:discover_packages(prefix_path) discover
[1.545s] DEBUG:colcon.colcon_installed_package_information.package_discovery:Found 2 installed packages in /home/user/template_ws/install
[1.563s] DEBUG:colcon.colcon_installed_package_information.package_discovery:Found 344 installed packages in /home/user/ros2_humble/install
[1.565s] Level 1:colcon.colcon_core.package_discovery:discover_packages(prefix_path) using defaults
[1.715s] Level 5:colcon.colcon_core.verb:set package 'camera_pkg' build argument 'cmake_args' from command line to 'None'
[1.715s] Level 5:colcon.colcon_core.verb:set package 'camera_pkg' build argument 'cmake_target' from command line to 'None'
[1.715s] Level 5:colcon.colcon_core.verb:set package 'camera_pkg' build argument 'cmake_target_skip_unavailable' from command line to 'False'
[1.715s] Level 5:colcon.colcon_core.verb:set package 'camera_pkg' build argument 'cmake_clean_cache' from command line to 'False'
[1.715s] Level 5:colcon.colcon_core.verb:set package 'camera_pkg' build argument 'cmake_clean_first' from command line to 'False'
[1.715s] Level 5:colcon.colcon_core.verb:set package 'camera_pkg' build argument 'cmake_force_configure' from command line to 'False'
[1.715s] Level 5:colcon.colcon_core.verb:set package 'camera_pkg' build argument 'ament_cmake_args' from command line to 'None'
[1.716s] Level 5:colcon.colcon_core.verb:set package 'camera_pkg' build argument 'catkin_cmake_args' from command line to 'None'
[1.716s] Level 5:colcon.colcon_core.verb:set package 'camera_pkg' build argument 'catkin_skip_building_tests' from command line to 'False'
[1.716s] DEBUG:colcon.colcon_core.verb:Building package 'camera_pkg' with the following arguments: {'ament_cmake_args': None, 'build_base': '/home/user/template_ws/build/camera_pkg', 'catkin_cmake_args': None, 'catkin_skip_building_tests': False, 'cmake_args': None, 'cmake_clean_cache': False, 'cmake_clean_first': False, 'cmake_force_configure': False, 'cmake_target': None, 'cmake_target_skip_unavailable': False, 'install_base': '/home/user/template_ws/install/camera_pkg', 'merge_install': False, 'path': '/home/user/template_ws/src/camera_pkg', 'symlink_install': True, 'test_result_base': None}
[1.733s] Level 5:colcon.colcon_core.verb:set package 'robot_pkg' build argument 'cmake_args' from command line to 'None'
[1.733s] Level 5:colcon.colcon_core.verb:set package 'robot_pkg' build argument 'cmake_target' from command line to 'None'
[1.734s] Level 5:colcon.colcon_core.verb:set package 'robot_pkg' build argument 'cmake_target_skip_unavailable' from command line to 'False'
[1.734s] Level 5:colcon.colcon_core.verb:set package 'robot_pkg' build argument 'cmake_clean_cache' from command line to 'False'
[1.734s] Level 5:colcon.colcon_core.verb:set package 'robot_pkg' build argument 'cmake_clean_first' from command line to 'False'
[1.734s] Level 5:colcon.colcon_core.verb:set package 'robot_pkg' build argument 'cmake_force_configure' from command line to 'False'
[1.734s] Level 5:colcon.colcon_core.verb:set package 'robot_pkg' build argument 'ament_cmake_args' from command line to 'None'
[1.734s] Level 5:colcon.colcon_core.verb:set package 'robot_pkg' build argument 'catkin_cmake_args' from command line to 'None'
[1.734s] Level 5:colcon.colcon_core.verb:set package 'robot_pkg' build argument 'catkin_skip_building_tests' from command line to 'False'
[1.734s] DEBUG:colcon.colcon_core.verb:Building package 'robot_pkg' with the following arguments: {'ament_cmake_args': None, 'build_base': '/home/user/template_ws/build/robot_pkg', 'catkin_cmake_args': None, 'catkin_skip_building_tests': False, 'cmake_args': None, 'cmake_clean_cache': False, 'cmake_clean_first': False, 'cmake_force_configure': False, 'cmake_target': None, 'cmake_target_skip_unavailable': False, 'install_base': '/home/user/template_ws/install/robot_pkg', 'merge_install': False, 'path': '/home/user/template_ws/src/robot_pkg', 'symlink_install': True, 'test_result_base': None}
[1.738s] INFO:colcon.colcon_core.executor:Executing jobs using 'parallel' executor
[1.765s] DEBUG:colcon.colcon_parallel_executor.executor.parallel:run_until_complete
[1.766s] INFO:colcon.colcon_ros.task.ament_python.build:Building ROS package in '/home/user/template_ws/src/camera_pkg' with build type 'ament_python'
[1.766s] Level 1:colcon.colcon_core.shell:create_environment_hook('camera_pkg', 'ament_prefix_path')
[1.790s] INFO:colcon.colcon_core.plugin_system:Skipping extension 'colcon_core.shell.bat': Not used on non-Windows systems
[1.790s] INFO:colcon.colcon_core.shell:Creating environment hook '/home/user/template_ws/install/camera_pkg/share/camera_pkg/hook/ament_prefix_path.ps1'
[1.791s] INFO:colcon.colcon_core.shell:Creating environment descriptor '/home/user/template_ws/install/camera_pkg/share/camera_pkg/hook/ament_prefix_path.dsv'
[1.792s] INFO:colcon.colcon_core.shell:Creating environment hook '/home/user/template_ws/install/camera_pkg/share/camera_pkg/hook/ament_prefix_path.sh'
[1.805s] INFO:colcon.colcon_core.shell:Skip shell extension 'powershell' for command environment: Not usable outside of PowerShell
[1.806s] DEBUG:colcon.colcon_core.shell:Skip shell extension 'dsv' for command environment
[1.871s] INFO:colcon.colcon_ros.task.ament_cmake.build:Building ROS package in '/home/user/template_ws/src/robot_pkg' with build type 'ament_cmake'
[1.872s] INFO:colcon.colcon_cmake.task.cmake.build:Building CMake package in '/home/user/template_ws/src/robot_pkg'
[1.891s] INFO:colcon.colcon_core.shell:Skip shell extension 'powershell' for command environment: Not usable outside of PowerShell
[1.891s] DEBUG:colcon.colcon_core.shell:Skip shell extension 'dsv' for command environment
[2.717s] INFO:colcon.colcon_core.task.python.build:Building Python package in '/home/user/template_ws/src/camera_pkg'
[2.729s] INFO:colcon.colcon_core.shell:Skip shell extension 'powershell' for command environment: Not usable outside of PowerShell
[2.729s] DEBUG:colcon.colcon_core.shell:Skip shell extension 'dsv' for command environment
[2.793s] DEBUG:colcon.colcon_core.event_handler.log_command:Invoking command in '/home/user/template_ws/build/robot_pkg': CMAKE_PREFIX_PATH=${CMAKE_PREFIX_PATH}:/home/user/template_ws/install/camera_pkg:/home/user/ros2_humble/install/rqt_bag_plugins:/home/user/ros2_humble/install/rqt_bag:/home/user/ros2_humble/install/ros2bag:/home/user/ros2_humble/install/tracetools_test:/home/user/ros2_humble/install/tracetools_launch:/home/user/ros2_humble/install/topic_monitor:/home/user/ros2_humble/install/tf2_tools:/home/user/ros2_humble/install/examples_tf2_py:/home/user/ros2_humble/install/tf2_ros_py:/home/user/ros2_humble/install/sros2:/home/user/ros2_humble/install/rqt_topic:/home/user/ros2_humble/install/rqt_srv:/home/user/ros2_humble/install/rqt_shell:/home/user/ros2_humble/install/rqt_service_caller:/home/user/ros2_humble/install/rqt_reconfigure:/home/user/ros2_humble/install/rqt_py_console:/home/user/ros2_humble/install/rqt_publisher:/home/user/ros2_humble/install/rqt_plot:/home/user/ros2_humble/install/rqt_action:/home/user/ros2_humble/install/rqt_msg:/home/user/ros2_humble/install/rqt_console:/home/user/ros2_humble/install/rqt:/home/user/ros2_humble/install/rqt_graph:/home/user/ros2_humble/install/rqt_gui_py:/home/user/ros2_humble/install/rqt_gui:/home/user/ros2_humble/install/ros2trace:/home/user/ros2_humble/install/ros2topic:/home/user/ros2_humble/install/ros2test:/home/user/ros2_humble/install/ros2component:/home/user/ros2_humble/install/ros2param:/home/user/ros2_humble/install/ros2lifecycle:/home/user/ros2_humble/install/ros2service:/home/user/ros2_humble/install/ros2run:/home/user/ros2_humble/install/ros2launch:/home/user/ros2_humble/install/ros2pkg:/home/user/ros2_humble/install/ros2node:/home/user/ros2_humble/install/ros2multicast:/home/user/ros2_humble/install/ros2interface:/home/user/ros2_humble/install/ros2doctor:/home/user/ros2_humble/install/ros2action:/home/user/ros2_humble/install/ros2cli:/home/user/ros2_humble/install/quality_of_service_demo_py:/home/user/ros2_humble/install/lifecycle_py:/home/user/ros2_humble/install/launch_testing_ros:/home/user/ros2_humble/install/launch_ros:/home/user/ros2_humble/install/examples_rclpy_pointcloud_publisher:/home/user/ros2_humble/install/examples_rclpy_minimal_subscriber:/home/user/ros2_humble/install/examples_rclpy_minimal_service:/home/user/ros2_humble/install/examples_rclpy_minimal_publisher:/home/user/ros2_humble/install/examples_rclpy_minimal_client:/home/user/ros2_humble/install/examples_rclpy_minimal_action_server:/home/user/ros2_humble/install/examples_rclpy_minimal_action_client:/home/user/ros2_humble/install/examples_rclpy_guard_conditions:/home/user/ros2_humble/install/examples_rclpy_executors:/home/user/ros2_humble/install/demo_nodes_py:/home/user/ros2_humble/install/action_tutorials_py:/home/user/ros2_humble/install/ament_uncrustify:/home/user/ros2_humble/install/tracetools_trace:/home/user/ros2_humble/install/tracetools_read:/home/user/ros2_humble/install/test_tracetools_launch:/home/user/ros2_humble/install/test_launch_ros:/home/user/ros2_humble/install/sensor_msgs_py:/home/user/ros2_humble/install/rpyutils:/home/user/ros2_humble/install/rosidl_runtime_py:/home/user/ros2_humble/install/rosidl_cli:/home/user/ros2_humble/install/launch_pytest:/home/user/ros2_humble/install/launch_testing:/home/user/ros2_humble/install/launch_yaml:/home/user/ros2_humble/install/launch_xml:/home/user/ros2_humble/install/launch:/home/user/ros2_humble/install/osrf_pycommon:/home/user/ros2_humble/install/launch_testing_examples:/home/user/ros2_humble/install/domain_coordinator:/home/user/ros2_humble/install/ament_xmllint:/home/user/ros2_humble/install/ament_pyflakes:/home/user/ros2_humble/install/ament_pycodestyle:/home/user/ros2_humble/install/ament_pep257:/home/user/ros2_humble/install/ament_pclint:/home/user/ros2_humble/install/ament_package:/home/user/ros2_humble/install/ament_mypy:/home/user/ros2_humble/install/ament_lint_cmake:/home/user/ros2_humble/install/ament_flake8:/home/user/ros2_humble/install/ament_copyright:/home/user/ros2_humble/install/ament_lint:/home/user/ros2_humble/install/ament_index_python:/home/user/ros2_humble/install/ament_cpplint:/home/user/ros2_humble/install/ament_cppcheck:/home/user/ros2_humble/install/ament_clang_tidy:/home/user/ros2_humble/install/ament_clang_format /usr/bin/cmake --build /home/user/template_ws/build/robot_pkg -- -j4 -l4
[3.972s] DEBUG:colcon.colcon_core.event_handler.log_command:Invoking command in '/home/user/template_ws/build/camera_pkg': PYTHONPATH=/home/user/template_ws/build/camera_pkg/prefix_override:/home/user/template_ws/install/camera_pkg/lib/python3.10/site-packages:${PYTHONPATH} /usr/bin/python3 setup.py develop --editable --build-directory /home/user/template_ws/build/camera_pkg/build --no-deps install_data
[5.376s] Level 1:colcon.colcon_core.shell:create_environment_hook('camera_pkg', 'pythonpath_develop')
[5.387s] DEBUG:colcon.colcon_core.event_handler.log_command:Invoked command in '/home/user/template_ws/build/camera_pkg' returned '0': PYTHONPATH=/home/user/template_ws/build/camera_pkg/prefix_override:/home/user/template_ws/install/camera_pkg/lib/python3.10/site-packages:${PYTHONPATH} /usr/bin/python3 setup.py develop --editable --build-directory /home/user/template_ws/build/camera_pkg/build --no-deps install_data
[5.400s] INFO:colcon.colcon_core.shell:Creating environment hook '/home/user/template_ws/build/camera_pkg/share/camera_pkg/hook/pythonpath_develop.ps1'
[5.401s] INFO:colcon.colcon_core.shell:Creating environment descriptor '/home/user/template_ws/build/camera_pkg/share/camera_pkg/hook/pythonpath_develop.dsv'
[5.402s] INFO:colcon.colcon_core.shell:Creating environment hook '/home/user/template_ws/build/camera_pkg/share/camera_pkg/hook/pythonpath_develop.sh'
[5.431s] Level 1:colcon.colcon_core.environment:checking '/home/user/template_ws/install/camera_pkg' for CMake module files
[5.431s] Level 1:colcon.colcon_core.environment:checking '/home/user/template_ws/install/camera_pkg' for CMake config files
[5.432s] Level 1:colcon.colcon_core.environment:checking '/home/user/template_ws/install/camera_pkg/lib'
[5.432s] Level 1:colcon.colcon_core.environment:checking '/home/user/template_ws/install/camera_pkg/bin'
[5.432s] Level 1:colcon.colcon_core.environment:checking '/home/user/template_ws/install/camera_pkg/lib/pkgconfig/camera_pkg.pc'
[5.432s] Level 1:colcon.colcon_core.environment:checking '/home/user/template_ws/install/camera_pkg/lib/python3.10/site-packages'
[5.433s] Level 1:colcon.colcon_core.shell:create_environment_hook('camera_pkg', 'pythonpath')
[5.446s] INFO:colcon.colcon_core.shell:Creating environment hook '/home/user/template_ws/install/camera_pkg/share/camera_pkg/hook/pythonpath.ps1'
[5.446s] INFO:colcon.colcon_core.shell:Creating environment descriptor '/home/user/template_ws/install/camera_pkg/share/camera_pkg/hook/pythonpath.dsv'
[5.447s] INFO:colcon.colcon_core.shell:Creating environment hook '/home/user/template_ws/install/camera_pkg/share/camera_pkg/hook/pythonpath.sh'
[5.447s] Level 1:colcon.colcon_core.environment:checking '/home/user/template_ws/install/camera_pkg/bin'
[5.447s] Level 1:colcon.colcon_core.environment:create_environment_scripts_only(camera_pkg)
[5.460s] INFO:colcon.colcon_core.shell:Creating package script '/home/user/template_ws/install/camera_pkg/share/camera_pkg/package.ps1'
[5.461s] INFO:colcon.colcon_core.shell:Creating package descriptor '/home/user/template_ws/install/camera_pkg/share/camera_pkg/package.dsv'
[5.462s] INFO:colcon.colcon_core.shell:Creating package script '/home/user/template_ws/install/camera_pkg/share/camera_pkg/package.sh'
[5.463s] INFO:colcon.colcon_core.shell:Creating package script '/home/user/template_ws/install/camera_pkg/share/camera_pkg/package.bash'
[5.463s] INFO:colcon.colcon_core.shell:Creating package script '/home/user/template_ws/install/camera_pkg/share/camera_pkg/package.zsh'
[5.464s] Level 1:colcon.colcon_core.environment:create_file_with_runtime_dependencies(/home/user/template_ws/install/camera_pkg/share/colcon-core/packages/camera_pkg)
[16.609s] DEBUG:colcon.colcon_core.event_handler.log_command:Invoked command in '/home/user/template_ws/build/robot_pkg' returned '0': CMAKE_PREFIX_PATH=${CMAKE_PREFIX_PATH}:/home/user/template_ws/install/camera_pkg:/home/user/ros2_humble/install/rqt_bag_plugins:/home/user/ros2_humble/install/rqt_bag:/home/user/ros2_humble/install/ros2bag:/home/user/ros2_humble/install/tracetools_test:/home/user/ros2_humble/install/tracetools_launch:/home/user/ros2_humble/install/topic_monitor:/home/user/ros2_humble/install/tf2_tools:/home/user/ros2_humble/install/examples_tf2_py:/home/user/ros2_humble/install/tf2_ros_py:/home/user/ros2_humble/install/sros2:/home/user/ros2_humble/install/rqt_topic:/home/user/ros2_humble/install/rqt_srv:/home/user/ros2_humble/install/rqt_shell:/home/user/ros2_humble/install/rqt_service_caller:/home/user/ros2_humble/install/rqt_reconfigure:/home/user/ros2_humble/install/rqt_py_console:/home/user/ros2_humble/install/rqt_publisher:/home/user/ros2_humble/install/rqt_plot:/home/user/ros2_humble/install/rqt_action:/home/user/ros2_humble/install/rqt_msg:/home/user/ros2_humble/install/rqt_console:/home/user/ros2_humble/install/rqt:/home/user/ros2_humble/install/rqt_graph:/home/user/ros2_humble/install/rqt_gui_py:/home/user/ros2_humble/install/rqt_gui:/home/user/ros2_humble/install/ros2trace:/home/user/ros2_humble/install/ros2topic:/home/user/ros2_humble/install/ros2test:/home/user/ros2_humble/install/ros2component:/home/user/ros2_humble/install/ros2param:/home/user/ros2_humble/install/ros2lifecycle:/home/user/ros2_humble/install/ros2service:/home/user/ros2_humble/install/ros2run:/home/user/ros2_humble/install/ros2launch:/home/user/ros2_humble/install/ros2pkg:/home/user/ros2_humble/install/ros2node:/home/user/ros2_humble/install/ros2multicast:/home/user/ros2_humble/install/ros2interface:/home/user/ros2_humble/install/ros2doctor:/home/user/ros2_humble/install/ros2action:/home/user/ros2_humble/install/ros2cli:/home/user/ros2_humble/install/quality_of_service_demo_py:/home/user/ros2_humble/install/lifecycle_py:/home/user/ros2_humble/install/launch_testing_ros:/home/user/ros2_humble/install/launch_ros:/home/user/ros2_humble/install/examples_rclpy_pointcloud_publisher:/home/user/ros2_humble/install/examples_rclpy_minimal_subscriber:/home/user/ros2_humble/install/examples_rclpy_minimal_service:/home/user/ros2_humble/install/examples_rclpy_minimal_publisher:/home/user/ros2_humble/install/examples_rclpy_minimal_client:/home/user/ros2_humble/install/examples_rclpy_minimal_action_server:/home/user/ros2_humble/install/examples_rclpy_minimal_action_client:/home/user/ros2_humble/install/examples_rclpy_guard_conditions:/home/user/ros2_humble/install/examples_rclpy_executors:/home/user/ros2_humble/install/demo_nodes_py:/home/user/ros2_humble/install/action_tutorials_py:/home/user/ros2_humble/install/ament_uncrustify:/home/user/ros2_humble/install/tracetools_trace:/home/user/ros2_humble/install/tracetools_read:/home/user/ros2_humble/install/test_tracetools_launch:/home/user/ros2_humble/install/test_launch_ros:/home/user/ros2_humble/install/sensor_msgs_py:/home/user/ros2_humble/install/rpyutils:/home/user/ros2_humble/install/rosidl_runtime_py:/home/user/ros2_humble/install/rosidl_cli:/home/user/ros2_humble/install/launch_pytest:/home/user/ros2_humble/install/launch_testing:/home/user/ros2_humble/install/launch_yaml:/home/user/ros2_humble/install/launch_xml:/home/user/ros2_humble/install/launch:/home/user/ros2_humble/install/osrf_pycommon:/home/user/ros2_humble/install/launch_testing_examples:/home/user/ros2_humble/install/domain_coordinator:/home/user/ros2_humble/install/ament_xmllint:/home/user/ros2_humble/install/ament_pyflakes:/home/user/ros2_humble/install/ament_pycodestyle:/home/user/ros2_humble/install/ament_pep257:/home/user/ros2_humble/install/ament_pclint:/home/user/ros2_humble/install/ament_package:/home/user/ros2_humble/install/ament_mypy:/home/user/ros2_humble/install/ament_lint_cmake:/home/user/ros2_humble/install/ament_flake8:/home/user/ros2_humble/install/ament_copyright:/home/user/ros2_humble/install/ament_lint:/home/user/ros2_humble/install/ament_index_python:/home/user/ros2_humble/install/ament_cpplint:/home/user/ros2_humble/install/ament_cppcheck:/home/user/ros2_humble/install/ament_clang_tidy:/home/user/ros2_humble/install/ament_clang_format /usr/bin/cmake --build /home/user/template_ws/build/robot_pkg -- -j4 -l4
[16.806s] DEBUG:colcon.colcon_core.event_handler.log_command:Invoking command in '/home/user/template_ws/build/robot_pkg': CMAKE_PREFIX_PATH=${CMAKE_PREFIX_PATH}:/home/user/template_ws/install/camera_pkg:/home/user/ros2_humble/install/rqt_bag_plugins:/home/user/ros2_humble/install/rqt_bag:/home/user/ros2_humble/install/ros2bag:/home/user/ros2_humble/install/tracetools_test:/home/user/ros2_humble/install/tracetools_launch:/home/user/ros2_humble/install/topic_monitor:/home/user/ros2_humble/install/tf2_tools:/home/user/ros2_humble/install/examples_tf2_py:/home/user/ros2_humble/install/tf2_ros_py:/home/user/ros2_humble/install/sros2:/home/user/ros2_humble/install/rqt_topic:/home/user/ros2_humble/install/rqt_srv:/home/user/ros2_humble/install/rqt_shell:/home/user/ros2_humble/install/rqt_service_caller:/home/user/ros2_humble/install/rqt_reconfigure:/home/user/ros2_humble/install/rqt_py_console:/home/user/ros2_humble/install/rqt_publisher:/home/user/ros2_humble/install/rqt_plot:/home/user/ros2_humble/install/rqt_action:/home/user/ros2_humble/install/rqt_msg:/home/user/ros2_humble/install/rqt_console:/home/user/ros2_humble/install/rqt:/home/user/ros2_humble/install/rqt_graph:/home/user/ros2_humble/install/rqt_gui_py:/home/user/ros2_humble/install/rqt_gui:/home/user/ros2_humble/install/ros2trace:/home/user/ros2_humble/install/ros2topic:/home/user/ros2_humble/install/ros2test:/home/user/ros2_humble/install/ros2component:/home/user/ros2_humble/install/ros2param:/home/user/ros2_humble/install/ros2lifecycle:/home/user/ros2_humble/install/ros2service:/home/user/ros2_humble/install/ros2run:/home/user/ros2_humble/install/ros2launch:/home/user/ros2_humble/install/ros2pkg:/home/user/ros2_humble/install/ros2node:/home/user/ros2_humble/install/ros2multicast:/home/user/ros2_humble/install/ros2interface:/home/user/ros2_humble/install/ros2doctor:/home/user/ros2_humble/install/ros2action:/home/user/ros2_humble/install/ros2cli:/home/user/ros2_humble/install/quality_of_service_demo_py:/home/user/ros2_humble/install/lifecycle_py:/home/user/ros2_humble/install/launch_testing_ros:/home/user/ros2_humble/install/launch_ros:/home/user/ros2_humble/install/examples_rclpy_pointcloud_publisher:/home/user/ros2_humble/install/examples_rclpy_minimal_subscriber:/home/user/ros2_humble/install/examples_rclpy_minimal_service:/home/user/ros2_humble/install/examples_rclpy_minimal_publisher:/home/user/ros2_humble/install/examples_rclpy_minimal_client:/home/user/ros2_humble/install/examples_rclpy_minimal_action_server:/home/user/ros2_humble/install/examples_rclpy_minimal_action_client:/home/user/ros2_humble/install/examples_rclpy_guard_conditions:/home/user/ros2_humble/install/examples_rclpy_executors:/home/user/ros2_humble/install/demo_nodes_py:/home/user/ros2_humble/install/action_tutorials_py:/home/user/ros2_humble/install/ament_uncrustify:/home/user/ros2_humble/install/tracetools_trace:/home/user/ros2_humble/install/tracetools_read:/home/user/ros2_humble/install/test_tracetools_launch:/home/user/ros2_humble/install/test_launch_ros:/home/user/ros2_humble/install/sensor_msgs_py:/home/user/ros2_humble/install/rpyutils:/home/user/ros2_humble/install/rosidl_runtime_py:/home/user/ros2_humble/install/rosidl_cli:/home/user/ros2_humble/install/launch_pytest:/home/user/ros2_humble/install/launch_testing:/home/user/ros2_humble/install/launch_yaml:/home/user/ros2_humble/install/launch_xml:/home/user/ros2_humble/install/launch:/home/user/ros2_humble/install/osrf_pycommon:/home/user/ros2_humble/install/launch_testing_examples:/home/user/ros2_humble/install/domain_coordinator:/home/user/ros2_humble/install/ament_xmllint:/home/user/ros2_humble/install/ament_pyflakes:/home/user/ros2_humble/install/ament_pycodestyle:/home/user/ros2_humble/install/ament_pep257:/home/user/ros2_humble/install/ament_pclint:/home/user/ros2_humble/install/ament_package:/home/user/ros2_humble/install/ament_mypy:/home/user/ros2_humble/install/ament_lint_cmake:/home/user/ros2_humble/install/ament_flake8:/home/user/ros2_humble/install/ament_copyright:/home/user/ros2_humble/install/ament_lint:/home/user/ros2_humble/install/ament_index_python:/home/user/ros2_humble/install/ament_cpplint:/home/user/ros2_humble/install/ament_cppcheck:/home/user/ros2_humble/install/ament_clang_tidy:/home/user/ros2_humble/install/ament_clang_format /usr/bin/cmake --install /home/user/template_ws/build/robot_pkg
[16.873s] Level 1:colcon.colcon_core.environment:create_environment_scripts_only(robot_pkg)
[16.890s] Level 1:colcon.colcon_core.environment:checking '/home/user/template_ws/install/robot_pkg' for CMake module files
[16.890s] DEBUG:colcon.colcon_core.event_handler.log_command:Invoked command in '/home/user/template_ws/build/robot_pkg' returned '0': CMAKE_PREFIX_PATH=${CMAKE_PREFIX_PATH}:/home/user/template_ws/install/camera_pkg:/home/user/ros2_humble/install/rqt_bag_plugins:/home/user/ros2_humble/install/rqt_bag:/home/user/ros2_humble/install/ros2bag:/home/user/ros2_humble/install/tracetools_test:/home/user/ros2_humble/install/tracetools_launch:/home/user/ros2_humble/install/topic_monitor:/home/user/ros2_humble/install/tf2_tools:/home/user/ros2_humble/install/examples_tf2_py:/home/user/ros2_humble/install/tf2_ros_py:/home/user/ros2_humble/install/sros2:/home/user/ros2_humble/install/rqt_topic:/home/user/ros2_humble/install/rqt_srv:/home/user/ros2_humble/install/rqt_shell:/home/user/ros2_humble/install/rqt_service_caller:/home/user/ros2_humble/install/rqt_reconfigure:/home/user/ros2_humble/install/rqt_py_console:/home/user/ros2_humble/install/rqt_publisher:/home/user/ros2_humble/install/rqt_plot:/home/user/ros2_humble/install/rqt_action:/home/user/ros2_humble/install/rqt_msg:/home/user/ros2_humble/install/rqt_console:/home/user/ros2_humble/install/rqt:/home/user/ros2_humble/install/rqt_graph:/home/user/ros2_humble/install/rqt_gui_py:/home/user/ros2_humble/install/rqt_gui:/home/user/ros2_humble/install/ros2trace:/home/user/ros2_humble/install/ros2topic:/home/user/ros2_humble/install/ros2test:/home/user/ros2_humble/install/ros2component:/home/user/ros2_humble/install/ros2param:/home/user/ros2_humble/install/ros2lifecycle:/home/user/ros2_humble/install/ros2service:/home/user/ros2_humble/install/ros2run:/home/user/ros2_humble/install/ros2launch:/home/user/ros2_humble/install/ros2pkg:/home/user/ros2_humble/install/ros2node:/home/user/ros2_humble/install/ros2multicast:/home/user/ros2_humble/install/ros2interface:/home/user/ros2_humble/install/ros2doctor:/home/user/ros2_humble/install/ros2action:/home/user/ros2_humble/install/ros2cli:/home/user/ros2_humble/install/quality_of_service_demo_py:/home/user/ros2_humble/install/lifecycle_py:/home/user/ros2_humble/install/launch_testing_ros:/home/user/ros2_humble/install/launch_ros:/home/user/ros2_humble/install/examples_rclpy_pointcloud_publisher:/home/user/ros2_humble/install/examples_rclpy_minimal_subscriber:/home/user/ros2_humble/install/examples_rclpy_minimal_service:/home/user/ros2_humble/install/examples_rclpy_minimal_publisher:/home/user/ros2_humble/install/examples_rclpy_minimal_client:/home/user/ros2_humble/install/examples_rclpy_minimal_action_server:/home/user/ros2_humble/install/examples_rclpy_minimal_action_client:/home/user/ros2_humble/install/examples_rclpy_guard_conditions:/home/user/ros2_humble/install/examples_rclpy_executors:/home/user/ros2_humble/install/demo_nodes_py:/home/user/ros2_humble/install/action_tutorials_py:/home/user/ros2_humble/install/ament_uncrustify:/home/user/ros2_humble/install/tracetools_trace:/home/user/ros2_humble/install/tracetools_read:/home/user/ros2_humble/install/test_tracetools_launch:/home/user/ros2_humble/install/test_launch_ros:/home/user/ros2_humble/install/sensor_msgs_py:/home/user/ros2_humble/install/rpyutils:/home/user/ros2_humble/install/rosidl_runtime_py:/home/user/ros2_humble/install/rosidl_cli:/home/user/ros2_humble/install/launch_pytest:/home/user/ros2_humble/install/launch_testing:/home/user/ros2_humble/install/launch_yaml:/home/user/ros2_humble/install/launch_xml:/home/user/ros2_humble/install/launch:/home/user/ros2_humble/install/osrf_pycommon:/home/user/ros2_humble/install/launch_testing_examples:/home/user/ros2_humble/install/domain_coordinator:/home/user/ros2_humble/install/ament_xmllint:/home/user/ros2_humble/install/ament_pyflakes:/home/user/ros2_humble/install/ament_pycodestyle:/home/user/ros2_humble/install/ament_pep257:/home/user/ros2_humble/install/ament_pclint:/home/user/ros2_humble/install/ament_package:/home/user/ros2_humble/install/ament_mypy:/home/user/ros2_humble/install/ament_lint_cmake:/home/user/ros2_humble/install/ament_flake8:/home/user/ros2_humble/install/ament_copyright:/home/user/ros2_humble/install/ament_lint:/home/user/ros2_humble/install/ament_index_python:/home/user/ros2_humble/install/ament_cpplint:/home/user/ros2_humble/install/ament_cppcheck:/home/user/ros2_humble/install/ament_clang_tidy:/home/user/ros2_humble/install/ament_clang_format /usr/bin/cmake --install /home/user/template_ws/build/robot_pkg
[16.891s] Level 1:colcon.colcon_core.environment:checking '/home/user/template_ws/install/robot_pkg' for CMake config files
[16.892s] Level 1:colcon.colcon_core.shell:create_environment_hook('robot_pkg', 'cmake_prefix_path')
[16.904s] INFO:colcon.colcon_core.shell:Creating environment hook '/home/user/template_ws/install/robot_pkg/share/robot_pkg/hook/cmake_prefix_path.ps1'
[16.905s] INFO:colcon.colcon_core.shell:Creating environment descriptor '/home/user/template_ws/install/robot_pkg/share/robot_pkg/hook/cmake_prefix_path.dsv'
[16.905s] INFO:colcon.colcon_core.shell:Creating environment hook '/home/user/template_ws/install/robot_pkg/share/robot_pkg/hook/cmake_prefix_path.sh'
[16.906s] Level 1:colcon.colcon_core.environment:checking '/home/user/template_ws/install/robot_pkg/lib'
[16.906s] Level 1:colcon.colcon_core.environment:checking '/home/user/template_ws/install/robot_pkg/bin'
[16.906s] Level 1:colcon.colcon_core.environment:checking '/home/user/template_ws/install/robot_pkg/lib/pkgconfig/robot_pkg.pc'
[16.906s] Level 1:colcon.colcon_core.environment:checking '/home/user/template_ws/install/robot_pkg/lib/python3.10/site-packages'
[16.907s] Level 1:colcon.colcon_core.environment:checking '/home/user/template_ws/install/robot_pkg/bin'
[16.919s] INFO:colcon.colcon_core.shell:Creating package script '/home/user/template_ws/install/robot_pkg/share/robot_pkg/package.ps1'
[16.919s] INFO:colcon.colcon_core.shell:Creating package descriptor '/home/user/template_ws/install/robot_pkg/share/robot_pkg/package.dsv'
[16.920s] INFO:colcon.colcon_core.shell:Creating package script '/home/user/template_ws/install/robot_pkg/share/robot_pkg/package.sh'
[16.921s] INFO:colcon.colcon_core.shell:Creating package script '/home/user/template_ws/install/robot_pkg/share/robot_pkg/package.bash'
[16.921s] INFO:colcon.colcon_core.shell:Creating package script '/home/user/template_ws/install/robot_pkg/share/robot_pkg/package.zsh'
[16.921s] Level 1:colcon.colcon_core.environment:create_file_with_runtime_dependencies(/home/user/template_ws/install/robot_pkg/share/colcon-core/packages/robot_pkg)
[17.084s] Level 1:colcon.colcon_core.environment:create_environment_scripts_only(robot_pkg)
[17.099s] Level 1:colcon.colcon_core.environment:checking '/home/user/template_ws/install/robot_pkg' for CMake module files
[17.100s] Level 1:colcon.colcon_core.environment:checking '/home/user/template_ws/install/robot_pkg' for CMake config files
[17.100s] Level 1:colcon.colcon_core.shell:create_environment_hook('robot_pkg', 'cmake_prefix_path')
[17.112s] INFO:colcon.colcon_core.shell:Creating environment hook '/home/user/template_ws/install/robot_pkg/share/robot_pkg/hook/cmake_prefix_path.ps1'
[17.113s] INFO:colcon.colcon_core.shell:Creating environment descriptor '/home/user/template_ws/install/robot_pkg/share/robot_pkg/hook/cmake_prefix_path.dsv'
[17.113s] INFO:colcon.colcon_core.shell:Creating environment hook '/home/user/template_ws/install/robot_pkg/share/robot_pkg/hook/cmake_prefix_path.sh'
[17.114s] Level 1:colcon.colcon_core.environment:checking '/home/user/template_ws/install/robot_pkg/lib'
[17.114s] Level 1:colcon.colcon_core.environment:checking '/home/user/template_ws/install/robot_pkg/bin'
[17.114s] Level 1:colcon.colcon_core.environment:checking '/home/user/template_ws/install/robot_pkg/lib/pkgconfig/robot_pkg.pc'
[17.114s] Level 1:colcon.colcon_core.environment:checking '/home/user/template_ws/install/robot_pkg/lib/python3.10/site-packages'
[17.115s] Level 1:colcon.colcon_core.environment:checking '/home/user/template_ws/install/robot_pkg/bin'
[17.127s] INFO:colcon.colcon_core.shell:Creating package script '/home/user/template_ws/install/robot_pkg/share/robot_pkg/package.ps1'
[17.128s] INFO:colcon.colcon_core.shell:Creating package descriptor '/home/user/template_ws/install/robot_pkg/share/robot_pkg/package.dsv'
[17.128s] INFO:colcon.colcon_core.shell:Creating package script '/home/user/template_ws/install/robot_pkg/share/robot_pkg/package.sh'
[17.129s] INFO:colcon.colcon_core.shell:Creating package script '/home/user/template_ws/install/robot_pkg/share/robot_pkg/package.bash'
[17.129s] INFO:colcon.colcon_core.shell:Creating package script '/home/user/template_ws/install/robot_pkg/share/robot_pkg/package.zsh'
[17.130s] Level 1:colcon.colcon_core.environment:create_file_with_runtime_dependencies(/home/user/template_ws/install/robot_pkg/share/colcon-core/packages/robot_pkg)
[17.130s] DEBUG:colcon.colcon_parallel_executor.executor.parallel:closing loop
[17.131s] DEBUG:colcon.colcon_parallel_executor.executor.parallel:loop closed
[17.131s] DEBUG:colcon.colcon_parallel_executor.executor.parallel:run_until_complete finished with '0'
[17.131s] DEBUG:colcon.colcon_core.event_reactor:joining thread
[17.161s] INFO:colcon.colcon_core.plugin_system:Skipping extension 'colcon_notification.desktop_notification.terminal_notifier': Not used on non-Darwin systems
[17.161s] INFO:colcon.colcon_core.plugin_system:Skipping extension 'colcon_notification.desktop_notification.win32': Not used on non-Windows systems
[17.161s] INFO:colcon.colcon_notification.desktop_notification:Sending desktop notification using 'notify2'
[17.207s] DEBUG:colcon.colcon_core.event_reactor:joined thread
[17.224s] INFO:colcon.colcon_core.shell:Creating prefix script '/home/user/template_ws/install/local_setup.ps1'
[17.226s] INFO:colcon.colcon_core.shell:Creating prefix util module '/home/user/template_ws/install/_local_setup_util_ps1.py'
[17.228s] INFO:colcon.colcon_core.shell:Creating prefix chain script '/home/user/template_ws/install/setup.ps1'
[17.260s] INFO:colcon.colcon_core.shell:Creating prefix script '/home/user/template_ws/install/local_setup.sh'
[17.261s] INFO:colcon.colcon_core.shell:Creating prefix util module '/home/user/template_ws/install/_local_setup_util_sh.py'
[17.261s] INFO:colcon.colcon_core.shell:Creating prefix chain script '/home/user/template_ws/install/setup.sh'
[17.291s] INFO:colcon.colcon_core.shell:Creating prefix script '/home/user/template_ws/install/local_setup.bash'
[17.291s] INFO:colcon.colcon_core.shell:Creating prefix chain script '/home/user/template_ws/install/setup.bash'
[17.325s] INFO:colcon.colcon_core.shell:Creating prefix script '/home/user/template_ws/install/local_setup.zsh'
[17.326s] INFO:colcon.colcon_core.shell:Creating prefix chain script '/home/user/template_ws/install/setup.zsh'
