[  1%] Built target my_interfaces__cpp
[  1%] Built target ament_cmake_python_symlink_my_interfaces
[  2%] [32mBuilding C object CMakeFiles/my_interfaces__rosidl_generator_c.dir/rosidl_generator_c/my_interfaces/msg/detail/sphere__functions.c.o[0m
[  3%] [32mBuilding C object CMakeFiles/my_interfaces__rosidl_generator_c.dir/rosidl_generator_c/my_interfaces/msg/detail/num__functions.c.o[0m
[35m[1mConsolidate compiler generated dependencies of target my_interfaces__rosidl_typesupport_cpp[0m
[  4%] [32mBuilding C object CMakeFiles/my_interfaces__rosidl_generator_c.dir/rosidl_generator_c/my_interfaces/msg/detail/vel__functions.c.o[0m
[  5%] [32mBuilding C object CMakeFiles/my_interfaces__rosidl_generator_c.dir/rosidl_generator_c/my_interfaces/msg/detail/dist__functions.c.o[0m
[  6%] [32mBuilding CXX object CMakeFiles/my_interfaces__rosidl_typesupport_cpp.dir/rosidl_typesupport_cpp/my_interfaces/msg/num__type_support.cpp.o[0m
[  8%] [32mBuilding C object CMakeFiles/my_interfaces__rosidl_generator_c.dir/rosidl_generator_c/my_interfaces/srv/detail/add_three_ints__functions.c.o[0m
[  9%] [32mBuilding C object CMakeFiles/my_interfaces__rosidl_generator_c.dir/rosidl_generator_c/my_interfaces/srv/detail/result__functions.c.o[0m
[ 10%] [32mBuilding C object CMakeFiles/my_interfaces__rosidl_generator_c.dir/rosidl_generator_c/my_interfaces/action/detail/fibonacci__functions.c.o[0m
[ 11%] [32mBuilding C object CMakeFiles/my_interfaces__rosidl_generator_c.dir/rosidl_generator_c/my_interfaces/action/detail/fibonacci2__functions.c.o[0m
[ 12%] [32mBuilding CXX object CMakeFiles/my_interfaces__rosidl_typesupport_cpp.dir/rosidl_typesupport_cpp/my_interfaces/msg/sphere__type_support.cpp.o[0m
[ 13%] [32mBuilding CXX object CMakeFiles/my_interfaces__rosidl_typesupport_cpp.dir/rosidl_typesupport_cpp/my_interfaces/msg/vel__type_support.cpp.o[0m
[ 14%] [32m[1mLinking C shared library libmy_interfaces__rosidl_generator_c.so[0m
[ 16%] [32mBuilding CXX object CMakeFiles/my_interfaces__rosidl_typesupport_cpp.dir/rosidl_typesupport_cpp/my_interfaces/msg/dist__type_support.cpp.o[0m
[ 17%] Built target my_interfaces__rosidl_generator_c
[ 18%] [32mBuilding CXX object CMakeFiles/my_interfaces__rosidl_typesupport_cpp.dir/rosidl_typesupport_cpp/my_interfaces/srv/add_three_ints__type_support.cpp.o[0m
[ 19%] [32mBuilding CXX object CMakeFiles/my_interfaces__rosidl_typesupport_cpp.dir/rosidl_typesupport_cpp/my_interfaces/srv/result__type_support.cpp.o[0m
[ 20%] [32mBuilding CXX object CMakeFiles/my_interfaces__rosidl_typesupport_cpp.dir/rosidl_typesupport_cpp/my_interfaces/action/fibonacci__type_support.cpp.o[0m
[ 21%] [32mBuilding CXX object CMakeFiles/my_interfaces__rosidl_typesupport_cpp.dir/rosidl_typesupport_cpp/my_interfaces/action/fibonacci2__type_support.cpp.o[0m
[35m[1mConsolidate compiler generated dependencies of target my_interfaces__rosidl_typesupport_fastrtps_cpp[0m
[ 22%] [32mBuilding CXX object CMakeFiles/my_interfaces__rosidl_typesupport_fastrtps_cpp.dir/rosidl_typesupport_fastrtps_cpp/my_interfaces/msg/detail/dds_fastrtps/num__type_support.cpp.o[0m
[ 24%] [32mBuilding C object CMakeFiles/my_interfaces__rosidl_typesupport_introspection_c.dir/rosidl_typesupport_introspection_c/my_interfaces/msg/detail/num__type_support.c.o[0m
[ 25%] [32mBuilding C object CMakeFiles/my_interfaces__rosidl_typesupport_introspection_c.dir/rosidl_typesupport_introspection_c/my_interfaces/msg/detail/sphere__type_support.c.o[0m
[ 26%] [32mBuilding C object CMakeFiles/my_interfaces__rosidl_typesupport_introspection_c.dir/rosidl_typesupport_introspection_c/my_interfaces/msg/detail/vel__type_support.c.o[0m
[ 27%] [32mBuilding C object CMakeFiles/my_interfaces__rosidl_typesupport_introspection_c.dir/rosidl_typesupport_introspection_c/my_interfaces/msg/detail/dist__type_support.c.o[0m
[ 28%] [32mBuilding C object CMakeFiles/my_interfaces__rosidl_typesupport_introspection_c.dir/rosidl_typesupport_introspection_c/my_interfaces/srv/detail/add_three_ints__type_support.c.o[0m
[ 29%] [32mBuilding C object CMakeFiles/my_interfaces__rosidl_typesupport_introspection_c.dir/rosidl_typesupport_introspection_c/my_interfaces/srv/detail/result__type_support.c.o[0m
[ 31%] [32m[1mLinking CXX shared library libmy_interfaces__rosidl_typesupport_cpp.so[0m
[ 32%] [32mBuilding C object CMakeFiles/my_interfaces__rosidl_typesupport_introspection_c.dir/rosidl_typesupport_introspection_c/my_interfaces/action/detail/fibonacci__type_support.c.o[0m
[ 33%] [32mBuilding C object CMakeFiles/my_interfaces__rosidl_typesupport_introspection_c.dir/rosidl_typesupport_introspection_c/my_interfaces/action/detail/fibonacci2__type_support.c.o[0m
[ 34%] [32mBuilding CXX object CMakeFiles/my_interfaces__rosidl_typesupport_fastrtps_cpp.dir/rosidl_typesupport_fastrtps_cpp/my_interfaces/msg/detail/dds_fastrtps/sphere__type_support.cpp.o[0m
[ 35%] Built target my_interfaces__rosidl_typesupport_cpp
[ 36%] [32m[1mLinking C shared library libmy_interfaces__rosidl_typesupport_introspection_c.so[0m
[35m[1mConsolidate compiler generated dependencies of target my_interfaces__rosidl_typesupport_introspection_cpp[0m
[ 37%] [32mBuilding CXX object CMakeFiles/my_interfaces__rosidl_typesupport_c.dir/rosidl_typesupport_c/my_interfaces/msg/num__type_support.cpp.o[0m
[ 39%] [32mBuilding CXX object CMakeFiles/my_interfaces__rosidl_typesupport_introspection_cpp.dir/rosidl_typesupport_introspection_cpp/my_interfaces/msg/detail/num__type_support.cpp.o[0m
[ 40%] [32mBuilding CXX object CMakeFiles/my_interfaces__rosidl_typesupport_c.dir/rosidl_typesupport_c/my_interfaces/msg/sphere__type_support.cpp.o[0m
[ 41%] Built target my_interfaces__rosidl_typesupport_introspection_c
[ 42%] [32mBuilding CXX object CMakeFiles/my_interfaces__rosidl_typesupport_fastrtps_cpp.dir/rosidl_typesupport_fastrtps_cpp/my_interfaces/msg/detail/dds_fastrtps/vel__type_support.cpp.o[0m
[ 43%] [32mBuilding CXX object CMakeFiles/my_interfaces__rosidl_typesupport_c.dir/rosidl_typesupport_c/my_interfaces/msg/vel__type_support.cpp.o[0m
[ 44%] [32mBuilding CXX object CMakeFiles/my_interfaces__rosidl_typesupport_c.dir/rosidl_typesupport_c/my_interfaces/msg/dist__type_support.cpp.o[0m
[ 45%] [32mBuilding CXX object CMakeFiles/my_interfaces__rosidl_typesupport_fastrtps_cpp.dir/rosidl_typesupport_fastrtps_cpp/my_interfaces/msg/detail/dds_fastrtps/dist__type_support.cpp.o[0m
[ 47%] [32mBuilding CXX object CMakeFiles/my_interfaces__rosidl_typesupport_c.dir/rosidl_typesupport_c/my_interfaces/srv/add_three_ints__type_support.cpp.o[0m
[ 48%] [32mBuilding CXX object CMakeFiles/my_interfaces__rosidl_typesupport_introspection_cpp.dir/rosidl_typesupport_introspection_cpp/my_interfaces/msg/detail/sphere__type_support.cpp.o[0m
[ 49%] [32mBuilding CXX object CMakeFiles/my_interfaces__rosidl_typesupport_c.dir/rosidl_typesupport_c/my_interfaces/srv/result__type_support.cpp.o[0m
[ 50%] [32mBuilding CXX object CMakeFiles/my_interfaces__rosidl_typesupport_introspection_cpp.dir/rosidl_typesupport_introspection_cpp/my_interfaces/msg/detail/vel__type_support.cpp.o[0m
[ 51%] [32mBuilding CXX object CMakeFiles/my_interfaces__rosidl_typesupport_c.dir/rosidl_typesupport_c/my_interfaces/action/fibonacci__type_support.cpp.o[0m
[ 52%] [32mBuilding CXX object CMakeFiles/my_interfaces__rosidl_typesupport_c.dir/rosidl_typesupport_c/my_interfaces/action/fibonacci2__type_support.cpp.o[0m
[ 54%] [32mBuilding CXX object CMakeFiles/my_interfaces__rosidl_typesupport_introspection_cpp.dir/rosidl_typesupport_introspection_cpp/my_interfaces/msg/detail/dist__type_support.cpp.o[0m
[ 55%] [32mBuilding CXX object CMakeFiles/my_interfaces__rosidl_typesupport_fastrtps_cpp.dir/rosidl_typesupport_fastrtps_cpp/my_interfaces/srv/detail/dds_fastrtps/add_three_ints__type_support.cpp.o[0m
[ 56%] [32m[1mLinking CXX shared library libmy_interfaces__rosidl_typesupport_c.so[0m
[ 57%] Built target my_interfaces__rosidl_typesupport_c
[ 58%] [32mBuilding CXX object CMakeFiles/my_interfaces__rosidl_typesupport_introspection_cpp.dir/rosidl_typesupport_introspection_cpp/my_interfaces/srv/detail/add_three_ints__type_support.cpp.o[0m
[ 59%] [32mBuilding CXX object CMakeFiles/my_interfaces__rosidl_typesupport_introspection_cpp.dir/rosidl_typesupport_introspection_cpp/my_interfaces/srv/detail/result__type_support.cpp.o[0m
[ 60%] [32mBuilding CXX object CMakeFiles/my_interfaces__rosidl_typesupport_fastrtps_cpp.dir/rosidl_typesupport_fastrtps_cpp/my_interfaces/srv/detail/dds_fastrtps/result__type_support.cpp.o[0m
[ 62%] [32mBuilding CXX object CMakeFiles/my_interfaces__rosidl_typesupport_introspection_cpp.dir/rosidl_typesupport_introspection_cpp/my_interfaces/action/detail/fibonacci2__type_support.cpp.o[0m
[ 63%] [32mBuilding CXX object CMakeFiles/my_interfaces__rosidl_typesupport_introspection_cpp.dir/rosidl_typesupport_introspection_cpp/my_interfaces/action/detail/fibonacci__type_support.cpp.o[0m
[ 64%] [32mBuilding CXX object CMakeFiles/my_interfaces__rosidl_typesupport_fastrtps_cpp.dir/rosidl_typesupport_fastrtps_cpp/my_interfaces/action/detail/dds_fastrtps/fibonacci__type_support.cpp.o[0m
running egg_info
writing my_interfaces.egg-info/PKG-INFO
writing dependency_links to my_interfaces.egg-info/dependency_links.txt
writing top-level names to my_interfaces.egg-info/top_level.txt
reading manifest file 'my_interfaces.egg-info/SOURCES.txt'
writing manifest file 'my_interfaces.egg-info/SOURCES.txt'
[ 64%] Built target ament_cmake_python_build_my_interfaces_egg
[35m[1mConsolidate compiler generated dependencies of target my_interfaces__rosidl_typesupport_fastrtps_c[0m
[ 65%] [32mBuilding CXX object CMakeFiles/my_interfaces__rosidl_typesupport_fastrtps_cpp.dir/rosidl_typesupport_fastrtps_cpp/my_interfaces/action/detail/dds_fastrtps/fibonacci2__type_support.cpp.o[0m
[ 66%] [32mBuilding CXX object CMakeFiles/my_interfaces__rosidl_typesupport_fastrtps_c.dir/rosidl_typesupport_fastrtps_c/my_interfaces/msg/detail/num__type_support_c.cpp.o[0m
[ 67%] [32m[1mLinking CXX shared library libmy_interfaces__rosidl_typesupport_introspection_cpp.so[0m
[ 68%] [32mBuilding CXX object CMakeFiles/my_interfaces__rosidl_typesupport_fastrtps_c.dir/rosidl_typesupport_fastrtps_c/my_interfaces/msg/detail/sphere__type_support_c.cpp.o[0m
[ 70%] Built target my_interfaces__rosidl_typesupport_introspection_cpp
[ 71%] [32mBuilding CXX object CMakeFiles/my_interfaces__rosidl_typesupport_fastrtps_c.dir/rosidl_typesupport_fastrtps_c/my_interfaces/msg/detail/vel__type_support_c.cpp.o[0m
[ 72%] [32mBuilding CXX object CMakeFiles/my_interfaces__rosidl_typesupport_fastrtps_c.dir/rosidl_typesupport_fastrtps_c/my_interfaces/msg/detail/dist__type_support_c.cpp.o[0m
[ 73%] [32mBuilding CXX object CMakeFiles/my_interfaces__rosidl_typesupport_fastrtps_c.dir/rosidl_typesupport_fastrtps_c/my_interfaces/srv/detail/add_three_ints__type_support_c.cpp.o[0m
[ 74%] [32m[1mLinking CXX shared library libmy_interfaces__rosidl_typesupport_fastrtps_cpp.so[0m
[ 75%] Built target my_interfaces__rosidl_typesupport_fastrtps_cpp
[ 77%] [32mBuilding CXX object CMakeFiles/my_interfaces__rosidl_typesupport_fastrtps_c.dir/rosidl_typesupport_fastrtps_c/my_interfaces/srv/detail/result__type_support_c.cpp.o[0m
[ 78%] [32mBuilding CXX object CMakeFiles/my_interfaces__rosidl_typesupport_fastrtps_c.dir/rosidl_typesupport_fastrtps_c/my_interfaces/action/detail/fibonacci__type_support_c.cpp.o[0m
[ 79%] [32mBuilding CXX object CMakeFiles/my_interfaces__rosidl_typesupport_fastrtps_c.dir/rosidl_typesupport_fastrtps_c/my_interfaces/action/detail/fibonacci2__type_support_c.cpp.o[0m
[ 80%] [32m[1mLinking CXX shared library libmy_interfaces__rosidl_typesupport_fastrtps_c.so[0m
[ 81%] Built target my_interfaces__rosidl_typesupport_fastrtps_c
[ 81%] Built target my_interfaces
[ 82%] Built target my_interfaces__py
[35m[1mConsolidate compiler generated dependencies of target my_interfaces__rosidl_generator_py[0m
[ 83%] [32mBuilding C object CMakeFiles/my_interfaces__rosidl_generator_py.dir/rosidl_generator_py/my_interfaces/msg/_sphere_s.c.o[0m
[ 85%] [32mBuilding C object CMakeFiles/my_interfaces__rosidl_generator_py.dir/rosidl_generator_py/my_interfaces/msg/_num_s.c.o[0m
[ 86%] [32mBuilding C object CMakeFiles/my_interfaces__rosidl_generator_py.dir/rosidl_generator_py/my_interfaces/msg/_vel_s.c.o[0m
[ 87%] [32mBuilding C object CMakeFiles/my_interfaces__rosidl_generator_py.dir/rosidl_generator_py/my_interfaces/msg/_dist_s.c.o[0m
[ 88%] [32mBuilding C object CMakeFiles/my_interfaces__rosidl_generator_py.dir/rosidl_generator_py/my_interfaces/action/_fibonacci_s.c.o[0m
[ 89%] [32mBuilding C object CMakeFiles/my_interfaces__rosidl_generator_py.dir/rosidl_generator_py/my_interfaces/action/_fibonacci2_s.c.o[0m
[ 90%] [32mBuilding C object CMakeFiles/my_interfaces__rosidl_generator_py.dir/rosidl_generator_py/my_interfaces/srv/_result_s.c.o[0m
[ 91%] [32mBuilding C object CMakeFiles/my_interfaces__rosidl_generator_py.dir/rosidl_generator_py/my_interfaces/srv/_add_three_ints_s.c.o[0m
[ 93%] [32m[1mLinking C shared library rosidl_generator_py/my_interfaces/libmy_interfaces__rosidl_generator_py.so[0m
[ 93%] Built target my_interfaces__rosidl_generator_py
[35m[1mConsolidate compiler generated dependencies of target my_interfaces__rosidl_typesupport_introspection_c__pyext[0m
[35m[1mConsolidate compiler generated dependencies of target my_interfaces__rosidl_typesupport_fastrtps_c__pyext[0m
[35m[1mConsolidate compiler generated dependencies of target my_interfaces__rosidl_typesupport_c__pyext[0m
[ 94%] [32mBuilding C object CMakeFiles/my_interfaces__rosidl_typesupport_introspection_c__pyext.dir/rosidl_generator_py/my_interfaces/_my_interfaces_s.ep.rosidl_typesupport_introspection_c.c.o[0m
[ 95%] [32mBuilding C object CMakeFiles/my_interfaces__rosidl_typesupport_fastrtps_c__pyext.dir/rosidl_generator_py/my_interfaces/_my_interfaces_s.ep.rosidl_typesupport_fastrtps_c.c.o[0m
[ 96%] [32mBuilding C object CMakeFiles/my_interfaces__rosidl_typesupport_c__pyext.dir/rosidl_generator_py/my_interfaces/_my_interfaces_s.ep.rosidl_typesupport_c.c.o[0m
[ 97%] [32m[1mLinking C shared library rosidl_generator_py/my_interfaces/my_interfaces_s__rosidl_typesupport_introspection_c.cpython-310-x86_64-linux-gnu.so[0m
[ 98%] [32m[1mLinking C shared library rosidl_generator_py/my_interfaces/my_interfaces_s__rosidl_typesupport_fastrtps_c.cpython-310-x86_64-linux-gnu.so[0m
[100%] [32m[1mLinking C shared library rosidl_generator_py/my_interfaces/my_interfaces_s__rosidl_typesupport_c.cpython-310-x86_64-linux-gnu.so[0m
[100%] Built target my_interfaces__rosidl_typesupport_introspection_c__pyext
[100%] Built target my_interfaces__rosidl_typesupport_fastrtps_c__pyext
[100%] Built target my_interfaces__rosidl_typesupport_c__pyext
-- Install configuration: ""
-- Execute custom install script
-- Up-to-date symlink: /home/user/template_ws/install/my_interfaces/share/ament_index/resource_index/rosidl_interfaces/my_interfaces
-- Up-to-date symlink: /home/user/template_ws/install/my_interfaces/include/my_interfaces/my_interfaces/action/detail/fibonacci2__functions.h
-- Up-to-date symlink: /home/user/template_ws/install/my_interfaces/include/my_interfaces/my_interfaces/action/detail/fibonacci2__struct.h
-- Up-to-date symlink: /home/user/template_ws/install/my_interfaces/include/my_interfaces/my_interfaces/action/detail/fibonacci2__type_support.h
-- Up-to-date symlink: /home/user/template_ws/install/my_interfaces/include/my_interfaces/my_interfaces/action/detail/fibonacci__functions.h
-- Up-to-date symlink: /home/user/template_ws/install/my_interfaces/include/my_interfaces/my_interfaces/action/detail/fibonacci__struct.h
-- Up-to-date symlink: /home/user/template_ws/install/my_interfaces/include/my_interfaces/my_interfaces/action/detail/fibonacci__type_support.h
-- Up-to-date symlink: /home/user/template_ws/install/my_interfaces/include/my_interfaces/my_interfaces/action/fibonacci.h
-- Up-to-date symlink: /home/user/template_ws/install/my_interfaces/include/my_interfaces/my_interfaces/action/fibonacci2.h
-- Up-to-date symlink: /home/user/template_ws/install/my_interfaces/include/my_interfaces/my_interfaces/msg/detail/dist__functions.h
-- Up-to-date symlink: /home/user/template_ws/install/my_interfaces/include/my_interfaces/my_interfaces/msg/detail/dist__struct.h
-- Up-to-date symlink: /home/user/template_ws/install/my_interfaces/include/my_interfaces/my_interfaces/msg/detail/dist__type_support.h
-- Up-to-date symlink: /home/user/template_ws/install/my_interfaces/include/my_interfaces/my_interfaces/msg/detail/num__functions.h
-- Up-to-date symlink: /home/user/template_ws/install/my_interfaces/include/my_interfaces/my_interfaces/msg/detail/num__struct.h
-- Up-to-date symlink: /home/user/template_ws/install/my_interfaces/include/my_interfaces/my_interfaces/msg/detail/num__type_support.h
-- Up-to-date symlink: /home/user/template_ws/install/my_interfaces/include/my_interfaces/my_interfaces/msg/detail/sphere__functions.h
-- Up-to-date symlink: /home/user/template_ws/install/my_interfaces/include/my_interfaces/my_interfaces/msg/detail/sphere__struct.h
-- Up-to-date symlink: /home/user/template_ws/install/my_interfaces/include/my_interfaces/my_interfaces/msg/detail/sphere__type_support.h
-- Up-to-date symlink: /home/user/template_ws/install/my_interfaces/include/my_interfaces/my_interfaces/msg/detail/vel__functions.h
-- Up-to-date symlink: /home/user/template_ws/install/my_interfaces/include/my_interfaces/my_interfaces/msg/detail/vel__struct.h
-- Up-to-date symlink: /home/user/template_ws/install/my_interfaces/include/my_interfaces/my_interfaces/msg/detail/vel__type_support.h
-- Up-to-date symlink: /home/user/template_ws/install/my_interfaces/include/my_interfaces/my_interfaces/msg/dist.h
-- Up-to-date symlink: /home/user/template_ws/install/my_interfaces/include/my_interfaces/my_interfaces/msg/num.h
-- Up-to-date symlink: /home/user/template_ws/install/my_interfaces/include/my_interfaces/my_interfaces/msg/rosidl_generator_c__visibility_control.h
-- Up-to-date symlink: /home/user/template_ws/install/my_interfaces/include/my_interfaces/my_interfaces/msg/sphere.h
-- Up-to-date symlink: /home/user/template_ws/install/my_interfaces/include/my_interfaces/my_interfaces/msg/vel.h
-- Up-to-date symlink: /home/user/template_ws/install/my_interfaces/include/my_interfaces/my_interfaces/srv/add_three_ints.h
-- Up-to-date symlink: /home/user/template_ws/install/my_interfaces/include/my_interfaces/my_interfaces/srv/bool.h
-- Up-to-date symlink: /home/user/template_ws/install/my_interfaces/include/my_interfaces/my_interfaces/srv/detail/add_three_ints__functions.h
-- Up-to-date symlink: /home/user/template_ws/install/my_interfaces/include/my_interfaces/my_interfaces/srv/detail/add_three_ints__struct.h
-- Up-to-date symlink: /home/user/template_ws/install/my_interfaces/include/my_interfaces/my_interfaces/srv/detail/add_three_ints__type_support.h
-- Up-to-date symlink: /home/user/template_ws/install/my_interfaces/include/my_interfaces/my_interfaces/srv/detail/bool__functions.h
-- Up-to-date symlink: /home/user/template_ws/install/my_interfaces/include/my_interfaces/my_interfaces/srv/detail/bool__struct.h
-- Up-to-date symlink: /home/user/template_ws/install/my_interfaces/include/my_interfaces/my_interfaces/srv/detail/bool__type_support.h
-- Up-to-date symlink: /home/user/template_ws/install/my_interfaces/include/my_interfaces/my_interfaces/srv/detail/result__functions.h
-- Up-to-date symlink: /home/user/template_ws/install/my_interfaces/include/my_interfaces/my_interfaces/srv/detail/result__struct.h
-- Up-to-date symlink: /home/user/template_ws/install/my_interfaces/include/my_interfaces/my_interfaces/srv/detail/result__type_support.h
-- Up-to-date symlink: /home/user/template_ws/install/my_interfaces/include/my_interfaces/my_interfaces/srv/result.h
-- Up-to-date symlink: /home/user/template_ws/install/my_interfaces/share/my_interfaces/environment/library_path.sh
-- Up-to-date symlink: /home/user/template_ws/install/my_interfaces/share/my_interfaces/environment/library_path.dsv
-- Up-to-date symlink: /home/user/template_ws/install/my_interfaces/include/my_interfaces/my_interfaces/action/detail/fibonacci2__rosidl_typesupport_fastrtps_c.h
-- Up-to-date symlink: /home/user/template_ws/install/my_interfaces/include/my_interfaces/my_interfaces/action/detail/fibonacci__rosidl_typesupport_fastrtps_c.h
-- Up-to-date symlink: /home/user/template_ws/install/my_interfaces/include/my_interfaces/my_interfaces/msg/detail/dist__rosidl_typesupport_fastrtps_c.h
-- Up-to-date symlink: /home/user/template_ws/install/my_interfaces/include/my_interfaces/my_interfaces/msg/detail/num__rosidl_typesupport_fastrtps_c.h
-- Up-to-date symlink: /home/user/template_ws/install/my_interfaces/include/my_interfaces/my_interfaces/msg/detail/sphere__rosidl_typesupport_fastrtps_c.h
-- Up-to-date symlink: /home/user/template_ws/install/my_interfaces/include/my_interfaces/my_interfaces/msg/detail/vel__rosidl_typesupport_fastrtps_c.h
-- Up-to-date symlink: /home/user/template_ws/install/my_interfaces/include/my_interfaces/my_interfaces/msg/rosidl_typesupport_fastrtps_c__visibility_control.h
-- Up-to-date symlink: /home/user/template_ws/install/my_interfaces/include/my_interfaces/my_interfaces/srv/detail/add_three_ints__rosidl_typesupport_fastrtps_c.h
-- Up-to-date symlink: /home/user/template_ws/install/my_interfaces/include/my_interfaces/my_interfaces/srv/detail/result__rosidl_typesupport_fastrtps_c.h
-- Up-to-date symlink: /home/user/template_ws/install/my_interfaces/include/my_interfaces/my_interfaces/action/detail/fibonacci2__builder.hpp
-- Up-to-date symlink: /home/user/template_ws/install/my_interfaces/include/my_interfaces/my_interfaces/action/detail/fibonacci2__struct.hpp
-- Up-to-date symlink: /home/user/template_ws/install/my_interfaces/include/my_interfaces/my_interfaces/action/detail/fibonacci2__traits.hpp
-- Up-to-date symlink: /home/user/template_ws/install/my_interfaces/include/my_interfaces/my_interfaces/action/detail/fibonacci__builder.hpp
-- Up-to-date symlink: /home/user/template_ws/install/my_interfaces/include/my_interfaces/my_interfaces/action/detail/fibonacci__struct.hpp
-- Up-to-date symlink: /home/user/template_ws/install/my_interfaces/include/my_interfaces/my_interfaces/action/detail/fibonacci__traits.hpp
-- Up-to-date symlink: /home/user/template_ws/install/my_interfaces/include/my_interfaces/my_interfaces/action/fibonacci.hpp
-- Up-to-date symlink: /home/user/template_ws/install/my_interfaces/include/my_interfaces/my_interfaces/action/fibonacci2.hpp
-- Up-to-date symlink: /home/user/template_ws/install/my_interfaces/include/my_interfaces/my_interfaces/msg/detail/dist__builder.hpp
-- Up-to-date symlink: /home/user/template_ws/install/my_interfaces/include/my_interfaces/my_interfaces/msg/detail/dist__struct.hpp
-- Up-to-date symlink: /home/user/template_ws/install/my_interfaces/include/my_interfaces/my_interfaces/msg/detail/dist__traits.hpp
-- Up-to-date symlink: /home/user/template_ws/install/my_interfaces/include/my_interfaces/my_interfaces/msg/detail/num__builder.hpp
-- Up-to-date symlink: /home/user/template_ws/install/my_interfaces/include/my_interfaces/my_interfaces/msg/detail/num__struct.hpp
-- Up-to-date symlink: /home/user/template_ws/install/my_interfaces/include/my_interfaces/my_interfaces/msg/detail/num__traits.hpp
-- Up-to-date symlink: /home/user/template_ws/install/my_interfaces/include/my_interfaces/my_interfaces/msg/detail/sphere__builder.hpp
-- Up-to-date symlink: /home/user/template_ws/install/my_interfaces/include/my_interfaces/my_interfaces/msg/detail/sphere__struct.hpp
-- Up-to-date symlink: /home/user/template_ws/install/my_interfaces/include/my_interfaces/my_interfaces/msg/detail/sphere__traits.hpp
-- Up-to-date symlink: /home/user/template_ws/install/my_interfaces/include/my_interfaces/my_interfaces/msg/detail/vel__builder.hpp
-- Up-to-date symlink: /home/user/template_ws/install/my_interfaces/include/my_interfaces/my_interfaces/msg/detail/vel__struct.hpp
-- Up-to-date symlink: /home/user/template_ws/install/my_interfaces/include/my_interfaces/my_interfaces/msg/detail/vel__traits.hpp
-- Up-to-date symlink: /home/user/template_ws/install/my_interfaces/include/my_interfaces/my_interfaces/msg/dist.hpp
-- Up-to-date symlink: /home/user/template_ws/install/my_interfaces/include/my_interfaces/my_interfaces/msg/num.hpp
-- Up-to-date symlink: /home/user/template_ws/install/my_interfaces/include/my_interfaces/my_interfaces/msg/sphere.hpp
-- Up-to-date symlink: /home/user/template_ws/install/my_interfaces/include/my_interfaces/my_interfaces/msg/vel.hpp
-- Up-to-date symlink: /home/user/template_ws/install/my_interfaces/include/my_interfaces/my_interfaces/srv/add_three_ints.hpp
-- Up-to-date symlink: /home/user/template_ws/install/my_interfaces/include/my_interfaces/my_interfaces/srv/bool.hpp
-- Up-to-date symlink: /home/user/template_ws/install/my_interfaces/include/my_interfaces/my_interfaces/srv/detail/add_three_ints__builder.hpp
-- Up-to-date symlink: /home/user/template_ws/install/my_interfaces/include/my_interfaces/my_interfaces/srv/detail/add_three_ints__struct.hpp
-- Up-to-date symlink: /home/user/template_ws/install/my_interfaces/include/my_interfaces/my_interfaces/srv/detail/add_three_ints__traits.hpp
-- Up-to-date symlink: /home/user/template_ws/install/my_interfaces/include/my_interfaces/my_interfaces/srv/detail/bool__builder.hpp
-- Up-to-date symlink: /home/user/template_ws/install/my_interfaces/include/my_interfaces/my_interfaces/srv/detail/bool__struct.hpp
-- Up-to-date symlink: /home/user/template_ws/install/my_interfaces/include/my_interfaces/my_interfaces/srv/detail/bool__traits.hpp
-- Up-to-date symlink: /home/user/template_ws/install/my_interfaces/include/my_interfaces/my_interfaces/srv/detail/result__builder.hpp
-- Up-to-date symlink: /home/user/template_ws/install/my_interfaces/include/my_interfaces/my_interfaces/srv/detail/result__struct.hpp
-- Up-to-date symlink: /home/user/template_ws/install/my_interfaces/include/my_interfaces/my_interfaces/srv/detail/result__traits.hpp
-- Up-to-date symlink: /home/user/template_ws/install/my_interfaces/include/my_interfaces/my_interfaces/srv/result.hpp
-- Up-to-date symlink: /home/user/template_ws/install/my_interfaces/include/my_interfaces/my_interfaces/action/detail/fibonacci2__rosidl_typesupport_fastrtps_cpp.hpp
-- Up-to-date symlink: /home/user/template_ws/install/my_interfaces/include/my_interfaces/my_interfaces/action/detail/fibonacci__rosidl_typesupport_fastrtps_cpp.hpp
-- Up-to-date symlink: /home/user/template_ws/install/my_interfaces/include/my_interfaces/my_interfaces/msg/detail/dist__rosidl_typesupport_fastrtps_cpp.hpp
-- Up-to-date symlink: /home/user/template_ws/install/my_interfaces/include/my_interfaces/my_interfaces/msg/detail/num__rosidl_typesupport_fastrtps_cpp.hpp
-- Up-to-date symlink: /home/user/template_ws/install/my_interfaces/include/my_interfaces/my_interfaces/msg/detail/sphere__rosidl_typesupport_fastrtps_cpp.hpp
-- Up-to-date symlink: /home/user/template_ws/install/my_interfaces/include/my_interfaces/my_interfaces/msg/detail/vel__rosidl_typesupport_fastrtps_cpp.hpp
-- Up-to-date symlink: /home/user/template_ws/install/my_interfaces/include/my_interfaces/my_interfaces/msg/rosidl_typesupport_fastrtps_cpp__visibility_control.h
-- Up-to-date symlink: /home/user/template_ws/install/my_interfaces/include/my_interfaces/my_interfaces/srv/detail/add_three_ints__rosidl_typesupport_fastrtps_cpp.hpp
-- Up-to-date symlink: /home/user/template_ws/install/my_interfaces/include/my_interfaces/my_interfaces/srv/detail/bool__rosidl_typesupport_fastrtps_cpp.hpp
-- Up-to-date symlink: /home/user/template_ws/install/my_interfaces/include/my_interfaces/my_interfaces/srv/detail/result__rosidl_typesupport_fastrtps_cpp.hpp
-- Up-to-date symlink: /home/user/template_ws/install/my_interfaces/include/my_interfaces/my_interfaces/action/detail/fibonacci2__rosidl_typesupport_introspection_c.h
-- Up-to-date symlink: /home/user/template_ws/install/my_interfaces/include/my_interfaces/my_interfaces/action/detail/fibonacci__rosidl_typesupport_introspection_c.h
-- Up-to-date symlink: /home/user/template_ws/install/my_interfaces/include/my_interfaces/my_interfaces/msg/detail/dist__rosidl_typesupport_introspection_c.h
-- Up-to-date symlink: /home/user/template_ws/install/my_interfaces/include/my_interfaces/my_interfaces/msg/detail/num__rosidl_typesupport_introspection_c.h
-- Up-to-date symlink: /home/user/template_ws/install/my_interfaces/include/my_interfaces/my_interfaces/msg/detail/sphere__rosidl_typesupport_introspection_c.h
-- Up-to-date symlink: /home/user/template_ws/install/my_interfaces/include/my_interfaces/my_interfaces/msg/detail/vel__rosidl_typesupport_introspection_c.h
-- Up-to-date symlink: /home/user/template_ws/install/my_interfaces/include/my_interfaces/my_interfaces/msg/rosidl_typesupport_introspection_c__visibility_control.h
-- Up-to-date symlink: /home/user/template_ws/install/my_interfaces/include/my_interfaces/my_interfaces/srv/detail/add_three_ints__rosidl_typesupport_introspection_c.h
-- Up-to-date symlink: /home/user/template_ws/install/my_interfaces/include/my_interfaces/my_interfaces/srv/detail/result__rosidl_typesupport_introspection_c.h
-- Up-to-date symlink: /home/user/template_ws/install/my_interfaces/include/my_interfaces/my_interfaces/action/detail/fibonacci2__rosidl_typesupport_introspection_cpp.hpp
-- Up-to-date symlink: /home/user/template_ws/install/my_interfaces/include/my_interfaces/my_interfaces/action/detail/fibonacci__rosidl_typesupport_introspection_cpp.hpp
-- Up-to-date symlink: /home/user/template_ws/install/my_interfaces/include/my_interfaces/my_interfaces/msg/detail/dist__rosidl_typesupport_introspection_cpp.hpp
-- Up-to-date symlink: /home/user/template_ws/install/my_interfaces/include/my_interfaces/my_interfaces/msg/detail/num__rosidl_typesupport_introspection_cpp.hpp
-- Up-to-date symlink: /home/user/template_ws/install/my_interfaces/include/my_interfaces/my_interfaces/msg/detail/sphere__rosidl_typesupport_introspection_cpp.hpp
-- Up-to-date symlink: /home/user/template_ws/install/my_interfaces/include/my_interfaces/my_interfaces/msg/detail/vel__rosidl_typesupport_introspection_cpp.hpp
-- Up-to-date symlink: /home/user/template_ws/install/my_interfaces/include/my_interfaces/my_interfaces/srv/detail/add_three_ints__rosidl_typesupport_introspection_cpp.hpp
-- Up-to-date symlink: /home/user/template_ws/install/my_interfaces/include/my_interfaces/my_interfaces/srv/detail/bool__rosidl_typesupport_introspection_cpp.hpp
-- Up-to-date symlink: /home/user/template_ws/install/my_interfaces/include/my_interfaces/my_interfaces/srv/detail/result__rosidl_typesupport_introspection_cpp.hpp
-- Up-to-date symlink: /home/user/template_ws/install/my_interfaces/share/my_interfaces/environment/pythonpath.sh
-- Up-to-date symlink: /home/user/template_ws/install/my_interfaces/share/my_interfaces/environment/pythonpath.dsv
-- Up-to-date symlink: /home/user/template_ws/install/my_interfaces/local/lib/python3.10/dist-packages/my_interfaces-0.0.0-py3.10.egg-info/PKG-INFO
-- Up-to-date symlink: /home/user/template_ws/install/my_interfaces/local/lib/python3.10/dist-packages/my_interfaces-0.0.0-py3.10.egg-info/SOURCES.txt
-- Up-to-date symlink: /home/user/template_ws/install/my_interfaces/local/lib/python3.10/dist-packages/my_interfaces-0.0.0-py3.10.egg-info/dependency_links.txt
-- Up-to-date symlink: /home/user/template_ws/install/my_interfaces/local/lib/python3.10/dist-packages/my_interfaces-0.0.0-py3.10.egg-info/top_level.txt
-- Up-to-date symlink: /home/user/template_ws/install/my_interfaces/local/lib/python3.10/dist-packages/my_interfaces/__init__.py
-- Up-to-date symlink: /home/user/template_ws/install/my_interfaces/local/lib/python3.10/dist-packages/my_interfaces/_my_interfaces_s.ep.rosidl_typesupport_c.c
-- Up-to-date symlink: /home/user/template_ws/install/my_interfaces/local/lib/python3.10/dist-packages/my_interfaces/_my_interfaces_s.ep.rosidl_typesupport_fastrtps_c.c
-- Up-to-date symlink: /home/user/template_ws/install/my_interfaces/local/lib/python3.10/dist-packages/my_interfaces/_my_interfaces_s.ep.rosidl_typesupport_introspection_c.c
-- Up-to-date symlink: /home/user/template_ws/install/my_interfaces/local/lib/python3.10/dist-packages/my_interfaces/action/__init__.py
-- Up-to-date symlink: /home/user/template_ws/install/my_interfaces/local/lib/python3.10/dist-packages/my_interfaces/action/_fibonacci.py
-- Up-to-date symlink: /home/user/template_ws/install/my_interfaces/local/lib/python3.10/dist-packages/my_interfaces/action/_fibonacci2.py
-- Up-to-date symlink: /home/user/template_ws/install/my_interfaces/local/lib/python3.10/dist-packages/my_interfaces/action/_fibonacci2_s.c
-- Up-to-date symlink: /home/user/template_ws/install/my_interfaces/local/lib/python3.10/dist-packages/my_interfaces/action/_fibonacci_s.c
-- Up-to-date symlink: /home/user/template_ws/install/my_interfaces/local/lib/python3.10/dist-packages/my_interfaces/libmy_interfaces__rosidl_generator_py.so
-- Up-to-date symlink: /home/user/template_ws/install/my_interfaces/local/lib/python3.10/dist-packages/my_interfaces/msg/__init__.py
-- Up-to-date symlink: /home/user/template_ws/install/my_interfaces/local/lib/python3.10/dist-packages/my_interfaces/msg/_dist.py
-- Up-to-date symlink: /home/user/template_ws/install/my_interfaces/local/lib/python3.10/dist-packages/my_interfaces/msg/_dist_s.c
-- Up-to-date symlink: /home/user/template_ws/install/my_interfaces/local/lib/python3.10/dist-packages/my_interfaces/msg/_num.py
-- Up-to-date symlink: /home/user/template_ws/install/my_interfaces/local/lib/python3.10/dist-packages/my_interfaces/msg/_num_s.c
-- Up-to-date symlink: /home/user/template_ws/install/my_interfaces/local/lib/python3.10/dist-packages/my_interfaces/msg/_sphere.py
-- Up-to-date symlink: /home/user/template_ws/install/my_interfaces/local/lib/python3.10/dist-packages/my_interfaces/msg/_sphere_s.c
-- Up-to-date symlink: /home/user/template_ws/install/my_interfaces/local/lib/python3.10/dist-packages/my_interfaces/msg/_vel.py
-- Up-to-date symlink: /home/user/template_ws/install/my_interfaces/local/lib/python3.10/dist-packages/my_interfaces/msg/_vel_s.c
-- Up-to-date symlink: /home/user/template_ws/install/my_interfaces/local/lib/python3.10/dist-packages/my_interfaces/my_interfaces_s__rosidl_typesupport_c.cpython-310-x86_64-linux-gnu.so
-- Up-to-date symlink: /home/user/template_ws/install/my_interfaces/local/lib/python3.10/dist-packages/my_interfaces/my_interfaces_s__rosidl_typesupport_fastrtps_c.cpython-310-x86_64-linux-gnu.so
-- Up-to-date symlink: /home/user/template_ws/install/my_interfaces/local/lib/python3.10/dist-packages/my_interfaces/my_interfaces_s__rosidl_typesupport_introspection_c.cpython-310-x86_64-linux-gnu.so
-- Up-to-date symlink: /home/user/template_ws/install/my_interfaces/local/lib/python3.10/dist-packages/my_interfaces/srv/__init__.py
-- Up-to-date symlink: /home/user/template_ws/install/my_interfaces/local/lib/python3.10/dist-packages/my_interfaces/srv/_add_three_ints.py
-- Up-to-date symlink: /home/user/template_ws/install/my_interfaces/local/lib/python3.10/dist-packages/my_interfaces/srv/_add_three_ints_s.c
-- Up-to-date symlink: /home/user/template_ws/install/my_interfaces/local/lib/python3.10/dist-packages/my_interfaces/srv/_result.py
-- Up-to-date symlink: /home/user/template_ws/install/my_interfaces/local/lib/python3.10/dist-packages/my_interfaces/srv/_result_s.c
-- Up-to-date symlink: /home/user/template_ws/install/my_interfaces/local/lib/python3.10/dist-packages/my_interfaces/my_interfaces_s__rosidl_typesupport_introspection_c.cpython-310-x86_64-linux-gnu.so
-- Up-to-date symlink: /home/user/template_ws/install/my_interfaces/local/lib/python3.10/dist-packages/my_interfaces/my_interfaces_s__rosidl_typesupport_fastrtps_c.cpython-310-x86_64-linux-gnu.so
-- Up-to-date symlink: /home/user/template_ws/install/my_interfaces/local/lib/python3.10/dist-packages/my_interfaces/my_interfaces_s__rosidl_typesupport_c.cpython-310-x86_64-linux-gnu.so
-- Up-to-date symlink: /home/user/template_ws/install/my_interfaces/share/my_interfaces/msg/Num.idl
-- Up-to-date symlink: /home/user/template_ws/install/my_interfaces/share/my_interfaces/msg/Sphere.idl
-- Up-to-date symlink: /home/user/template_ws/install/my_interfaces/share/my_interfaces/msg/Vel.idl
-- Up-to-date symlink: /home/user/template_ws/install/my_interfaces/share/my_interfaces/msg/Dist.idl
-- Up-to-date symlink: /home/user/template_ws/install/my_interfaces/share/my_interfaces/srv/AddThreeInts.idl
-- Up-to-date symlink: /home/user/template_ws/install/my_interfaces/share/my_interfaces/srv/Result.idl
-- Up-to-date symlink: /home/user/template_ws/install/my_interfaces/share/my_interfaces/action/Fibonacci.idl
-- Up-to-date symlink: /home/user/template_ws/install/my_interfaces/share/my_interfaces/action/Fibonacci2.idl
-- Up-to-date symlink: /home/user/template_ws/install/my_interfaces/share/my_interfaces/msg/Num.msg
-- Up-to-date symlink: /home/user/template_ws/install/my_interfaces/share/my_interfaces/msg/Sphere.msg
-- Up-to-date symlink: /home/user/template_ws/install/my_interfaces/share/my_interfaces/msg/Vel.msg
-- Up-to-date symlink: /home/user/template_ws/install/my_interfaces/share/my_interfaces/msg/Dist.msg
-- Up-to-date symlink: /home/user/template_ws/install/my_interfaces/share/my_interfaces/srv/AddThreeInts.srv
-- Up-to-date symlink: /home/user/template_ws/install/my_interfaces/share/my_interfaces/srv/AddThreeInts_Request.msg
-- Up-to-date symlink: /home/user/template_ws/install/my_interfaces/share/my_interfaces/srv/AddThreeInts_Response.msg
-- Up-to-date symlink: /home/user/template_ws/install/my_interfaces/share/my_interfaces/srv/Result.srv
-- Up-to-date symlink: /home/user/template_ws/install/my_interfaces/share/my_interfaces/srv/Result_Request.msg
-- Up-to-date symlink: /home/user/template_ws/install/my_interfaces/share/my_interfaces/srv/Result_Response.msg
-- Up-to-date symlink: /home/user/template_ws/install/my_interfaces/share/my_interfaces/action/Fibonacci.action
-- Up-to-date symlink: /home/user/template_ws/install/my_interfaces/share/my_interfaces/action/Fibonacci2.action
-- Up-to-date symlink: /home/user/template_ws/install/my_interfaces/share/ament_index/resource_index/package_run_dependencies/my_interfaces
-- Up-to-date symlink: /home/user/template_ws/install/my_interfaces/share/ament_index/resource_index/parent_prefix_path/my_interfaces
-- Up-to-date symlink: /home/user/template_ws/install/my_interfaces/share/my_interfaces/environment/ament_prefix_path.sh
-- Up-to-date symlink: /home/user/template_ws/install/my_interfaces/share/my_interfaces/environment/ament_prefix_path.dsv
-- Up-to-date symlink: /home/user/template_ws/install/my_interfaces/share/my_interfaces/environment/path.sh
-- Up-to-date symlink: /home/user/template_ws/install/my_interfaces/share/my_interfaces/environment/path.dsv
-- Up-to-date symlink: /home/user/template_ws/install/my_interfaces/share/my_interfaces/local_setup.bash
-- Up-to-date symlink: /home/user/template_ws/install/my_interfaces/share/my_interfaces/local_setup.sh
-- Up-to-date symlink: /home/user/template_ws/install/my_interfaces/share/my_interfaces/local_setup.zsh
-- Up-to-date symlink: /home/user/template_ws/install/my_interfaces/share/my_interfaces/local_setup.dsv
-- Symlinking: /home/user/template_ws/install/my_interfaces/share/my_interfaces/package.dsv
-- Up-to-date symlink: /home/user/template_ws/install/my_interfaces/share/ament_index/resource_index/packages/my_interfaces
-- Up-to-date symlink: /home/user/template_ws/install/my_interfaces/share/my_interfaces/cmake/rosidl_cmake-extras.cmake
-- Up-to-date symlink: /home/user/template_ws/install/my_interfaces/share/my_interfaces/cmake/ament_cmake_export_dependencies-extras.cmake
-- Up-to-date symlink: /home/user/template_ws/install/my_interfaces/share/my_interfaces/cmake/ament_cmake_export_include_directories-extras.cmake
-- Up-to-date symlink: /home/user/template_ws/install/my_interfaces/share/my_interfaces/cmake/ament_cmake_export_libraries-extras.cmake
-- Up-to-date symlink: /home/user/template_ws/install/my_interfaces/share/my_interfaces/cmake/ament_cmake_export_targets-extras.cmake
-- Up-to-date symlink: /home/user/template_ws/install/my_interfaces/share/my_interfaces/cmake/rosidl_cmake_export_typesupport_targets-extras.cmake
-- Up-to-date symlink: /home/user/template_ws/install/my_interfaces/share/my_interfaces/cmake/rosidl_cmake_export_typesupport_libraries-extras.cmake
-- Up-to-date symlink: /home/user/template_ws/install/my_interfaces/share/my_interfaces/cmake/my_interfacesConfig.cmake
-- Up-to-date symlink: /home/user/template_ws/install/my_interfaces/share/my_interfaces/cmake/my_interfacesConfig-version.cmake
-- Up-to-date symlink: /home/user/template_ws/install/my_interfaces/share/my_interfaces/package.xml
-- Installing: /home/user/template_ws/install/my_interfaces/lib/libmy_interfaces__rosidl_generator_c.so
-- Set runtime path of "/home/user/template_ws/install/my_interfaces/lib/libmy_interfaces__rosidl_generator_c.so" to ""
-- Installing: /home/user/template_ws/install/my_interfaces/lib/libmy_interfaces__rosidl_typesupport_fastrtps_c.so
-- Set runtime path of "/home/user/template_ws/install/my_interfaces/lib/libmy_interfaces__rosidl_typesupport_fastrtps_c.so" to ""
-- Installing: /home/user/template_ws/install/my_interfaces/lib/libmy_interfaces__rosidl_typesupport_fastrtps_cpp.so
-- Set runtime path of "/home/user/template_ws/install/my_interfaces/lib/libmy_interfaces__rosidl_typesupport_fastrtps_cpp.so" to ""
-- Installing: /home/user/template_ws/install/my_interfaces/lib/libmy_interfaces__rosidl_typesupport_introspection_c.so
-- Set runtime path of "/home/user/template_ws/install/my_interfaces/lib/libmy_interfaces__rosidl_typesupport_introspection_c.so" to ""
-- Installing: /home/user/template_ws/install/my_interfaces/lib/libmy_interfaces__rosidl_typesupport_c.so
-- Set runtime path of "/home/user/template_ws/install/my_interfaces/lib/libmy_interfaces__rosidl_typesupport_c.so" to ""
-- Installing: /home/user/template_ws/install/my_interfaces/lib/libmy_interfaces__rosidl_typesupport_introspection_cpp.so
-- Set runtime path of "/home/user/template_ws/install/my_interfaces/lib/libmy_interfaces__rosidl_typesupport_introspection_cpp.so" to ""
-- Installing: /home/user/template_ws/install/my_interfaces/lib/libmy_interfaces__rosidl_typesupport_cpp.so
-- Set runtime path of "/home/user/template_ws/install/my_interfaces/lib/libmy_interfaces__rosidl_typesupport_cpp.so" to ""
Listing '/home/user/template_ws/install/my_interfaces/local/lib/python3.10/dist-packages/my_interfaces'...
Listing '/home/user/template_ws/install/my_interfaces/local/lib/python3.10/dist-packages/my_interfaces/action'...
Listing '/home/user/template_ws/install/my_interfaces/local/lib/python3.10/dist-packages/my_interfaces/msg'...
Listing '/home/user/template_ws/install/my_interfaces/local/lib/python3.10/dist-packages/my_interfaces/srv'...
-- Installing: /home/user/template_ws/install/my_interfaces/lib/libmy_interfaces__rosidl_generator_py.so
-- Set runtime path of "/home/user/template_ws/install/my_interfaces/lib/libmy_interfaces__rosidl_generator_py.so" to ""
-- Up-to-date: /home/user/template_ws/install/my_interfaces/share/my_interfaces/cmake/export_my_interfaces__rosidl_generator_cExport.cmake
-- Up-to-date: /home/user/template_ws/install/my_interfaces/share/my_interfaces/cmake/export_my_interfaces__rosidl_generator_cExport-noconfig.cmake
-- Up-to-date: /home/user/template_ws/install/my_interfaces/share/my_interfaces/cmake/export_my_interfaces__rosidl_typesupport_fastrtps_cExport.cmake
-- Up-to-date: /home/user/template_ws/install/my_interfaces/share/my_interfaces/cmake/export_my_interfaces__rosidl_typesupport_fastrtps_cExport-noconfig.cmake
-- Up-to-date: /home/user/template_ws/install/my_interfaces/share/my_interfaces/cmake/export_my_interfaces__rosidl_generator_cppExport.cmake
-- Up-to-date: /home/user/template_ws/install/my_interfaces/share/my_interfaces/cmake/export_my_interfaces__rosidl_typesupport_fastrtps_cppExport.cmake
-- Up-to-date: /home/user/template_ws/install/my_interfaces/share/my_interfaces/cmake/export_my_interfaces__rosidl_typesupport_fastrtps_cppExport-noconfig.cmake
-- Up-to-date: /home/user/template_ws/install/my_interfaces/share/my_interfaces/cmake/my_interfaces__rosidl_typesupport_introspection_cExport.cmake
-- Up-to-date: /home/user/template_ws/install/my_interfaces/share/my_interfaces/cmake/my_interfaces__rosidl_typesupport_introspection_cExport-noconfig.cmake
-- Up-to-date: /home/user/template_ws/install/my_interfaces/share/my_interfaces/cmake/my_interfaces__rosidl_typesupport_cExport.cmake
-- Up-to-date: /home/user/template_ws/install/my_interfaces/share/my_interfaces/cmake/my_interfaces__rosidl_typesupport_cExport-noconfig.cmake
-- Up-to-date: /home/user/template_ws/install/my_interfaces/share/my_interfaces/cmake/my_interfaces__rosidl_typesupport_introspection_cppExport.cmake
-- Up-to-date: /home/user/template_ws/install/my_interfaces/share/my_interfaces/cmake/my_interfaces__rosidl_typesupport_introspection_cppExport-noconfig.cmake
-- Up-to-date: /home/user/template_ws/install/my_interfaces/share/my_interfaces/cmake/my_interfaces__rosidl_typesupport_cppExport.cmake
-- Up-to-date: /home/user/template_ws/install/my_interfaces/share/my_interfaces/cmake/my_interfaces__rosidl_typesupport_cppExport-noconfig.cmake
-- Up-to-date: /home/user/template_ws/install/my_interfaces/share/my_interfaces/cmake/export_my_interfaces__rosidl_generator_pyExport.cmake
-- Up-to-date: /home/user/template_ws/install/my_interfaces/share/my_interfaces/cmake/export_my_interfaces__rosidl_generator_pyExport-noconfig.cmake
