[35m[1mConsolidate compiler generated dependencies of target robot_srv_node[0m
[ 50%] [32mBuilding CXX object CMakeFiles/robot_srv_node.dir/src/robot_srv_node.cpp.o[0m
[100%] [32m[1mLinking CXX executable robot_srv_node[0m
[100%] Built target robot_srv_node
-- Install configuration: ""
-- Execute custom install script
-- Up-to-date symlink: /home/user/template_ws/install/robot_srv_pkg/lib/robot_srv_pkg/robot_srv_node
-- Up-to-date symlink: /home/user/template_ws/install/robot_srv_pkg/share/ament_index/resource_index/package_run_dependencies/robot_srv_pkg
-- Up-to-date symlink: /home/user/template_ws/install/robot_srv_pkg/share/ament_index/resource_index/parent_prefix_path/robot_srv_pkg
-- Up-to-date symlink: /home/user/template_ws/install/robot_srv_pkg/share/robot_srv_pkg/environment/ament_prefix_path.sh
-- Up-to-date symlink: /home/user/template_ws/install/robot_srv_pkg/share/robot_srv_pkg/environment/ament_prefix_path.dsv
-- Up-to-date symlink: /home/user/template_ws/install/robot_srv_pkg/share/robot_srv_pkg/environment/path.sh
-- Up-to-date symlink: /home/user/template_ws/install/robot_srv_pkg/share/robot_srv_pkg/environment/path.dsv
-- Up-to-date symlink: /home/user/template_ws/install/robot_srv_pkg/share/robot_srv_pkg/local_setup.bash
-- Up-to-date symlink: /home/user/template_ws/install/robot_srv_pkg/share/robot_srv_pkg/local_setup.sh
-- Up-to-date symlink: /home/user/template_ws/install/robot_srv_pkg/share/robot_srv_pkg/local_setup.zsh
-- Up-to-date symlink: /home/user/template_ws/install/robot_srv_pkg/share/robot_srv_pkg/local_setup.dsv
-- Symlinking: /home/user/template_ws/install/robot_srv_pkg/share/robot_srv_pkg/package.dsv
-- Up-to-date symlink: /home/user/template_ws/install/robot_srv_pkg/share/ament_index/resource_index/packages/robot_srv_pkg
-- Up-to-date symlink: /home/user/template_ws/install/robot_srv_pkg/share/robot_srv_pkg/cmake/robot_srv_pkgConfig.cmake
-- Up-to-date symlink: /home/user/template_ws/install/robot_srv_pkg/share/robot_srv_pkg/cmake/robot_srv_pkgConfig-version.cmake
-- Up-to-date symlink: /home/user/template_ws/install/robot_srv_pkg/share/robot_srv_pkg/package.xml
