-- The C compiler identification is GNU 11.4.0
-- The CXX compiler identification is GNU 11.4.0
-- Detecting C compiler ABI info
-- Detecting C compiler ABI info - done
-- Check for working C compiler: /usr/bin/cc - skipped
-- Detecting C compile features
-- Detecting C compile features - done
-- Detecting CXX compiler ABI info
-- Detecting CXX compiler ABI info - done
-- Check for working CXX compiler: /usr/bin/c++ - skipped
-- Detecting CXX compile features
-- Detecting CXX compile features - done
-- Found ament_cmake: 1.3.5 (/home/user/ros2_humble/install/ament_cmake/share/ament_cmake/cmake)
-- Found Python3: /usr/bin/python3.10 (found version "3.10.12") found components: Interpreter 
-- Override CMake install command with custom implementation using symlinks instead of copying resources
-- Found ament_lint_auto: 0.12.6 (/home/user/ros2_humble/install/ament_lint_auto/share/ament_lint_auto/cmake)
-- Added test 'cppcheck' to perform static code analysis on C / C++ code
-- Configured cppcheck include dirs: $<BUILD_INTERFACE:/home/user/template_ws/src/robot_pkg/include>
-- Configured cppcheck exclude dirs and/or files: 
-- Added test 'lint_cmake' to check CMake code style
-- Added test 'uncrustify' to check C / C++ code style
-- Configured uncrustify additional arguments: 
-- Added test 'xmllint' to check XML markup files
-- Configuring done
-- Generating done
-- Build files have been written to: /home/user/template_ws/build/robot_pkg
[ 50%] [32mBuilding CXX object CMakeFiles/robot_node.dir/src/robot_node.cpp.o[0m
[100%] [32m[1mLinking CXX executable robot_node[0m
[100%] Built target robot_node
-- Install configuration: ""
-- Execute custom install script
-- Symlinking: /home/user/template_ws/install/robot_pkg/lib/robot_pkg/robot_node
-- Symlinking: /home/user/template_ws/install/robot_pkg/share/ament_index/resource_index/package_run_dependencies/robot_pkg
-- Symlinking: /home/user/template_ws/install/robot_pkg/share/ament_index/resource_index/parent_prefix_path/robot_pkg
-- Symlinking: /home/user/template_ws/install/robot_pkg/share/robot_pkg/environment/ament_prefix_path.sh
-- Symlinking: /home/user/template_ws/install/robot_pkg/share/robot_pkg/environment/ament_prefix_path.dsv
-- Symlinking: /home/user/template_ws/install/robot_pkg/share/robot_pkg/environment/path.sh
-- Symlinking: /home/user/template_ws/install/robot_pkg/share/robot_pkg/environment/path.dsv
-- Symlinking: /home/user/template_ws/install/robot_pkg/share/robot_pkg/local_setup.bash
-- Symlinking: /home/user/template_ws/install/robot_pkg/share/robot_pkg/local_setup.sh
-- Symlinking: /home/user/template_ws/install/robot_pkg/share/robot_pkg/local_setup.zsh
-- Symlinking: /home/user/template_ws/install/robot_pkg/share/robot_pkg/local_setup.dsv
-- Symlinking: /home/user/template_ws/install/robot_pkg/share/robot_pkg/package.dsv
-- Symlinking: /home/user/template_ws/install/robot_pkg/share/ament_index/resource_index/packages/robot_pkg
-- Symlinking: /home/user/template_ws/install/robot_pkg/share/robot_pkg/cmake/robot_pkgConfig.cmake
-- Symlinking: /home/user/template_ws/install/robot_pkg/share/robot_pkg/cmake/robot_pkgConfig-version.cmake
-- Symlinking: /home/user/template_ws/install/robot_pkg/share/robot_pkg/package.xml
