[1.384s] Invoking command in '/home/user/template_ws/build/my_interfaces': CMAKE_PREFIX_PATH=${CMAKE_PREFIX_PATH}:/home/user/template_ws/install/camera_pkg:/home/user/ros2_humble/install/rqt_bag_plugins:/home/user/ros2_humble/install/rqt_bag:/home/user/ros2_humble/install/ros2bag:/home/user/ros2_humble/install/tracetools_test:/home/user/ros2_humble/install/tracetools_launch:/home/user/ros2_humble/install/topic_monitor:/home/user/ros2_humble/install/tf2_tools:/home/user/ros2_humble/install/examples_tf2_py:/home/user/ros2_humble/install/tf2_ros_py:/home/user/ros2_humble/install/sros2:/home/user/ros2_humble/install/rqt_topic:/home/user/ros2_humble/install/rqt_srv:/home/user/ros2_humble/install/rqt_shell:/home/user/ros2_humble/install/rqt_service_caller:/home/user/ros2_humble/install/rqt_reconfigure:/home/user/ros2_humble/install/rqt_py_console:/home/user/ros2_humble/install/rqt_publisher:/home/user/ros2_humble/install/rqt_plot:/home/user/ros2_humble/install/rqt_action:/home/user/ros2_humble/install/rqt_msg:/home/user/ros2_humble/install/rqt_console:/home/user/ros2_humble/install/rqt:/home/user/ros2_humble/install/rqt_graph:/home/user/ros2_humble/install/rqt_gui_py:/home/user/ros2_humble/install/rqt_gui:/home/user/ros2_humble/install/ros2trace:/home/user/ros2_humble/install/ros2topic:/home/user/ros2_humble/install/ros2test:/home/user/ros2_humble/install/ros2component:/home/user/ros2_humble/install/ros2param:/home/user/ros2_humble/install/ros2lifecycle:/home/user/ros2_humble/install/ros2service:/home/user/ros2_humble/install/ros2run:/home/user/ros2_humble/install/ros2launch:/home/user/ros2_humble/install/ros2pkg:/home/user/ros2_humble/install/ros2node:/home/user/ros2_humble/install/ros2multicast:/home/user/ros2_humble/install/ros2interface:/home/user/ros2_humble/install/ros2doctor:/home/user/ros2_humble/install/ros2action:/home/user/ros2_humble/install/ros2cli:/home/user/ros2_humble/install/quality_of_service_demo_py:/home/user/ros2_humble/install/lifecycle_py:/home/user/ros2_humble/install/launch_testing_ros:/home/user/ros2_humble/install/launch_ros:/home/user/ros2_humble/install/examples_rclpy_pointcloud_publisher:/home/user/ros2_humble/install/examples_rclpy_minimal_subscriber:/home/user/ros2_humble/install/examples_rclpy_minimal_service:/home/user/ros2_humble/install/examples_rclpy_minimal_publisher:/home/user/ros2_humble/install/examples_rclpy_minimal_client:/home/user/ros2_humble/install/examples_rclpy_minimal_action_server:/home/user/ros2_humble/install/examples_rclpy_minimal_action_client:/home/user/ros2_humble/install/examples_rclpy_guard_conditions:/home/user/ros2_humble/install/examples_rclpy_executors:/home/user/ros2_humble/install/demo_nodes_py:/home/user/ros2_humble/install/action_tutorials_py:/home/user/ros2_humble/install/ament_uncrustify:/home/user/ros2_humble/install/tracetools_trace:/home/user/ros2_humble/install/tracetools_read:/home/user/ros2_humble/install/test_tracetools_launch:/home/user/ros2_humble/install/test_launch_ros:/home/user/ros2_humble/install/sensor_msgs_py:/home/user/ros2_humble/install/rpyutils:/home/user/ros2_humble/install/rosidl_runtime_py:/home/user/ros2_humble/install/rosidl_cli:/home/user/ros2_humble/install/launch_pytest:/home/user/ros2_humble/install/launch_testing:/home/user/ros2_humble/install/launch_yaml:/home/user/ros2_humble/install/launch_xml:/home/user/ros2_humble/install/launch:/home/user/ros2_humble/install/osrf_pycommon:/home/user/ros2_humble/install/launch_testing_examples:/home/user/ros2_humble/install/domain_coordinator:/home/user/ros2_humble/install/ament_xmllint:/home/user/ros2_humble/install/ament_pyflakes:/home/user/ros2_humble/install/ament_pycodestyle:/home/user/ros2_humble/install/ament_pep257:/home/user/ros2_humble/install/ament_pclint:/home/user/ros2_humble/install/ament_package:/home/user/ros2_humble/install/ament_mypy:/home/user/ros2_humble/install/ament_lint_cmake:/home/user/ros2_humble/install/ament_flake8:/home/user/ros2_humble/install/ament_copyright:/home/user/ros2_humble/install/ament_lint:/home/user/ros2_humble/install/ament_index_python:/home/user/ros2_humble/install/ament_cpplint:/home/user/ros2_humble/install/ament_cppcheck:/home/user/ros2_humble/install/ament_clang_tidy:/home/user/ros2_humble/install/ament_clang_format /usr/bin/cmake --build /home/user/template_ws/build/my_interfaces -- -j4 -l4
[1.559s] -- Found ament_cmake: 1.3.5 (/home/user/ros2_humble/install/ament_cmake/share/ament_cmake/cmake)
[3.259s] -- Override CMake install command with custom implementation using symlinks instead of copying resources
[3.272s] -- Found geometry_msgs: 4.2.3 (/home/user/ros2_humble/install/geometry_msgs/share/geometry_msgs/cmake)
[3.360s] -- Found rosidl_generator_c: 3.1.4 (/home/user/ros2_humble/install/rosidl_generator_c/share/rosidl_generator_c/cmake)
[3.364s] -- Found rosidl_adapter: 3.1.4 (/home/user/ros2_humble/install/rosidl_adapter/share/rosidl_adapter/cmake)
[3.387s] -- Found rosidl_generator_cpp: 3.1.4 (/home/user/ros2_humble/install/rosidl_generator_cpp/share/rosidl_generator_cpp/cmake)
[3.478s] -- Using all available rosidl_typesupport_c: rosidl_typesupport_introspection_c;rosidl_typesupport_fastrtps_c
[3.582s] -- Using all available rosidl_typesupport_cpp: rosidl_typesupport_introspection_cpp;rosidl_typesupport_fastrtps_cpp
[3.888s] -- Found rosidl_default_generators: 1.2.0 (/home/user/ros2_humble/install/rosidl_default_generators/share/rosidl_default_generators/cmake)
[6.338s] -- Found ament_cmake_ros: 0.10.0 (/home/user/ros2_humble/install/ament_cmake_ros/share/ament_cmake_ros/cmake)
[8.980s] -- Using all available rosidl_typesupport_c: rosidl_typesupport_introspection_c;rosidl_typesupport_fastrtps_c
[9.627s] -- Using all available rosidl_typesupport_cpp: rosidl_typesupport_introspection_cpp;rosidl_typesupport_fastrtps_cpp
[9.740s] -- Found python_cmake_module: 0.10.0 (/home/user/ros2_humble/install/python_cmake_module/share/python_cmake_module/cmake)
[9.852s] -- Using PYTHON_EXECUTABLE: /usr/bin/python3
[9.852s] -- Using PYTHON_INCLUDE_DIRS: /usr/include/python3.10
[9.853s] -- Using PYTHON_LIBRARIES: /usr/lib/x86_64-linux-gnu/libpython3.10.so
[10.659s] -- Found ament_lint_auto: 0.12.6 (/home/user/ros2_humble/install/ament_lint_auto/share/ament_lint_auto/cmake)
[10.679s] -- Added test 'lint_cmake' to check CMake code style
[10.681s] -- Added test 'xmllint' to check XML markup files
[10.688s] -- Configuring done
[10.770s] -- Generating done
[10.776s] -- Build files have been written to: /home/user/template_ws/build/my_interfaces
[10.889s] [  1%] [34m[1mGenerating C code for ROS interfaces[0m
[10.963s] [  3%] [34m[1mGenerating C++ code for ROS interfaces[0m
[11.012s] [  3%] Built target ament_cmake_python_symlink_my_interfaces
[12.806s] running egg_info
[12.807s] writing my_interfaces.egg-info/PKG-INFO
[12.808s] writing dependency_links to my_interfaces.egg-info/dependency_links.txt
[12.808s] writing top-level names to my_interfaces.egg-info/top_level.txt
[12.814s] reading manifest file 'my_interfaces.egg-info/SOURCES.txt'
[12.819s] writing manifest file 'my_interfaces.egg-info/SOURCES.txt'
[12.959s] [  3%] Built target ament_cmake_python_build_my_interfaces_egg
[13.556s] [35m[1mConsolidate compiler generated dependencies of target my_interfaces__rosidl_generator_c[0m
[13.624s] [  4%] [32mBuilding C object CMakeFiles/my_interfaces__rosidl_generator_c.dir/rosidl_generator_c/my_interfaces/msg/detail/num__functions.c.o[0m
[13.737s] [  6%] [32mBuilding C object CMakeFiles/my_interfaces__rosidl_generator_c.dir/rosidl_generator_c/my_interfaces/msg/detail/sphere__functions.c.o[0m
[13.855s] [  7%] [32mBuilding C object CMakeFiles/my_interfaces__rosidl_generator_c.dir/rosidl_generator_c/my_interfaces/msg/detail/vel__functions.c.o[0m
[13.906s] [  9%] [32mBuilding C object CMakeFiles/my_interfaces__rosidl_generator_c.dir/rosidl_generator_c/my_interfaces/msg/detail/dist__functions.c.o[0m
[13.923s] [  9%] Built target my_interfaces__cpp
[13.954s] [ 11%] [32mBuilding C object CMakeFiles/my_interfaces__rosidl_generator_c.dir/rosidl_generator_c/my_interfaces/srv/detail/add_three_ints__functions.c.o[0m
[14.024s] [ 12%] [34m[1mGenerating C++ type support dispatch for ROS interfaces[0m
[14.064s] [ 14%] [34m[1mGenerating C++ type support for eProsima Fast-RTPS[0m
[14.158s] [ 15%] [34m[1mGenerating C++ introspection for ROS interfaces[0m
[14.215s] [ 17%] [32m[1mLinking C shared library libmy_interfaces__rosidl_generator_c.so[0m
[14.679s] [ 17%] Built target my_interfaces__rosidl_generator_c
[14.853s] [ 19%] [34m[1mGenerating C type support for eProsima Fast-RTPS[0m
[15.999s] [35m[1mConsolidate compiler generated dependencies of target my_interfaces__rosidl_typesupport_fastrtps_cpp[0m
[16.088s] [ 20%] [32mBuilding CXX object CMakeFiles/my_interfaces__rosidl_typesupport_fastrtps_cpp.dir/rosidl_typesupport_fastrtps_cpp/my_interfaces/msg/detail/dds_fastrtps/num__type_support.cpp.o[0m
[16.425s] [35m[1mConsolidate compiler generated dependencies of target my_interfaces__rosidl_typesupport_cpp[0m
[16.466s] [35m[1mConsolidate compiler generated dependencies of target my_interfaces__rosidl_typesupport_introspection_cpp[0m
[16.656s] [ 22%] [32mBuilding CXX object CMakeFiles/my_interfaces__rosidl_typesupport_cpp.dir/rosidl_typesupport_cpp/my_interfaces/msg/num__type_support.cpp.o[0m
[16.657s] [ 23%] [32mBuilding CXX object CMakeFiles/my_interfaces__rosidl_typesupport_introspection_cpp.dir/rosidl_typesupport_introspection_cpp/my_interfaces/msg/detail/num__type_support.cpp.o[0m
[17.266s] [ 25%] [32mBuilding CXX object CMakeFiles/my_interfaces__rosidl_typesupport_fastrtps_cpp.dir/rosidl_typesupport_fastrtps_cpp/my_interfaces/msg/detail/dds_fastrtps/sphere__type_support.cpp.o[0m
[17.290s] [35m[1mConsolidate compiler generated dependencies of target my_interfaces__rosidl_typesupport_fastrtps_c[0m
[17.382s] [ 26%] [32mBuilding CXX object CMakeFiles/my_interfaces__rosidl_typesupport_fastrtps_c.dir/rosidl_typesupport_fastrtps_c/my_interfaces/msg/detail/num__type_support_c.cpp.o[0m
[17.595s] [ 28%] [32mBuilding CXX object CMakeFiles/my_interfaces__rosidl_typesupport_cpp.dir/rosidl_typesupport_cpp/my_interfaces/msg/sphere__type_support.cpp.o[0m
[17.803s] [ 30%] [32mBuilding CXX object CMakeFiles/my_interfaces__rosidl_typesupport_introspection_cpp.dir/rosidl_typesupport_introspection_cpp/my_interfaces/msg/detail/sphere__type_support.cpp.o[0m
[18.233s] [ 31%] [32mBuilding CXX object CMakeFiles/my_interfaces__rosidl_typesupport_fastrtps_cpp.dir/rosidl_typesupport_fastrtps_cpp/my_interfaces/msg/detail/dds_fastrtps/vel__type_support.cpp.o[0m
[18.271s] [ 33%] [32mBuilding CXX object CMakeFiles/my_interfaces__rosidl_typesupport_fastrtps_c.dir/rosidl_typesupport_fastrtps_c/my_interfaces/msg/detail/sphere__type_support_c.cpp.o[0m
[18.646s] [ 34%] [32mBuilding CXX object CMakeFiles/my_interfaces__rosidl_typesupport_cpp.dir/rosidl_typesupport_cpp/my_interfaces/msg/vel__type_support.cpp.o[0m
[19.190s] [ 36%] [32mBuilding CXX object CMakeFiles/my_interfaces__rosidl_typesupport_introspection_cpp.dir/rosidl_typesupport_introspection_cpp/my_interfaces/msg/detail/vel__type_support.cpp.o[0m
[19.222s] [ 38%] [32mBuilding CXX object CMakeFiles/my_interfaces__rosidl_typesupport_fastrtps_c.dir/rosidl_typesupport_fastrtps_c/my_interfaces/msg/detail/vel__type_support_c.cpp.o[0m
[19.482s] [ 39%] [32mBuilding CXX object CMakeFiles/my_interfaces__rosidl_typesupport_cpp.dir/rosidl_typesupport_cpp/my_interfaces/msg/dist__type_support.cpp.o[0m
[19.702s] [ 41%] [32mBuilding CXX object CMakeFiles/my_interfaces__rosidl_typesupport_fastrtps_cpp.dir/rosidl_typesupport_fastrtps_cpp/my_interfaces/msg/detail/dds_fastrtps/dist__type_support.cpp.o[0m
[20.137s] [ 42%] [32mBuilding CXX object CMakeFiles/my_interfaces__rosidl_typesupport_fastrtps_c.dir/rosidl_typesupport_fastrtps_c/my_interfaces/msg/detail/dist__type_support_c.cpp.o[0m
[20.139s] [ 44%] [32mBuilding CXX object CMakeFiles/my_interfaces__rosidl_typesupport_introspection_cpp.dir/rosidl_typesupport_introspection_cpp/my_interfaces/msg/detail/dist__type_support.cpp.o[0m
[20.213s] [ 46%] [32mBuilding CXX object CMakeFiles/my_interfaces__rosidl_typesupport_cpp.dir/rosidl_typesupport_cpp/my_interfaces/srv/add_three_ints__type_support.cpp.o[0m
[21.158s] [ 47%] [32mBuilding CXX object CMakeFiles/my_interfaces__rosidl_typesupport_fastrtps_c.dir/rosidl_typesupport_fastrtps_c/my_interfaces/srv/detail/add_three_ints__type_support_c.cpp.o[0m
[21.217s] [ 49%] [32mBuilding CXX object CMakeFiles/my_interfaces__rosidl_typesupport_fastrtps_cpp.dir/rosidl_typesupport_fastrtps_cpp/my_interfaces/srv/detail/dds_fastrtps/add_three_ints__type_support.cpp.o[0m
[21.357s] [ 50%] [32m[1mLinking CXX shared library libmy_interfaces__rosidl_typesupport_cpp.so[0m
[21.507s] [ 52%] [32mBuilding CXX object CMakeFiles/my_interfaces__rosidl_typesupport_introspection_cpp.dir/rosidl_typesupport_introspection_cpp/my_interfaces/srv/detail/add_three_ints__type_support.cpp.o[0m
[21.613s] [ 52%] Built target my_interfaces__rosidl_typesupport_cpp
[21.677s] [ 53%] [34m[1mGenerating C introspection for ROS interfaces[0m
[22.164s] [ 55%] [32m[1mLinking CXX shared library libmy_interfaces__rosidl_typesupport_fastrtps_c.so[0m
[22.230s] [ 57%] [32m[1mLinking CXX shared library libmy_interfaces__rosidl_typesupport_fastrtps_cpp.so[0m
[22.604s] [ 57%] Built target my_interfaces__rosidl_typesupport_fastrtps_cpp
[22.648s] [ 57%] Built target my_interfaces__rosidl_typesupport_fastrtps_c
[22.719s] [ 58%] [34m[1mGenerating C type support dispatch for ROS interfaces[0m
[22.757s] [ 60%] [32m[1mLinking CXX shared library libmy_interfaces__rosidl_typesupport_introspection_cpp.so[0m
[23.043s] [ 60%] Built target my_interfaces__rosidl_typesupport_introspection_cpp
[23.430s] [35m[1mConsolidate compiler generated dependencies of target my_interfaces__rosidl_typesupport_introspection_c[0m
[23.502s] [ 61%] [32mBuilding C object CMakeFiles/my_interfaces__rosidl_typesupport_introspection_c.dir/rosidl_typesupport_introspection_c/my_interfaces/msg/detail/sphere__type_support.c.o[0m
[23.515s] [ 63%] [32mBuilding C object CMakeFiles/my_interfaces__rosidl_typesupport_introspection_c.dir/rosidl_typesupport_introspection_c/my_interfaces/msg/detail/vel__type_support.c.o[0m
[23.535s] [ 65%] [32mBuilding C object CMakeFiles/my_interfaces__rosidl_typesupport_introspection_c.dir/rosidl_typesupport_introspection_c/my_interfaces/msg/detail/num__type_support.c.o[0m
[23.662s] [ 66%] [32mBuilding C object CMakeFiles/my_interfaces__rosidl_typesupport_introspection_c.dir/rosidl_typesupport_introspection_c/my_interfaces/msg/detail/dist__type_support.c.o[0m
[23.712s] [ 68%] [32mBuilding C object CMakeFiles/my_interfaces__rosidl_typesupport_introspection_c.dir/rosidl_typesupport_introspection_c/my_interfaces/srv/detail/add_three_ints__type_support.c.o[0m
[23.837s] [ 69%] [32m[1mLinking C shared library libmy_interfaces__rosidl_typesupport_introspection_c.so[0m
[23.920s] [35m[1mConsolidate compiler generated dependencies of target my_interfaces__rosidl_typesupport_c[0m
[23.986s] [ 69%] Built target my_interfaces__rosidl_typesupport_introspection_c
[23.997s] [ 71%] [32mBuilding CXX object CMakeFiles/my_interfaces__rosidl_typesupport_c.dir/rosidl_typesupport_c/my_interfaces/msg/num__type_support.cpp.o[0m
[24.000s] [ 73%] [32mBuilding CXX object CMakeFiles/my_interfaces__rosidl_typesupport_c.dir/rosidl_typesupport_c/my_interfaces/msg/vel__type_support.cpp.o[0m
[24.016s] [ 74%] [32mBuilding CXX object CMakeFiles/my_interfaces__rosidl_typesupport_c.dir/rosidl_typesupport_c/my_interfaces/msg/sphere__type_support.cpp.o[0m
[24.054s] [ 76%] [32mBuilding CXX object CMakeFiles/my_interfaces__rosidl_typesupport_c.dir/rosidl_typesupport_c/my_interfaces/msg/dist__type_support.cpp.o[0m
[24.156s] [ 77%] [32mBuilding CXX object CMakeFiles/my_interfaces__rosidl_typesupport_c.dir/rosidl_typesupport_c/my_interfaces/srv/add_three_ints__type_support.cpp.o[0m
[24.368s] [ 79%] [32m[1mLinking CXX shared library libmy_interfaces__rosidl_typesupport_c.so[0m
[24.540s] [ 79%] Built target my_interfaces__rosidl_typesupport_c
[24.670s] [ 79%] Built target my_interfaces
[24.768s] [ 80%] [34m[1mGenerating Python code for ROS interfaces[0m
[26.057s] [ 80%] Built target my_interfaces__py
[26.103s] [35m[1mConsolidate compiler generated dependencies of target my_interfaces__rosidl_generator_py[0m
[26.165s] [ 82%] [32mBuilding C object CMakeFiles/my_interfaces__rosidl_generator_py.dir/rosidl_generator_py/my_interfaces/msg/_vel_s.c.o[0m
[26.178s] [ 84%] [32mBuilding C object CMakeFiles/my_interfaces__rosidl_generator_py.dir/rosidl_generator_py/my_interfaces/msg/_num_s.c.o[0m
[26.256s] [ 85%] [32mBuilding C object CMakeFiles/my_interfaces__rosidl_generator_py.dir/rosidl_generator_py/my_interfaces/msg/_sphere_s.c.o[0m
[26.259s] [ 87%] [32mBuilding C object CMakeFiles/my_interfaces__rosidl_generator_py.dir/rosidl_generator_py/my_interfaces/msg/_dist_s.c.o[0m
[26.728s] [ 88%] [32mBuilding C object CMakeFiles/my_interfaces__rosidl_generator_py.dir/rosidl_generator_py/my_interfaces/srv/_add_three_ints_s.c.o[0m
[26.934s] [ 90%] [32m[1mLinking C shared library rosidl_generator_py/my_interfaces/libmy_interfaces__rosidl_generator_py.so[0m
[27.053s] [ 90%] Built target my_interfaces__rosidl_generator_py
[27.116s] [35m[1mConsolidate compiler generated dependencies of target my_interfaces__rosidl_typesupport_c__pyext[0m
[27.118s] [35m[1mConsolidate compiler generated dependencies of target my_interfaces__rosidl_typesupport_introspection_c__pyext[0m
[27.136s] [35m[1mConsolidate compiler generated dependencies of target my_interfaces__rosidl_typesupport_fastrtps_c__pyext[0m
[27.178s] [ 92%] [32mBuilding C object CMakeFiles/my_interfaces__rosidl_typesupport_c__pyext.dir/rosidl_generator_py/my_interfaces/_my_interfaces_s.ep.rosidl_typesupport_c.c.o[0m
[27.187s] [ 93%] [32mBuilding C object CMakeFiles/my_interfaces__rosidl_typesupport_introspection_c__pyext.dir/rosidl_generator_py/my_interfaces/_my_interfaces_s.ep.rosidl_typesupport_introspection_c.c.o[0m
[27.221s] [ 95%] [32mBuilding C object CMakeFiles/my_interfaces__rosidl_typesupport_fastrtps_c__pyext.dir/rosidl_generator_py/my_interfaces/_my_interfaces_s.ep.rosidl_typesupport_fastrtps_c.c.o[0m
[27.476s] [ 96%] [32m[1mLinking C shared library rosidl_generator_py/my_interfaces/my_interfaces_s__rosidl_typesupport_c.cpython-310-x86_64-linux-gnu.so[0m
[27.543s] [ 98%] [32m[1mLinking C shared library rosidl_generator_py/my_interfaces/my_interfaces_s__rosidl_typesupport_introspection_c.cpython-310-x86_64-linux-gnu.so[0m
[27.564s] [100%] [32m[1mLinking C shared library rosidl_generator_py/my_interfaces/my_interfaces_s__rosidl_typesupport_fastrtps_c.cpython-310-x86_64-linux-gnu.so[0m
[27.637s] [100%] Built target my_interfaces__rosidl_typesupport_c__pyext
[27.715s] [100%] Built target my_interfaces__rosidl_typesupport_introspection_c__pyext
[27.739s] [100%] Built target my_interfaces__rosidl_typesupport_fastrtps_c__pyext
[27.776s] Invoked command in '/home/user/template_ws/build/my_interfaces' returned '0': CMAKE_PREFIX_PATH=${CMAKE_PREFIX_PATH}:/home/user/template_ws/install/camera_pkg:/home/user/ros2_humble/install/rqt_bag_plugins:/home/user/ros2_humble/install/rqt_bag:/home/user/ros2_humble/install/ros2bag:/home/user/ros2_humble/install/tracetools_test:/home/user/ros2_humble/install/tracetools_launch:/home/user/ros2_humble/install/topic_monitor:/home/user/ros2_humble/install/tf2_tools:/home/user/ros2_humble/install/examples_tf2_py:/home/user/ros2_humble/install/tf2_ros_py:/home/user/ros2_humble/install/sros2:/home/user/ros2_humble/install/rqt_topic:/home/user/ros2_humble/install/rqt_srv:/home/user/ros2_humble/install/rqt_shell:/home/user/ros2_humble/install/rqt_service_caller:/home/user/ros2_humble/install/rqt_reconfigure:/home/user/ros2_humble/install/rqt_py_console:/home/user/ros2_humble/install/rqt_publisher:/home/user/ros2_humble/install/rqt_plot:/home/user/ros2_humble/install/rqt_action:/home/user/ros2_humble/install/rqt_msg:/home/user/ros2_humble/install/rqt_console:/home/user/ros2_humble/install/rqt:/home/user/ros2_humble/install/rqt_graph:/home/user/ros2_humble/install/rqt_gui_py:/home/user/ros2_humble/install/rqt_gui:/home/user/ros2_humble/install/ros2trace:/home/user/ros2_humble/install/ros2topic:/home/user/ros2_humble/install/ros2test:/home/user/ros2_humble/install/ros2component:/home/user/ros2_humble/install/ros2param:/home/user/ros2_humble/install/ros2lifecycle:/home/user/ros2_humble/install/ros2service:/home/user/ros2_humble/install/ros2run:/home/user/ros2_humble/install/ros2launch:/home/user/ros2_humble/install/ros2pkg:/home/user/ros2_humble/install/ros2node:/home/user/ros2_humble/install/ros2multicast:/home/user/ros2_humble/install/ros2interface:/home/user/ros2_humble/install/ros2doctor:/home/user/ros2_humble/install/ros2action:/home/user/ros2_humble/install/ros2cli:/home/user/ros2_humble/install/quality_of_service_demo_py:/home/user/ros2_humble/install/lifecycle_py:/home/user/ros2_humble/install/launch_testing_ros:/home/user/ros2_humble/install/launch_ros:/home/user/ros2_humble/install/examples_rclpy_pointcloud_publisher:/home/user/ros2_humble/install/examples_rclpy_minimal_subscriber:/home/user/ros2_humble/install/examples_rclpy_minimal_service:/home/user/ros2_humble/install/examples_rclpy_minimal_publisher:/home/user/ros2_humble/install/examples_rclpy_minimal_client:/home/user/ros2_humble/install/examples_rclpy_minimal_action_server:/home/user/ros2_humble/install/examples_rclpy_minimal_action_client:/home/user/ros2_humble/install/examples_rclpy_guard_conditions:/home/user/ros2_humble/install/examples_rclpy_executors:/home/user/ros2_humble/install/demo_nodes_py:/home/user/ros2_humble/install/action_tutorials_py:/home/user/ros2_humble/install/ament_uncrustify:/home/user/ros2_humble/install/tracetools_trace:/home/user/ros2_humble/install/tracetools_read:/home/user/ros2_humble/install/test_tracetools_launch:/home/user/ros2_humble/install/test_launch_ros:/home/user/ros2_humble/install/sensor_msgs_py:/home/user/ros2_humble/install/rpyutils:/home/user/ros2_humble/install/rosidl_runtime_py:/home/user/ros2_humble/install/rosidl_cli:/home/user/ros2_humble/install/launch_pytest:/home/user/ros2_humble/install/launch_testing:/home/user/ros2_humble/install/launch_yaml:/home/user/ros2_humble/install/launch_xml:/home/user/ros2_humble/install/launch:/home/user/ros2_humble/install/osrf_pycommon:/home/user/ros2_humble/install/launch_testing_examples:/home/user/ros2_humble/install/domain_coordinator:/home/user/ros2_humble/install/ament_xmllint:/home/user/ros2_humble/install/ament_pyflakes:/home/user/ros2_humble/install/ament_pycodestyle:/home/user/ros2_humble/install/ament_pep257:/home/user/ros2_humble/install/ament_pclint:/home/user/ros2_humble/install/ament_package:/home/user/ros2_humble/install/ament_mypy:/home/user/ros2_humble/install/ament_lint_cmake:/home/user/ros2_humble/install/ament_flake8:/home/user/ros2_humble/install/ament_copyright:/home/user/ros2_humble/install/ament_lint:/home/user/ros2_humble/install/ament_index_python:/home/user/ros2_humble/install/ament_cpplint:/home/user/ros2_humble/install/ament_cppcheck:/home/user/ros2_humble/install/ament_clang_tidy:/home/user/ros2_humble/install/ament_clang_format /usr/bin/cmake --build /home/user/template_ws/build/my_interfaces -- -j4 -l4
[29.155s] Invoking command in '/home/user/template_ws/build/my_interfaces': CMAKE_PREFIX_PATH=${CMAKE_PREFIX_PATH}:/home/user/template_ws/install/camera_pkg:/home/user/ros2_humble/install/rqt_bag_plugins:/home/user/ros2_humble/install/rqt_bag:/home/user/ros2_humble/install/ros2bag:/home/user/ros2_humble/install/tracetools_test:/home/user/ros2_humble/install/tracetools_launch:/home/user/ros2_humble/install/topic_monitor:/home/user/ros2_humble/install/tf2_tools:/home/user/ros2_humble/install/examples_tf2_py:/home/user/ros2_humble/install/tf2_ros_py:/home/user/ros2_humble/install/sros2:/home/user/ros2_humble/install/rqt_topic:/home/user/ros2_humble/install/rqt_srv:/home/user/ros2_humble/install/rqt_shell:/home/user/ros2_humble/install/rqt_service_caller:/home/user/ros2_humble/install/rqt_reconfigure:/home/user/ros2_humble/install/rqt_py_console:/home/user/ros2_humble/install/rqt_publisher:/home/user/ros2_humble/install/rqt_plot:/home/user/ros2_humble/install/rqt_action:/home/user/ros2_humble/install/rqt_msg:/home/user/ros2_humble/install/rqt_console:/home/user/ros2_humble/install/rqt:/home/user/ros2_humble/install/rqt_graph:/home/user/ros2_humble/install/rqt_gui_py:/home/user/ros2_humble/install/rqt_gui:/home/user/ros2_humble/install/ros2trace:/home/user/ros2_humble/install/ros2topic:/home/user/ros2_humble/install/ros2test:/home/user/ros2_humble/install/ros2component:/home/user/ros2_humble/install/ros2param:/home/user/ros2_humble/install/ros2lifecycle:/home/user/ros2_humble/install/ros2service:/home/user/ros2_humble/install/ros2run:/home/user/ros2_humble/install/ros2launch:/home/user/ros2_humble/install/ros2pkg:/home/user/ros2_humble/install/ros2node:/home/user/ros2_humble/install/ros2multicast:/home/user/ros2_humble/install/ros2interface:/home/user/ros2_humble/install/ros2doctor:/home/user/ros2_humble/install/ros2action:/home/user/ros2_humble/install/ros2cli:/home/user/ros2_humble/install/quality_of_service_demo_py:/home/user/ros2_humble/install/lifecycle_py:/home/user/ros2_humble/install/launch_testing_ros:/home/user/ros2_humble/install/launch_ros:/home/user/ros2_humble/install/examples_rclpy_pointcloud_publisher:/home/user/ros2_humble/install/examples_rclpy_minimal_subscriber:/home/user/ros2_humble/install/examples_rclpy_minimal_service:/home/user/ros2_humble/install/examples_rclpy_minimal_publisher:/home/user/ros2_humble/install/examples_rclpy_minimal_client:/home/user/ros2_humble/install/examples_rclpy_minimal_action_server:/home/user/ros2_humble/install/examples_rclpy_minimal_action_client:/home/user/ros2_humble/install/examples_rclpy_guard_conditions:/home/user/ros2_humble/install/examples_rclpy_executors:/home/user/ros2_humble/install/demo_nodes_py:/home/user/ros2_humble/install/action_tutorials_py:/home/user/ros2_humble/install/ament_uncrustify:/home/user/ros2_humble/install/tracetools_trace:/home/user/ros2_humble/install/tracetools_read:/home/user/ros2_humble/install/test_tracetools_launch:/home/user/ros2_humble/install/test_launch_ros:/home/user/ros2_humble/install/sensor_msgs_py:/home/user/ros2_humble/install/rpyutils:/home/user/ros2_humble/install/rosidl_runtime_py:/home/user/ros2_humble/install/rosidl_cli:/home/user/ros2_humble/install/launch_pytest:/home/user/ros2_humble/install/launch_testing:/home/user/ros2_humble/install/launch_yaml:/home/user/ros2_humble/install/launch_xml:/home/user/ros2_humble/install/launch:/home/user/ros2_humble/install/osrf_pycommon:/home/user/ros2_humble/install/launch_testing_examples:/home/user/ros2_humble/install/domain_coordinator:/home/user/ros2_humble/install/ament_xmllint:/home/user/ros2_humble/install/ament_pyflakes:/home/user/ros2_humble/install/ament_pycodestyle:/home/user/ros2_humble/install/ament_pep257:/home/user/ros2_humble/install/ament_pclint:/home/user/ros2_humble/install/ament_package:/home/user/ros2_humble/install/ament_mypy:/home/user/ros2_humble/install/ament_lint_cmake:/home/user/ros2_humble/install/ament_flake8:/home/user/ros2_humble/install/ament_copyright:/home/user/ros2_humble/install/ament_lint:/home/user/ros2_humble/install/ament_index_python:/home/user/ros2_humble/install/ament_cpplint:/home/user/ros2_humble/install/ament_cppcheck:/home/user/ros2_humble/install/ament_clang_tidy:/home/user/ros2_humble/install/ament_clang_format /usr/bin/cmake --install /home/user/template_ws/build/my_interfaces
[29.184s] -- Install configuration: ""
[29.185s] -- Execute custom install script
[29.186s] -- Up-to-date symlink: /home/user/template_ws/install/my_interfaces/share/ament_index/resource_index/rosidl_interfaces/my_interfaces
[29.186s] -- Symlinking: /home/user/template_ws/install/my_interfaces/include/my_interfaces/my_interfaces/msg/detail/dist__functions.h
[29.222s] -- Symlinking: /home/user/template_ws/install/my_interfaces/include/my_interfaces/my_interfaces/msg/detail/dist__struct.h
[29.253s] -- Symlinking: /home/user/template_ws/install/my_interfaces/include/my_interfaces/my_interfaces/msg/detail/dist__type_support.h
[29.285s] -- Up-to-date symlink: /home/user/template_ws/install/my_interfaces/include/my_interfaces/my_interfaces/msg/detail/num__functions.h
[29.285s] -- Up-to-date symlink: /home/user/template_ws/install/my_interfaces/include/my_interfaces/my_interfaces/msg/detail/num__struct.h
[29.285s] -- Up-to-date symlink: /home/user/template_ws/install/my_interfaces/include/my_interfaces/my_interfaces/msg/detail/num__type_support.h
[29.286s] -- Up-to-date symlink: /home/user/template_ws/install/my_interfaces/include/my_interfaces/my_interfaces/msg/detail/sphere__functions.h
[29.286s] -- Up-to-date symlink: /home/user/template_ws/install/my_interfaces/include/my_interfaces/my_interfaces/msg/detail/sphere__struct.h
[29.286s] -- Up-to-date symlink: /home/user/template_ws/install/my_interfaces/include/my_interfaces/my_interfaces/msg/detail/sphere__type_support.h
[29.286s] -- Symlinking: /home/user/template_ws/install/my_interfaces/include/my_interfaces/my_interfaces/msg/detail/vel__functions.h
[29.324s] -- Symlinking: /home/user/template_ws/install/my_interfaces/include/my_interfaces/my_interfaces/msg/detail/vel__struct.h
[29.354s] -- Symlinking: /home/user/template_ws/install/my_interfaces/include/my_interfaces/my_interfaces/msg/detail/vel__type_support.h
[29.388s] -- Symlinking: /home/user/template_ws/install/my_interfaces/include/my_interfaces/my_interfaces/msg/dist.h
[29.419s] -- Up-to-date symlink: /home/user/template_ws/install/my_interfaces/include/my_interfaces/my_interfaces/msg/num.h
[29.420s] -- Up-to-date symlink: /home/user/template_ws/install/my_interfaces/include/my_interfaces/my_interfaces/msg/rosidl_generator_c__visibility_control.h
[29.420s] -- Up-to-date symlink: /home/user/template_ws/install/my_interfaces/include/my_interfaces/my_interfaces/msg/sphere.h
[29.420s] -- Symlinking: /home/user/template_ws/install/my_interfaces/include/my_interfaces/my_interfaces/msg/vel.h
[29.451s] -- Up-to-date symlink: /home/user/template_ws/install/my_interfaces/include/my_interfaces/my_interfaces/srv/add_three_ints.h
[29.451s] -- Up-to-date symlink: /home/user/template_ws/install/my_interfaces/include/my_interfaces/my_interfaces/srv/detail/add_three_ints__functions.h
[29.451s] -- Up-to-date symlink: /home/user/template_ws/install/my_interfaces/include/my_interfaces/my_interfaces/srv/detail/add_three_ints__struct.h
[29.452s] -- Up-to-date symlink: /home/user/template_ws/install/my_interfaces/include/my_interfaces/my_interfaces/srv/detail/add_three_ints__type_support.h
[29.452s] -- Up-to-date symlink: /home/user/template_ws/install/my_interfaces/share/my_interfaces/environment/library_path.sh
[29.452s] -- Up-to-date symlink: /home/user/template_ws/install/my_interfaces/share/my_interfaces/environment/library_path.dsv
[29.453s] -- Symlinking: /home/user/template_ws/install/my_interfaces/include/my_interfaces/my_interfaces/msg/detail/dist__rosidl_typesupport_fastrtps_c.h
[29.485s] -- Up-to-date symlink: /home/user/template_ws/install/my_interfaces/include/my_interfaces/my_interfaces/msg/detail/num__rosidl_typesupport_fastrtps_c.h
[29.486s] -- Up-to-date symlink: /home/user/template_ws/install/my_interfaces/include/my_interfaces/my_interfaces/msg/detail/sphere__rosidl_typesupport_fastrtps_c.h
[29.486s] -- Symlinking: /home/user/template_ws/install/my_interfaces/include/my_interfaces/my_interfaces/msg/detail/vel__rosidl_typesupport_fastrtps_c.h
[29.517s] -- Up-to-date symlink: /home/user/template_ws/install/my_interfaces/include/my_interfaces/my_interfaces/msg/rosidl_typesupport_fastrtps_c__visibility_control.h
[29.517s] -- Up-to-date symlink: /home/user/template_ws/install/my_interfaces/include/my_interfaces/my_interfaces/srv/detail/add_three_ints__rosidl_typesupport_fastrtps_c.h
[29.518s] -- Symlinking: /home/user/template_ws/install/my_interfaces/include/my_interfaces/my_interfaces/msg/detail/dist__builder.hpp
[29.549s] -- Symlinking: /home/user/template_ws/install/my_interfaces/include/my_interfaces/my_interfaces/msg/detail/dist__struct.hpp
[29.580s] -- Symlinking: /home/user/template_ws/install/my_interfaces/include/my_interfaces/my_interfaces/msg/detail/dist__traits.hpp
[29.613s] -- Up-to-date symlink: /home/user/template_ws/install/my_interfaces/include/my_interfaces/my_interfaces/msg/detail/num__builder.hpp
[29.613s] -- Up-to-date symlink: /home/user/template_ws/install/my_interfaces/include/my_interfaces/my_interfaces/msg/detail/num__struct.hpp
[29.613s] -- Up-to-date symlink: /home/user/template_ws/install/my_interfaces/include/my_interfaces/my_interfaces/msg/detail/num__traits.hpp
[29.613s] -- Up-to-date symlink: /home/user/template_ws/install/my_interfaces/include/my_interfaces/my_interfaces/msg/detail/sphere__builder.hpp
[29.614s] -- Up-to-date symlink: /home/user/template_ws/install/my_interfaces/include/my_interfaces/my_interfaces/msg/detail/sphere__struct.hpp
[29.614s] -- Up-to-date symlink: /home/user/template_ws/install/my_interfaces/include/my_interfaces/my_interfaces/msg/detail/sphere__traits.hpp
[29.614s] -- Symlinking: /home/user/template_ws/install/my_interfaces/include/my_interfaces/my_interfaces/msg/detail/vel__builder.hpp
[29.651s] -- Symlinking: /home/user/template_ws/install/my_interfaces/include/my_interfaces/my_interfaces/msg/detail/vel__struct.hpp
[29.682s] -- Symlinking: /home/user/template_ws/install/my_interfaces/include/my_interfaces/my_interfaces/msg/detail/vel__traits.hpp
[29.719s] -- Symlinking: /home/user/template_ws/install/my_interfaces/include/my_interfaces/my_interfaces/msg/dist.hpp
[29.750s] -- Up-to-date symlink: /home/user/template_ws/install/my_interfaces/include/my_interfaces/my_interfaces/msg/num.hpp
[29.750s] -- Up-to-date symlink: /home/user/template_ws/install/my_interfaces/include/my_interfaces/my_interfaces/msg/sphere.hpp
[29.750s] -- Symlinking: /home/user/template_ws/install/my_interfaces/include/my_interfaces/my_interfaces/msg/vel.hpp
[29.782s] -- Up-to-date symlink: /home/user/template_ws/install/my_interfaces/include/my_interfaces/my_interfaces/srv/add_three_ints.hpp
[29.783s] -- Up-to-date symlink: /home/user/template_ws/install/my_interfaces/include/my_interfaces/my_interfaces/srv/detail/add_three_ints__builder.hpp
[29.783s] -- Up-to-date symlink: /home/user/template_ws/install/my_interfaces/include/my_interfaces/my_interfaces/srv/detail/add_three_ints__struct.hpp
[29.783s] -- Up-to-date symlink: /home/user/template_ws/install/my_interfaces/include/my_interfaces/my_interfaces/srv/detail/add_three_ints__traits.hpp
[29.784s] -- Symlinking: /home/user/template_ws/install/my_interfaces/include/my_interfaces/my_interfaces/msg/detail/dist__rosidl_typesupport_fastrtps_cpp.hpp
[29.817s] -- Up-to-date symlink: /home/user/template_ws/install/my_interfaces/include/my_interfaces/my_interfaces/msg/detail/num__rosidl_typesupport_fastrtps_cpp.hpp
[29.817s] -- Up-to-date symlink: /home/user/template_ws/install/my_interfaces/include/my_interfaces/my_interfaces/msg/detail/sphere__rosidl_typesupport_fastrtps_cpp.hpp
[29.817s] -- Symlinking: /home/user/template_ws/install/my_interfaces/include/my_interfaces/my_interfaces/msg/detail/vel__rosidl_typesupport_fastrtps_cpp.hpp
[29.855s] -- Up-to-date symlink: /home/user/template_ws/install/my_interfaces/include/my_interfaces/my_interfaces/msg/rosidl_typesupport_fastrtps_cpp__visibility_control.h
[29.856s] -- Up-to-date symlink: /home/user/template_ws/install/my_interfaces/include/my_interfaces/my_interfaces/srv/detail/add_three_ints__rosidl_typesupport_fastrtps_cpp.hpp
[29.856s] -- Symlinking: /home/user/template_ws/install/my_interfaces/include/my_interfaces/my_interfaces/msg/detail/dist__rosidl_typesupport_introspection_c.h
[29.894s] -- Up-to-date symlink: /home/user/template_ws/install/my_interfaces/include/my_interfaces/my_interfaces/msg/detail/num__rosidl_typesupport_introspection_c.h
[29.895s] -- Up-to-date symlink: /home/user/template_ws/install/my_interfaces/include/my_interfaces/my_interfaces/msg/detail/sphere__rosidl_typesupport_introspection_c.h
[29.895s] -- Symlinking: /home/user/template_ws/install/my_interfaces/include/my_interfaces/my_interfaces/msg/detail/vel__rosidl_typesupport_introspection_c.h
[29.926s] -- Up-to-date symlink: /home/user/template_ws/install/my_interfaces/include/my_interfaces/my_interfaces/msg/rosidl_typesupport_introspection_c__visibility_control.h
[29.926s] -- Up-to-date symlink: /home/user/template_ws/install/my_interfaces/include/my_interfaces/my_interfaces/srv/detail/add_three_ints__rosidl_typesupport_introspection_c.h
[29.927s] -- Symlinking: /home/user/template_ws/install/my_interfaces/include/my_interfaces/my_interfaces/msg/detail/dist__rosidl_typesupport_introspection_cpp.hpp
[29.959s] -- Up-to-date symlink: /home/user/template_ws/install/my_interfaces/include/my_interfaces/my_interfaces/msg/detail/num__rosidl_typesupport_introspection_cpp.hpp
[29.959s] -- Up-to-date symlink: /home/user/template_ws/install/my_interfaces/include/my_interfaces/my_interfaces/msg/detail/sphere__rosidl_typesupport_introspection_cpp.hpp
[29.959s] -- Symlinking: /home/user/template_ws/install/my_interfaces/include/my_interfaces/my_interfaces/msg/detail/vel__rosidl_typesupport_introspection_cpp.hpp
[29.994s] -- Up-to-date symlink: /home/user/template_ws/install/my_interfaces/include/my_interfaces/my_interfaces/srv/detail/add_three_ints__rosidl_typesupport_introspection_cpp.hpp
[29.994s] -- Up-to-date symlink: /home/user/template_ws/install/my_interfaces/share/my_interfaces/environment/pythonpath.sh
[29.995s] -- Up-to-date symlink: /home/user/template_ws/install/my_interfaces/share/my_interfaces/environment/pythonpath.dsv
[29.995s] -- Up-to-date symlink: /home/user/template_ws/install/my_interfaces/local/lib/python3.10/dist-packages/my_interfaces-0.0.0-py3.10.egg-info/PKG-INFO
[29.995s] -- Up-to-date symlink: /home/user/template_ws/install/my_interfaces/local/lib/python3.10/dist-packages/my_interfaces-0.0.0-py3.10.egg-info/SOURCES.txt
[29.996s] -- Up-to-date symlink: /home/user/template_ws/install/my_interfaces/local/lib/python3.10/dist-packages/my_interfaces-0.0.0-py3.10.egg-info/dependency_links.txt
[29.996s] -- Up-to-date symlink: /home/user/template_ws/install/my_interfaces/local/lib/python3.10/dist-packages/my_interfaces-0.0.0-py3.10.egg-info/top_level.txt
[29.997s] -- Up-to-date symlink: /home/user/template_ws/install/my_interfaces/local/lib/python3.10/dist-packages/my_interfaces/__init__.py
[29.998s] -- Up-to-date symlink: /home/user/template_ws/install/my_interfaces/local/lib/python3.10/dist-packages/my_interfaces/_my_interfaces_s.ep.rosidl_typesupport_c.c
[29.998s] -- Up-to-date symlink: /home/user/template_ws/install/my_interfaces/local/lib/python3.10/dist-packages/my_interfaces/_my_interfaces_s.ep.rosidl_typesupport_fastrtps_c.c
[29.998s] -- Up-to-date symlink: /home/user/template_ws/install/my_interfaces/local/lib/python3.10/dist-packages/my_interfaces/_my_interfaces_s.ep.rosidl_typesupport_introspection_c.c
[29.998s] -- Up-to-date symlink: /home/user/template_ws/install/my_interfaces/local/lib/python3.10/dist-packages/my_interfaces/libmy_interfaces__rosidl_generator_py.so
[29.998s] -- Up-to-date symlink: /home/user/template_ws/install/my_interfaces/local/lib/python3.10/dist-packages/my_interfaces/msg/__init__.py
[29.998s] -- Symlinking: /home/user/template_ws/install/my_interfaces/local/lib/python3.10/dist-packages/my_interfaces/msg/_dist.py
[30.031s] -- Symlinking: /home/user/template_ws/install/my_interfaces/local/lib/python3.10/dist-packages/my_interfaces/msg/_dist_s.c
[30.063s] -- Up-to-date symlink: /home/user/template_ws/install/my_interfaces/local/lib/python3.10/dist-packages/my_interfaces/msg/_num.py
[30.064s] -- Up-to-date symlink: /home/user/template_ws/install/my_interfaces/local/lib/python3.10/dist-packages/my_interfaces/msg/_num_s.c
[30.064s] -- Up-to-date symlink: /home/user/template_ws/install/my_interfaces/local/lib/python3.10/dist-packages/my_interfaces/msg/_sphere.py
[30.064s] -- Up-to-date symlink: /home/user/template_ws/install/my_interfaces/local/lib/python3.10/dist-packages/my_interfaces/msg/_sphere_s.c
[30.064s] -- Symlinking: /home/user/template_ws/install/my_interfaces/local/lib/python3.10/dist-packages/my_interfaces/msg/_vel.py
[30.101s] -- Symlinking: /home/user/template_ws/install/my_interfaces/local/lib/python3.10/dist-packages/my_interfaces/msg/_vel_s.c
[30.134s] -- Up-to-date symlink: /home/user/template_ws/install/my_interfaces/local/lib/python3.10/dist-packages/my_interfaces/my_interfaces_s__rosidl_typesupport_c.cpython-310-x86_64-linux-gnu.so
[30.135s] -- Up-to-date symlink: /home/user/template_ws/install/my_interfaces/local/lib/python3.10/dist-packages/my_interfaces/my_interfaces_s__rosidl_typesupport_fastrtps_c.cpython-310-x86_64-linux-gnu.so
[30.135s] -- Up-to-date symlink: /home/user/template_ws/install/my_interfaces/local/lib/python3.10/dist-packages/my_interfaces/my_interfaces_s__rosidl_typesupport_introspection_c.cpython-310-x86_64-linux-gnu.so
[30.135s] -- Up-to-date symlink: /home/user/template_ws/install/my_interfaces/local/lib/python3.10/dist-packages/my_interfaces/srv/__init__.py
[30.135s] -- Up-to-date symlink: /home/user/template_ws/install/my_interfaces/local/lib/python3.10/dist-packages/my_interfaces/srv/_add_three_ints.py
[30.135s] -- Up-to-date symlink: /home/user/template_ws/install/my_interfaces/local/lib/python3.10/dist-packages/my_interfaces/srv/_add_three_ints_s.c
[30.136s] -- Up-to-date symlink: /home/user/template_ws/install/my_interfaces/local/lib/python3.10/dist-packages/my_interfaces/my_interfaces_s__rosidl_typesupport_introspection_c.cpython-310-x86_64-linux-gnu.so
[30.136s] -- Up-to-date symlink: /home/user/template_ws/install/my_interfaces/local/lib/python3.10/dist-packages/my_interfaces/my_interfaces_s__rosidl_typesupport_fastrtps_c.cpython-310-x86_64-linux-gnu.so
[30.137s] -- Up-to-date symlink: /home/user/template_ws/install/my_interfaces/local/lib/python3.10/dist-packages/my_interfaces/my_interfaces_s__rosidl_typesupport_c.cpython-310-x86_64-linux-gnu.so
[30.137s] -- Up-to-date symlink: /home/user/template_ws/install/my_interfaces/share/my_interfaces/msg/Num.idl
[30.137s] -- Up-to-date symlink: /home/user/template_ws/install/my_interfaces/share/my_interfaces/msg/Sphere.idl
[30.137s] -- Symlinking: /home/user/template_ws/install/my_interfaces/share/my_interfaces/msg/Vel.idl
[30.175s] -- Symlinking: /home/user/template_ws/install/my_interfaces/share/my_interfaces/msg/Dist.idl
[30.224s] -- Up-to-date symlink: /home/user/template_ws/install/my_interfaces/share/my_interfaces/srv/AddThreeInts.idl
[30.224s] -- Up-to-date symlink: /home/user/template_ws/install/my_interfaces/share/my_interfaces/msg/Num.msg
[30.228s] -- Up-to-date symlink: /home/user/template_ws/install/my_interfaces/share/my_interfaces/msg/Sphere.msg
[30.228s] -- Symlinking: /home/user/template_ws/install/my_interfaces/share/my_interfaces/msg/Vel.msg
[30.274s] -- Symlinking: /home/user/template_ws/install/my_interfaces/share/my_interfaces/msg/Dist.msg
[30.329s] -- Up-to-date symlink: /home/user/template_ws/install/my_interfaces/share/my_interfaces/srv/AddThreeInts.srv
[30.329s] -- Up-to-date symlink: /home/user/template_ws/install/my_interfaces/share/my_interfaces/srv/AddThreeInts_Request.msg
[30.329s] -- Up-to-date symlink: /home/user/template_ws/install/my_interfaces/share/my_interfaces/srv/AddThreeInts_Response.msg
[30.330s] -- Up-to-date symlink: /home/user/template_ws/install/my_interfaces/share/ament_index/resource_index/package_run_dependencies/my_interfaces
[30.330s] -- Up-to-date symlink: /home/user/template_ws/install/my_interfaces/share/ament_index/resource_index/parent_prefix_path/my_interfaces
[30.331s] -- Up-to-date symlink: /home/user/template_ws/install/my_interfaces/share/my_interfaces/environment/ament_prefix_path.sh
[30.331s] -- Up-to-date symlink: /home/user/template_ws/install/my_interfaces/share/my_interfaces/environment/ament_prefix_path.dsv
[30.332s] -- Up-to-date symlink: /home/user/template_ws/install/my_interfaces/share/my_interfaces/environment/path.sh
[30.332s] -- Up-to-date symlink: /home/user/template_ws/install/my_interfaces/share/my_interfaces/environment/path.dsv
[30.332s] -- Up-to-date symlink: /home/user/template_ws/install/my_interfaces/share/my_interfaces/local_setup.bash
[30.339s] -- Up-to-date symlink: /home/user/template_ws/install/my_interfaces/share/my_interfaces/local_setup.sh
[30.340s] -- Up-to-date symlink: /home/user/template_ws/install/my_interfaces/share/my_interfaces/local_setup.zsh
[30.340s] -- Up-to-date symlink: /home/user/template_ws/install/my_interfaces/share/my_interfaces/local_setup.dsv
[30.340s] -- Symlinking: /home/user/template_ws/install/my_interfaces/share/my_interfaces/package.dsv
[30.401s] -- Up-to-date symlink: /home/user/template_ws/install/my_interfaces/share/ament_index/resource_index/packages/my_interfaces
[30.401s] -- Up-to-date symlink: /home/user/template_ws/install/my_interfaces/share/my_interfaces/cmake/rosidl_cmake-extras.cmake
[30.401s] -- Up-to-date symlink: /home/user/template_ws/install/my_interfaces/share/my_interfaces/cmake/ament_cmake_export_dependencies-extras.cmake
[30.402s] -- Up-to-date symlink: /home/user/template_ws/install/my_interfaces/share/my_interfaces/cmake/ament_cmake_export_include_directories-extras.cmake
[30.402s] -- Up-to-date symlink: /home/user/template_ws/install/my_interfaces/share/my_interfaces/cmake/ament_cmake_export_libraries-extras.cmake
[30.403s] -- Up-to-date symlink: /home/user/template_ws/install/my_interfaces/share/my_interfaces/cmake/ament_cmake_export_targets-extras.cmake
[30.403s] -- Up-to-date symlink: /home/user/template_ws/install/my_interfaces/share/my_interfaces/cmake/rosidl_cmake_export_typesupport_targets-extras.cmake
[30.403s] -- Up-to-date symlink: /home/user/template_ws/install/my_interfaces/share/my_interfaces/cmake/rosidl_cmake_export_typesupport_libraries-extras.cmake
[30.404s] -- Up-to-date symlink: /home/user/template_ws/install/my_interfaces/share/my_interfaces/cmake/my_interfacesConfig.cmake
[30.404s] -- Up-to-date symlink: /home/user/template_ws/install/my_interfaces/share/my_interfaces/cmake/my_interfacesConfig-version.cmake
[30.404s] -- Up-to-date symlink: /home/user/template_ws/install/my_interfaces/share/my_interfaces/package.xml
[30.413s] -- Installing: /home/user/template_ws/install/my_interfaces/lib/libmy_interfaces__rosidl_generator_c.so
[30.414s] -- Set runtime path of "/home/user/template_ws/install/my_interfaces/lib/libmy_interfaces__rosidl_generator_c.so" to ""
[30.415s] -- Installing: /home/user/template_ws/install/my_interfaces/lib/libmy_interfaces__rosidl_typesupport_fastrtps_c.so
[30.416s] -- Set runtime path of "/home/user/template_ws/install/my_interfaces/lib/libmy_interfaces__rosidl_typesupport_fastrtps_c.so" to ""
[30.420s] -- Installing: /home/user/template_ws/install/my_interfaces/lib/libmy_interfaces__rosidl_typesupport_fastrtps_cpp.so
[30.421s] -- Set runtime path of "/home/user/template_ws/install/my_interfaces/lib/libmy_interfaces__rosidl_typesupport_fastrtps_cpp.so" to ""
[30.421s] -- Installing: /home/user/template_ws/install/my_interfaces/lib/libmy_interfaces__rosidl_typesupport_introspection_c.so
[30.422s] -- Set runtime path of "/home/user/template_ws/install/my_interfaces/lib/libmy_interfaces__rosidl_typesupport_introspection_c.so" to ""
[30.423s] -- Installing: /home/user/template_ws/install/my_interfaces/lib/libmy_interfaces__rosidl_typesupport_c.so
[30.424s] -- Set runtime path of "/home/user/template_ws/install/my_interfaces/lib/libmy_interfaces__rosidl_typesupport_c.so" to ""
[30.424s] -- Installing: /home/user/template_ws/install/my_interfaces/lib/libmy_interfaces__rosidl_typesupport_introspection_cpp.so
[30.431s] -- Set runtime path of "/home/user/template_ws/install/my_interfaces/lib/libmy_interfaces__rosidl_typesupport_introspection_cpp.so" to ""
[30.436s] -- Installing: /home/user/template_ws/install/my_interfaces/lib/libmy_interfaces__rosidl_typesupport_cpp.so
[30.437s] -- Set runtime path of "/home/user/template_ws/install/my_interfaces/lib/libmy_interfaces__rosidl_typesupport_cpp.so" to ""
[30.726s] Listing '/home/user/template_ws/install/my_interfaces/local/lib/python3.10/dist-packages/my_interfaces'...
[30.726s] Compiling '/home/user/template_ws/install/my_interfaces/local/lib/python3.10/dist-packages/my_interfaces/__init__.py'...
[30.726s] Listing '/home/user/template_ws/install/my_interfaces/local/lib/python3.10/dist-packages/my_interfaces/msg'...
[30.726s] Compiling '/home/user/template_ws/install/my_interfaces/local/lib/python3.10/dist-packages/my_interfaces/msg/__init__.py'...
[30.726s] Compiling '/home/user/template_ws/install/my_interfaces/local/lib/python3.10/dist-packages/my_interfaces/msg/_dist.py'...
[30.726s] Compiling '/home/user/template_ws/install/my_interfaces/local/lib/python3.10/dist-packages/my_interfaces/msg/_num.py'...
[30.726s] Compiling '/home/user/template_ws/install/my_interfaces/local/lib/python3.10/dist-packages/my_interfaces/msg/_sphere.py'...
[30.727s] Compiling '/home/user/template_ws/install/my_interfaces/local/lib/python3.10/dist-packages/my_interfaces/msg/_vel.py'...
[30.727s] Listing '/home/user/template_ws/install/my_interfaces/local/lib/python3.10/dist-packages/my_interfaces/srv'...
[30.727s] Compiling '/home/user/template_ws/install/my_interfaces/local/lib/python3.10/dist-packages/my_interfaces/srv/__init__.py'...
[30.727s] Compiling '/home/user/template_ws/install/my_interfaces/local/lib/python3.10/dist-packages/my_interfaces/srv/_add_three_ints.py'...
[30.733s] -- Installing: /home/user/template_ws/install/my_interfaces/lib/libmy_interfaces__rosidl_generator_py.so
[30.734s] -- Set runtime path of "/home/user/template_ws/install/my_interfaces/lib/libmy_interfaces__rosidl_generator_py.so" to ""
[30.734s] -- Up-to-date: /home/user/template_ws/install/my_interfaces/share/my_interfaces/cmake/export_my_interfaces__rosidl_generator_cExport.cmake
[30.734s] -- Up-to-date: /home/user/template_ws/install/my_interfaces/share/my_interfaces/cmake/export_my_interfaces__rosidl_generator_cExport-noconfig.cmake
[30.735s] -- Up-to-date: /home/user/template_ws/install/my_interfaces/share/my_interfaces/cmake/export_my_interfaces__rosidl_typesupport_fastrtps_cExport.cmake
[30.735s] -- Up-to-date: /home/user/template_ws/install/my_interfaces/share/my_interfaces/cmake/export_my_interfaces__rosidl_typesupport_fastrtps_cExport-noconfig.cmake
[30.735s] -- Up-to-date: /home/user/template_ws/install/my_interfaces/share/my_interfaces/cmake/export_my_interfaces__rosidl_generator_cppExport.cmake
[30.736s] -- Up-to-date: /home/user/template_ws/install/my_interfaces/share/my_interfaces/cmake/export_my_interfaces__rosidl_typesupport_fastrtps_cppExport.cmake
[30.736s] -- Up-to-date: /home/user/template_ws/install/my_interfaces/share/my_interfaces/cmake/export_my_interfaces__rosidl_typesupport_fastrtps_cppExport-noconfig.cmake
[30.736s] -- Up-to-date: /home/user/template_ws/install/my_interfaces/share/my_interfaces/cmake/my_interfaces__rosidl_typesupport_introspection_cExport.cmake
[30.736s] -- Up-to-date: /home/user/template_ws/install/my_interfaces/share/my_interfaces/cmake/my_interfaces__rosidl_typesupport_introspection_cExport-noconfig.cmake
[30.736s] -- Up-to-date: /home/user/template_ws/install/my_interfaces/share/my_interfaces/cmake/my_interfaces__rosidl_typesupport_cExport.cmake
[30.736s] -- Up-to-date: /home/user/template_ws/install/my_interfaces/share/my_interfaces/cmake/my_interfaces__rosidl_typesupport_cExport-noconfig.cmake
[30.736s] -- Up-to-date: /home/user/template_ws/install/my_interfaces/share/my_interfaces/cmake/my_interfaces__rosidl_typesupport_introspection_cppExport.cmake
[30.736s] -- Up-to-date: /home/user/template_ws/install/my_interfaces/share/my_interfaces/cmake/my_interfaces__rosidl_typesupport_introspection_cppExport-noconfig.cmake
[30.737s] -- Up-to-date: /home/user/template_ws/install/my_interfaces/share/my_interfaces/cmake/my_interfaces__rosidl_typesupport_cppExport.cmake
[30.737s] -- Up-to-date: /home/user/template_ws/install/my_interfaces/share/my_interfaces/cmake/my_interfaces__rosidl_typesupport_cppExport-noconfig.cmake
[30.737s] -- Up-to-date: /home/user/template_ws/install/my_interfaces/share/my_interfaces/cmake/export_my_interfaces__rosidl_generator_pyExport.cmake
[30.737s] -- Up-to-date: /home/user/template_ws/install/my_interfaces/share/my_interfaces/cmake/export_my_interfaces__rosidl_generator_pyExport-noconfig.cmake
[30.750s] Invoked command in '/home/user/template_ws/build/my_interfaces' returned '0': CMAKE_PREFIX_PATH=${CMAKE_PREFIX_PATH}:/home/user/template_ws/install/camera_pkg:/home/user/ros2_humble/install/rqt_bag_plugins:/home/user/ros2_humble/install/rqt_bag:/home/user/ros2_humble/install/ros2bag:/home/user/ros2_humble/install/tracetools_test:/home/user/ros2_humble/install/tracetools_launch:/home/user/ros2_humble/install/topic_monitor:/home/user/ros2_humble/install/tf2_tools:/home/user/ros2_humble/install/examples_tf2_py:/home/user/ros2_humble/install/tf2_ros_py:/home/user/ros2_humble/install/sros2:/home/user/ros2_humble/install/rqt_topic:/home/user/ros2_humble/install/rqt_srv:/home/user/ros2_humble/install/rqt_shell:/home/user/ros2_humble/install/rqt_service_caller:/home/user/ros2_humble/install/rqt_reconfigure:/home/user/ros2_humble/install/rqt_py_console:/home/user/ros2_humble/install/rqt_publisher:/home/user/ros2_humble/install/rqt_plot:/home/user/ros2_humble/install/rqt_action:/home/user/ros2_humble/install/rqt_msg:/home/user/ros2_humble/install/rqt_console:/home/user/ros2_humble/install/rqt:/home/user/ros2_humble/install/rqt_graph:/home/user/ros2_humble/install/rqt_gui_py:/home/user/ros2_humble/install/rqt_gui:/home/user/ros2_humble/install/ros2trace:/home/user/ros2_humble/install/ros2topic:/home/user/ros2_humble/install/ros2test:/home/user/ros2_humble/install/ros2component:/home/user/ros2_humble/install/ros2param:/home/user/ros2_humble/install/ros2lifecycle:/home/user/ros2_humble/install/ros2service:/home/user/ros2_humble/install/ros2run:/home/user/ros2_humble/install/ros2launch:/home/user/ros2_humble/install/ros2pkg:/home/user/ros2_humble/install/ros2node:/home/user/ros2_humble/install/ros2multicast:/home/user/ros2_humble/install/ros2interface:/home/user/ros2_humble/install/ros2doctor:/home/user/ros2_humble/install/ros2action:/home/user/ros2_humble/install/ros2cli:/home/user/ros2_humble/install/quality_of_service_demo_py:/home/user/ros2_humble/install/lifecycle_py:/home/user/ros2_humble/install/launch_testing_ros:/home/user/ros2_humble/install/launch_ros:/home/user/ros2_humble/install/examples_rclpy_pointcloud_publisher:/home/user/ros2_humble/install/examples_rclpy_minimal_subscriber:/home/user/ros2_humble/install/examples_rclpy_minimal_service:/home/user/ros2_humble/install/examples_rclpy_minimal_publisher:/home/user/ros2_humble/install/examples_rclpy_minimal_client:/home/user/ros2_humble/install/examples_rclpy_minimal_action_server:/home/user/ros2_humble/install/examples_rclpy_minimal_action_client:/home/user/ros2_humble/install/examples_rclpy_guard_conditions:/home/user/ros2_humble/install/examples_rclpy_executors:/home/user/ros2_humble/install/demo_nodes_py:/home/user/ros2_humble/install/action_tutorials_py:/home/user/ros2_humble/install/ament_uncrustify:/home/user/ros2_humble/install/tracetools_trace:/home/user/ros2_humble/install/tracetools_read:/home/user/ros2_humble/install/test_tracetools_launch:/home/user/ros2_humble/install/test_launch_ros:/home/user/ros2_humble/install/sensor_msgs_py:/home/user/ros2_humble/install/rpyutils:/home/user/ros2_humble/install/rosidl_runtime_py:/home/user/ros2_humble/install/rosidl_cli:/home/user/ros2_humble/install/launch_pytest:/home/user/ros2_humble/install/launch_testing:/home/user/ros2_humble/install/launch_yaml:/home/user/ros2_humble/install/launch_xml:/home/user/ros2_humble/install/launch:/home/user/ros2_humble/install/osrf_pycommon:/home/user/ros2_humble/install/launch_testing_examples:/home/user/ros2_humble/install/domain_coordinator:/home/user/ros2_humble/install/ament_xmllint:/home/user/ros2_humble/install/ament_pyflakes:/home/user/ros2_humble/install/ament_pycodestyle:/home/user/ros2_humble/install/ament_pep257:/home/user/ros2_humble/install/ament_pclint:/home/user/ros2_humble/install/ament_package:/home/user/ros2_humble/install/ament_mypy:/home/user/ros2_humble/install/ament_lint_cmake:/home/user/ros2_humble/install/ament_flake8:/home/user/ros2_humble/install/ament_copyright:/home/user/ros2_humble/install/ament_lint:/home/user/ros2_humble/install/ament_index_python:/home/user/ros2_humble/install/ament_cpplint:/home/user/ros2_humble/install/ament_cppcheck:/home/user/ros2_humble/install/ament_clang_tidy:/home/user/ros2_humble/install/ament_clang_format /usr/bin/cmake --install /home/user/template_ws/build/my_interfaces
