[0.096s] Invoking command in '/home/user/template_ws/build/my_interfaces': CMAKE_PREFIX_PATH=${CMAKE_PREFIX_PATH}:/home/user/ros2_humble/install/rqt_bag_plugins:/home/user/ros2_humble/install/rqt_bag:/home/user/ros2_humble/install/ros2bag:/home/user/ros2_humble/install/tracetools_test:/home/user/ros2_humble/install/tracetools_launch:/home/user/ros2_humble/install/topic_monitor:/home/user/ros2_humble/install/tf2_tools:/home/user/ros2_humble/install/examples_tf2_py:/home/user/ros2_humble/install/tf2_ros_py:/home/user/ros2_humble/install/sros2:/home/user/ros2_humble/install/rqt_topic:/home/user/ros2_humble/install/rqt_srv:/home/user/ros2_humble/install/rqt_shell:/home/user/ros2_humble/install/rqt_service_caller:/home/user/ros2_humble/install/rqt_reconfigure:/home/user/ros2_humble/install/rqt_py_console:/home/user/ros2_humble/install/rqt_publisher:/home/user/ros2_humble/install/rqt_plot:/home/user/ros2_humble/install/rqt_action:/home/user/ros2_humble/install/rqt_msg:/home/user/ros2_humble/install/rqt_console:/home/user/ros2_humble/install/rqt:/home/user/ros2_humble/install/rqt_graph:/home/user/ros2_humble/install/rqt_gui_py:/home/user/ros2_humble/install/rqt_gui:/home/user/ros2_humble/install/ros2trace:/home/user/ros2_humble/install/ros2topic:/home/user/ros2_humble/install/ros2test:/home/user/ros2_humble/install/ros2component:/home/user/ros2_humble/install/ros2param:/home/user/ros2_humble/install/ros2lifecycle:/home/user/ros2_humble/install/ros2service:/home/user/ros2_humble/install/ros2run:/home/user/ros2_humble/install/ros2launch:/home/user/ros2_humble/install/ros2pkg:/home/user/ros2_humble/install/ros2node:/home/user/ros2_humble/install/ros2multicast:/home/user/ros2_humble/install/ros2interface:/home/user/ros2_humble/install/ros2doctor:/home/user/ros2_humble/install/ros2action:/home/user/ros2_humble/install/ros2cli:/home/user/ros2_humble/install/quality_of_service_demo_py:/home/user/ros2_humble/install/lifecycle_py:/home/user/ros2_humble/install/launch_testing_ros:/home/user/ros2_humble/install/launch_ros:/home/user/ros2_humble/install/examples_rclpy_pointcloud_publisher:/home/user/ros2_humble/install/examples_rclpy_minimal_subscriber:/home/user/ros2_humble/install/examples_rclpy_minimal_service:/home/user/ros2_humble/install/examples_rclpy_minimal_publisher:/home/user/ros2_humble/install/examples_rclpy_minimal_client:/home/user/ros2_humble/install/examples_rclpy_minimal_action_server:/home/user/ros2_humble/install/examples_rclpy_minimal_action_client:/home/user/ros2_humble/install/examples_rclpy_guard_conditions:/home/user/ros2_humble/install/examples_rclpy_executors:/home/user/ros2_humble/install/demo_nodes_py:/home/user/ros2_humble/install/action_tutorials_py:/home/user/ros2_humble/install/ament_uncrustify:/home/user/ros2_humble/install/tracetools_trace:/home/user/ros2_humble/install/tracetools_read:/home/user/ros2_humble/install/test_tracetools_launch:/home/user/ros2_humble/install/test_launch_ros:/home/user/ros2_humble/install/sensor_msgs_py:/home/user/ros2_humble/install/rpyutils:/home/user/ros2_humble/install/rosidl_runtime_py:/home/user/ros2_humble/install/rosidl_cli:/home/user/ros2_humble/install/launch_pytest:/home/user/ros2_humble/install/launch_testing:/home/user/ros2_humble/install/launch_yaml:/home/user/ros2_humble/install/launch_xml:/home/user/ros2_humble/install/launch:/home/user/ros2_humble/install/osrf_pycommon:/home/user/ros2_humble/install/launch_testing_examples:/home/user/ros2_humble/install/domain_coordinator:/home/user/ros2_humble/install/ament_xmllint:/home/user/ros2_humble/install/ament_pyflakes:/home/user/ros2_humble/install/ament_pycodestyle:/home/user/ros2_humble/install/ament_pep257:/home/user/ros2_humble/install/ament_pclint:/home/user/ros2_humble/install/ament_package:/home/user/ros2_humble/install/ament_mypy:/home/user/ros2_humble/install/ament_lint_cmake:/home/user/ros2_humble/install/ament_flake8:/home/user/ros2_humble/install/ament_copyright:/home/user/ros2_humble/install/ament_lint:/home/user/ros2_humble/install/ament_index_python:/home/user/ros2_humble/install/ament_cpplint:/home/user/ros2_humble/install/ament_cppcheck:/home/user/ros2_humble/install/ament_clang_tidy:/home/user/ros2_humble/install/ament_clang_format /usr/bin/cmake --build /home/user/template_ws/build/my_interfaces -- -j4 -l4
[0.419s] [ 11%] Built target my_interfaces__rosidl_generator_c
[0.419s] [ 12%] Built target my_interfaces__cpp
[0.440s] [ 12%] Built target ament_cmake_python_symlink_my_interfaces
[0.576s] [ 13%] [32mBuilding CXX object CMakeFiles/my_interfaces__rosidl_typesupport_fastrtps_c.dir/rosidl_typesupport_fastrtps_c/my_interfaces/msg/detail/num__type_support_c.cpp.o[0m
[0.631s] [ 25%] Built target my_interfaces__rosidl_typesupport_c
[0.637s] [ 26%] [32mBuilding CXX object CMakeFiles/my_interfaces__rosidl_typesupport_introspection_cpp.dir/rosidl_typesupport_introspection_cpp/my_interfaces/msg/detail/num__type_support.cpp.o[0m
[0.650s] [ 37%] Built target my_interfaces__rosidl_typesupport_introspection_c
[0.696s] [ 39%] [32mBuilding CXX object CMakeFiles/my_interfaces__rosidl_typesupport_introspection_cpp.dir/rosidl_typesupport_introspection_cpp/my_interfaces/msg/detail/sphere__type_support.cpp.o[0m
[1.527s] [ 40%] [32mBuilding CXX object CMakeFiles/my_interfaces__rosidl_typesupport_introspection_cpp.dir/rosidl_typesupport_introspection_cpp/my_interfaces/msg/detail/vel__type_support.cpp.o[0m
[1.865s] [ 41%] [32mBuilding CXX object CMakeFiles/my_interfaces__rosidl_typesupport_introspection_cpp.dir/rosidl_typesupport_introspection_cpp/my_interfaces/msg/detail/dist__type_support.cpp.o[0m
[1.877s] [ 42%] [32mBuilding CXX object CMakeFiles/my_interfaces__rosidl_typesupport_fastrtps_c.dir/rosidl_typesupport_fastrtps_c/my_interfaces/msg/detail/sphere__type_support_c.cpp.o[0m
[2.450s] [ 43%] [32mBuilding CXX object CMakeFiles/my_interfaces__rosidl_typesupport_introspection_cpp.dir/rosidl_typesupport_introspection_cpp/my_interfaces/srv/detail/add_three_ints__type_support.cpp.o[0m
[2.896s] running egg_info
[2.900s] writing my_interfaces.egg-info/PKG-INFO
[2.902s] writing dependency_links to my_interfaces.egg-info/dependency_links.txt
[2.904s] writing top-level names to my_interfaces.egg-info/top_level.txt
[2.913s] reading manifest file 'my_interfaces.egg-info/SOURCES.txt'
[2.919s] writing manifest file 'my_interfaces.egg-info/SOURCES.txt'
[3.019s] [ 43%] Built target ament_cmake_python_build_my_interfaces_egg
[3.073s] [ 44%] [32mBuilding CXX object CMakeFiles/my_interfaces__rosidl_typesupport_introspection_cpp.dir/rosidl_typesupport_introspection_cpp/my_interfaces/srv/detail/result__type_support.cpp.o[0m
[3.171s] [ 45%] [32mBuilding CXX object CMakeFiles/my_interfaces__rosidl_typesupport_fastrtps_c.dir/rosidl_typesupport_fastrtps_c/my_interfaces/msg/detail/vel__type_support_c.cpp.o[0m
[3.309s] [ 47%] [32mBuilding CXX object CMakeFiles/my_interfaces__rosidl_typesupport_cpp.dir/rosidl_typesupport_cpp/my_interfaces/msg/num__type_support.cpp.o[0m
[3.778s] [ 48%] [32mBuilding CXX object CMakeFiles/my_interfaces__rosidl_typesupport_fastrtps_cpp.dir/rosidl_typesupport_fastrtps_cpp/my_interfaces/msg/detail/dds_fastrtps/num__type_support.cpp.o[0m
[4.034s] [ 49%] [32mBuilding CXX object CMakeFiles/my_interfaces__rosidl_typesupport_introspection_cpp.dir/rosidl_typesupport_introspection_cpp/my_interfaces/action/detail/fibonacci__type_support.cpp.o[0m
[4.203s] [ 50%] [32mBuilding CXX object CMakeFiles/my_interfaces__rosidl_typesupport_cpp.dir/rosidl_typesupport_cpp/my_interfaces/msg/sphere__type_support.cpp.o[0m
[4.426s] [ 51%] [32mBuilding CXX object CMakeFiles/my_interfaces__rosidl_typesupport_fastrtps_c.dir/rosidl_typesupport_fastrtps_c/my_interfaces/msg/detail/dist__type_support_c.cpp.o[0m
[5.443s] [ 52%] [32mBuilding CXX object CMakeFiles/my_interfaces__rosidl_typesupport_cpp.dir/rosidl_typesupport_cpp/my_interfaces/msg/vel__type_support.cpp.o[0m
[5.543s] [ 54%] [32mBuilding CXX object CMakeFiles/my_interfaces__rosidl_typesupport_fastrtps_cpp.dir/rosidl_typesupport_fastrtps_cpp/my_interfaces/msg/detail/dds_fastrtps/sphere__type_support.cpp.o[0m
[5.547s] [ 55%] [32mBuilding CXX object CMakeFiles/my_interfaces__rosidl_typesupport_fastrtps_c.dir/rosidl_typesupport_fastrtps_c/my_interfaces/srv/detail/add_three_ints__type_support_c.cpp.o[0m
[5.571s] [ 56%] [32mBuilding CXX object CMakeFiles/my_interfaces__rosidl_typesupport_introspection_cpp.dir/rosidl_typesupport_introspection_cpp/my_interfaces/action/detail/fibonacci2__type_support.cpp.o[0m
[6.409s] [ 57%] [32mBuilding CXX object CMakeFiles/my_interfaces__rosidl_typesupport_cpp.dir/rosidl_typesupport_cpp/my_interfaces/msg/dist__type_support.cpp.o[0m
[6.572s] [ 58%] [32mBuilding CXX object CMakeFiles/my_interfaces__rosidl_typesupport_fastrtps_cpp.dir/rosidl_typesupport_fastrtps_cpp/my_interfaces/msg/detail/dds_fastrtps/vel__type_support.cpp.o[0m
[6.665s] [ 59%] [32mBuilding CXX object CMakeFiles/my_interfaces__rosidl_typesupport_fastrtps_c.dir/rosidl_typesupport_fastrtps_c/my_interfaces/srv/detail/result__type_support_c.cpp.o[0m
[7.582s] [ 60%] [32mBuilding CXX object CMakeFiles/my_interfaces__rosidl_typesupport_cpp.dir/rosidl_typesupport_cpp/my_interfaces/srv/add_three_ints__type_support.cpp.o[0m
[7.763s] [ 62%] [32m[1mLinking CXX shared library libmy_interfaces__rosidl_typesupport_introspection_cpp.so[0m
[7.889s] [ 63%] [32mBuilding CXX object CMakeFiles/my_interfaces__rosidl_typesupport_fastrtps_c.dir/rosidl_typesupport_fastrtps_c/my_interfaces/action/detail/fibonacci__type_support_c.cpp.o[0m
[7.930s] [ 64%] [32mBuilding CXX object CMakeFiles/my_interfaces__rosidl_typesupport_fastrtps_cpp.dir/rosidl_typesupport_fastrtps_cpp/my_interfaces/msg/detail/dds_fastrtps/dist__type_support.cpp.o[0m
[8.271s] [ 65%] Built target my_interfaces__rosidl_typesupport_introspection_cpp
[8.333s] [ 66%] [32mBuilding CXX object CMakeFiles/my_interfaces__rosidl_typesupport_cpp.dir/rosidl_typesupport_cpp/my_interfaces/srv/result__type_support.cpp.o[0m
[8.373s] [ 67%] [32mBuilding CXX object CMakeFiles/my_interfaces__rosidl_typesupport_fastrtps_cpp.dir/rosidl_typesupport_fastrtps_cpp/my_interfaces/srv/detail/dds_fastrtps/add_three_ints__type_support.cpp.o[0m
[8.913s] [ 68%] [32mBuilding CXX object CMakeFiles/my_interfaces__rosidl_typesupport_fastrtps_cpp.dir/rosidl_typesupport_fastrtps_cpp/my_interfaces/srv/detail/dds_fastrtps/result__type_support.cpp.o[0m
[9.127s] [ 70%] [32mBuilding CXX object CMakeFiles/my_interfaces__rosidl_typesupport_fastrtps_c.dir/rosidl_typesupport_fastrtps_c/my_interfaces/action/detail/fibonacci2__type_support_c.cpp.o[0m
[9.192s] [ 71%] [32mBuilding CXX object CMakeFiles/my_interfaces__rosidl_typesupport_cpp.dir/rosidl_typesupport_cpp/my_interfaces/action/fibonacci__type_support.cpp.o[0m
[9.785s] [ 72%] [32mBuilding CXX object CMakeFiles/my_interfaces__rosidl_typesupport_fastrtps_cpp.dir/rosidl_typesupport_fastrtps_cpp/my_interfaces/action/detail/dds_fastrtps/fibonacci__type_support.cpp.o[0m
[10.510s] [ 73%] [32m[1mLinking CXX shared library libmy_interfaces__rosidl_typesupport_fastrtps_c.so[0m
[10.662s] [ 74%] [32mBuilding CXX object CMakeFiles/my_interfaces__rosidl_typesupport_fastrtps_cpp.dir/rosidl_typesupport_fastrtps_cpp/my_interfaces/action/detail/dds_fastrtps/fibonacci2__type_support.cpp.o[0m
[10.988s] [ 75%] [32mBuilding CXX object CMakeFiles/my_interfaces__rosidl_typesupport_cpp.dir/rosidl_typesupport_cpp/my_interfaces/action/fibonacci2__type_support.cpp.o[0m
[10.992s] [ 77%] Built target my_interfaces__rosidl_typesupport_fastrtps_c
[12.128s] [ 78%] [32m[1mLinking CXX shared library libmy_interfaces__rosidl_typesupport_fastrtps_cpp.so[0m
[12.167s] [ 79%] [32m[1mLinking CXX shared library libmy_interfaces__rosidl_typesupport_cpp.so[0m
[12.351s] [ 80%] Built target my_interfaces__rosidl_typesupport_cpp
[12.361s] [ 81%] Built target my_interfaces__rosidl_typesupport_fastrtps_cpp
[12.453s] [ 81%] Built target my_interfaces
[12.566s] [ 82%] Built target my_interfaces__py
[12.699s] [ 83%] [32mBuilding C object CMakeFiles/my_interfaces__rosidl_generator_py.dir/rosidl_generator_py/my_interfaces/msg/_num_s.c.o[0m
[12.737s] [ 85%] [32mBuilding C object CMakeFiles/my_interfaces__rosidl_generator_py.dir/rosidl_generator_py/my_interfaces/msg/_vel_s.c.o[0m
[12.743s] [ 86%] [32mBuilding C object CMakeFiles/my_interfaces__rosidl_generator_py.dir/rosidl_generator_py/my_interfaces/msg/_sphere_s.c.o[0m
[12.745s] [ 87%] [32mBuilding C object CMakeFiles/my_interfaces__rosidl_generator_py.dir/rosidl_generator_py/my_interfaces/msg/_dist_s.c.o[0m
[13.346s] [ 88%] [32mBuilding C object CMakeFiles/my_interfaces__rosidl_generator_py.dir/rosidl_generator_py/my_interfaces/srv/_add_three_ints_s.c.o[0m
[13.390s] [ 89%] [32mBuilding C object CMakeFiles/my_interfaces__rosidl_generator_py.dir/rosidl_generator_py/my_interfaces/srv/_result_s.c.o[0m
[13.483s] [ 90%] [32mBuilding C object CMakeFiles/my_interfaces__rosidl_generator_py.dir/rosidl_generator_py/my_interfaces/action/_fibonacci_s.c.o[0m
[13.534s] [ 91%] [32mBuilding C object CMakeFiles/my_interfaces__rosidl_generator_py.dir/rosidl_generator_py/my_interfaces/action/_fibonacci2_s.c.o[0m
[14.102s] [ 93%] [32m[1mLinking C shared library rosidl_generator_py/my_interfaces/libmy_interfaces__rosidl_generator_py.so[0m
[14.236s] [ 93%] Built target my_interfaces__rosidl_generator_py
[14.372s] [ 94%] [32mBuilding C object CMakeFiles/my_interfaces__rosidl_typesupport_introspection_c__pyext.dir/rosidl_generator_py/my_interfaces/_my_interfaces_s.ep.rosidl_typesupport_introspection_c.c.o[0m
[14.377s] [ 95%] [32mBuilding C object CMakeFiles/my_interfaces__rosidl_typesupport_fastrtps_c__pyext.dir/rosidl_generator_py/my_interfaces/_my_interfaces_s.ep.rosidl_typesupport_fastrtps_c.c.o[0m
[14.378s] [ 96%] [32mBuilding C object CMakeFiles/my_interfaces__rosidl_typesupport_c__pyext.dir/rosidl_generator_py/my_interfaces/_my_interfaces_s.ep.rosidl_typesupport_c.c.o[0m
[14.860s] [ 97%] [32m[1mLinking C shared library rosidl_generator_py/my_interfaces/my_interfaces_s__rosidl_typesupport_introspection_c.cpython-310-x86_64-linux-gnu.so[0m
[14.916s] [ 98%] [32m[1mLinking C shared library rosidl_generator_py/my_interfaces/my_interfaces_s__rosidl_typesupport_fastrtps_c.cpython-310-x86_64-linux-gnu.so[0m
[14.955s] [100%] [32m[1mLinking C shared library rosidl_generator_py/my_interfaces/my_interfaces_s__rosidl_typesupport_c.cpython-310-x86_64-linux-gnu.so[0m
[15.075s] [100%] Built target my_interfaces__rosidl_typesupport_introspection_c__pyext
[15.115s] [100%] Built target my_interfaces__rosidl_typesupport_fastrtps_c__pyext
[15.152s] [100%] Built target my_interfaces__rosidl_typesupport_c__pyext
[15.191s] Invoked command in '/home/user/template_ws/build/my_interfaces' returned '0': CMAKE_PREFIX_PATH=${CMAKE_PREFIX_PATH}:/home/user/ros2_humble/install/rqt_bag_plugins:/home/user/ros2_humble/install/rqt_bag:/home/user/ros2_humble/install/ros2bag:/home/user/ros2_humble/install/tracetools_test:/home/user/ros2_humble/install/tracetools_launch:/home/user/ros2_humble/install/topic_monitor:/home/user/ros2_humble/install/tf2_tools:/home/user/ros2_humble/install/examples_tf2_py:/home/user/ros2_humble/install/tf2_ros_py:/home/user/ros2_humble/install/sros2:/home/user/ros2_humble/install/rqt_topic:/home/user/ros2_humble/install/rqt_srv:/home/user/ros2_humble/install/rqt_shell:/home/user/ros2_humble/install/rqt_service_caller:/home/user/ros2_humble/install/rqt_reconfigure:/home/user/ros2_humble/install/rqt_py_console:/home/user/ros2_humble/install/rqt_publisher:/home/user/ros2_humble/install/rqt_plot:/home/user/ros2_humble/install/rqt_action:/home/user/ros2_humble/install/rqt_msg:/home/user/ros2_humble/install/rqt_console:/home/user/ros2_humble/install/rqt:/home/user/ros2_humble/install/rqt_graph:/home/user/ros2_humble/install/rqt_gui_py:/home/user/ros2_humble/install/rqt_gui:/home/user/ros2_humble/install/ros2trace:/home/user/ros2_humble/install/ros2topic:/home/user/ros2_humble/install/ros2test:/home/user/ros2_humble/install/ros2component:/home/user/ros2_humble/install/ros2param:/home/user/ros2_humble/install/ros2lifecycle:/home/user/ros2_humble/install/ros2service:/home/user/ros2_humble/install/ros2run:/home/user/ros2_humble/install/ros2launch:/home/user/ros2_humble/install/ros2pkg:/home/user/ros2_humble/install/ros2node:/home/user/ros2_humble/install/ros2multicast:/home/user/ros2_humble/install/ros2interface:/home/user/ros2_humble/install/ros2doctor:/home/user/ros2_humble/install/ros2action:/home/user/ros2_humble/install/ros2cli:/home/user/ros2_humble/install/quality_of_service_demo_py:/home/user/ros2_humble/install/lifecycle_py:/home/user/ros2_humble/install/launch_testing_ros:/home/user/ros2_humble/install/launch_ros:/home/user/ros2_humble/install/examples_rclpy_pointcloud_publisher:/home/user/ros2_humble/install/examples_rclpy_minimal_subscriber:/home/user/ros2_humble/install/examples_rclpy_minimal_service:/home/user/ros2_humble/install/examples_rclpy_minimal_publisher:/home/user/ros2_humble/install/examples_rclpy_minimal_client:/home/user/ros2_humble/install/examples_rclpy_minimal_action_server:/home/user/ros2_humble/install/examples_rclpy_minimal_action_client:/home/user/ros2_humble/install/examples_rclpy_guard_conditions:/home/user/ros2_humble/install/examples_rclpy_executors:/home/user/ros2_humble/install/demo_nodes_py:/home/user/ros2_humble/install/action_tutorials_py:/home/user/ros2_humble/install/ament_uncrustify:/home/user/ros2_humble/install/tracetools_trace:/home/user/ros2_humble/install/tracetools_read:/home/user/ros2_humble/install/test_tracetools_launch:/home/user/ros2_humble/install/test_launch_ros:/home/user/ros2_humble/install/sensor_msgs_py:/home/user/ros2_humble/install/rpyutils:/home/user/ros2_humble/install/rosidl_runtime_py:/home/user/ros2_humble/install/rosidl_cli:/home/user/ros2_humble/install/launch_pytest:/home/user/ros2_humble/install/launch_testing:/home/user/ros2_humble/install/launch_yaml:/home/user/ros2_humble/install/launch_xml:/home/user/ros2_humble/install/launch:/home/user/ros2_humble/install/osrf_pycommon:/home/user/ros2_humble/install/launch_testing_examples:/home/user/ros2_humble/install/domain_coordinator:/home/user/ros2_humble/install/ament_xmllint:/home/user/ros2_humble/install/ament_pyflakes:/home/user/ros2_humble/install/ament_pycodestyle:/home/user/ros2_humble/install/ament_pep257:/home/user/ros2_humble/install/ament_pclint:/home/user/ros2_humble/install/ament_package:/home/user/ros2_humble/install/ament_mypy:/home/user/ros2_humble/install/ament_lint_cmake:/home/user/ros2_humble/install/ament_flake8:/home/user/ros2_humble/install/ament_copyright:/home/user/ros2_humble/install/ament_lint:/home/user/ros2_humble/install/ament_index_python:/home/user/ros2_humble/install/ament_cpplint:/home/user/ros2_humble/install/ament_cppcheck:/home/user/ros2_humble/install/ament_clang_tidy:/home/user/ros2_humble/install/ament_clang_format /usr/bin/cmake --build /home/user/template_ws/build/my_interfaces -- -j4 -l4
[16.938s] Invoking command in '/home/user/template_ws/build/my_interfaces': CMAKE_PREFIX_PATH=${CMAKE_PREFIX_PATH}:/home/user/ros2_humble/install/rqt_bag_plugins:/home/user/ros2_humble/install/rqt_bag:/home/user/ros2_humble/install/ros2bag:/home/user/ros2_humble/install/tracetools_test:/home/user/ros2_humble/install/tracetools_launch:/home/user/ros2_humble/install/topic_monitor:/home/user/ros2_humble/install/tf2_tools:/home/user/ros2_humble/install/examples_tf2_py:/home/user/ros2_humble/install/tf2_ros_py:/home/user/ros2_humble/install/sros2:/home/user/ros2_humble/install/rqt_topic:/home/user/ros2_humble/install/rqt_srv:/home/user/ros2_humble/install/rqt_shell:/home/user/ros2_humble/install/rqt_service_caller:/home/user/ros2_humble/install/rqt_reconfigure:/home/user/ros2_humble/install/rqt_py_console:/home/user/ros2_humble/install/rqt_publisher:/home/user/ros2_humble/install/rqt_plot:/home/user/ros2_humble/install/rqt_action:/home/user/ros2_humble/install/rqt_msg:/home/user/ros2_humble/install/rqt_console:/home/user/ros2_humble/install/rqt:/home/user/ros2_humble/install/rqt_graph:/home/user/ros2_humble/install/rqt_gui_py:/home/user/ros2_humble/install/rqt_gui:/home/user/ros2_humble/install/ros2trace:/home/user/ros2_humble/install/ros2topic:/home/user/ros2_humble/install/ros2test:/home/user/ros2_humble/install/ros2component:/home/user/ros2_humble/install/ros2param:/home/user/ros2_humble/install/ros2lifecycle:/home/user/ros2_humble/install/ros2service:/home/user/ros2_humble/install/ros2run:/home/user/ros2_humble/install/ros2launch:/home/user/ros2_humble/install/ros2pkg:/home/user/ros2_humble/install/ros2node:/home/user/ros2_humble/install/ros2multicast:/home/user/ros2_humble/install/ros2interface:/home/user/ros2_humble/install/ros2doctor:/home/user/ros2_humble/install/ros2action:/home/user/ros2_humble/install/ros2cli:/home/user/ros2_humble/install/quality_of_service_demo_py:/home/user/ros2_humble/install/lifecycle_py:/home/user/ros2_humble/install/launch_testing_ros:/home/user/ros2_humble/install/launch_ros:/home/user/ros2_humble/install/examples_rclpy_pointcloud_publisher:/home/user/ros2_humble/install/examples_rclpy_minimal_subscriber:/home/user/ros2_humble/install/examples_rclpy_minimal_service:/home/user/ros2_humble/install/examples_rclpy_minimal_publisher:/home/user/ros2_humble/install/examples_rclpy_minimal_client:/home/user/ros2_humble/install/examples_rclpy_minimal_action_server:/home/user/ros2_humble/install/examples_rclpy_minimal_action_client:/home/user/ros2_humble/install/examples_rclpy_guard_conditions:/home/user/ros2_humble/install/examples_rclpy_executors:/home/user/ros2_humble/install/demo_nodes_py:/home/user/ros2_humble/install/action_tutorials_py:/home/user/ros2_humble/install/ament_uncrustify:/home/user/ros2_humble/install/tracetools_trace:/home/user/ros2_humble/install/tracetools_read:/home/user/ros2_humble/install/test_tracetools_launch:/home/user/ros2_humble/install/test_launch_ros:/home/user/ros2_humble/install/sensor_msgs_py:/home/user/ros2_humble/install/rpyutils:/home/user/ros2_humble/install/rosidl_runtime_py:/home/user/ros2_humble/install/rosidl_cli:/home/user/ros2_humble/install/launch_pytest:/home/user/ros2_humble/install/launch_testing:/home/user/ros2_humble/install/launch_yaml:/home/user/ros2_humble/install/launch_xml:/home/user/ros2_humble/install/launch:/home/user/ros2_humble/install/osrf_pycommon:/home/user/ros2_humble/install/launch_testing_examples:/home/user/ros2_humble/install/domain_coordinator:/home/user/ros2_humble/install/ament_xmllint:/home/user/ros2_humble/install/ament_pyflakes:/home/user/ros2_humble/install/ament_pycodestyle:/home/user/ros2_humble/install/ament_pep257:/home/user/ros2_humble/install/ament_pclint:/home/user/ros2_humble/install/ament_package:/home/user/ros2_humble/install/ament_mypy:/home/user/ros2_humble/install/ament_lint_cmake:/home/user/ros2_humble/install/ament_flake8:/home/user/ros2_humble/install/ament_copyright:/home/user/ros2_humble/install/ament_lint:/home/user/ros2_humble/install/ament_index_python:/home/user/ros2_humble/install/ament_cpplint:/home/user/ros2_humble/install/ament_cppcheck:/home/user/ros2_humble/install/ament_clang_tidy:/home/user/ros2_humble/install/ament_clang_format /usr/bin/cmake --install /home/user/template_ws/build/my_interfaces
[16.969s] -- Install configuration: ""
[16.971s] -- Execute custom install script
[16.971s] -- Up-to-date symlink: /home/user/template_ws/install/my_interfaces/share/ament_index/resource_index/rosidl_interfaces/my_interfaces
[16.972s] -- Up-to-date symlink: /home/user/template_ws/install/my_interfaces/include/my_interfaces/my_interfaces/action/detail/fibonacci2__functions.h
[16.973s] -- Up-to-date symlink: /home/user/template_ws/install/my_interfaces/include/my_interfaces/my_interfaces/action/detail/fibonacci2__struct.h
[16.973s] -- Up-to-date symlink: /home/user/template_ws/install/my_interfaces/include/my_interfaces/my_interfaces/action/detail/fibonacci2__type_support.h
[16.973s] -- Up-to-date symlink: /home/user/template_ws/install/my_interfaces/include/my_interfaces/my_interfaces/action/detail/fibonacci__functions.h
[16.973s] -- Up-to-date symlink: /home/user/template_ws/install/my_interfaces/include/my_interfaces/my_interfaces/action/detail/fibonacci__struct.h
[16.974s] -- Up-to-date symlink: /home/user/template_ws/install/my_interfaces/include/my_interfaces/my_interfaces/action/detail/fibonacci__type_support.h
[16.974s] -- Up-to-date symlink: /home/user/template_ws/install/my_interfaces/include/my_interfaces/my_interfaces/action/fibonacci.h
[16.974s] -- Up-to-date symlink: /home/user/template_ws/install/my_interfaces/include/my_interfaces/my_interfaces/action/fibonacci2.h
[16.974s] -- Up-to-date symlink: /home/user/template_ws/install/my_interfaces/include/my_interfaces/my_interfaces/msg/detail/dist__functions.h
[16.974s] -- Up-to-date symlink: /home/user/template_ws/install/my_interfaces/include/my_interfaces/my_interfaces/msg/detail/dist__struct.h
[16.975s] -- Up-to-date symlink: /home/user/template_ws/install/my_interfaces/include/my_interfaces/my_interfaces/msg/detail/dist__type_support.h
[16.975s] -- Up-to-date symlink: /home/user/template_ws/install/my_interfaces/include/my_interfaces/my_interfaces/msg/detail/num__functions.h
[16.975s] -- Up-to-date symlink: /home/user/template_ws/install/my_interfaces/include/my_interfaces/my_interfaces/msg/detail/num__struct.h
[16.975s] -- Up-to-date symlink: /home/user/template_ws/install/my_interfaces/include/my_interfaces/my_interfaces/msg/detail/num__type_support.h
[16.976s] -- Up-to-date symlink: /home/user/template_ws/install/my_interfaces/include/my_interfaces/my_interfaces/msg/detail/sphere__functions.h
[16.976s] -- Up-to-date symlink: /home/user/template_ws/install/my_interfaces/include/my_interfaces/my_interfaces/msg/detail/sphere__struct.h
[16.976s] -- Up-to-date symlink: /home/user/template_ws/install/my_interfaces/include/my_interfaces/my_interfaces/msg/detail/sphere__type_support.h
[16.976s] -- Up-to-date symlink: /home/user/template_ws/install/my_interfaces/include/my_interfaces/my_interfaces/msg/detail/vel__functions.h
[16.976s] -- Up-to-date symlink: /home/user/template_ws/install/my_interfaces/include/my_interfaces/my_interfaces/msg/detail/vel__struct.h
[16.977s] -- Up-to-date symlink: /home/user/template_ws/install/my_interfaces/include/my_interfaces/my_interfaces/msg/detail/vel__type_support.h
[16.977s] -- Up-to-date symlink: /home/user/template_ws/install/my_interfaces/include/my_interfaces/my_interfaces/msg/dist.h
[16.977s] -- Up-to-date symlink: /home/user/template_ws/install/my_interfaces/include/my_interfaces/my_interfaces/msg/num.h
[16.980s] -- Up-to-date symlink: /home/user/template_ws/install/my_interfaces/include/my_interfaces/my_interfaces/msg/rosidl_generator_c__visibility_control.h
[16.981s] -- Up-to-date symlink: /home/user/template_ws/install/my_interfaces/include/my_interfaces/my_interfaces/msg/sphere.h
[16.981s] -- Up-to-date symlink: /home/user/template_ws/install/my_interfaces/include/my_interfaces/my_interfaces/msg/vel.h
[16.981s] -- Up-to-date symlink: /home/user/template_ws/install/my_interfaces/include/my_interfaces/my_interfaces/srv/add_three_ints.h
[16.981s] -- Up-to-date symlink: /home/user/template_ws/install/my_interfaces/include/my_interfaces/my_interfaces/srv/bool.h
[16.981s] -- Up-to-date symlink: /home/user/template_ws/install/my_interfaces/include/my_interfaces/my_interfaces/srv/detail/add_three_ints__functions.h
[16.982s] -- Up-to-date symlink: /home/user/template_ws/install/my_interfaces/include/my_interfaces/my_interfaces/srv/detail/add_three_ints__struct.h
[16.982s] -- Up-to-date symlink: /home/user/template_ws/install/my_interfaces/include/my_interfaces/my_interfaces/srv/detail/add_three_ints__type_support.h
[16.982s] -- Up-to-date symlink: /home/user/template_ws/install/my_interfaces/include/my_interfaces/my_interfaces/srv/detail/bool__functions.h
[16.982s] -- Up-to-date symlink: /home/user/template_ws/install/my_interfaces/include/my_interfaces/my_interfaces/srv/detail/bool__struct.h
[16.982s] -- Up-to-date symlink: /home/user/template_ws/install/my_interfaces/include/my_interfaces/my_interfaces/srv/detail/bool__type_support.h
[16.982s] -- Up-to-date symlink: /home/user/template_ws/install/my_interfaces/include/my_interfaces/my_interfaces/srv/detail/result__functions.h
[16.982s] -- Up-to-date symlink: /home/user/template_ws/install/my_interfaces/include/my_interfaces/my_interfaces/srv/detail/result__struct.h
[16.982s] -- Up-to-date symlink: /home/user/template_ws/install/my_interfaces/include/my_interfaces/my_interfaces/srv/detail/result__type_support.h
[16.983s] -- Up-to-date symlink: /home/user/template_ws/install/my_interfaces/include/my_interfaces/my_interfaces/srv/result.h
[16.983s] -- Up-to-date symlink: /home/user/template_ws/install/my_interfaces/share/my_interfaces/environment/library_path.sh
[16.983s] -- Up-to-date symlink: /home/user/template_ws/install/my_interfaces/share/my_interfaces/environment/library_path.dsv
[16.983s] -- Up-to-date symlink: /home/user/template_ws/install/my_interfaces/include/my_interfaces/my_interfaces/action/detail/fibonacci2__rosidl_typesupport_fastrtps_c.h
[16.983s] -- Up-to-date symlink: /home/user/template_ws/install/my_interfaces/include/my_interfaces/my_interfaces/action/detail/fibonacci__rosidl_typesupport_fastrtps_c.h
[16.983s] -- Up-to-date symlink: /home/user/template_ws/install/my_interfaces/include/my_interfaces/my_interfaces/msg/detail/dist__rosidl_typesupport_fastrtps_c.h
[16.984s] -- Up-to-date symlink: /home/user/template_ws/install/my_interfaces/include/my_interfaces/my_interfaces/msg/detail/num__rosidl_typesupport_fastrtps_c.h
[16.984s] -- Up-to-date symlink: /home/user/template_ws/install/my_interfaces/include/my_interfaces/my_interfaces/msg/detail/sphere__rosidl_typesupport_fastrtps_c.h
[16.984s] -- Up-to-date symlink: /home/user/template_ws/install/my_interfaces/include/my_interfaces/my_interfaces/msg/detail/vel__rosidl_typesupport_fastrtps_c.h
[16.984s] -- Up-to-date symlink: /home/user/template_ws/install/my_interfaces/include/my_interfaces/my_interfaces/msg/rosidl_typesupport_fastrtps_c__visibility_control.h
[16.985s] -- Up-to-date symlink: /home/user/template_ws/install/my_interfaces/include/my_interfaces/my_interfaces/srv/detail/add_three_ints__rosidl_typesupport_fastrtps_c.h
[16.985s] -- Up-to-date symlink: /home/user/template_ws/install/my_interfaces/include/my_interfaces/my_interfaces/srv/detail/result__rosidl_typesupport_fastrtps_c.h
[16.986s] -- Up-to-date symlink: /home/user/template_ws/install/my_interfaces/include/my_interfaces/my_interfaces/action/detail/fibonacci2__builder.hpp
[16.986s] -- Up-to-date symlink: /home/user/template_ws/install/my_interfaces/include/my_interfaces/my_interfaces/action/detail/fibonacci2__struct.hpp
[16.987s] -- Up-to-date symlink: /home/user/template_ws/install/my_interfaces/include/my_interfaces/my_interfaces/action/detail/fibonacci2__traits.hpp
[16.987s] -- Up-to-date symlink: /home/user/template_ws/install/my_interfaces/include/my_interfaces/my_interfaces/action/detail/fibonacci__builder.hpp
[16.987s] -- Up-to-date symlink: /home/user/template_ws/install/my_interfaces/include/my_interfaces/my_interfaces/action/detail/fibonacci__struct.hpp
[16.987s] -- Up-to-date symlink: /home/user/template_ws/install/my_interfaces/include/my_interfaces/my_interfaces/action/detail/fibonacci__traits.hpp
[16.987s] -- Up-to-date symlink: /home/user/template_ws/install/my_interfaces/include/my_interfaces/my_interfaces/action/fibonacci.hpp
[16.988s] -- Up-to-date symlink: /home/user/template_ws/install/my_interfaces/include/my_interfaces/my_interfaces/action/fibonacci2.hpp
[16.988s] -- Up-to-date symlink: /home/user/template_ws/install/my_interfaces/include/my_interfaces/my_interfaces/msg/detail/dist__builder.hpp
[16.988s] -- Up-to-date symlink: /home/user/template_ws/install/my_interfaces/include/my_interfaces/my_interfaces/msg/detail/dist__struct.hpp
[16.988s] -- Up-to-date symlink: /home/user/template_ws/install/my_interfaces/include/my_interfaces/my_interfaces/msg/detail/dist__traits.hpp
[16.989s] -- Up-to-date symlink: /home/user/template_ws/install/my_interfaces/include/my_interfaces/my_interfaces/msg/detail/num__builder.hpp
[16.989s] -- Up-to-date symlink: /home/user/template_ws/install/my_interfaces/include/my_interfaces/my_interfaces/msg/detail/num__struct.hpp
[16.989s] -- Up-to-date symlink: /home/user/template_ws/install/my_interfaces/include/my_interfaces/my_interfaces/msg/detail/num__traits.hpp
[16.990s] -- Up-to-date symlink: /home/user/template_ws/install/my_interfaces/include/my_interfaces/my_interfaces/msg/detail/sphere__builder.hpp
[16.990s] -- Up-to-date symlink: /home/user/template_ws/install/my_interfaces/include/my_interfaces/my_interfaces/msg/detail/sphere__struct.hpp
[16.990s] -- Up-to-date symlink: /home/user/template_ws/install/my_interfaces/include/my_interfaces/my_interfaces/msg/detail/sphere__traits.hpp
[16.990s] -- Up-to-date symlink: /home/user/template_ws/install/my_interfaces/include/my_interfaces/my_interfaces/msg/detail/vel__builder.hpp
[16.990s] -- Up-to-date symlink: /home/user/template_ws/install/my_interfaces/include/my_interfaces/my_interfaces/msg/detail/vel__struct.hpp
[16.991s] -- Up-to-date symlink: /home/user/template_ws/install/my_interfaces/include/my_interfaces/my_interfaces/msg/detail/vel__traits.hpp
[16.991s] -- Up-to-date symlink: /home/user/template_ws/install/my_interfaces/include/my_interfaces/my_interfaces/msg/dist.hpp
[16.991s] -- Up-to-date symlink: /home/user/template_ws/install/my_interfaces/include/my_interfaces/my_interfaces/msg/num.hpp
[16.991s] -- Up-to-date symlink: /home/user/template_ws/install/my_interfaces/include/my_interfaces/my_interfaces/msg/sphere.hpp
[16.992s] -- Up-to-date symlink: /home/user/template_ws/install/my_interfaces/include/my_interfaces/my_interfaces/msg/vel.hpp
[16.992s] -- Up-to-date symlink: /home/user/template_ws/install/my_interfaces/include/my_interfaces/my_interfaces/srv/add_three_ints.hpp
[16.992s] -- Up-to-date symlink: /home/user/template_ws/install/my_interfaces/include/my_interfaces/my_interfaces/srv/bool.hpp
[16.992s] -- Up-to-date symlink: /home/user/template_ws/install/my_interfaces/include/my_interfaces/my_interfaces/srv/detail/add_three_ints__builder.hpp
[16.992s] -- Up-to-date symlink: /home/user/template_ws/install/my_interfaces/include/my_interfaces/my_interfaces/srv/detail/add_three_ints__struct.hpp
[16.993s] -- Up-to-date symlink: /home/user/template_ws/install/my_interfaces/include/my_interfaces/my_interfaces/srv/detail/add_three_ints__traits.hpp
[16.993s] -- Up-to-date symlink: /home/user/template_ws/install/my_interfaces/include/my_interfaces/my_interfaces/srv/detail/bool__builder.hpp
[16.993s] -- Up-to-date symlink: /home/user/template_ws/install/my_interfaces/include/my_interfaces/my_interfaces/srv/detail/bool__struct.hpp
[16.993s] -- Up-to-date symlink: /home/user/template_ws/install/my_interfaces/include/my_interfaces/my_interfaces/srv/detail/bool__traits.hpp
[16.994s] -- Up-to-date symlink: /home/user/template_ws/install/my_interfaces/include/my_interfaces/my_interfaces/srv/detail/result__builder.hpp
[16.994s] -- Up-to-date symlink: /home/user/template_ws/install/my_interfaces/include/my_interfaces/my_interfaces/srv/detail/result__struct.hpp
[16.995s] -- Up-to-date symlink: /home/user/template_ws/install/my_interfaces/include/my_interfaces/my_interfaces/srv/detail/result__traits.hpp
[16.995s] -- Up-to-date symlink: /home/user/template_ws/install/my_interfaces/include/my_interfaces/my_interfaces/srv/result.hpp
[16.996s] -- Up-to-date symlink: /home/user/template_ws/install/my_interfaces/include/my_interfaces/my_interfaces/action/detail/fibonacci2__rosidl_typesupport_fastrtps_cpp.hpp
[16.996s] -- Up-to-date symlink: /home/user/template_ws/install/my_interfaces/include/my_interfaces/my_interfaces/action/detail/fibonacci__rosidl_typesupport_fastrtps_cpp.hpp
[16.996s] -- Up-to-date symlink: /home/user/template_ws/install/my_interfaces/include/my_interfaces/my_interfaces/msg/detail/dist__rosidl_typesupport_fastrtps_cpp.hpp
[16.997s] -- Up-to-date symlink: /home/user/template_ws/install/my_interfaces/include/my_interfaces/my_interfaces/msg/detail/num__rosidl_typesupport_fastrtps_cpp.hpp
[16.997s] -- Up-to-date symlink: /home/user/template_ws/install/my_interfaces/include/my_interfaces/my_interfaces/msg/detail/sphere__rosidl_typesupport_fastrtps_cpp.hpp
[16.999s] -- Up-to-date symlink: /home/user/template_ws/install/my_interfaces/include/my_interfaces/my_interfaces/msg/detail/vel__rosidl_typesupport_fastrtps_cpp.hpp
[16.999s] -- Up-to-date symlink: /home/user/template_ws/install/my_interfaces/include/my_interfaces/my_interfaces/msg/rosidl_typesupport_fastrtps_cpp__visibility_control.h
[16.999s] -- Up-to-date symlink: /home/user/template_ws/install/my_interfaces/include/my_interfaces/my_interfaces/srv/detail/add_three_ints__rosidl_typesupport_fastrtps_cpp.hpp
[16.999s] -- Up-to-date symlink: /home/user/template_ws/install/my_interfaces/include/my_interfaces/my_interfaces/srv/detail/bool__rosidl_typesupport_fastrtps_cpp.hpp
[16.999s] -- Up-to-date symlink: /home/user/template_ws/install/my_interfaces/include/my_interfaces/my_interfaces/srv/detail/result__rosidl_typesupport_fastrtps_cpp.hpp
[17.000s] -- Up-to-date symlink: /home/user/template_ws/install/my_interfaces/include/my_interfaces/my_interfaces/action/detail/fibonacci2__rosidl_typesupport_introspection_c.h
[17.000s] -- Up-to-date symlink: /home/user/template_ws/install/my_interfaces/include/my_interfaces/my_interfaces/action/detail/fibonacci__rosidl_typesupport_introspection_c.h
[17.000s] -- Up-to-date symlink: /home/user/template_ws/install/my_interfaces/include/my_interfaces/my_interfaces/msg/detail/dist__rosidl_typesupport_introspection_c.h
[17.000s] -- Up-to-date symlink: /home/user/template_ws/install/my_interfaces/include/my_interfaces/my_interfaces/msg/detail/num__rosidl_typesupport_introspection_c.h
[17.000s] -- Up-to-date symlink: /home/user/template_ws/install/my_interfaces/include/my_interfaces/my_interfaces/msg/detail/sphere__rosidl_typesupport_introspection_c.h
[17.000s] -- Up-to-date symlink: /home/user/template_ws/install/my_interfaces/include/my_interfaces/my_interfaces/msg/detail/vel__rosidl_typesupport_introspection_c.h
[17.001s] -- Up-to-date symlink: /home/user/template_ws/install/my_interfaces/include/my_interfaces/my_interfaces/msg/rosidl_typesupport_introspection_c__visibility_control.h
[17.001s] -- Up-to-date symlink: /home/user/template_ws/install/my_interfaces/include/my_interfaces/my_interfaces/srv/detail/add_three_ints__rosidl_typesupport_introspection_c.h
[17.001s] -- Up-to-date symlink: /home/user/template_ws/install/my_interfaces/include/my_interfaces/my_interfaces/srv/detail/result__rosidl_typesupport_introspection_c.h
[17.002s] -- Up-to-date symlink: /home/user/template_ws/install/my_interfaces/include/my_interfaces/my_interfaces/action/detail/fibonacci2__rosidl_typesupport_introspection_cpp.hpp
[17.002s] -- Up-to-date symlink: /home/user/template_ws/install/my_interfaces/include/my_interfaces/my_interfaces/action/detail/fibonacci__rosidl_typesupport_introspection_cpp.hpp
[17.003s] -- Up-to-date symlink: /home/user/template_ws/install/my_interfaces/include/my_interfaces/my_interfaces/msg/detail/dist__rosidl_typesupport_introspection_cpp.hpp
[17.003s] -- Up-to-date symlink: /home/user/template_ws/install/my_interfaces/include/my_interfaces/my_interfaces/msg/detail/num__rosidl_typesupport_introspection_cpp.hpp
[17.003s] -- Up-to-date symlink: /home/user/template_ws/install/my_interfaces/include/my_interfaces/my_interfaces/msg/detail/sphere__rosidl_typesupport_introspection_cpp.hpp
[17.003s] -- Up-to-date symlink: /home/user/template_ws/install/my_interfaces/include/my_interfaces/my_interfaces/msg/detail/vel__rosidl_typesupport_introspection_cpp.hpp
[17.003s] -- Up-to-date symlink: /home/user/template_ws/install/my_interfaces/include/my_interfaces/my_interfaces/srv/detail/add_three_ints__rosidl_typesupport_introspection_cpp.hpp
[17.004s] -- Up-to-date symlink: /home/user/template_ws/install/my_interfaces/include/my_interfaces/my_interfaces/srv/detail/bool__rosidl_typesupport_introspection_cpp.hpp
[17.004s] -- Up-to-date symlink: /home/user/template_ws/install/my_interfaces/include/my_interfaces/my_interfaces/srv/detail/result__rosidl_typesupport_introspection_cpp.hpp
[17.004s] -- Up-to-date symlink: /home/user/template_ws/install/my_interfaces/share/my_interfaces/environment/pythonpath.sh
[17.004s] -- Up-to-date symlink: /home/user/template_ws/install/my_interfaces/share/my_interfaces/environment/pythonpath.dsv
[17.005s] -- Up-to-date symlink: /home/user/template_ws/install/my_interfaces/local/lib/python3.10/dist-packages/my_interfaces-0.0.0-py3.10.egg-info/PKG-INFO
[17.006s] -- Up-to-date symlink: /home/user/template_ws/install/my_interfaces/local/lib/python3.10/dist-packages/my_interfaces-0.0.0-py3.10.egg-info/SOURCES.txt
[17.006s] -- Up-to-date symlink: /home/user/template_ws/install/my_interfaces/local/lib/python3.10/dist-packages/my_interfaces-0.0.0-py3.10.egg-info/dependency_links.txt
[17.006s] -- Up-to-date symlink: /home/user/template_ws/install/my_interfaces/local/lib/python3.10/dist-packages/my_interfaces-0.0.0-py3.10.egg-info/top_level.txt
[17.007s] -- Up-to-date symlink: /home/user/template_ws/install/my_interfaces/local/lib/python3.10/dist-packages/my_interfaces/__init__.py
[17.008s] -- Up-to-date symlink: /home/user/template_ws/install/my_interfaces/local/lib/python3.10/dist-packages/my_interfaces/_my_interfaces_s.ep.rosidl_typesupport_c.c
[17.008s] -- Up-to-date symlink: /home/user/template_ws/install/my_interfaces/local/lib/python3.10/dist-packages/my_interfaces/_my_interfaces_s.ep.rosidl_typesupport_fastrtps_c.c
[17.008s] -- Up-to-date symlink: /home/user/template_ws/install/my_interfaces/local/lib/python3.10/dist-packages/my_interfaces/_my_interfaces_s.ep.rosidl_typesupport_introspection_c.c
[17.008s] -- Up-to-date symlink: /home/user/template_ws/install/my_interfaces/local/lib/python3.10/dist-packages/my_interfaces/action/__init__.py
[17.009s] -- Up-to-date symlink: /home/user/template_ws/install/my_interfaces/local/lib/python3.10/dist-packages/my_interfaces/action/_fibonacci.py
[17.009s] -- Up-to-date symlink: /home/user/template_ws/install/my_interfaces/local/lib/python3.10/dist-packages/my_interfaces/action/_fibonacci2.py
[17.009s] -- Up-to-date symlink: /home/user/template_ws/install/my_interfaces/local/lib/python3.10/dist-packages/my_interfaces/action/_fibonacci2_s.c
[17.009s] -- Up-to-date symlink: /home/user/template_ws/install/my_interfaces/local/lib/python3.10/dist-packages/my_interfaces/action/_fibonacci_s.c
[17.010s] -- Up-to-date symlink: /home/user/template_ws/install/my_interfaces/local/lib/python3.10/dist-packages/my_interfaces/libmy_interfaces__rosidl_generator_py.so
[17.010s] -- Up-to-date symlink: /home/user/template_ws/install/my_interfaces/local/lib/python3.10/dist-packages/my_interfaces/msg/__init__.py
[17.010s] -- Up-to-date symlink: /home/user/template_ws/install/my_interfaces/local/lib/python3.10/dist-packages/my_interfaces/msg/_dist.py
[17.010s] -- Up-to-date symlink: /home/user/template_ws/install/my_interfaces/local/lib/python3.10/dist-packages/my_interfaces/msg/_dist_s.c
[17.010s] -- Up-to-date symlink: /home/user/template_ws/install/my_interfaces/local/lib/python3.10/dist-packages/my_interfaces/msg/_num.py
[17.011s] -- Up-to-date symlink: /home/user/template_ws/install/my_interfaces/local/lib/python3.10/dist-packages/my_interfaces/msg/_num_s.c
[17.011s] -- Up-to-date symlink: /home/user/template_ws/install/my_interfaces/local/lib/python3.10/dist-packages/my_interfaces/msg/_sphere.py
[17.012s] -- Up-to-date symlink: /home/user/template_ws/install/my_interfaces/local/lib/python3.10/dist-packages/my_interfaces/msg/_sphere_s.c
[17.012s] -- Up-to-date symlink: /home/user/template_ws/install/my_interfaces/local/lib/python3.10/dist-packages/my_interfaces/msg/_vel.py
[17.012s] -- Up-to-date symlink: /home/user/template_ws/install/my_interfaces/local/lib/python3.10/dist-packages/my_interfaces/msg/_vel_s.c
[17.012s] -- Up-to-date symlink: /home/user/template_ws/install/my_interfaces/local/lib/python3.10/dist-packages/my_interfaces/my_interfaces_s__rosidl_typesupport_c.cpython-310-x86_64-linux-gnu.so
[17.012s] -- Up-to-date symlink: /home/user/template_ws/install/my_interfaces/local/lib/python3.10/dist-packages/my_interfaces/my_interfaces_s__rosidl_typesupport_fastrtps_c.cpython-310-x86_64-linux-gnu.so
[17.013s] -- Up-to-date symlink: /home/user/template_ws/install/my_interfaces/local/lib/python3.10/dist-packages/my_interfaces/my_interfaces_s__rosidl_typesupport_introspection_c.cpython-310-x86_64-linux-gnu.so
[17.013s] -- Up-to-date symlink: /home/user/template_ws/install/my_interfaces/local/lib/python3.10/dist-packages/my_interfaces/srv/__init__.py
[17.013s] -- Up-to-date symlink: /home/user/template_ws/install/my_interfaces/local/lib/python3.10/dist-packages/my_interfaces/srv/_add_three_ints.py
[17.013s] -- Up-to-date symlink: /home/user/template_ws/install/my_interfaces/local/lib/python3.10/dist-packages/my_interfaces/srv/_add_three_ints_s.c
[17.013s] -- Up-to-date symlink: /home/user/template_ws/install/my_interfaces/local/lib/python3.10/dist-packages/my_interfaces/srv/_result.py
[17.013s] -- Up-to-date symlink: /home/user/template_ws/install/my_interfaces/local/lib/python3.10/dist-packages/my_interfaces/srv/_result_s.c
[17.014s] -- Up-to-date symlink: /home/user/template_ws/install/my_interfaces/local/lib/python3.10/dist-packages/my_interfaces/my_interfaces_s__rosidl_typesupport_introspection_c.cpython-310-x86_64-linux-gnu.so
[17.015s] -- Up-to-date symlink: /home/user/template_ws/install/my_interfaces/local/lib/python3.10/dist-packages/my_interfaces/my_interfaces_s__rosidl_typesupport_fastrtps_c.cpython-310-x86_64-linux-gnu.so
[17.015s] -- Up-to-date symlink: /home/user/template_ws/install/my_interfaces/local/lib/python3.10/dist-packages/my_interfaces/my_interfaces_s__rosidl_typesupport_c.cpython-310-x86_64-linux-gnu.so
[17.015s] -- Up-to-date symlink: /home/user/template_ws/install/my_interfaces/share/my_interfaces/msg/Num.idl
[17.016s] -- Up-to-date symlink: /home/user/template_ws/install/my_interfaces/share/my_interfaces/msg/Sphere.idl
[17.016s] -- Up-to-date symlink: /home/user/template_ws/install/my_interfaces/share/my_interfaces/msg/Vel.idl
[17.016s] -- Up-to-date symlink: /home/user/template_ws/install/my_interfaces/share/my_interfaces/msg/Dist.idl
[17.017s] -- Up-to-date symlink: /home/user/template_ws/install/my_interfaces/share/my_interfaces/srv/AddThreeInts.idl
[17.017s] -- Up-to-date symlink: /home/user/template_ws/install/my_interfaces/share/my_interfaces/srv/Result.idl
[17.017s] -- Up-to-date symlink: /home/user/template_ws/install/my_interfaces/share/my_interfaces/action/Fibonacci.idl
[17.018s] -- Up-to-date symlink: /home/user/template_ws/install/my_interfaces/share/my_interfaces/action/Fibonacci2.idl
[17.018s] -- Up-to-date symlink: /home/user/template_ws/install/my_interfaces/share/my_interfaces/msg/Num.msg
[17.018s] -- Up-to-date symlink: /home/user/template_ws/install/my_interfaces/share/my_interfaces/msg/Sphere.msg
[17.018s] -- Up-to-date symlink: /home/user/template_ws/install/my_interfaces/share/my_interfaces/msg/Vel.msg
[17.019s] -- Up-to-date symlink: /home/user/template_ws/install/my_interfaces/share/my_interfaces/msg/Dist.msg
[17.019s] -- Up-to-date symlink: /home/user/template_ws/install/my_interfaces/share/my_interfaces/srv/AddThreeInts.srv
[17.019s] -- Up-to-date symlink: /home/user/template_ws/install/my_interfaces/share/my_interfaces/srv/AddThreeInts_Request.msg
[17.019s] -- Up-to-date symlink: /home/user/template_ws/install/my_interfaces/share/my_interfaces/srv/AddThreeInts_Response.msg
[17.020s] -- Up-to-date symlink: /home/user/template_ws/install/my_interfaces/share/my_interfaces/srv/Result.srv
[17.020s] -- Up-to-date symlink: /home/user/template_ws/install/my_interfaces/share/my_interfaces/srv/Result_Request.msg
[17.022s] -- Up-to-date symlink: /home/user/template_ws/install/my_interfaces/share/my_interfaces/srv/Result_Response.msg
[17.023s] -- Up-to-date symlink: /home/user/template_ws/install/my_interfaces/share/my_interfaces/action/Fibonacci.action
[17.023s] -- Up-to-date symlink: /home/user/template_ws/install/my_interfaces/share/my_interfaces/action/Fibonacci2.action
[17.023s] -- Up-to-date symlink: /home/user/template_ws/install/my_interfaces/share/ament_index/resource_index/package_run_dependencies/my_interfaces
[17.023s] -- Up-to-date symlink: /home/user/template_ws/install/my_interfaces/share/ament_index/resource_index/parent_prefix_path/my_interfaces
[17.024s] -- Up-to-date symlink: /home/user/template_ws/install/my_interfaces/share/my_interfaces/environment/ament_prefix_path.sh
[17.024s] -- Up-to-date symlink: /home/user/template_ws/install/my_interfaces/share/my_interfaces/environment/ament_prefix_path.dsv
[17.024s] -- Up-to-date symlink: /home/user/template_ws/install/my_interfaces/share/my_interfaces/environment/path.sh
[17.024s] -- Up-to-date symlink: /home/user/template_ws/install/my_interfaces/share/my_interfaces/environment/path.dsv
[17.024s] -- Up-to-date symlink: /home/user/template_ws/install/my_interfaces/share/my_interfaces/local_setup.bash
[17.024s] -- Up-to-date symlink: /home/user/template_ws/install/my_interfaces/share/my_interfaces/local_setup.sh
[17.024s] -- Up-to-date symlink: /home/user/template_ws/install/my_interfaces/share/my_interfaces/local_setup.zsh
[17.025s] -- Up-to-date symlink: /home/user/template_ws/install/my_interfaces/share/my_interfaces/local_setup.dsv
[17.025s] -- Symlinking: /home/user/template_ws/install/my_interfaces/share/my_interfaces/package.dsv
[17.067s] -- Up-to-date symlink: /home/user/template_ws/install/my_interfaces/share/ament_index/resource_index/packages/my_interfaces
[17.067s] -- Up-to-date symlink: /home/user/template_ws/install/my_interfaces/share/my_interfaces/cmake/rosidl_cmake-extras.cmake
[17.067s] -- Up-to-date symlink: /home/user/template_ws/install/my_interfaces/share/my_interfaces/cmake/ament_cmake_export_dependencies-extras.cmake
[17.068s] -- Up-to-date symlink: /home/user/template_ws/install/my_interfaces/share/my_interfaces/cmake/ament_cmake_export_include_directories-extras.cmake
[17.068s] -- Up-to-date symlink: /home/user/template_ws/install/my_interfaces/share/my_interfaces/cmake/ament_cmake_export_libraries-extras.cmake
[17.068s] -- Up-to-date symlink: /home/user/template_ws/install/my_interfaces/share/my_interfaces/cmake/ament_cmake_export_targets-extras.cmake
[17.068s] -- Up-to-date symlink: /home/user/template_ws/install/my_interfaces/share/my_interfaces/cmake/rosidl_cmake_export_typesupport_targets-extras.cmake
[17.069s] -- Up-to-date symlink: /home/user/template_ws/install/my_interfaces/share/my_interfaces/cmake/rosidl_cmake_export_typesupport_libraries-extras.cmake
[17.069s] -- Up-to-date symlink: /home/user/template_ws/install/my_interfaces/share/my_interfaces/cmake/my_interfacesConfig.cmake
[17.069s] -- Up-to-date symlink: /home/user/template_ws/install/my_interfaces/share/my_interfaces/cmake/my_interfacesConfig-version.cmake
[17.070s] -- Up-to-date symlink: /home/user/template_ws/install/my_interfaces/share/my_interfaces/package.xml
[17.070s] -- Up-to-date: /home/user/template_ws/install/my_interfaces/lib/libmy_interfaces__rosidl_generator_c.so
[17.071s] -- Installing: /home/user/template_ws/install/my_interfaces/lib/libmy_interfaces__rosidl_typesupport_fastrtps_c.so
[17.072s] -- Set runtime path of "/home/user/template_ws/install/my_interfaces/lib/libmy_interfaces__rosidl_typesupport_fastrtps_c.so" to ""
[17.073s] -- Installing: /home/user/template_ws/install/my_interfaces/lib/libmy_interfaces__rosidl_typesupport_fastrtps_cpp.so
[17.074s] -- Set runtime path of "/home/user/template_ws/install/my_interfaces/lib/libmy_interfaces__rosidl_typesupport_fastrtps_cpp.so" to ""
[17.074s] -- Up-to-date: /home/user/template_ws/install/my_interfaces/lib/libmy_interfaces__rosidl_typesupport_introspection_c.so
[17.075s] -- Up-to-date: /home/user/template_ws/install/my_interfaces/lib/libmy_interfaces__rosidl_typesupport_c.so
[17.076s] -- Installing: /home/user/template_ws/install/my_interfaces/lib/libmy_interfaces__rosidl_typesupport_introspection_cpp.so
[17.077s] -- Set runtime path of "/home/user/template_ws/install/my_interfaces/lib/libmy_interfaces__rosidl_typesupport_introspection_cpp.so" to ""
[17.077s] -- Installing: /home/user/template_ws/install/my_interfaces/lib/libmy_interfaces__rosidl_typesupport_cpp.so
[17.080s] -- Set runtime path of "/home/user/template_ws/install/my_interfaces/lib/libmy_interfaces__rosidl_typesupport_cpp.so" to ""
[17.339s] Listing '/home/user/template_ws/install/my_interfaces/local/lib/python3.10/dist-packages/my_interfaces'...
[17.339s] Listing '/home/user/template_ws/install/my_interfaces/local/lib/python3.10/dist-packages/my_interfaces/action'...
[17.339s] Listing '/home/user/template_ws/install/my_interfaces/local/lib/python3.10/dist-packages/my_interfaces/msg'...
[17.340s] Listing '/home/user/template_ws/install/my_interfaces/local/lib/python3.10/dist-packages/my_interfaces/srv'...
[17.349s] -- Installing: /home/user/template_ws/install/my_interfaces/lib/libmy_interfaces__rosidl_generator_py.so
[17.350s] -- Set runtime path of "/home/user/template_ws/install/my_interfaces/lib/libmy_interfaces__rosidl_generator_py.so" to ""
[17.351s] -- Up-to-date: /home/user/template_ws/install/my_interfaces/share/my_interfaces/cmake/export_my_interfaces__rosidl_generator_cExport.cmake
[17.351s] -- Up-to-date: /home/user/template_ws/install/my_interfaces/share/my_interfaces/cmake/export_my_interfaces__rosidl_generator_cExport-noconfig.cmake
[17.351s] -- Up-to-date: /home/user/template_ws/install/my_interfaces/share/my_interfaces/cmake/export_my_interfaces__rosidl_typesupport_fastrtps_cExport.cmake
[17.351s] -- Up-to-date: /home/user/template_ws/install/my_interfaces/share/my_interfaces/cmake/export_my_interfaces__rosidl_typesupport_fastrtps_cExport-noconfig.cmake
[17.352s] -- Up-to-date: /home/user/template_ws/install/my_interfaces/share/my_interfaces/cmake/export_my_interfaces__rosidl_generator_cppExport.cmake
[17.352s] -- Up-to-date: /home/user/template_ws/install/my_interfaces/share/my_interfaces/cmake/export_my_interfaces__rosidl_typesupport_fastrtps_cppExport.cmake
[17.352s] -- Up-to-date: /home/user/template_ws/install/my_interfaces/share/my_interfaces/cmake/export_my_interfaces__rosidl_typesupport_fastrtps_cppExport-noconfig.cmake
[17.352s] -- Up-to-date: /home/user/template_ws/install/my_interfaces/share/my_interfaces/cmake/my_interfaces__rosidl_typesupport_introspection_cExport.cmake
[17.353s] -- Up-to-date: /home/user/template_ws/install/my_interfaces/share/my_interfaces/cmake/my_interfaces__rosidl_typesupport_introspection_cExport-noconfig.cmake
[17.353s] -- Up-to-date: /home/user/template_ws/install/my_interfaces/share/my_interfaces/cmake/my_interfaces__rosidl_typesupport_cExport.cmake
[17.353s] -- Up-to-date: /home/user/template_ws/install/my_interfaces/share/my_interfaces/cmake/my_interfaces__rosidl_typesupport_cExport-noconfig.cmake
[17.353s] -- Up-to-date: /home/user/template_ws/install/my_interfaces/share/my_interfaces/cmake/my_interfaces__rosidl_typesupport_introspection_cppExport.cmake
[17.353s] -- Up-to-date: /home/user/template_ws/install/my_interfaces/share/my_interfaces/cmake/my_interfaces__rosidl_typesupport_introspection_cppExport-noconfig.cmake
[17.354s] -- Up-to-date: /home/user/template_ws/install/my_interfaces/share/my_interfaces/cmake/my_interfaces__rosidl_typesupport_cppExport.cmake
[17.354s] -- Up-to-date: /home/user/template_ws/install/my_interfaces/share/my_interfaces/cmake/my_interfaces__rosidl_typesupport_cppExport-noconfig.cmake
[17.354s] -- Up-to-date: /home/user/template_ws/install/my_interfaces/share/my_interfaces/cmake/export_my_interfaces__rosidl_generator_pyExport.cmake
[17.354s] -- Up-to-date: /home/user/template_ws/install/my_interfaces/share/my_interfaces/cmake/export_my_interfaces__rosidl_generator_pyExport-noconfig.cmake
[17.365s] Invoked command in '/home/user/template_ws/build/my_interfaces' returned '0': CMAKE_PREFIX_PATH=${CMAKE_PREFIX_PATH}:/home/user/ros2_humble/install/rqt_bag_plugins:/home/user/ros2_humble/install/rqt_bag:/home/user/ros2_humble/install/ros2bag:/home/user/ros2_humble/install/tracetools_test:/home/user/ros2_humble/install/tracetools_launch:/home/user/ros2_humble/install/topic_monitor:/home/user/ros2_humble/install/tf2_tools:/home/user/ros2_humble/install/examples_tf2_py:/home/user/ros2_humble/install/tf2_ros_py:/home/user/ros2_humble/install/sros2:/home/user/ros2_humble/install/rqt_topic:/home/user/ros2_humble/install/rqt_srv:/home/user/ros2_humble/install/rqt_shell:/home/user/ros2_humble/install/rqt_service_caller:/home/user/ros2_humble/install/rqt_reconfigure:/home/user/ros2_humble/install/rqt_py_console:/home/user/ros2_humble/install/rqt_publisher:/home/user/ros2_humble/install/rqt_plot:/home/user/ros2_humble/install/rqt_action:/home/user/ros2_humble/install/rqt_msg:/home/user/ros2_humble/install/rqt_console:/home/user/ros2_humble/install/rqt:/home/user/ros2_humble/install/rqt_graph:/home/user/ros2_humble/install/rqt_gui_py:/home/user/ros2_humble/install/rqt_gui:/home/user/ros2_humble/install/ros2trace:/home/user/ros2_humble/install/ros2topic:/home/user/ros2_humble/install/ros2test:/home/user/ros2_humble/install/ros2component:/home/user/ros2_humble/install/ros2param:/home/user/ros2_humble/install/ros2lifecycle:/home/user/ros2_humble/install/ros2service:/home/user/ros2_humble/install/ros2run:/home/user/ros2_humble/install/ros2launch:/home/user/ros2_humble/install/ros2pkg:/home/user/ros2_humble/install/ros2node:/home/user/ros2_humble/install/ros2multicast:/home/user/ros2_humble/install/ros2interface:/home/user/ros2_humble/install/ros2doctor:/home/user/ros2_humble/install/ros2action:/home/user/ros2_humble/install/ros2cli:/home/user/ros2_humble/install/quality_of_service_demo_py:/home/user/ros2_humble/install/lifecycle_py:/home/user/ros2_humble/install/launch_testing_ros:/home/user/ros2_humble/install/launch_ros:/home/user/ros2_humble/install/examples_rclpy_pointcloud_publisher:/home/user/ros2_humble/install/examples_rclpy_minimal_subscriber:/home/user/ros2_humble/install/examples_rclpy_minimal_service:/home/user/ros2_humble/install/examples_rclpy_minimal_publisher:/home/user/ros2_humble/install/examples_rclpy_minimal_client:/home/user/ros2_humble/install/examples_rclpy_minimal_action_server:/home/user/ros2_humble/install/examples_rclpy_minimal_action_client:/home/user/ros2_humble/install/examples_rclpy_guard_conditions:/home/user/ros2_humble/install/examples_rclpy_executors:/home/user/ros2_humble/install/demo_nodes_py:/home/user/ros2_humble/install/action_tutorials_py:/home/user/ros2_humble/install/ament_uncrustify:/home/user/ros2_humble/install/tracetools_trace:/home/user/ros2_humble/install/tracetools_read:/home/user/ros2_humble/install/test_tracetools_launch:/home/user/ros2_humble/install/test_launch_ros:/home/user/ros2_humble/install/sensor_msgs_py:/home/user/ros2_humble/install/rpyutils:/home/user/ros2_humble/install/rosidl_runtime_py:/home/user/ros2_humble/install/rosidl_cli:/home/user/ros2_humble/install/launch_pytest:/home/user/ros2_humble/install/launch_testing:/home/user/ros2_humble/install/launch_yaml:/home/user/ros2_humble/install/launch_xml:/home/user/ros2_humble/install/launch:/home/user/ros2_humble/install/osrf_pycommon:/home/user/ros2_humble/install/launch_testing_examples:/home/user/ros2_humble/install/domain_coordinator:/home/user/ros2_humble/install/ament_xmllint:/home/user/ros2_humble/install/ament_pyflakes:/home/user/ros2_humble/install/ament_pycodestyle:/home/user/ros2_humble/install/ament_pep257:/home/user/ros2_humble/install/ament_pclint:/home/user/ros2_humble/install/ament_package:/home/user/ros2_humble/install/ament_mypy:/home/user/ros2_humble/install/ament_lint_cmake:/home/user/ros2_humble/install/ament_flake8:/home/user/ros2_humble/install/ament_copyright:/home/user/ros2_humble/install/ament_lint:/home/user/ros2_humble/install/ament_index_python:/home/user/ros2_humble/install/ament_cpplint:/home/user/ros2_humble/install/ament_cppcheck:/home/user/ros2_humble/install/ament_clang_tidy:/home/user/ros2_humble/install/ament_clang_format /usr/bin/cmake --install /home/user/template_ws/build/my_interfaces
