running develop
running egg_info
creating camera_action_pkg.egg-info
writing camera_action_pkg.egg-info/PKG-INFO
writing dependency_links to camera_action_pkg.egg-info/dependency_links.txt
writing entry points to camera_action_pkg.egg-info/entry_points.txt
writing requirements to camera_action_pkg.egg-info/requires.txt
writing top-level names to camera_action_pkg.egg-info/top_level.txt
writing manifest file 'camera_action_pkg.egg-info/SOURCES.txt'
reading manifest file 'camera_action_pkg.egg-info/SOURCES.txt'
writing manifest file 'camera_action_pkg.egg-info/SOURCES.txt'
running build_ext
Creating /home/user/template_ws/install/camera_action_pkg/lib/python3.10/site-packages/camera-action-pkg.egg-link (link to .)
Installing camera_action_node script to /home/user/template_ws/install/camera_action_pkg/lib/camera_action_pkg

Installed /home/user/template_ws/build/camera_action_pkg
running install_data
creating /home/user/template_ws/install/camera_action_pkg/share/ament_index
creating /home/user/template_ws/install/camera_action_pkg/share/ament_index/resource_index
creating /home/user/template_ws/install/camera_action_pkg/share/ament_index/resource_index/packages
copying resource/camera_action_pkg -> /home/user/template_ws/install/camera_action_pkg/share/ament_index/resource_index/packages
copying package.xml -> /home/user/template_ws/install/camera_action_pkg/share/camera_action_pkg
