[3.140s] Invoking command in '/home/user/template_ws/build/camera_action_pkg': PYTHONPATH=/home/user/template_ws/build/camera_action_pkg/prefix_override:/home/user/template_ws/install/camera_action_pkg/lib/python3.10/site-packages:${PYTHONPATH} /usr/bin/python3 setup.py develop --editable --build-directory /home/user/template_ws/build/camera_action_pkg/build --no-deps install_data
[4.564s] running develop
[5.321s] running egg_info
[5.322s] creating camera_action_pkg.egg-info
[5.322s] writing camera_action_pkg.egg-info/PKG-INFO
[5.323s] writing dependency_links to camera_action_pkg.egg-info/dependency_links.txt
[5.327s] writing entry points to camera_action_pkg.egg-info/entry_points.txt
[5.327s] writing requirements to camera_action_pkg.egg-info/requires.txt
[5.327s] writing top-level names to camera_action_pkg.egg-info/top_level.txt
[5.327s] writing manifest file 'camera_action_pkg.egg-info/SOURCES.txt'
[5.327s] reading manifest file 'camera_action_pkg.egg-info/SOURCES.txt'
[5.328s] writing manifest file 'camera_action_pkg.egg-info/SOURCES.txt'
[5.340s] running build_ext
[5.340s] Creating /home/user/template_ws/install/camera_action_pkg/lib/python3.10/site-packages/camera-action-pkg.egg-link (link to .)
[5.342s] Installing camera_action_node script to /home/user/template_ws/install/camera_action_pkg/lib/camera_action_pkg
[5.342s] 
[5.342s] Installed /home/user/template_ws/build/camera_action_pkg
[5.342s] running install_data
[5.343s] creating /home/user/template_ws/install/camera_action_pkg/share/ament_index
[5.343s] creating /home/user/template_ws/install/camera_action_pkg/share/ament_index/resource_index
[5.343s] creating /home/user/template_ws/install/camera_action_pkg/share/ament_index/resource_index/packages
[5.343s] copying resource/camera_action_pkg -> /home/user/template_ws/install/camera_action_pkg/share/ament_index/resource_index/packages
[5.343s] copying package.xml -> /home/user/template_ws/install/camera_action_pkg/share/camera_action_pkg
[5.441s] Invoked command in '/home/user/template_ws/build/camera_action_pkg' returned '0': PYTHONPATH=/home/user/template_ws/build/camera_action_pkg/prefix_override:/home/user/template_ws/install/camera_action_pkg/lib/python3.10/site-packages:${PYTHONPATH} /usr/bin/python3 setup.py develop --editable --build-directory /home/user/template_ws/build/camera_action_pkg/build --no-deps install_data
