[1.594s] Invoking command in '/home/user/template_ws/build/my_interfaces': CMAKE_PREFIX_PATH=${CMAKE_PREFIX_PATH}:/home/user/template_ws/install/camera_pkg:/home/user/ros2_humble/install/rqt_bag_plugins:/home/user/ros2_humble/install/rqt_bag:/home/user/ros2_humble/install/ros2bag:/home/user/ros2_humble/install/tracetools_test:/home/user/ros2_humble/install/tracetools_launch:/home/user/ros2_humble/install/topic_monitor:/home/user/ros2_humble/install/tf2_tools:/home/user/ros2_humble/install/examples_tf2_py:/home/user/ros2_humble/install/tf2_ros_py:/home/user/ros2_humble/install/sros2:/home/user/ros2_humble/install/rqt_topic:/home/user/ros2_humble/install/rqt_srv:/home/user/ros2_humble/install/rqt_shell:/home/user/ros2_humble/install/rqt_service_caller:/home/user/ros2_humble/install/rqt_reconfigure:/home/user/ros2_humble/install/rqt_py_console:/home/user/ros2_humble/install/rqt_publisher:/home/user/ros2_humble/install/rqt_plot:/home/user/ros2_humble/install/rqt_action:/home/user/ros2_humble/install/rqt_msg:/home/user/ros2_humble/install/rqt_console:/home/user/ros2_humble/install/rqt:/home/user/ros2_humble/install/rqt_graph:/home/user/ros2_humble/install/rqt_gui_py:/home/user/ros2_humble/install/rqt_gui:/home/user/ros2_humble/install/ros2trace:/home/user/ros2_humble/install/ros2topic:/home/user/ros2_humble/install/ros2test:/home/user/ros2_humble/install/ros2component:/home/user/ros2_humble/install/ros2param:/home/user/ros2_humble/install/ros2lifecycle:/home/user/ros2_humble/install/ros2service:/home/user/ros2_humble/install/ros2run:/home/user/ros2_humble/install/ros2launch:/home/user/ros2_humble/install/ros2pkg:/home/user/ros2_humble/install/ros2node:/home/user/ros2_humble/install/ros2multicast:/home/user/ros2_humble/install/ros2interface:/home/user/ros2_humble/install/ros2doctor:/home/user/ros2_humble/install/ros2action:/home/user/ros2_humble/install/ros2cli:/home/user/ros2_humble/install/quality_of_service_demo_py:/home/user/ros2_humble/install/lifecycle_py:/home/user/ros2_humble/install/launch_testing_ros:/home/user/ros2_humble/install/launch_ros:/home/user/ros2_humble/install/examples_rclpy_pointcloud_publisher:/home/user/ros2_humble/install/examples_rclpy_minimal_subscriber:/home/user/ros2_humble/install/examples_rclpy_minimal_service:/home/user/ros2_humble/install/examples_rclpy_minimal_publisher:/home/user/ros2_humble/install/examples_rclpy_minimal_client:/home/user/ros2_humble/install/examples_rclpy_minimal_action_server:/home/user/ros2_humble/install/examples_rclpy_minimal_action_client:/home/user/ros2_humble/install/examples_rclpy_guard_conditions:/home/user/ros2_humble/install/examples_rclpy_executors:/home/user/ros2_humble/install/demo_nodes_py:/home/user/ros2_humble/install/action_tutorials_py:/home/user/ros2_humble/install/ament_uncrustify:/home/user/ros2_humble/install/tracetools_trace:/home/user/ros2_humble/install/tracetools_read:/home/user/ros2_humble/install/test_tracetools_launch:/home/user/ros2_humble/install/test_launch_ros:/home/user/ros2_humble/install/sensor_msgs_py:/home/user/ros2_humble/install/rpyutils:/home/user/ros2_humble/install/rosidl_runtime_py:/home/user/ros2_humble/install/rosidl_cli:/home/user/ros2_humble/install/launch_pytest:/home/user/ros2_humble/install/launch_testing:/home/user/ros2_humble/install/launch_yaml:/home/user/ros2_humble/install/launch_xml:/home/user/ros2_humble/install/launch:/home/user/ros2_humble/install/osrf_pycommon:/home/user/ros2_humble/install/launch_testing_examples:/home/user/ros2_humble/install/domain_coordinator:/home/user/ros2_humble/install/ament_xmllint:/home/user/ros2_humble/install/ament_pyflakes:/home/user/ros2_humble/install/ament_pycodestyle:/home/user/ros2_humble/install/ament_pep257:/home/user/ros2_humble/install/ament_pclint:/home/user/ros2_humble/install/ament_package:/home/user/ros2_humble/install/ament_mypy:/home/user/ros2_humble/install/ament_lint_cmake:/home/user/ros2_humble/install/ament_flake8:/home/user/ros2_humble/install/ament_copyright:/home/user/ros2_humble/install/ament_lint:/home/user/ros2_humble/install/ament_index_python:/home/user/ros2_humble/install/ament_cpplint:/home/user/ros2_humble/install/ament_cppcheck:/home/user/ros2_humble/install/ament_clang_tidy:/home/user/ros2_humble/install/ament_clang_format /usr/bin/cmake --build /home/user/template_ws/build/my_interfaces -- -j4 -l4
[1.914s] -- Found ament_cmake: 1.3.5 (/home/user/ros2_humble/install/ament_cmake/share/ament_cmake/cmake)
[2.954s] -- Override CMake install command with custom implementation using symlinks instead of copying resources
[2.971s] -- Found geometry_msgs: 4.2.3 (/home/user/ros2_humble/install/geometry_msgs/share/geometry_msgs/cmake)
[3.032s] -- Found rosidl_generator_c: 3.1.4 (/home/user/ros2_humble/install/rosidl_generator_c/share/rosidl_generator_c/cmake)
[3.038s] -- Found rosidl_adapter: 3.1.4 (/home/user/ros2_humble/install/rosidl_adapter/share/rosidl_adapter/cmake)
[3.050s] -- Found rosidl_generator_cpp: 3.1.4 (/home/user/ros2_humble/install/rosidl_generator_cpp/share/rosidl_generator_cpp/cmake)
[3.143s] -- Using all available rosidl_typesupport_c: rosidl_typesupport_introspection_c;rosidl_typesupport_fastrtps_c
[3.249s] -- Using all available rosidl_typesupport_cpp: rosidl_typesupport_introspection_cpp;rosidl_typesupport_fastrtps_cpp
[3.683s] -- Found rosidl_default_generators: 1.2.0 (/home/user/ros2_humble/install/rosidl_default_generators/share/rosidl_default_generators/cmake)
[5.697s] -- Found ament_cmake_ros: 0.10.0 (/home/user/ros2_humble/install/ament_cmake_ros/share/ament_cmake_ros/cmake)
[8.147s] -- Using all available rosidl_typesupport_c: rosidl_typesupport_introspection_c;rosidl_typesupport_fastrtps_c
[8.938s] -- Using all available rosidl_typesupport_cpp: rosidl_typesupport_introspection_cpp;rosidl_typesupport_fastrtps_cpp
[9.074s] -- Found python_cmake_module: 0.10.0 (/home/user/ros2_humble/install/python_cmake_module/share/python_cmake_module/cmake)
[9.210s] -- Using PYTHON_EXECUTABLE: /usr/bin/python3
[9.210s] -- Using PYTHON_INCLUDE_DIRS: /usr/include/python3.10
[9.210s] -- Using PYTHON_LIBRARIES: /usr/lib/x86_64-linux-gnu/libpython3.10.so
[10.199s] -- Found ament_lint_auto: 0.12.6 (/home/user/ros2_humble/install/ament_lint_auto/share/ament_lint_auto/cmake)
[10.215s] -- Added test 'lint_cmake' to check CMake code style
[10.217s] -- Added test 'xmllint' to check XML markup files
[10.221s] -- Configuring done
[10.285s] -- Generating done
[10.291s] -- Build files have been written to: /home/user/template_ws/build/my_interfaces
[10.424s] [  2%] [34m[1mGenerating C code for ROS interfaces[0m
[10.467s] [  4%] [34m[1mGenerating C++ code for ROS interfaces[0m
[10.494s] [  4%] Built target ament_cmake_python_symlink_my_interfaces
[11.998s] running egg_info
[12.001s] writing my_interfaces.egg-info/PKG-INFO
[12.002s] writing dependency_links to my_interfaces.egg-info/dependency_links.txt
[12.004s] writing top-level names to my_interfaces.egg-info/top_level.txt
[12.012s] reading manifest file 'my_interfaces.egg-info/SOURCES.txt'
[12.014s] writing manifest file 'my_interfaces.egg-info/SOURCES.txt'
[12.177s] [  4%] Built target ament_cmake_python_build_my_interfaces_egg
[12.278s] [35m[1mConsolidate compiler generated dependencies of target my_interfaces__rosidl_generator_c[0m
[12.353s] [  6%] [32mBuilding C object CMakeFiles/my_interfaces__rosidl_generator_c.dir/rosidl_generator_c/my_interfaces/msg/detail/sphere__functions.c.o[0m
[12.390s] [  8%] [32mBuilding C object CMakeFiles/my_interfaces__rosidl_generator_c.dir/rosidl_generator_c/my_interfaces/msg/detail/num__functions.c.o[0m
[12.523s] [ 10%] [32mBuilding C object CMakeFiles/my_interfaces__rosidl_generator_c.dir/rosidl_generator_c/my_interfaces/srv/detail/add_three_ints__functions.c.o[0m
[12.526s] [ 10%] Built target my_interfaces__cpp
[12.596s] [ 12%] [34m[1mGenerating C++ type support dispatch for ROS interfaces[0m
[12.616s] [ 14%] [34m[1mGenerating C++ type support for eProsima Fast-RTPS[0m
[12.660s] [ 17%] [34m[1mGenerating C++ introspection for ROS interfaces[0m
[12.754s] [ 19%] [32m[1mLinking C shared library libmy_interfaces__rosidl_generator_c.so[0m
[12.946s] [ 19%] Built target my_interfaces__rosidl_generator_c
[13.017s] [ 21%] [34m[1mGenerating C type support for eProsima Fast-RTPS[0m
[14.246s] [35m[1mConsolidate compiler generated dependencies of target my_interfaces__rosidl_typesupport_cpp[0m
[14.393s] [ 23%] [32mBuilding CXX object CMakeFiles/my_interfaces__rosidl_typesupport_cpp.dir/rosidl_typesupport_cpp/my_interfaces/msg/num__type_support.cpp.o[0m
[14.845s] [35m[1mConsolidate compiler generated dependencies of target my_interfaces__rosidl_typesupport_fastrtps_cpp[0m
[14.930s] [ 25%] [32mBuilding CXX object CMakeFiles/my_interfaces__rosidl_typesupport_cpp.dir/rosidl_typesupport_cpp/my_interfaces/msg/sphere__type_support.cpp.o[0m
[14.966s] [ 27%] [32mBuilding CXX object CMakeFiles/my_interfaces__rosidl_typesupport_fastrtps_cpp.dir/rosidl_typesupport_fastrtps_cpp/my_interfaces/msg/detail/dds_fastrtps/num__type_support.cpp.o[0m
[14.996s] [35m[1mConsolidate compiler generated dependencies of target my_interfaces__rosidl_typesupport_introspection_cpp[0m
[15.146s] [ 29%] [32mBuilding CXX object CMakeFiles/my_interfaces__rosidl_typesupport_introspection_cpp.dir/rosidl_typesupport_introspection_cpp/my_interfaces/msg/detail/num__type_support.cpp.o[0m
[15.351s] [35m[1mConsolidate compiler generated dependencies of target my_interfaces__rosidl_typesupport_fastrtps_c[0m
[15.539s] [ 31%] [32mBuilding CXX object CMakeFiles/my_interfaces__rosidl_typesupport_fastrtps_c.dir/rosidl_typesupport_fastrtps_c/my_interfaces/msg/detail/num__type_support_c.cpp.o[0m
[15.833s] [ 34%] [32mBuilding CXX object CMakeFiles/my_interfaces__rosidl_typesupport_cpp.dir/rosidl_typesupport_cpp/my_interfaces/srv/add_three_ints__type_support.cpp.o[0m
[16.402s] [ 36%] [32mBuilding CXX object CMakeFiles/my_interfaces__rosidl_typesupport_fastrtps_cpp.dir/rosidl_typesupport_fastrtps_cpp/my_interfaces/msg/detail/dds_fastrtps/sphere__type_support.cpp.o[0m
[16.580s] [ 38%] [32mBuilding CXX object CMakeFiles/my_interfaces__rosidl_typesupport_fastrtps_c.dir/rosidl_typesupport_fastrtps_c/my_interfaces/msg/detail/sphere__type_support_c.cpp.o[0m
[16.644s] [ 40%] [32mBuilding CXX object CMakeFiles/my_interfaces__rosidl_typesupport_introspection_cpp.dir/rosidl_typesupport_introspection_cpp/my_interfaces/msg/detail/sphere__type_support.cpp.o[0m
[16.918s] [ 42%] [32m[1mLinking CXX shared library libmy_interfaces__rosidl_typesupport_cpp.so[0m
[17.325s] [ 42%] Built target my_interfaces__rosidl_typesupport_cpp
[17.482s] [ 44%] [34m[1mGenerating C introspection for ROS interfaces[0m
[17.580s] [ 46%] [32mBuilding CXX object CMakeFiles/my_interfaces__rosidl_typesupport_fastrtps_c.dir/rosidl_typesupport_fastrtps_c/my_interfaces/srv/detail/add_three_ints__type_support_c.cpp.o[0m
[17.764s] [ 48%] [32mBuilding CXX object CMakeFiles/my_interfaces__rosidl_typesupport_fastrtps_cpp.dir/rosidl_typesupport_fastrtps_cpp/my_interfaces/srv/detail/dds_fastrtps/add_three_ints__type_support.cpp.o[0m
[17.795s] [ 51%] [32mBuilding CXX object CMakeFiles/my_interfaces__rosidl_typesupport_introspection_cpp.dir/rosidl_typesupport_introspection_cpp/my_interfaces/srv/detail/add_three_ints__type_support.cpp.o[0m
[18.752s] [ 53%] [32m[1mLinking CXX shared library libmy_interfaces__rosidl_typesupport_fastrtps_c.so[0m
[19.006s] [ 55%] [32m[1mLinking CXX shared library libmy_interfaces__rosidl_typesupport_fastrtps_cpp.so[0m
[19.279s] [ 55%] Built target my_interfaces__rosidl_typesupport_fastrtps_c
[19.388s] [ 57%] [34m[1mGenerating C type support dispatch for ROS interfaces[0m
[19.437s] [ 57%] Built target my_interfaces__rosidl_typesupport_fastrtps_cpp
[19.505s] [ 59%] [32m[1mLinking CXX shared library libmy_interfaces__rosidl_typesupport_introspection_cpp.so[0m
[19.610s] [35m[1mConsolidate compiler generated dependencies of target my_interfaces__rosidl_typesupport_introspection_c[0m
[19.799s] [ 61%] [32mBuilding C object CMakeFiles/my_interfaces__rosidl_typesupport_introspection_c.dir/rosidl_typesupport_introspection_c/my_interfaces/msg/detail/num__type_support.c.o[0m
[19.883s] [ 63%] [32mBuilding C object CMakeFiles/my_interfaces__rosidl_typesupport_introspection_c.dir/rosidl_typesupport_introspection_c/my_interfaces/msg/detail/sphere__type_support.c.o[0m
[20.087s] [ 63%] Built target my_interfaces__rosidl_typesupport_introspection_cpp
[20.095s] [ 65%] [32mBuilding C object CMakeFiles/my_interfaces__rosidl_typesupport_introspection_c.dir/rosidl_typesupport_introspection_c/my_interfaces/srv/detail/add_three_ints__type_support.c.o[0m
[20.228s] [ 68%] [32m[1mLinking C shared library libmy_interfaces__rosidl_typesupport_introspection_c.so[0m
[20.384s] [ 68%] Built target my_interfaces__rosidl_typesupport_introspection_c
[20.591s] [35m[1mConsolidate compiler generated dependencies of target my_interfaces__rosidl_typesupport_c[0m
[20.641s] [ 70%] [32mBuilding CXX object CMakeFiles/my_interfaces__rosidl_typesupport_c.dir/rosidl_typesupport_c/my_interfaces/msg/num__type_support.cpp.o[0m
[20.730s] [ 72%] [32mBuilding CXX object CMakeFiles/my_interfaces__rosidl_typesupport_c.dir/rosidl_typesupport_c/my_interfaces/srv/add_three_ints__type_support.cpp.o[0m
[20.828s] [ 74%] [32mBuilding CXX object CMakeFiles/my_interfaces__rosidl_typesupport_c.dir/rosidl_typesupport_c/my_interfaces/msg/sphere__type_support.cpp.o[0m
[20.922s] [ 76%] [32m[1mLinking CXX shared library libmy_interfaces__rosidl_typesupport_c.so[0m
[21.045s] [ 76%] Built target my_interfaces__rosidl_typesupport_c
[21.131s] [ 76%] Built target my_interfaces
[21.221s] [ 78%] [34m[1mGenerating Python code for ROS interfaces[0m
[22.627s] [ 78%] Built target my_interfaces__py
[22.674s] [35m[1mConsolidate compiler generated dependencies of target my_interfaces__rosidl_generator_py[0m
[22.725s] [ 80%] [32mBuilding C object CMakeFiles/my_interfaces__rosidl_generator_py.dir/rosidl_generator_py/my_interfaces/msg/_num_s.c.o[0m
[22.910s] [ 82%] [32mBuilding C object CMakeFiles/my_interfaces__rosidl_generator_py.dir/rosidl_generator_py/my_interfaces/srv/_add_three_ints_s.c.o[0m
[23.109s] [ 85%] [32mBuilding C object CMakeFiles/my_interfaces__rosidl_generator_py.dir/rosidl_generator_py/my_interfaces/msg/_sphere_s.c.o[0m
[23.302s] [ 87%] [32m[1mLinking C shared library rosidl_generator_py/my_interfaces/libmy_interfaces__rosidl_generator_py.so[0m
[23.448s] [ 87%] Built target my_interfaces__rosidl_generator_py
[23.504s] [35m[1mConsolidate compiler generated dependencies of target my_interfaces__rosidl_typesupport_introspection_c__pyext[0m
[23.660s] [ 89%] [32mBuilding C object CMakeFiles/my_interfaces__rosidl_typesupport_introspection_c__pyext.dir/rosidl_generator_py/my_interfaces/_my_interfaces_s.ep.rosidl_typesupport_introspection_c.c.o[0m
[23.942s] [ 91%] [32m[1mLinking C shared library rosidl_generator_py/my_interfaces/my_interfaces_s__rosidl_typesupport_introspection_c.cpython-310-x86_64-linux-gnu.so[0m
[24.067s] [ 91%] Built target my_interfaces__rosidl_typesupport_introspection_c__pyext
[24.112s] [35m[1mConsolidate compiler generated dependencies of target my_interfaces__rosidl_typesupport_c__pyext[0m
[24.165s] [ 93%] [32mBuilding C object CMakeFiles/my_interfaces__rosidl_typesupport_c__pyext.dir/rosidl_generator_py/my_interfaces/_my_interfaces_s.ep.rosidl_typesupport_c.c.o[0m
[24.386s] [ 95%] [32m[1mLinking C shared library rosidl_generator_py/my_interfaces/my_interfaces_s__rosidl_typesupport_c.cpython-310-x86_64-linux-gnu.so[0m
[24.506s] [ 95%] Built target my_interfaces__rosidl_typesupport_c__pyext
[24.551s] [35m[1mConsolidate compiler generated dependencies of target my_interfaces__rosidl_typesupport_fastrtps_c__pyext[0m
[24.603s] [ 97%] [32mBuilding C object CMakeFiles/my_interfaces__rosidl_typesupport_fastrtps_c__pyext.dir/rosidl_generator_py/my_interfaces/_my_interfaces_s.ep.rosidl_typesupport_fastrtps_c.c.o[0m
[24.805s] [100%] [32m[1mLinking C shared library rosidl_generator_py/my_interfaces/my_interfaces_s__rosidl_typesupport_fastrtps_c.cpython-310-x86_64-linux-gnu.so[0m
[24.928s] [100%] Built target my_interfaces__rosidl_typesupport_fastrtps_c__pyext
[24.975s] Invoked command in '/home/user/template_ws/build/my_interfaces' returned '0': CMAKE_PREFIX_PATH=${CMAKE_PREFIX_PATH}:/home/user/template_ws/install/camera_pkg:/home/user/ros2_humble/install/rqt_bag_plugins:/home/user/ros2_humble/install/rqt_bag:/home/user/ros2_humble/install/ros2bag:/home/user/ros2_humble/install/tracetools_test:/home/user/ros2_humble/install/tracetools_launch:/home/user/ros2_humble/install/topic_monitor:/home/user/ros2_humble/install/tf2_tools:/home/user/ros2_humble/install/examples_tf2_py:/home/user/ros2_humble/install/tf2_ros_py:/home/user/ros2_humble/install/sros2:/home/user/ros2_humble/install/rqt_topic:/home/user/ros2_humble/install/rqt_srv:/home/user/ros2_humble/install/rqt_shell:/home/user/ros2_humble/install/rqt_service_caller:/home/user/ros2_humble/install/rqt_reconfigure:/home/user/ros2_humble/install/rqt_py_console:/home/user/ros2_humble/install/rqt_publisher:/home/user/ros2_humble/install/rqt_plot:/home/user/ros2_humble/install/rqt_action:/home/user/ros2_humble/install/rqt_msg:/home/user/ros2_humble/install/rqt_console:/home/user/ros2_humble/install/rqt:/home/user/ros2_humble/install/rqt_graph:/home/user/ros2_humble/install/rqt_gui_py:/home/user/ros2_humble/install/rqt_gui:/home/user/ros2_humble/install/ros2trace:/home/user/ros2_humble/install/ros2topic:/home/user/ros2_humble/install/ros2test:/home/user/ros2_humble/install/ros2component:/home/user/ros2_humble/install/ros2param:/home/user/ros2_humble/install/ros2lifecycle:/home/user/ros2_humble/install/ros2service:/home/user/ros2_humble/install/ros2run:/home/user/ros2_humble/install/ros2launch:/home/user/ros2_humble/install/ros2pkg:/home/user/ros2_humble/install/ros2node:/home/user/ros2_humble/install/ros2multicast:/home/user/ros2_humble/install/ros2interface:/home/user/ros2_humble/install/ros2doctor:/home/user/ros2_humble/install/ros2action:/home/user/ros2_humble/install/ros2cli:/home/user/ros2_humble/install/quality_of_service_demo_py:/home/user/ros2_humble/install/lifecycle_py:/home/user/ros2_humble/install/launch_testing_ros:/home/user/ros2_humble/install/launch_ros:/home/user/ros2_humble/install/examples_rclpy_pointcloud_publisher:/home/user/ros2_humble/install/examples_rclpy_minimal_subscriber:/home/user/ros2_humble/install/examples_rclpy_minimal_service:/home/user/ros2_humble/install/examples_rclpy_minimal_publisher:/home/user/ros2_humble/install/examples_rclpy_minimal_client:/home/user/ros2_humble/install/examples_rclpy_minimal_action_server:/home/user/ros2_humble/install/examples_rclpy_minimal_action_client:/home/user/ros2_humble/install/examples_rclpy_guard_conditions:/home/user/ros2_humble/install/examples_rclpy_executors:/home/user/ros2_humble/install/demo_nodes_py:/home/user/ros2_humble/install/action_tutorials_py:/home/user/ros2_humble/install/ament_uncrustify:/home/user/ros2_humble/install/tracetools_trace:/home/user/ros2_humble/install/tracetools_read:/home/user/ros2_humble/install/test_tracetools_launch:/home/user/ros2_humble/install/test_launch_ros:/home/user/ros2_humble/install/sensor_msgs_py:/home/user/ros2_humble/install/rpyutils:/home/user/ros2_humble/install/rosidl_runtime_py:/home/user/ros2_humble/install/rosidl_cli:/home/user/ros2_humble/install/launch_pytest:/home/user/ros2_humble/install/launch_testing:/home/user/ros2_humble/install/launch_yaml:/home/user/ros2_humble/install/launch_xml:/home/user/ros2_humble/install/launch:/home/user/ros2_humble/install/osrf_pycommon:/home/user/ros2_humble/install/launch_testing_examples:/home/user/ros2_humble/install/domain_coordinator:/home/user/ros2_humble/install/ament_xmllint:/home/user/ros2_humble/install/ament_pyflakes:/home/user/ros2_humble/install/ament_pycodestyle:/home/user/ros2_humble/install/ament_pep257:/home/user/ros2_humble/install/ament_pclint:/home/user/ros2_humble/install/ament_package:/home/user/ros2_humble/install/ament_mypy:/home/user/ros2_humble/install/ament_lint_cmake:/home/user/ros2_humble/install/ament_flake8:/home/user/ros2_humble/install/ament_copyright:/home/user/ros2_humble/install/ament_lint:/home/user/ros2_humble/install/ament_index_python:/home/user/ros2_humble/install/ament_cpplint:/home/user/ros2_humble/install/ament_cppcheck:/home/user/ros2_humble/install/ament_clang_tidy:/home/user/ros2_humble/install/ament_clang_format /usr/bin/cmake --build /home/user/template_ws/build/my_interfaces -- -j4 -l4
[26.007s] Invoking command in '/home/user/template_ws/build/my_interfaces': CMAKE_PREFIX_PATH=${CMAKE_PREFIX_PATH}:/home/user/template_ws/install/camera_pkg:/home/user/ros2_humble/install/rqt_bag_plugins:/home/user/ros2_humble/install/rqt_bag:/home/user/ros2_humble/install/ros2bag:/home/user/ros2_humble/install/tracetools_test:/home/user/ros2_humble/install/tracetools_launch:/home/user/ros2_humble/install/topic_monitor:/home/user/ros2_humble/install/tf2_tools:/home/user/ros2_humble/install/examples_tf2_py:/home/user/ros2_humble/install/tf2_ros_py:/home/user/ros2_humble/install/sros2:/home/user/ros2_humble/install/rqt_topic:/home/user/ros2_humble/install/rqt_srv:/home/user/ros2_humble/install/rqt_shell:/home/user/ros2_humble/install/rqt_service_caller:/home/user/ros2_humble/install/rqt_reconfigure:/home/user/ros2_humble/install/rqt_py_console:/home/user/ros2_humble/install/rqt_publisher:/home/user/ros2_humble/install/rqt_plot:/home/user/ros2_humble/install/rqt_action:/home/user/ros2_humble/install/rqt_msg:/home/user/ros2_humble/install/rqt_console:/home/user/ros2_humble/install/rqt:/home/user/ros2_humble/install/rqt_graph:/home/user/ros2_humble/install/rqt_gui_py:/home/user/ros2_humble/install/rqt_gui:/home/user/ros2_humble/install/ros2trace:/home/user/ros2_humble/install/ros2topic:/home/user/ros2_humble/install/ros2test:/home/user/ros2_humble/install/ros2component:/home/user/ros2_humble/install/ros2param:/home/user/ros2_humble/install/ros2lifecycle:/home/user/ros2_humble/install/ros2service:/home/user/ros2_humble/install/ros2run:/home/user/ros2_humble/install/ros2launch:/home/user/ros2_humble/install/ros2pkg:/home/user/ros2_humble/install/ros2node:/home/user/ros2_humble/install/ros2multicast:/home/user/ros2_humble/install/ros2interface:/home/user/ros2_humble/install/ros2doctor:/home/user/ros2_humble/install/ros2action:/home/user/ros2_humble/install/ros2cli:/home/user/ros2_humble/install/quality_of_service_demo_py:/home/user/ros2_humble/install/lifecycle_py:/home/user/ros2_humble/install/launch_testing_ros:/home/user/ros2_humble/install/launch_ros:/home/user/ros2_humble/install/examples_rclpy_pointcloud_publisher:/home/user/ros2_humble/install/examples_rclpy_minimal_subscriber:/home/user/ros2_humble/install/examples_rclpy_minimal_service:/home/user/ros2_humble/install/examples_rclpy_minimal_publisher:/home/user/ros2_humble/install/examples_rclpy_minimal_client:/home/user/ros2_humble/install/examples_rclpy_minimal_action_server:/home/user/ros2_humble/install/examples_rclpy_minimal_action_client:/home/user/ros2_humble/install/examples_rclpy_guard_conditions:/home/user/ros2_humble/install/examples_rclpy_executors:/home/user/ros2_humble/install/demo_nodes_py:/home/user/ros2_humble/install/action_tutorials_py:/home/user/ros2_humble/install/ament_uncrustify:/home/user/ros2_humble/install/tracetools_trace:/home/user/ros2_humble/install/tracetools_read:/home/user/ros2_humble/install/test_tracetools_launch:/home/user/ros2_humble/install/test_launch_ros:/home/user/ros2_humble/install/sensor_msgs_py:/home/user/ros2_humble/install/rpyutils:/home/user/ros2_humble/install/rosidl_runtime_py:/home/user/ros2_humble/install/rosidl_cli:/home/user/ros2_humble/install/launch_pytest:/home/user/ros2_humble/install/launch_testing:/home/user/ros2_humble/install/launch_yaml:/home/user/ros2_humble/install/launch_xml:/home/user/ros2_humble/install/launch:/home/user/ros2_humble/install/osrf_pycommon:/home/user/ros2_humble/install/launch_testing_examples:/home/user/ros2_humble/install/domain_coordinator:/home/user/ros2_humble/install/ament_xmllint:/home/user/ros2_humble/install/ament_pyflakes:/home/user/ros2_humble/install/ament_pycodestyle:/home/user/ros2_humble/install/ament_pep257:/home/user/ros2_humble/install/ament_pclint:/home/user/ros2_humble/install/ament_package:/home/user/ros2_humble/install/ament_mypy:/home/user/ros2_humble/install/ament_lint_cmake:/home/user/ros2_humble/install/ament_flake8:/home/user/ros2_humble/install/ament_copyright:/home/user/ros2_humble/install/ament_lint:/home/user/ros2_humble/install/ament_index_python:/home/user/ros2_humble/install/ament_cpplint:/home/user/ros2_humble/install/ament_cppcheck:/home/user/ros2_humble/install/ament_clang_tidy:/home/user/ros2_humble/install/ament_clang_format /usr/bin/cmake --install /home/user/template_ws/build/my_interfaces
[26.043s] -- Install configuration: ""
[26.044s] -- Execute custom install script
[26.044s] -- Up-to-date symlink: /home/user/template_ws/install/my_interfaces/share/ament_index/resource_index/rosidl_interfaces/my_interfaces
[26.045s] -- Up-to-date symlink: /home/user/template_ws/install/my_interfaces/include/my_interfaces/my_interfaces/msg/detail/num__functions.h
[26.045s] -- Up-to-date symlink: /home/user/template_ws/install/my_interfaces/include/my_interfaces/my_interfaces/msg/detail/num__struct.h
[26.047s] -- Up-to-date symlink: /home/user/template_ws/install/my_interfaces/include/my_interfaces/my_interfaces/msg/detail/num__type_support.h
[26.047s] -- Symlinking: /home/user/template_ws/install/my_interfaces/include/my_interfaces/my_interfaces/msg/detail/sphere__functions.h
[26.086s] -- Symlinking: /home/user/template_ws/install/my_interfaces/include/my_interfaces/my_interfaces/msg/detail/sphere__struct.h
[26.116s] -- Symlinking: /home/user/template_ws/install/my_interfaces/include/my_interfaces/my_interfaces/msg/detail/sphere__type_support.h
[26.154s] -- Up-to-date symlink: /home/user/template_ws/install/my_interfaces/include/my_interfaces/my_interfaces/msg/num.h
[26.155s] -- Up-to-date symlink: /home/user/template_ws/install/my_interfaces/include/my_interfaces/my_interfaces/msg/rosidl_generator_c__visibility_control.h
[26.155s] -- Symlinking: /home/user/template_ws/install/my_interfaces/include/my_interfaces/my_interfaces/msg/sphere.h
[26.185s] -- Up-to-date symlink: /home/user/template_ws/install/my_interfaces/include/my_interfaces/my_interfaces/srv/add_three_ints.h
[26.186s] -- Up-to-date symlink: /home/user/template_ws/install/my_interfaces/include/my_interfaces/my_interfaces/srv/detail/add_three_ints__functions.h
[26.186s] -- Up-to-date symlink: /home/user/template_ws/install/my_interfaces/include/my_interfaces/my_interfaces/srv/detail/add_three_ints__struct.h
[26.186s] -- Up-to-date symlink: /home/user/template_ws/install/my_interfaces/include/my_interfaces/my_interfaces/srv/detail/add_three_ints__type_support.h
[26.186s] -- Up-to-date symlink: /home/user/template_ws/install/my_interfaces/share/my_interfaces/environment/library_path.sh
[26.187s] -- Up-to-date symlink: /home/user/template_ws/install/my_interfaces/share/my_interfaces/environment/library_path.dsv
[26.187s] -- Up-to-date symlink: /home/user/template_ws/install/my_interfaces/include/my_interfaces/my_interfaces/msg/detail/num__rosidl_typesupport_fastrtps_c.h
[26.188s] -- Symlinking: /home/user/template_ws/install/my_interfaces/include/my_interfaces/my_interfaces/msg/detail/sphere__rosidl_typesupport_fastrtps_c.h
[26.220s] -- Up-to-date symlink: /home/user/template_ws/install/my_interfaces/include/my_interfaces/my_interfaces/msg/rosidl_typesupport_fastrtps_c__visibility_control.h
[26.221s] -- Up-to-date symlink: /home/user/template_ws/install/my_interfaces/include/my_interfaces/my_interfaces/srv/detail/add_three_ints__rosidl_typesupport_fastrtps_c.h
[26.221s] -- Up-to-date symlink: /home/user/template_ws/install/my_interfaces/include/my_interfaces/my_interfaces/msg/detail/num__builder.hpp
[26.221s] -- Up-to-date symlink: /home/user/template_ws/install/my_interfaces/include/my_interfaces/my_interfaces/msg/detail/num__struct.hpp
[26.222s] -- Up-to-date symlink: /home/user/template_ws/install/my_interfaces/include/my_interfaces/my_interfaces/msg/detail/num__traits.hpp
[26.222s] -- Symlinking: /home/user/template_ws/install/my_interfaces/include/my_interfaces/my_interfaces/msg/detail/sphere__builder.hpp
[26.254s] -- Symlinking: /home/user/template_ws/install/my_interfaces/include/my_interfaces/my_interfaces/msg/detail/sphere__struct.hpp
[26.292s] -- Symlinking: /home/user/template_ws/install/my_interfaces/include/my_interfaces/my_interfaces/msg/detail/sphere__traits.hpp
[26.324s] -- Up-to-date symlink: /home/user/template_ws/install/my_interfaces/include/my_interfaces/my_interfaces/msg/num.hpp
[26.324s] -- Symlinking: /home/user/template_ws/install/my_interfaces/include/my_interfaces/my_interfaces/msg/sphere.hpp
[26.358s] -- Up-to-date symlink: /home/user/template_ws/install/my_interfaces/include/my_interfaces/my_interfaces/srv/add_three_ints.hpp
[26.358s] -- Up-to-date symlink: /home/user/template_ws/install/my_interfaces/include/my_interfaces/my_interfaces/srv/detail/add_three_ints__builder.hpp
[26.358s] -- Up-to-date symlink: /home/user/template_ws/install/my_interfaces/include/my_interfaces/my_interfaces/srv/detail/add_three_ints__struct.hpp
[26.359s] -- Up-to-date symlink: /home/user/template_ws/install/my_interfaces/include/my_interfaces/my_interfaces/srv/detail/add_three_ints__traits.hpp
[26.360s] -- Up-to-date symlink: /home/user/template_ws/install/my_interfaces/include/my_interfaces/my_interfaces/msg/detail/num__rosidl_typesupport_fastrtps_cpp.hpp
[26.360s] -- Symlinking: /home/user/template_ws/install/my_interfaces/include/my_interfaces/my_interfaces/msg/detail/sphere__rosidl_typesupport_fastrtps_cpp.hpp
[26.398s] -- Up-to-date symlink: /home/user/template_ws/install/my_interfaces/include/my_interfaces/my_interfaces/msg/rosidl_typesupport_fastrtps_cpp__visibility_control.h
[26.398s] -- Up-to-date symlink: /home/user/template_ws/install/my_interfaces/include/my_interfaces/my_interfaces/srv/detail/add_three_ints__rosidl_typesupport_fastrtps_cpp.hpp
[26.399s] -- Up-to-date symlink: /home/user/template_ws/install/my_interfaces/include/my_interfaces/my_interfaces/msg/detail/num__rosidl_typesupport_introspection_c.h
[26.399s] -- Symlinking: /home/user/template_ws/install/my_interfaces/include/my_interfaces/my_interfaces/msg/detail/sphere__rosidl_typesupport_introspection_c.h
[26.437s] -- Up-to-date symlink: /home/user/template_ws/install/my_interfaces/include/my_interfaces/my_interfaces/msg/rosidl_typesupport_introspection_c__visibility_control.h
[26.437s] -- Up-to-date symlink: /home/user/template_ws/install/my_interfaces/include/my_interfaces/my_interfaces/srv/detail/add_three_ints__rosidl_typesupport_introspection_c.h
[26.438s] -- Up-to-date symlink: /home/user/template_ws/install/my_interfaces/include/my_interfaces/my_interfaces/msg/detail/num__rosidl_typesupport_introspection_cpp.hpp
[26.438s] -- Symlinking: /home/user/template_ws/install/my_interfaces/include/my_interfaces/my_interfaces/msg/detail/sphere__rosidl_typesupport_introspection_cpp.hpp
[26.471s] -- Up-to-date symlink: /home/user/template_ws/install/my_interfaces/include/my_interfaces/my_interfaces/srv/detail/add_three_ints__rosidl_typesupport_introspection_cpp.hpp
[26.471s] -- Up-to-date symlink: /home/user/template_ws/install/my_interfaces/share/my_interfaces/environment/pythonpath.sh
[26.471s] -- Up-to-date symlink: /home/user/template_ws/install/my_interfaces/share/my_interfaces/environment/pythonpath.dsv
[26.472s] -- Up-to-date symlink: /home/user/template_ws/install/my_interfaces/local/lib/python3.10/dist-packages/my_interfaces-0.0.0-py3.10.egg-info/PKG-INFO
[26.472s] -- Up-to-date symlink: /home/user/template_ws/install/my_interfaces/local/lib/python3.10/dist-packages/my_interfaces-0.0.0-py3.10.egg-info/SOURCES.txt
[26.472s] -- Up-to-date symlink: /home/user/template_ws/install/my_interfaces/local/lib/python3.10/dist-packages/my_interfaces-0.0.0-py3.10.egg-info/dependency_links.txt
[26.473s] -- Up-to-date symlink: /home/user/template_ws/install/my_interfaces/local/lib/python3.10/dist-packages/my_interfaces-0.0.0-py3.10.egg-info/top_level.txt
[26.474s] -- Up-to-date symlink: /home/user/template_ws/install/my_interfaces/local/lib/python3.10/dist-packages/my_interfaces/__init__.py
[26.474s] -- Up-to-date symlink: /home/user/template_ws/install/my_interfaces/local/lib/python3.10/dist-packages/my_interfaces/_my_interfaces_s.ep.rosidl_typesupport_c.c
[26.474s] -- Up-to-date symlink: /home/user/template_ws/install/my_interfaces/local/lib/python3.10/dist-packages/my_interfaces/_my_interfaces_s.ep.rosidl_typesupport_fastrtps_c.c
[26.474s] -- Up-to-date symlink: /home/user/template_ws/install/my_interfaces/local/lib/python3.10/dist-packages/my_interfaces/_my_interfaces_s.ep.rosidl_typesupport_introspection_c.c
[26.475s] -- Up-to-date symlink: /home/user/template_ws/install/my_interfaces/local/lib/python3.10/dist-packages/my_interfaces/libmy_interfaces__rosidl_generator_py.so
[26.475s] -- Up-to-date symlink: /home/user/template_ws/install/my_interfaces/local/lib/python3.10/dist-packages/my_interfaces/msg/__init__.py
[26.475s] -- Up-to-date symlink: /home/user/template_ws/install/my_interfaces/local/lib/python3.10/dist-packages/my_interfaces/msg/_num.py
[26.475s] -- Up-to-date symlink: /home/user/template_ws/install/my_interfaces/local/lib/python3.10/dist-packages/my_interfaces/msg/_num_s.c
[26.475s] -- Symlinking: /home/user/template_ws/install/my_interfaces/local/lib/python3.10/dist-packages/my_interfaces/msg/_sphere.py
[26.509s] -- Symlinking: /home/user/template_ws/install/my_interfaces/local/lib/python3.10/dist-packages/my_interfaces/msg/_sphere_s.c
[26.553s] -- Up-to-date symlink: /home/user/template_ws/install/my_interfaces/local/lib/python3.10/dist-packages/my_interfaces/my_interfaces_s__rosidl_typesupport_c.cpython-310-x86_64-linux-gnu.so
[26.553s] -- Up-to-date symlink: /home/user/template_ws/install/my_interfaces/local/lib/python3.10/dist-packages/my_interfaces/my_interfaces_s__rosidl_typesupport_fastrtps_c.cpython-310-x86_64-linux-gnu.so
[26.554s] -- Up-to-date symlink: /home/user/template_ws/install/my_interfaces/local/lib/python3.10/dist-packages/my_interfaces/my_interfaces_s__rosidl_typesupport_introspection_c.cpython-310-x86_64-linux-gnu.so
[26.554s] -- Up-to-date symlink: /home/user/template_ws/install/my_interfaces/local/lib/python3.10/dist-packages/my_interfaces/srv/__init__.py
[26.554s] -- Up-to-date symlink: /home/user/template_ws/install/my_interfaces/local/lib/python3.10/dist-packages/my_interfaces/srv/_add_three_ints.py
[26.554s] -- Up-to-date symlink: /home/user/template_ws/install/my_interfaces/local/lib/python3.10/dist-packages/my_interfaces/srv/_add_three_ints_s.c
[26.555s] -- Up-to-date symlink: /home/user/template_ws/install/my_interfaces/local/lib/python3.10/dist-packages/my_interfaces/my_interfaces_s__rosidl_typesupport_introspection_c.cpython-310-x86_64-linux-gnu.so
[26.555s] -- Up-to-date symlink: /home/user/template_ws/install/my_interfaces/local/lib/python3.10/dist-packages/my_interfaces/my_interfaces_s__rosidl_typesupport_fastrtps_c.cpython-310-x86_64-linux-gnu.so
[26.556s] -- Up-to-date symlink: /home/user/template_ws/install/my_interfaces/local/lib/python3.10/dist-packages/my_interfaces/my_interfaces_s__rosidl_typesupport_c.cpython-310-x86_64-linux-gnu.so
[26.556s] -- Up-to-date symlink: /home/user/template_ws/install/my_interfaces/share/my_interfaces/msg/Num.idl
[26.556s] -- Symlinking: /home/user/template_ws/install/my_interfaces/share/my_interfaces/msg/Sphere.idl
[26.605s] -- Up-to-date symlink: /home/user/template_ws/install/my_interfaces/share/my_interfaces/srv/AddThreeInts.idl
[26.605s] -- Up-to-date symlink: /home/user/template_ws/install/my_interfaces/share/my_interfaces/msg/Num.msg
[26.605s] -- Symlinking: /home/user/template_ws/install/my_interfaces/share/my_interfaces/msg/Sphere.msg
[26.642s] -- Up-to-date symlink: /home/user/template_ws/install/my_interfaces/share/my_interfaces/srv/AddThreeInts.srv
[26.643s] -- Up-to-date symlink: /home/user/template_ws/install/my_interfaces/share/my_interfaces/srv/AddThreeInts_Request.msg
[26.644s] -- Up-to-date symlink: /home/user/template_ws/install/my_interfaces/share/my_interfaces/srv/AddThreeInts_Response.msg
[26.644s] -- Up-to-date symlink: /home/user/template_ws/install/my_interfaces/share/ament_index/resource_index/package_run_dependencies/my_interfaces
[26.644s] -- Up-to-date symlink: /home/user/template_ws/install/my_interfaces/share/ament_index/resource_index/parent_prefix_path/my_interfaces
[26.644s] -- Up-to-date symlink: /home/user/template_ws/install/my_interfaces/share/my_interfaces/environment/ament_prefix_path.sh
[26.644s] -- Up-to-date symlink: /home/user/template_ws/install/my_interfaces/share/my_interfaces/environment/ament_prefix_path.dsv
[26.646s] -- Up-to-date symlink: /home/user/template_ws/install/my_interfaces/share/my_interfaces/environment/path.sh
[26.646s] -- Up-to-date symlink: /home/user/template_ws/install/my_interfaces/share/my_interfaces/environment/path.dsv
[26.646s] -- Up-to-date symlink: /home/user/template_ws/install/my_interfaces/share/my_interfaces/local_setup.bash
[26.647s] -- Up-to-date symlink: /home/user/template_ws/install/my_interfaces/share/my_interfaces/local_setup.sh
[26.648s] -- Up-to-date symlink: /home/user/template_ws/install/my_interfaces/share/my_interfaces/local_setup.zsh
[26.648s] -- Up-to-date symlink: /home/user/template_ws/install/my_interfaces/share/my_interfaces/local_setup.dsv
[26.648s] -- Symlinking: /home/user/template_ws/install/my_interfaces/share/my_interfaces/package.dsv
[26.686s] -- Up-to-date symlink: /home/user/template_ws/install/my_interfaces/share/ament_index/resource_index/packages/my_interfaces
[26.686s] -- Up-to-date symlink: /home/user/template_ws/install/my_interfaces/share/my_interfaces/cmake/rosidl_cmake-extras.cmake
[26.686s] -- Up-to-date symlink: /home/user/template_ws/install/my_interfaces/share/my_interfaces/cmake/ament_cmake_export_dependencies-extras.cmake
[26.687s] -- Up-to-date symlink: /home/user/template_ws/install/my_interfaces/share/my_interfaces/cmake/ament_cmake_export_include_directories-extras.cmake
[26.687s] -- Up-to-date symlink: /home/user/template_ws/install/my_interfaces/share/my_interfaces/cmake/ament_cmake_export_libraries-extras.cmake
[26.687s] -- Up-to-date symlink: /home/user/template_ws/install/my_interfaces/share/my_interfaces/cmake/ament_cmake_export_targets-extras.cmake
[26.688s] -- Up-to-date symlink: /home/user/template_ws/install/my_interfaces/share/my_interfaces/cmake/rosidl_cmake_export_typesupport_targets-extras.cmake
[26.688s] -- Up-to-date symlink: /home/user/template_ws/install/my_interfaces/share/my_interfaces/cmake/rosidl_cmake_export_typesupport_libraries-extras.cmake
[26.688s] -- Up-to-date symlink: /home/user/template_ws/install/my_interfaces/share/my_interfaces/cmake/my_interfacesConfig.cmake
[26.688s] -- Up-to-date symlink: /home/user/template_ws/install/my_interfaces/share/my_interfaces/cmake/my_interfacesConfig-version.cmake
[26.689s] -- Up-to-date symlink: /home/user/template_ws/install/my_interfaces/share/my_interfaces/package.xml
[26.689s] -- Installing: /home/user/template_ws/install/my_interfaces/lib/libmy_interfaces__rosidl_generator_c.so
[26.690s] -- Set runtime path of "/home/user/template_ws/install/my_interfaces/lib/libmy_interfaces__rosidl_generator_c.so" to ""
[26.691s] -- Installing: /home/user/template_ws/install/my_interfaces/lib/libmy_interfaces__rosidl_typesupport_fastrtps_c.so
[26.692s] -- Set runtime path of "/home/user/template_ws/install/my_interfaces/lib/libmy_interfaces__rosidl_typesupport_fastrtps_c.so" to ""
[26.693s] -- Installing: /home/user/template_ws/install/my_interfaces/lib/libmy_interfaces__rosidl_typesupport_fastrtps_cpp.so
[26.694s] -- Set runtime path of "/home/user/template_ws/install/my_interfaces/lib/libmy_interfaces__rosidl_typesupport_fastrtps_cpp.so" to ""
[26.695s] -- Installing: /home/user/template_ws/install/my_interfaces/lib/libmy_interfaces__rosidl_typesupport_introspection_c.so
[26.696s] -- Set runtime path of "/home/user/template_ws/install/my_interfaces/lib/libmy_interfaces__rosidl_typesupport_introspection_c.so" to ""
[26.697s] -- Installing: /home/user/template_ws/install/my_interfaces/lib/libmy_interfaces__rosidl_typesupport_c.so
[26.698s] -- Set runtime path of "/home/user/template_ws/install/my_interfaces/lib/libmy_interfaces__rosidl_typesupport_c.so" to ""
[26.698s] -- Installing: /home/user/template_ws/install/my_interfaces/lib/libmy_interfaces__rosidl_typesupport_introspection_cpp.so
[26.700s] -- Set runtime path of "/home/user/template_ws/install/my_interfaces/lib/libmy_interfaces__rosidl_typesupport_introspection_cpp.so" to ""
[26.700s] -- Installing: /home/user/template_ws/install/my_interfaces/lib/libmy_interfaces__rosidl_typesupport_cpp.so
[26.701s] -- Set runtime path of "/home/user/template_ws/install/my_interfaces/lib/libmy_interfaces__rosidl_typesupport_cpp.so" to ""
[27.118s] Listing '/home/user/template_ws/install/my_interfaces/local/lib/python3.10/dist-packages/my_interfaces'...
[27.118s] Compiling '/home/user/template_ws/install/my_interfaces/local/lib/python3.10/dist-packages/my_interfaces/__init__.py'...
[27.119s] Listing '/home/user/template_ws/install/my_interfaces/local/lib/python3.10/dist-packages/my_interfaces/msg'...
[27.119s] Compiling '/home/user/template_ws/install/my_interfaces/local/lib/python3.10/dist-packages/my_interfaces/msg/__init__.py'...
[27.119s] Compiling '/home/user/template_ws/install/my_interfaces/local/lib/python3.10/dist-packages/my_interfaces/msg/_num.py'...
[27.119s] Compiling '/home/user/template_ws/install/my_interfaces/local/lib/python3.10/dist-packages/my_interfaces/msg/_sphere.py'...
[27.119s] Listing '/home/user/template_ws/install/my_interfaces/local/lib/python3.10/dist-packages/my_interfaces/srv'...
[27.119s] Compiling '/home/user/template_ws/install/my_interfaces/local/lib/python3.10/dist-packages/my_interfaces/srv/__init__.py'...
[27.126s] Compiling '/home/user/template_ws/install/my_interfaces/local/lib/python3.10/dist-packages/my_interfaces/srv/_add_three_ints.py'...
[27.128s] -- Installing: /home/user/template_ws/install/my_interfaces/lib/libmy_interfaces__rosidl_generator_py.so
[27.129s] -- Set runtime path of "/home/user/template_ws/install/my_interfaces/lib/libmy_interfaces__rosidl_generator_py.so" to ""
[27.130s] -- Up-to-date: /home/user/template_ws/install/my_interfaces/share/my_interfaces/cmake/export_my_interfaces__rosidl_generator_cExport.cmake
[27.131s] -- Up-to-date: /home/user/template_ws/install/my_interfaces/share/my_interfaces/cmake/export_my_interfaces__rosidl_generator_cExport-noconfig.cmake
[27.131s] -- Up-to-date: /home/user/template_ws/install/my_interfaces/share/my_interfaces/cmake/export_my_interfaces__rosidl_typesupport_fastrtps_cExport.cmake
[27.131s] -- Up-to-date: /home/user/template_ws/install/my_interfaces/share/my_interfaces/cmake/export_my_interfaces__rosidl_typesupport_fastrtps_cExport-noconfig.cmake
[27.131s] -- Up-to-date: /home/user/template_ws/install/my_interfaces/share/my_interfaces/cmake/export_my_interfaces__rosidl_generator_cppExport.cmake
[27.131s] -- Up-to-date: /home/user/template_ws/install/my_interfaces/share/my_interfaces/cmake/export_my_interfaces__rosidl_typesupport_fastrtps_cppExport.cmake
[27.131s] -- Up-to-date: /home/user/template_ws/install/my_interfaces/share/my_interfaces/cmake/export_my_interfaces__rosidl_typesupport_fastrtps_cppExport-noconfig.cmake
[27.131s] -- Up-to-date: /home/user/template_ws/install/my_interfaces/share/my_interfaces/cmake/my_interfaces__rosidl_typesupport_introspection_cExport.cmake
[27.132s] -- Up-to-date: /home/user/template_ws/install/my_interfaces/share/my_interfaces/cmake/my_interfaces__rosidl_typesupport_introspection_cExport-noconfig.cmake
[27.132s] -- Up-to-date: /home/user/template_ws/install/my_interfaces/share/my_interfaces/cmake/my_interfaces__rosidl_typesupport_cExport.cmake
[27.132s] -- Up-to-date: /home/user/template_ws/install/my_interfaces/share/my_interfaces/cmake/my_interfaces__rosidl_typesupport_cExport-noconfig.cmake
[27.132s] -- Up-to-date: /home/user/template_ws/install/my_interfaces/share/my_interfaces/cmake/my_interfaces__rosidl_typesupport_introspection_cppExport.cmake
[27.132s] -- Up-to-date: /home/user/template_ws/install/my_interfaces/share/my_interfaces/cmake/my_interfaces__rosidl_typesupport_introspection_cppExport-noconfig.cmake
[27.132s] -- Up-to-date: /home/user/template_ws/install/my_interfaces/share/my_interfaces/cmake/my_interfaces__rosidl_typesupport_cppExport.cmake
[27.133s] -- Up-to-date: /home/user/template_ws/install/my_interfaces/share/my_interfaces/cmake/my_interfaces__rosidl_typesupport_cppExport-noconfig.cmake
[27.134s] -- Up-to-date: /home/user/template_ws/install/my_interfaces/share/my_interfaces/cmake/export_my_interfaces__rosidl_generator_pyExport.cmake
[27.147s] -- Up-to-date: /home/user/template_ws/install/my_interfaces/share/my_interfaces/cmake/export_my_interfaces__rosidl_generator_pyExport-noconfig.cmake
[27.147s] Invoked command in '/home/user/template_ws/build/my_interfaces' returned '0': CMAKE_PREFIX_PATH=${CMAKE_PREFIX_PATH}:/home/user/template_ws/install/camera_pkg:/home/user/ros2_humble/install/rqt_bag_plugins:/home/user/ros2_humble/install/rqt_bag:/home/user/ros2_humble/install/ros2bag:/home/user/ros2_humble/install/tracetools_test:/home/user/ros2_humble/install/tracetools_launch:/home/user/ros2_humble/install/topic_monitor:/home/user/ros2_humble/install/tf2_tools:/home/user/ros2_humble/install/examples_tf2_py:/home/user/ros2_humble/install/tf2_ros_py:/home/user/ros2_humble/install/sros2:/home/user/ros2_humble/install/rqt_topic:/home/user/ros2_humble/install/rqt_srv:/home/user/ros2_humble/install/rqt_shell:/home/user/ros2_humble/install/rqt_service_caller:/home/user/ros2_humble/install/rqt_reconfigure:/home/user/ros2_humble/install/rqt_py_console:/home/user/ros2_humble/install/rqt_publisher:/home/user/ros2_humble/install/rqt_plot:/home/user/ros2_humble/install/rqt_action:/home/user/ros2_humble/install/rqt_msg:/home/user/ros2_humble/install/rqt_console:/home/user/ros2_humble/install/rqt:/home/user/ros2_humble/install/rqt_graph:/home/user/ros2_humble/install/rqt_gui_py:/home/user/ros2_humble/install/rqt_gui:/home/user/ros2_humble/install/ros2trace:/home/user/ros2_humble/install/ros2topic:/home/user/ros2_humble/install/ros2test:/home/user/ros2_humble/install/ros2component:/home/user/ros2_humble/install/ros2param:/home/user/ros2_humble/install/ros2lifecycle:/home/user/ros2_humble/install/ros2service:/home/user/ros2_humble/install/ros2run:/home/user/ros2_humble/install/ros2launch:/home/user/ros2_humble/install/ros2pkg:/home/user/ros2_humble/install/ros2node:/home/user/ros2_humble/install/ros2multicast:/home/user/ros2_humble/install/ros2interface:/home/user/ros2_humble/install/ros2doctor:/home/user/ros2_humble/install/ros2action:/home/user/ros2_humble/install/ros2cli:/home/user/ros2_humble/install/quality_of_service_demo_py:/home/user/ros2_humble/install/lifecycle_py:/home/user/ros2_humble/install/launch_testing_ros:/home/user/ros2_humble/install/launch_ros:/home/user/ros2_humble/install/examples_rclpy_pointcloud_publisher:/home/user/ros2_humble/install/examples_rclpy_minimal_subscriber:/home/user/ros2_humble/install/examples_rclpy_minimal_service:/home/user/ros2_humble/install/examples_rclpy_minimal_publisher:/home/user/ros2_humble/install/examples_rclpy_minimal_client:/home/user/ros2_humble/install/examples_rclpy_minimal_action_server:/home/user/ros2_humble/install/examples_rclpy_minimal_action_client:/home/user/ros2_humble/install/examples_rclpy_guard_conditions:/home/user/ros2_humble/install/examples_rclpy_executors:/home/user/ros2_humble/install/demo_nodes_py:/home/user/ros2_humble/install/action_tutorials_py:/home/user/ros2_humble/install/ament_uncrustify:/home/user/ros2_humble/install/tracetools_trace:/home/user/ros2_humble/install/tracetools_read:/home/user/ros2_humble/install/test_tracetools_launch:/home/user/ros2_humble/install/test_launch_ros:/home/user/ros2_humble/install/sensor_msgs_py:/home/user/ros2_humble/install/rpyutils:/home/user/ros2_humble/install/rosidl_runtime_py:/home/user/ros2_humble/install/rosidl_cli:/home/user/ros2_humble/install/launch_pytest:/home/user/ros2_humble/install/launch_testing:/home/user/ros2_humble/install/launch_yaml:/home/user/ros2_humble/install/launch_xml:/home/user/ros2_humble/install/launch:/home/user/ros2_humble/install/osrf_pycommon:/home/user/ros2_humble/install/launch_testing_examples:/home/user/ros2_humble/install/domain_coordinator:/home/user/ros2_humble/install/ament_xmllint:/home/user/ros2_humble/install/ament_pyflakes:/home/user/ros2_humble/install/ament_pycodestyle:/home/user/ros2_humble/install/ament_pep257:/home/user/ros2_humble/install/ament_pclint:/home/user/ros2_humble/install/ament_package:/home/user/ros2_humble/install/ament_mypy:/home/user/ros2_humble/install/ament_lint_cmake:/home/user/ros2_humble/install/ament_flake8:/home/user/ros2_humble/install/ament_copyright:/home/user/ros2_humble/install/ament_lint:/home/user/ros2_humble/install/ament_index_python:/home/user/ros2_humble/install/ament_cpplint:/home/user/ros2_humble/install/ament_cppcheck:/home/user/ros2_humble/install/ament_clang_tidy:/home/user/ros2_humble/install/ament_clang_format /usr/bin/cmake --install /home/user/template_ws/build/my_interfaces
