[0.105s] Invoking command in '/home/user/template_ws/build/my_interfaces': CMAKE_PREFIX_PATH=${CMAKE_PREFIX_PATH}:/home/user/template_ws/install/camera_v2_pkg:/home/user/template_ws/install/camera_srv_pkg:/home/user/template_ws/install/camera_pkg:/home/user/ros2_humble/install/rqt_bag_plugins:/home/user/ros2_humble/install/rqt_bag:/home/user/ros2_humble/install/ros2bag:/home/user/ros2_humble/install/tracetools_test:/home/user/ros2_humble/install/tracetools_launch:/home/user/ros2_humble/install/topic_monitor:/home/user/ros2_humble/install/tf2_tools:/home/user/ros2_humble/install/examples_tf2_py:/home/user/ros2_humble/install/tf2_ros_py:/home/user/ros2_humble/install/sros2:/home/user/ros2_humble/install/rqt_topic:/home/user/ros2_humble/install/rqt_srv:/home/user/ros2_humble/install/rqt_shell:/home/user/ros2_humble/install/rqt_service_caller:/home/user/ros2_humble/install/rqt_reconfigure:/home/user/ros2_humble/install/rqt_py_console:/home/user/ros2_humble/install/rqt_publisher:/home/user/ros2_humble/install/rqt_plot:/home/user/ros2_humble/install/rqt_action:/home/user/ros2_humble/install/rqt_msg:/home/user/ros2_humble/install/rqt_console:/home/user/ros2_humble/install/rqt:/home/user/ros2_humble/install/rqt_graph:/home/user/ros2_humble/install/rqt_gui_py:/home/user/ros2_humble/install/rqt_gui:/home/user/ros2_humble/install/ros2trace:/home/user/ros2_humble/install/ros2topic:/home/user/ros2_humble/install/ros2test:/home/user/ros2_humble/install/ros2component:/home/user/ros2_humble/install/ros2param:/home/user/ros2_humble/install/ros2lifecycle:/home/user/ros2_humble/install/ros2service:/home/user/ros2_humble/install/ros2run:/home/user/ros2_humble/install/ros2launch:/home/user/ros2_humble/install/ros2pkg:/home/user/ros2_humble/install/ros2node:/home/user/ros2_humble/install/ros2multicast:/home/user/ros2_humble/install/ros2interface:/home/user/ros2_humble/install/ros2doctor:/home/user/ros2_humble/install/ros2action:/home/user/ros2_humble/install/ros2cli:/home/user/ros2_humble/install/quality_of_service_demo_py:/home/user/ros2_humble/install/lifecycle_py:/home/user/ros2_humble/install/launch_testing_ros:/home/user/ros2_humble/install/launch_ros:/home/user/ros2_humble/install/examples_rclpy_pointcloud_publisher:/home/user/ros2_humble/install/examples_rclpy_minimal_subscriber:/home/user/ros2_humble/install/examples_rclpy_minimal_service:/home/user/ros2_humble/install/examples_rclpy_minimal_publisher:/home/user/ros2_humble/install/examples_rclpy_minimal_client:/home/user/ros2_humble/install/examples_rclpy_minimal_action_server:/home/user/ros2_humble/install/examples_rclpy_minimal_action_client:/home/user/ros2_humble/install/examples_rclpy_guard_conditions:/home/user/ros2_humble/install/examples_rclpy_executors:/home/user/ros2_humble/install/demo_nodes_py:/home/user/ros2_humble/install/action_tutorials_py:/home/user/ros2_humble/install/ament_uncrustify:/home/user/ros2_humble/install/tracetools_trace:/home/user/ros2_humble/install/tracetools_read:/home/user/ros2_humble/install/test_tracetools_launch:/home/user/ros2_humble/install/test_launch_ros:/home/user/ros2_humble/install/sensor_msgs_py:/home/user/ros2_humble/install/rpyutils:/home/user/ros2_humble/install/rosidl_runtime_py:/home/user/ros2_humble/install/rosidl_cli:/home/user/ros2_humble/install/launch_pytest:/home/user/ros2_humble/install/launch_testing:/home/user/ros2_humble/install/launch_yaml:/home/user/ros2_humble/install/launch_xml:/home/user/ros2_humble/install/launch:/home/user/ros2_humble/install/osrf_pycommon:/home/user/ros2_humble/install/launch_testing_examples:/home/user/ros2_humble/install/domain_coordinator:/home/user/ros2_humble/install/ament_xmllint:/home/user/ros2_humble/install/ament_pyflakes:/home/user/ros2_humble/install/ament_pycodestyle:/home/user/ros2_humble/install/ament_pep257:/home/user/ros2_humble/install/ament_pclint:/home/user/ros2_humble/install/ament_package:/home/user/ros2_humble/install/ament_mypy:/home/user/ros2_humble/install/ament_lint_cmake:/home/user/ros2_humble/install/ament_flake8:/home/user/ros2_humble/install/ament_copyright:/home/user/ros2_humble/install/ament_lint:/home/user/ros2_humble/install/ament_index_python:/home/user/ros2_humble/install/ament_cpplint:/home/user/ros2_humble/install/ament_cppcheck:/home/user/ros2_humble/install/ament_clang_tidy:/home/user/ros2_humble/install/ament_clang_format /usr/bin/cmake --build /home/user/template_ws/build/my_interfaces -- -j4 -l4
[0.207s] -- Found ament_cmake: 1.3.5 (/home/user/ros2_humble/install/ament_cmake/share/ament_cmake/cmake)
[1.010s] -- Override CMake install command with custom implementation using symlinks instead of copying resources
[1.019s] -- Found geometry_msgs: 4.2.3 (/home/user/ros2_humble/install/geometry_msgs/share/geometry_msgs/cmake)
[1.068s] -- Found rosidl_generator_c: 3.1.4 (/home/user/ros2_humble/install/rosidl_generator_c/share/rosidl_generator_c/cmake)
[1.072s] -- Found rosidl_adapter: 3.1.4 (/home/user/ros2_humble/install/rosidl_adapter/share/rosidl_adapter/cmake)
[1.081s] -- Found rosidl_generator_cpp: 3.1.4 (/home/user/ros2_humble/install/rosidl_generator_cpp/share/rosidl_generator_cpp/cmake)
[1.135s] -- Using all available rosidl_typesupport_c: rosidl_typesupport_introspection_c;rosidl_typesupport_fastrtps_c
[1.193s] -- Using all available rosidl_typesupport_cpp: rosidl_typesupport_introspection_cpp;rosidl_typesupport_fastrtps_cpp
[1.394s] -- Found rosidl_default_generators: 1.2.0 (/home/user/ros2_humble/install/rosidl_default_generators/share/rosidl_default_generators/cmake)
[2.970s] -- Found ament_cmake_ros: 0.10.0 (/home/user/ros2_humble/install/ament_cmake_ros/share/ament_cmake_ros/cmake)
[4.646s] -- Using all available rosidl_typesupport_c: rosidl_typesupport_introspection_c;rosidl_typesupport_fastrtps_c
[5.419s] -- Using all available rosidl_typesupport_cpp: rosidl_typesupport_introspection_cpp;rosidl_typesupport_fastrtps_cpp
[5.543s] -- Found python_cmake_module: 0.10.0 (/home/user/ros2_humble/install/python_cmake_module/share/python_cmake_module/cmake)
[5.670s] -- Using PYTHON_EXECUTABLE: /usr/bin/python3
[5.670s] -- Using PYTHON_INCLUDE_DIRS: /usr/include/python3.10
[5.670s] -- Using PYTHON_LIBRARIES: /usr/lib/x86_64-linux-gnu/libpython3.10.so
[6.451s] -- Found ament_lint_auto: 0.12.6 (/home/user/ros2_humble/install/ament_lint_auto/share/ament_lint_auto/cmake)
[6.471s] -- Added test 'lint_cmake' to check CMake code style
[6.474s] -- Added test 'xmllint' to check XML markup files
[6.479s] -- Configuring done
[6.570s] -- Generating done
[6.575s] -- Build files have been written to: /home/user/template_ws/build/my_interfaces
[6.766s] [  1%] [34m[1mGenerating C code for ROS interfaces[0m
[6.884s] [  2%] [34m[1mGenerating C++ code for ROS interfaces[0m
[7.111s] [  2%] Built target ament_cmake_python_symlink_my_interfaces
[8.687s] running egg_info
[8.688s] writing my_interfaces.egg-info/PKG-INFO
[8.689s] writing dependency_links to my_interfaces.egg-info/dependency_links.txt
[8.689s] writing top-level names to my_interfaces.egg-info/top_level.txt
[8.695s] reading manifest file 'my_interfaces.egg-info/SOURCES.txt'
[8.697s] writing manifest file 'my_interfaces.egg-info/SOURCES.txt'
[8.791s] [  2%] Built target ament_cmake_python_build_my_interfaces_egg
[10.285s] [  2%] Built target my_interfaces__cpp
[10.421s] [  3%] [34m[1mGenerating C++ type support dispatch for ROS interfaces[0m
[10.460s] [  4%] [34m[1mGenerating C++ type support for eProsima Fast-RTPS[0m
[11.262s] [  5%] [34m[1mGenerating C++ introspection for ROS interfaces[0m
[12.169s] [35m[1mConsolidate compiler generated dependencies of target my_interfaces__rosidl_generator_c[0m
[12.259s] [  6%] [32mBuilding C object CMakeFiles/my_interfaces__rosidl_generator_c.dir/rosidl_generator_c/my_interfaces/msg/detail/num__functions.c.o[0m
[12.458s] [  8%] [32mBuilding C object CMakeFiles/my_interfaces__rosidl_generator_c.dir/rosidl_generator_c/my_interfaces/msg/detail/sphere__functions.c.o[0m
[12.765s] [  9%] [32mBuilding C object CMakeFiles/my_interfaces__rosidl_generator_c.dir/rosidl_generator_c/my_interfaces/msg/detail/vel__functions.c.o[0m
[13.230s] [ 10%] [32mBuilding C object CMakeFiles/my_interfaces__rosidl_generator_c.dir/rosidl_generator_c/my_interfaces/msg/detail/dist__functions.c.o[0m
[13.533s] [35m[1mConsolidate compiler generated dependencies of target my_interfaces__rosidl_typesupport_cpp[0m
[13.617s] [ 11%] [32mBuilding C object CMakeFiles/my_interfaces__rosidl_generator_c.dir/rosidl_generator_c/my_interfaces/srv/detail/add_three_ints__functions.c.o[0m
[13.665s] [ 12%] [32mBuilding CXX object CMakeFiles/my_interfaces__rosidl_typesupport_cpp.dir/rosidl_typesupport_cpp/my_interfaces/msg/num__type_support.cpp.o[0m
[13.962s] [ 13%] [32mBuilding C object CMakeFiles/my_interfaces__rosidl_generator_c.dir/rosidl_generator_c/my_interfaces/srv/detail/result__functions.c.o[0m
[14.323s] [ 14%] [32mBuilding C object CMakeFiles/my_interfaces__rosidl_generator_c.dir/rosidl_generator_c/my_interfaces/action/detail/fibonacci__functions.c.o[0m
[14.732s] [ 16%] [32mBuilding CXX object CMakeFiles/my_interfaces__rosidl_typesupport_cpp.dir/rosidl_typesupport_cpp/my_interfaces/msg/sphere__type_support.cpp.o[0m
[14.794s] [ 17%] [32mBuilding C object CMakeFiles/my_interfaces__rosidl_generator_c.dir/rosidl_generator_c/my_interfaces/action/detail/fibonacci2__functions.c.o[0m
[14.839s] [35m[1mConsolidate compiler generated dependencies of target my_interfaces__rosidl_typesupport_fastrtps_cpp[0m
[15.026s] [ 18%] [32mBuilding CXX object CMakeFiles/my_interfaces__rosidl_typesupport_fastrtps_cpp.dir/rosidl_typesupport_fastrtps_cpp/my_interfaces/msg/detail/dds_fastrtps/num__type_support.cpp.o[0m
[15.283s] [ 19%] [32m[1mLinking C shared library libmy_interfaces__rosidl_generator_c.so[0m
[15.533s] [35m[1mConsolidate compiler generated dependencies of target my_interfaces__rosidl_typesupport_introspection_cpp[0m
[15.694s] [ 19%] Built target my_interfaces__rosidl_generator_c
[15.724s] [ 20%] [32mBuilding CXX object CMakeFiles/my_interfaces__rosidl_typesupport_introspection_cpp.dir/rosidl_typesupport_introspection_cpp/my_interfaces/msg/detail/num__type_support.cpp.o[0m
[15.781s] [ 21%] [34m[1mGenerating C type support for eProsima Fast-RTPS[0m
[15.840s] [ 22%] [32mBuilding CXX object CMakeFiles/my_interfaces__rosidl_typesupport_cpp.dir/rosidl_typesupport_cpp/my_interfaces/msg/vel__type_support.cpp.o[0m
[16.450s] [ 24%] [32mBuilding CXX object CMakeFiles/my_interfaces__rosidl_typesupport_fastrtps_cpp.dir/rosidl_typesupport_fastrtps_cpp/my_interfaces/msg/detail/dds_fastrtps/sphere__type_support.cpp.o[0m
[16.676s] [ 25%] [32mBuilding CXX object CMakeFiles/my_interfaces__rosidl_typesupport_cpp.dir/rosidl_typesupport_cpp/my_interfaces/msg/dist__type_support.cpp.o[0m
[17.474s] [ 26%] [32mBuilding CXX object CMakeFiles/my_interfaces__rosidl_typesupport_introspection_cpp.dir/rosidl_typesupport_introspection_cpp/my_interfaces/msg/detail/sphere__type_support.cpp.o[0m
[17.499s] [ 27%] [32mBuilding CXX object CMakeFiles/my_interfaces__rosidl_typesupport_cpp.dir/rosidl_typesupport_cpp/my_interfaces/srv/add_three_ints__type_support.cpp.o[0m
[17.657s] [ 28%] [32mBuilding CXX object CMakeFiles/my_interfaces__rosidl_typesupport_fastrtps_cpp.dir/rosidl_typesupport_fastrtps_cpp/my_interfaces/msg/detail/dds_fastrtps/vel__type_support.cpp.o[0m
[18.637s] [ 29%] [32mBuilding CXX object CMakeFiles/my_interfaces__rosidl_typesupport_fastrtps_cpp.dir/rosidl_typesupport_fastrtps_cpp/my_interfaces/msg/detail/dds_fastrtps/dist__type_support.cpp.o[0m
[18.811s] [ 31%] [32mBuilding CXX object CMakeFiles/my_interfaces__rosidl_typesupport_introspection_cpp.dir/rosidl_typesupport_introspection_cpp/my_interfaces/msg/detail/vel__type_support.cpp.o[0m
[18.856s] [ 32%] [32mBuilding CXX object CMakeFiles/my_interfaces__rosidl_typesupport_cpp.dir/rosidl_typesupport_cpp/my_interfaces/srv/result__type_support.cpp.o[0m
[19.633s] [ 33%] [32mBuilding CXX object CMakeFiles/my_interfaces__rosidl_typesupport_cpp.dir/rosidl_typesupport_cpp/my_interfaces/action/fibonacci__type_support.cpp.o[0m
[20.314s] [ 34%] [32mBuilding CXX object CMakeFiles/my_interfaces__rosidl_typesupport_fastrtps_cpp.dir/rosidl_typesupport_fastrtps_cpp/my_interfaces/srv/detail/dds_fastrtps/add_three_ints__type_support.cpp.o[0m
[20.463s] [ 35%] [32mBuilding CXX object CMakeFiles/my_interfaces__rosidl_typesupport_introspection_cpp.dir/rosidl_typesupport_introspection_cpp/my_interfaces/msg/detail/dist__type_support.cpp.o[0m
[20.874s] [ 36%] [32mBuilding CXX object CMakeFiles/my_interfaces__rosidl_typesupport_cpp.dir/rosidl_typesupport_cpp/my_interfaces/action/fibonacci2__type_support.cpp.o[0m
[20.987s] [35m[1mConsolidate compiler generated dependencies of target my_interfaces__rosidl_typesupport_fastrtps_c[0m
[21.116s] [ 37%] [32mBuilding CXX object CMakeFiles/my_interfaces__rosidl_typesupport_fastrtps_c.dir/rosidl_typesupport_fastrtps_c/my_interfaces/msg/detail/num__type_support_c.cpp.o[0m
[21.655s] [ 39%] [32mBuilding CXX object CMakeFiles/my_interfaces__rosidl_typesupport_fastrtps_cpp.dir/rosidl_typesupport_fastrtps_cpp/my_interfaces/srv/detail/dds_fastrtps/result__type_support.cpp.o[0m
[21.925s] [ 40%] [32mBuilding CXX object CMakeFiles/my_interfaces__rosidl_typesupport_introspection_cpp.dir/rosidl_typesupport_introspection_cpp/my_interfaces/srv/detail/add_three_ints__type_support.cpp.o[0m
[22.266s] [ 41%] [32mBuilding CXX object CMakeFiles/my_interfaces__rosidl_typesupport_fastrtps_c.dir/rosidl_typesupport_fastrtps_c/my_interfaces/msg/detail/sphere__type_support_c.cpp.o[0m
[22.544s] [ 42%] [32m[1mLinking CXX shared library libmy_interfaces__rosidl_typesupport_cpp.so[0m
[22.941s] [ 42%] Built target my_interfaces__rosidl_typesupport_cpp
[23.071s] [ 43%] [34m[1mGenerating C introspection for ROS interfaces[0m
[23.214s] [ 44%] [32mBuilding CXX object CMakeFiles/my_interfaces__rosidl_typesupport_introspection_cpp.dir/rosidl_typesupport_introspection_cpp/my_interfaces/srv/detail/result__type_support.cpp.o[0m
[23.330s] [ 45%] [32mBuilding CXX object CMakeFiles/my_interfaces__rosidl_typesupport_fastrtps_cpp.dir/rosidl_typesupport_fastrtps_cpp/my_interfaces/action/detail/dds_fastrtps/fibonacci__type_support.cpp.o[0m
[23.721s] [ 47%] [32mBuilding CXX object CMakeFiles/my_interfaces__rosidl_typesupport_fastrtps_c.dir/rosidl_typesupport_fastrtps_c/my_interfaces/msg/detail/vel__type_support_c.cpp.o[0m
[24.357s] [ 48%] [32mBuilding CXX object CMakeFiles/my_interfaces__rosidl_typesupport_introspection_cpp.dir/rosidl_typesupport_introspection_cpp/my_interfaces/action/detail/fibonacci__type_support.cpp.o[0m
[25.159s] [ 49%] [32mBuilding CXX object CMakeFiles/my_interfaces__rosidl_typesupport_fastrtps_c.dir/rosidl_typesupport_fastrtps_c/my_interfaces/msg/detail/dist__type_support_c.cpp.o[0m
[25.177s] [ 50%] [32mBuilding CXX object CMakeFiles/my_interfaces__rosidl_typesupport_fastrtps_cpp.dir/rosidl_typesupport_fastrtps_cpp/my_interfaces/action/detail/dds_fastrtps/fibonacci2__type_support.cpp.o[0m
[26.081s] [ 51%] [32mBuilding CXX object CMakeFiles/my_interfaces__rosidl_typesupport_introspection_cpp.dir/rosidl_typesupport_introspection_cpp/my_interfaces/action/detail/fibonacci2__type_support.cpp.o[0m
[26.345s] [ 52%] [32mBuilding CXX object CMakeFiles/my_interfaces__rosidl_typesupport_fastrtps_c.dir/rosidl_typesupport_fastrtps_c/my_interfaces/srv/detail/add_three_ints__type_support_c.cpp.o[0m
[27.417s] [ 54%] [32m[1mLinking CXX shared library libmy_interfaces__rosidl_typesupport_fastrtps_cpp.so[0m
[27.736s] [ 55%] [32mBuilding CXX object CMakeFiles/my_interfaces__rosidl_typesupport_fastrtps_c.dir/rosidl_typesupport_fastrtps_c/my_interfaces/srv/detail/result__type_support_c.cpp.o[0m
[28.046s] [ 56%] [32m[1mLinking CXX shared library libmy_interfaces__rosidl_typesupport_introspection_cpp.so[0m
[28.129s] [ 56%] Built target my_interfaces__rosidl_typesupport_fastrtps_cpp
[28.163s] [35m[1mConsolidate compiler generated dependencies of target my_interfaces__rosidl_typesupport_introspection_c[0m
[28.225s] [ 57%] [34m[1mGenerating C type support dispatch for ROS interfaces[0m
[28.336s] [ 58%] [32mBuilding C object CMakeFiles/my_interfaces__rosidl_typesupport_introspection_c.dir/rosidl_typesupport_introspection_c/my_interfaces/msg/detail/num__type_support.c.o[0m
[28.679s] [ 58%] Built target my_interfaces__rosidl_typesupport_introspection_cpp
[28.733s] [ 59%] [32mBuilding C object CMakeFiles/my_interfaces__rosidl_typesupport_introspection_c.dir/rosidl_typesupport_introspection_c/my_interfaces/msg/detail/sphere__type_support.c.o[0m
[28.765s] [ 60%] [32mBuilding CXX object CMakeFiles/my_interfaces__rosidl_typesupport_fastrtps_c.dir/rosidl_typesupport_fastrtps_c/my_interfaces/action/detail/fibonacci2__type_support_c.cpp.o[0m
[28.811s] [ 62%] [32mBuilding CXX object CMakeFiles/my_interfaces__rosidl_typesupport_fastrtps_c.dir/rosidl_typesupport_fastrtps_c/my_interfaces/action/detail/fibonacci__type_support_c.cpp.o[0m
[29.029s] [ 63%] [32mBuilding C object CMakeFiles/my_interfaces__rosidl_typesupport_introspection_c.dir/rosidl_typesupport_introspection_c/my_interfaces/msg/detail/vel__type_support.c.o[0m
[29.359s] [ 64%] [32mBuilding C object CMakeFiles/my_interfaces__rosidl_typesupport_introspection_c.dir/rosidl_typesupport_introspection_c/my_interfaces/msg/detail/dist__type_support.c.o[0m
[29.710s] [ 65%] [32mBuilding C object CMakeFiles/my_interfaces__rosidl_typesupport_introspection_c.dir/rosidl_typesupport_introspection_c/my_interfaces/srv/detail/add_three_ints__type_support.c.o[0m
[30.040s] [ 66%] [32mBuilding C object CMakeFiles/my_interfaces__rosidl_typesupport_introspection_c.dir/rosidl_typesupport_introspection_c/my_interfaces/srv/detail/result__type_support.c.o[0m
[30.062s] [ 67%] [32mBuilding C object CMakeFiles/my_interfaces__rosidl_typesupport_introspection_c.dir/rosidl_typesupport_introspection_c/my_interfaces/action/detail/fibonacci__type_support.c.o[0m
[30.084s] [ 68%] [32m[1mLinking CXX shared library libmy_interfaces__rosidl_typesupport_fastrtps_c.so[0m
[30.281s] [ 70%] [32mBuilding C object CMakeFiles/my_interfaces__rosidl_typesupport_introspection_c.dir/rosidl_typesupport_introspection_c/my_interfaces/action/detail/fibonacci2__type_support.c.o[0m
[30.427s] [ 70%] Built target my_interfaces__rosidl_typesupport_fastrtps_c
[30.516s] [ 71%] [32m[1mLinking C shared library libmy_interfaces__rosidl_typesupport_introspection_c.so[0m
[30.768s] [35m[1mConsolidate compiler generated dependencies of target my_interfaces__rosidl_typesupport_c[0m
[30.859s] [ 71%] Built target my_interfaces__rosidl_typesupport_introspection_c
[30.868s] [ 72%] [32mBuilding CXX object CMakeFiles/my_interfaces__rosidl_typesupport_c.dir/rosidl_typesupport_c/my_interfaces/msg/num__type_support.cpp.o[0m
[30.882s] [ 73%] [32mBuilding CXX object CMakeFiles/my_interfaces__rosidl_typesupport_c.dir/rosidl_typesupport_c/my_interfaces/msg/vel__type_support.cpp.o[0m
[30.895s] [ 74%] [32mBuilding CXX object CMakeFiles/my_interfaces__rosidl_typesupport_c.dir/rosidl_typesupport_c/my_interfaces/msg/sphere__type_support.cpp.o[0m
[30.938s] [ 75%] [32mBuilding CXX object CMakeFiles/my_interfaces__rosidl_typesupport_c.dir/rosidl_typesupport_c/my_interfaces/msg/dist__type_support.cpp.o[0m
[31.046s] [ 77%] [32mBuilding CXX object CMakeFiles/my_interfaces__rosidl_typesupport_c.dir/rosidl_typesupport_c/my_interfaces/srv/add_three_ints__type_support.cpp.o[0m
[31.078s] [ 78%] [32mBuilding CXX object CMakeFiles/my_interfaces__rosidl_typesupport_c.dir/rosidl_typesupport_c/my_interfaces/srv/result__type_support.cpp.o[0m
[31.103s] [ 79%] [32mBuilding CXX object CMakeFiles/my_interfaces__rosidl_typesupport_c.dir/rosidl_typesupport_c/my_interfaces/action/fibonacci__type_support.cpp.o[0m
[31.207s] [ 80%] [32mBuilding CXX object CMakeFiles/my_interfaces__rosidl_typesupport_c.dir/rosidl_typesupport_c/my_interfaces/action/fibonacci2__type_support.cpp.o[0m
[31.442s] [ 81%] [32m[1mLinking CXX shared library libmy_interfaces__rosidl_typesupport_c.so[0m
[31.579s] [ 81%] Built target my_interfaces__rosidl_typesupport_c
[31.671s] [ 81%] Built target my_interfaces
[31.769s] [ 82%] [34m[1mGenerating Python code for ROS interfaces[0m
[35.155s] [ 82%] Built target my_interfaces__py
[35.218s] [35m[1mConsolidate compiler generated dependencies of target my_interfaces__rosidl_generator_py[0m
[35.299s] [ 83%] [32mBuilding C object CMakeFiles/my_interfaces__rosidl_generator_py.dir/rosidl_generator_py/my_interfaces/msg/_sphere_s.c.o[0m
[35.309s] [ 85%] [32mBuilding C object CMakeFiles/my_interfaces__rosidl_generator_py.dir/rosidl_generator_py/my_interfaces/msg/_dist_s.c.o[0m
[35.329s] [ 86%] [32mBuilding C object CMakeFiles/my_interfaces__rosidl_generator_py.dir/rosidl_generator_py/my_interfaces/msg/_num_s.c.o[0m
[35.354s] [ 87%] [32mBuilding C object CMakeFiles/my_interfaces__rosidl_generator_py.dir/rosidl_generator_py/my_interfaces/msg/_vel_s.c.o[0m
[35.651s] [ 88%] [32mBuilding C object CMakeFiles/my_interfaces__rosidl_generator_py.dir/rosidl_generator_py/my_interfaces/srv/_add_three_ints_s.c.o[0m
[35.754s] [ 89%] [32mBuilding C object CMakeFiles/my_interfaces__rosidl_generator_py.dir/rosidl_generator_py/my_interfaces/srv/_result_s.c.o[0m
[35.784s] [ 90%] [32mBuilding C object CMakeFiles/my_interfaces__rosidl_generator_py.dir/rosidl_generator_py/my_interfaces/action/_fibonacci_s.c.o[0m
[35.819s] [ 91%] [32mBuilding C object CMakeFiles/my_interfaces__rosidl_generator_py.dir/rosidl_generator_py/my_interfaces/action/_fibonacci2_s.c.o[0m
[36.270s] [ 93%] [32m[1mLinking C shared library rosidl_generator_py/my_interfaces/libmy_interfaces__rosidl_generator_py.so[0m
[36.439s] [ 93%] Built target my_interfaces__rosidl_generator_py
[36.506s] [35m[1mConsolidate compiler generated dependencies of target my_interfaces__rosidl_typesupport_fastrtps_c__pyext[0m
[36.510s] [35m[1mConsolidate compiler generated dependencies of target my_interfaces__rosidl_typesupport_introspection_c__pyext[0m
[36.522s] [35m[1mConsolidate compiler generated dependencies of target my_interfaces__rosidl_typesupport_c__pyext[0m
[36.588s] [ 94%] [32mBuilding C object CMakeFiles/my_interfaces__rosidl_typesupport_fastrtps_c__pyext.dir/rosidl_generator_py/my_interfaces/_my_interfaces_s.ep.rosidl_typesupport_fastrtps_c.c.o[0m
[36.596s] [ 95%] [32mBuilding C object CMakeFiles/my_interfaces__rosidl_typesupport_c__pyext.dir/rosidl_generator_py/my_interfaces/_my_interfaces_s.ep.rosidl_typesupport_c.c.o[0m
[36.600s] [ 96%] [32mBuilding C object CMakeFiles/my_interfaces__rosidl_typesupport_introspection_c__pyext.dir/rosidl_generator_py/my_interfaces/_my_interfaces_s.ep.rosidl_typesupport_introspection_c.c.o[0m
[37.142s] [ 97%] [32m[1mLinking C shared library rosidl_generator_py/my_interfaces/my_interfaces_s__rosidl_typesupport_fastrtps_c.cpython-310-x86_64-linux-gnu.so[0m
[37.167s] [ 98%] [32m[1mLinking C shared library rosidl_generator_py/my_interfaces/my_interfaces_s__rosidl_typesupport_c.cpython-310-x86_64-linux-gnu.so[0m
[37.226s] [100%] [32m[1mLinking C shared library rosidl_generator_py/my_interfaces/my_interfaces_s__rosidl_typesupport_introspection_c.cpython-310-x86_64-linux-gnu.so[0m
[37.370s] [100%] Built target my_interfaces__rosidl_typesupport_c__pyext
[37.374s] [100%] Built target my_interfaces__rosidl_typesupport_fastrtps_c__pyext
[37.414s] [100%] Built target my_interfaces__rosidl_typesupport_introspection_c__pyext
[37.464s] Invoked command in '/home/user/template_ws/build/my_interfaces' returned '0': CMAKE_PREFIX_PATH=${CMAKE_PREFIX_PATH}:/home/user/template_ws/install/camera_v2_pkg:/home/user/template_ws/install/camera_srv_pkg:/home/user/template_ws/install/camera_pkg:/home/user/ros2_humble/install/rqt_bag_plugins:/home/user/ros2_humble/install/rqt_bag:/home/user/ros2_humble/install/ros2bag:/home/user/ros2_humble/install/tracetools_test:/home/user/ros2_humble/install/tracetools_launch:/home/user/ros2_humble/install/topic_monitor:/home/user/ros2_humble/install/tf2_tools:/home/user/ros2_humble/install/examples_tf2_py:/home/user/ros2_humble/install/tf2_ros_py:/home/user/ros2_humble/install/sros2:/home/user/ros2_humble/install/rqt_topic:/home/user/ros2_humble/install/rqt_srv:/home/user/ros2_humble/install/rqt_shell:/home/user/ros2_humble/install/rqt_service_caller:/home/user/ros2_humble/install/rqt_reconfigure:/home/user/ros2_humble/install/rqt_py_console:/home/user/ros2_humble/install/rqt_publisher:/home/user/ros2_humble/install/rqt_plot:/home/user/ros2_humble/install/rqt_action:/home/user/ros2_humble/install/rqt_msg:/home/user/ros2_humble/install/rqt_console:/home/user/ros2_humble/install/rqt:/home/user/ros2_humble/install/rqt_graph:/home/user/ros2_humble/install/rqt_gui_py:/home/user/ros2_humble/install/rqt_gui:/home/user/ros2_humble/install/ros2trace:/home/user/ros2_humble/install/ros2topic:/home/user/ros2_humble/install/ros2test:/home/user/ros2_humble/install/ros2component:/home/user/ros2_humble/install/ros2param:/home/user/ros2_humble/install/ros2lifecycle:/home/user/ros2_humble/install/ros2service:/home/user/ros2_humble/install/ros2run:/home/user/ros2_humble/install/ros2launch:/home/user/ros2_humble/install/ros2pkg:/home/user/ros2_humble/install/ros2node:/home/user/ros2_humble/install/ros2multicast:/home/user/ros2_humble/install/ros2interface:/home/user/ros2_humble/install/ros2doctor:/home/user/ros2_humble/install/ros2action:/home/user/ros2_humble/install/ros2cli:/home/user/ros2_humble/install/quality_of_service_demo_py:/home/user/ros2_humble/install/lifecycle_py:/home/user/ros2_humble/install/launch_testing_ros:/home/user/ros2_humble/install/launch_ros:/home/user/ros2_humble/install/examples_rclpy_pointcloud_publisher:/home/user/ros2_humble/install/examples_rclpy_minimal_subscriber:/home/user/ros2_humble/install/examples_rclpy_minimal_service:/home/user/ros2_humble/install/examples_rclpy_minimal_publisher:/home/user/ros2_humble/install/examples_rclpy_minimal_client:/home/user/ros2_humble/install/examples_rclpy_minimal_action_server:/home/user/ros2_humble/install/examples_rclpy_minimal_action_client:/home/user/ros2_humble/install/examples_rclpy_guard_conditions:/home/user/ros2_humble/install/examples_rclpy_executors:/home/user/ros2_humble/install/demo_nodes_py:/home/user/ros2_humble/install/action_tutorials_py:/home/user/ros2_humble/install/ament_uncrustify:/home/user/ros2_humble/install/tracetools_trace:/home/user/ros2_humble/install/tracetools_read:/home/user/ros2_humble/install/test_tracetools_launch:/home/user/ros2_humble/install/test_launch_ros:/home/user/ros2_humble/install/sensor_msgs_py:/home/user/ros2_humble/install/rpyutils:/home/user/ros2_humble/install/rosidl_runtime_py:/home/user/ros2_humble/install/rosidl_cli:/home/user/ros2_humble/install/launch_pytest:/home/user/ros2_humble/install/launch_testing:/home/user/ros2_humble/install/launch_yaml:/home/user/ros2_humble/install/launch_xml:/home/user/ros2_humble/install/launch:/home/user/ros2_humble/install/osrf_pycommon:/home/user/ros2_humble/install/launch_testing_examples:/home/user/ros2_humble/install/domain_coordinator:/home/user/ros2_humble/install/ament_xmllint:/home/user/ros2_humble/install/ament_pyflakes:/home/user/ros2_humble/install/ament_pycodestyle:/home/user/ros2_humble/install/ament_pep257:/home/user/ros2_humble/install/ament_pclint:/home/user/ros2_humble/install/ament_package:/home/user/ros2_humble/install/ament_mypy:/home/user/ros2_humble/install/ament_lint_cmake:/home/user/ros2_humble/install/ament_flake8:/home/user/ros2_humble/install/ament_copyright:/home/user/ros2_humble/install/ament_lint:/home/user/ros2_humble/install/ament_index_python:/home/user/ros2_humble/install/ament_cpplint:/home/user/ros2_humble/install/ament_cppcheck:/home/user/ros2_humble/install/ament_clang_tidy:/home/user/ros2_humble/install/ament_clang_format /usr/bin/cmake --build /home/user/template_ws/build/my_interfaces -- -j4 -l4
[39.207s] Invoking command in '/home/user/template_ws/build/my_interfaces': CMAKE_PREFIX_PATH=${CMAKE_PREFIX_PATH}:/home/user/template_ws/install/camera_v2_pkg:/home/user/template_ws/install/camera_srv_pkg:/home/user/template_ws/install/camera_pkg:/home/user/ros2_humble/install/rqt_bag_plugins:/home/user/ros2_humble/install/rqt_bag:/home/user/ros2_humble/install/ros2bag:/home/user/ros2_humble/install/tracetools_test:/home/user/ros2_humble/install/tracetools_launch:/home/user/ros2_humble/install/topic_monitor:/home/user/ros2_humble/install/tf2_tools:/home/user/ros2_humble/install/examples_tf2_py:/home/user/ros2_humble/install/tf2_ros_py:/home/user/ros2_humble/install/sros2:/home/user/ros2_humble/install/rqt_topic:/home/user/ros2_humble/install/rqt_srv:/home/user/ros2_humble/install/rqt_shell:/home/user/ros2_humble/install/rqt_service_caller:/home/user/ros2_humble/install/rqt_reconfigure:/home/user/ros2_humble/install/rqt_py_console:/home/user/ros2_humble/install/rqt_publisher:/home/user/ros2_humble/install/rqt_plot:/home/user/ros2_humble/install/rqt_action:/home/user/ros2_humble/install/rqt_msg:/home/user/ros2_humble/install/rqt_console:/home/user/ros2_humble/install/rqt:/home/user/ros2_humble/install/rqt_graph:/home/user/ros2_humble/install/rqt_gui_py:/home/user/ros2_humble/install/rqt_gui:/home/user/ros2_humble/install/ros2trace:/home/user/ros2_humble/install/ros2topic:/home/user/ros2_humble/install/ros2test:/home/user/ros2_humble/install/ros2component:/home/user/ros2_humble/install/ros2param:/home/user/ros2_humble/install/ros2lifecycle:/home/user/ros2_humble/install/ros2service:/home/user/ros2_humble/install/ros2run:/home/user/ros2_humble/install/ros2launch:/home/user/ros2_humble/install/ros2pkg:/home/user/ros2_humble/install/ros2node:/home/user/ros2_humble/install/ros2multicast:/home/user/ros2_humble/install/ros2interface:/home/user/ros2_humble/install/ros2doctor:/home/user/ros2_humble/install/ros2action:/home/user/ros2_humble/install/ros2cli:/home/user/ros2_humble/install/quality_of_service_demo_py:/home/user/ros2_humble/install/lifecycle_py:/home/user/ros2_humble/install/launch_testing_ros:/home/user/ros2_humble/install/launch_ros:/home/user/ros2_humble/install/examples_rclpy_pointcloud_publisher:/home/user/ros2_humble/install/examples_rclpy_minimal_subscriber:/home/user/ros2_humble/install/examples_rclpy_minimal_service:/home/user/ros2_humble/install/examples_rclpy_minimal_publisher:/home/user/ros2_humble/install/examples_rclpy_minimal_client:/home/user/ros2_humble/install/examples_rclpy_minimal_action_server:/home/user/ros2_humble/install/examples_rclpy_minimal_action_client:/home/user/ros2_humble/install/examples_rclpy_guard_conditions:/home/user/ros2_humble/install/examples_rclpy_executors:/home/user/ros2_humble/install/demo_nodes_py:/home/user/ros2_humble/install/action_tutorials_py:/home/user/ros2_humble/install/ament_uncrustify:/home/user/ros2_humble/install/tracetools_trace:/home/user/ros2_humble/install/tracetools_read:/home/user/ros2_humble/install/test_tracetools_launch:/home/user/ros2_humble/install/test_launch_ros:/home/user/ros2_humble/install/sensor_msgs_py:/home/user/ros2_humble/install/rpyutils:/home/user/ros2_humble/install/rosidl_runtime_py:/home/user/ros2_humble/install/rosidl_cli:/home/user/ros2_humble/install/launch_pytest:/home/user/ros2_humble/install/launch_testing:/home/user/ros2_humble/install/launch_yaml:/home/user/ros2_humble/install/launch_xml:/home/user/ros2_humble/install/launch:/home/user/ros2_humble/install/osrf_pycommon:/home/user/ros2_humble/install/launch_testing_examples:/home/user/ros2_humble/install/domain_coordinator:/home/user/ros2_humble/install/ament_xmllint:/home/user/ros2_humble/install/ament_pyflakes:/home/user/ros2_humble/install/ament_pycodestyle:/home/user/ros2_humble/install/ament_pep257:/home/user/ros2_humble/install/ament_pclint:/home/user/ros2_humble/install/ament_package:/home/user/ros2_humble/install/ament_mypy:/home/user/ros2_humble/install/ament_lint_cmake:/home/user/ros2_humble/install/ament_flake8:/home/user/ros2_humble/install/ament_copyright:/home/user/ros2_humble/install/ament_lint:/home/user/ros2_humble/install/ament_index_python:/home/user/ros2_humble/install/ament_cpplint:/home/user/ros2_humble/install/ament_cppcheck:/home/user/ros2_humble/install/ament_clang_tidy:/home/user/ros2_humble/install/ament_clang_format /usr/bin/cmake --install /home/user/template_ws/build/my_interfaces
[39.241s] -- Install configuration: ""
[39.241s] -- Execute custom install script
[39.242s] -- Up-to-date symlink: /home/user/template_ws/install/my_interfaces/share/ament_index/resource_index/rosidl_interfaces/my_interfaces
[39.243s] -- Symlinking: /home/user/template_ws/install/my_interfaces/include/my_interfaces/my_interfaces/action/detail/fibonacci2__functions.h
[39.275s] -- Symlinking: /home/user/template_ws/install/my_interfaces/include/my_interfaces/my_interfaces/action/detail/fibonacci2__struct.h
[39.306s] -- Symlinking: /home/user/template_ws/install/my_interfaces/include/my_interfaces/my_interfaces/action/detail/fibonacci2__type_support.h
[39.341s] -- Up-to-date symlink: /home/user/template_ws/install/my_interfaces/include/my_interfaces/my_interfaces/action/detail/fibonacci__functions.h
[39.341s] -- Up-to-date symlink: /home/user/template_ws/install/my_interfaces/include/my_interfaces/my_interfaces/action/detail/fibonacci__struct.h
[39.341s] -- Up-to-date symlink: /home/user/template_ws/install/my_interfaces/include/my_interfaces/my_interfaces/action/detail/fibonacci__type_support.h
[39.341s] -- Up-to-date symlink: /home/user/template_ws/install/my_interfaces/include/my_interfaces/my_interfaces/action/fibonacci.h
[39.342s] -- Symlinking: /home/user/template_ws/install/my_interfaces/include/my_interfaces/my_interfaces/action/fibonacci2.h
[39.374s] -- Up-to-date symlink: /home/user/template_ws/install/my_interfaces/include/my_interfaces/my_interfaces/msg/detail/dist__functions.h
[39.374s] -- Up-to-date symlink: /home/user/template_ws/install/my_interfaces/include/my_interfaces/my_interfaces/msg/detail/dist__struct.h
[39.375s] -- Up-to-date symlink: /home/user/template_ws/install/my_interfaces/include/my_interfaces/my_interfaces/msg/detail/dist__type_support.h
[39.375s] -- Up-to-date symlink: /home/user/template_ws/install/my_interfaces/include/my_interfaces/my_interfaces/msg/detail/num__functions.h
[39.375s] -- Up-to-date symlink: /home/user/template_ws/install/my_interfaces/include/my_interfaces/my_interfaces/msg/detail/num__struct.h
[39.376s] -- Up-to-date symlink: /home/user/template_ws/install/my_interfaces/include/my_interfaces/my_interfaces/msg/detail/num__type_support.h
[39.376s] -- Up-to-date symlink: /home/user/template_ws/install/my_interfaces/include/my_interfaces/my_interfaces/msg/detail/sphere__functions.h
[39.376s] -- Up-to-date symlink: /home/user/template_ws/install/my_interfaces/include/my_interfaces/my_interfaces/msg/detail/sphere__struct.h
[39.376s] -- Up-to-date symlink: /home/user/template_ws/install/my_interfaces/include/my_interfaces/my_interfaces/msg/detail/sphere__type_support.h
[39.376s] -- Up-to-date symlink: /home/user/template_ws/install/my_interfaces/include/my_interfaces/my_interfaces/msg/detail/vel__functions.h
[39.377s] -- Up-to-date symlink: /home/user/template_ws/install/my_interfaces/include/my_interfaces/my_interfaces/msg/detail/vel__struct.h
[39.377s] -- Up-to-date symlink: /home/user/template_ws/install/my_interfaces/include/my_interfaces/my_interfaces/msg/detail/vel__type_support.h
[39.377s] -- Up-to-date symlink: /home/user/template_ws/install/my_interfaces/include/my_interfaces/my_interfaces/msg/dist.h
[39.378s] -- Up-to-date symlink: /home/user/template_ws/install/my_interfaces/include/my_interfaces/my_interfaces/msg/num.h
[39.378s] -- Up-to-date symlink: /home/user/template_ws/install/my_interfaces/include/my_interfaces/my_interfaces/msg/rosidl_generator_c__visibility_control.h
[39.378s] -- Up-to-date symlink: /home/user/template_ws/install/my_interfaces/include/my_interfaces/my_interfaces/msg/sphere.h
[39.379s] -- Up-to-date symlink: /home/user/template_ws/install/my_interfaces/include/my_interfaces/my_interfaces/msg/vel.h
[39.379s] -- Up-to-date symlink: /home/user/template_ws/install/my_interfaces/include/my_interfaces/my_interfaces/srv/add_three_ints.h
[39.379s] -- Up-to-date symlink: /home/user/template_ws/install/my_interfaces/include/my_interfaces/my_interfaces/srv/bool.h
[39.380s] -- Up-to-date symlink: /home/user/template_ws/install/my_interfaces/include/my_interfaces/my_interfaces/srv/detail/add_three_ints__functions.h
[39.380s] -- Up-to-date symlink: /home/user/template_ws/install/my_interfaces/include/my_interfaces/my_interfaces/srv/detail/add_three_ints__struct.h
[39.380s] -- Up-to-date symlink: /home/user/template_ws/install/my_interfaces/include/my_interfaces/my_interfaces/srv/detail/add_three_ints__type_support.h
[39.381s] -- Up-to-date symlink: /home/user/template_ws/install/my_interfaces/include/my_interfaces/my_interfaces/srv/detail/bool__functions.h
[39.381s] -- Up-to-date symlink: /home/user/template_ws/install/my_interfaces/include/my_interfaces/my_interfaces/srv/detail/bool__struct.h
[39.381s] -- Up-to-date symlink: /home/user/template_ws/install/my_interfaces/include/my_interfaces/my_interfaces/srv/detail/bool__type_support.h
[39.381s] -- Up-to-date symlink: /home/user/template_ws/install/my_interfaces/include/my_interfaces/my_interfaces/srv/detail/result__functions.h
[39.382s] -- Up-to-date symlink: /home/user/template_ws/install/my_interfaces/include/my_interfaces/my_interfaces/srv/detail/result__struct.h
[39.382s] -- Up-to-date symlink: /home/user/template_ws/install/my_interfaces/include/my_interfaces/my_interfaces/srv/detail/result__type_support.h
[39.382s] -- Up-to-date symlink: /home/user/template_ws/install/my_interfaces/include/my_interfaces/my_interfaces/srv/result.h
[39.383s] -- Up-to-date symlink: /home/user/template_ws/install/my_interfaces/share/my_interfaces/environment/library_path.sh
[39.383s] -- Up-to-date symlink: /home/user/template_ws/install/my_interfaces/share/my_interfaces/environment/library_path.dsv
[39.384s] -- Symlinking: /home/user/template_ws/install/my_interfaces/include/my_interfaces/my_interfaces/action/detail/fibonacci2__rosidl_typesupport_fastrtps_c.h
[39.417s] -- Up-to-date symlink: /home/user/template_ws/install/my_interfaces/include/my_interfaces/my_interfaces/action/detail/fibonacci__rosidl_typesupport_fastrtps_c.h
[39.417s] -- Up-to-date symlink: /home/user/template_ws/install/my_interfaces/include/my_interfaces/my_interfaces/msg/detail/dist__rosidl_typesupport_fastrtps_c.h
[39.418s] -- Up-to-date symlink: /home/user/template_ws/install/my_interfaces/include/my_interfaces/my_interfaces/msg/detail/num__rosidl_typesupport_fastrtps_c.h
[39.418s] -- Up-to-date symlink: /home/user/template_ws/install/my_interfaces/include/my_interfaces/my_interfaces/msg/detail/sphere__rosidl_typesupport_fastrtps_c.h
[39.418s] -- Up-to-date symlink: /home/user/template_ws/install/my_interfaces/include/my_interfaces/my_interfaces/msg/detail/vel__rosidl_typesupport_fastrtps_c.h
[39.418s] -- Up-to-date symlink: /home/user/template_ws/install/my_interfaces/include/my_interfaces/my_interfaces/msg/rosidl_typesupport_fastrtps_c__visibility_control.h
[39.418s] -- Up-to-date symlink: /home/user/template_ws/install/my_interfaces/include/my_interfaces/my_interfaces/srv/detail/add_three_ints__rosidl_typesupport_fastrtps_c.h
[39.419s] -- Up-to-date symlink: /home/user/template_ws/install/my_interfaces/include/my_interfaces/my_interfaces/srv/detail/result__rosidl_typesupport_fastrtps_c.h
[39.420s] -- Symlinking: /home/user/template_ws/install/my_interfaces/include/my_interfaces/my_interfaces/action/detail/fibonacci2__builder.hpp
[39.466s] -- Symlinking: /home/user/template_ws/install/my_interfaces/include/my_interfaces/my_interfaces/action/detail/fibonacci2__struct.hpp
[39.506s] -- Symlinking: /home/user/template_ws/install/my_interfaces/include/my_interfaces/my_interfaces/action/detail/fibonacci2__traits.hpp
[39.550s] -- Up-to-date symlink: /home/user/template_ws/install/my_interfaces/include/my_interfaces/my_interfaces/action/detail/fibonacci__builder.hpp
[39.550s] -- Up-to-date symlink: /home/user/template_ws/install/my_interfaces/include/my_interfaces/my_interfaces/action/detail/fibonacci__struct.hpp
[39.551s] -- Up-to-date symlink: /home/user/template_ws/install/my_interfaces/include/my_interfaces/my_interfaces/action/detail/fibonacci__traits.hpp
[39.551s] -- Up-to-date symlink: /home/user/template_ws/install/my_interfaces/include/my_interfaces/my_interfaces/action/fibonacci.hpp
[39.551s] -- Symlinking: /home/user/template_ws/install/my_interfaces/include/my_interfaces/my_interfaces/action/fibonacci2.hpp
[39.595s] -- Up-to-date symlink: /home/user/template_ws/install/my_interfaces/include/my_interfaces/my_interfaces/msg/detail/dist__builder.hpp
[39.596s] -- Up-to-date symlink: /home/user/template_ws/install/my_interfaces/include/my_interfaces/my_interfaces/msg/detail/dist__struct.hpp
[39.596s] -- Up-to-date symlink: /home/user/template_ws/install/my_interfaces/include/my_interfaces/my_interfaces/msg/detail/dist__traits.hpp
[39.597s] -- Up-to-date symlink: /home/user/template_ws/install/my_interfaces/include/my_interfaces/my_interfaces/msg/detail/num__builder.hpp
[39.597s] -- Up-to-date symlink: /home/user/template_ws/install/my_interfaces/include/my_interfaces/my_interfaces/msg/detail/num__struct.hpp
[39.597s] -- Up-to-date symlink: /home/user/template_ws/install/my_interfaces/include/my_interfaces/my_interfaces/msg/detail/num__traits.hpp
[39.598s] -- Up-to-date symlink: /home/user/template_ws/install/my_interfaces/include/my_interfaces/my_interfaces/msg/detail/sphere__builder.hpp
[39.598s] -- Up-to-date symlink: /home/user/template_ws/install/my_interfaces/include/my_interfaces/my_interfaces/msg/detail/sphere__struct.hpp
[39.599s] -- Up-to-date symlink: /home/user/template_ws/install/my_interfaces/include/my_interfaces/my_interfaces/msg/detail/sphere__traits.hpp
[39.600s] -- Up-to-date symlink: /home/user/template_ws/install/my_interfaces/include/my_interfaces/my_interfaces/msg/detail/vel__builder.hpp
[39.600s] -- Up-to-date symlink: /home/user/template_ws/install/my_interfaces/include/my_interfaces/my_interfaces/msg/detail/vel__struct.hpp
[39.601s] -- Up-to-date symlink: /home/user/template_ws/install/my_interfaces/include/my_interfaces/my_interfaces/msg/detail/vel__traits.hpp
[39.601s] -- Up-to-date symlink: /home/user/template_ws/install/my_interfaces/include/my_interfaces/my_interfaces/msg/dist.hpp
[39.601s] -- Up-to-date symlink: /home/user/template_ws/install/my_interfaces/include/my_interfaces/my_interfaces/msg/num.hpp
[39.602s] -- Up-to-date symlink: /home/user/template_ws/install/my_interfaces/include/my_interfaces/my_interfaces/msg/sphere.hpp
[39.602s] -- Up-to-date symlink: /home/user/template_ws/install/my_interfaces/include/my_interfaces/my_interfaces/msg/vel.hpp
[39.602s] -- Up-to-date symlink: /home/user/template_ws/install/my_interfaces/include/my_interfaces/my_interfaces/srv/add_three_ints.hpp
[39.604s] -- Up-to-date symlink: /home/user/template_ws/install/my_interfaces/include/my_interfaces/my_interfaces/srv/bool.hpp
[39.605s] -- Up-to-date symlink: /home/user/template_ws/install/my_interfaces/include/my_interfaces/my_interfaces/srv/detail/add_three_ints__builder.hpp
[39.606s] -- Up-to-date symlink: /home/user/template_ws/install/my_interfaces/include/my_interfaces/my_interfaces/srv/detail/add_three_ints__struct.hpp
[39.606s] -- Up-to-date symlink: /home/user/template_ws/install/my_interfaces/include/my_interfaces/my_interfaces/srv/detail/add_three_ints__traits.hpp
[39.606s] -- Up-to-date symlink: /home/user/template_ws/install/my_interfaces/include/my_interfaces/my_interfaces/srv/detail/bool__builder.hpp
[39.606s] -- Up-to-date symlink: /home/user/template_ws/install/my_interfaces/include/my_interfaces/my_interfaces/srv/detail/bool__struct.hpp
[39.606s] -- Up-to-date symlink: /home/user/template_ws/install/my_interfaces/include/my_interfaces/my_interfaces/srv/detail/bool__traits.hpp
[39.606s] -- Up-to-date symlink: /home/user/template_ws/install/my_interfaces/include/my_interfaces/my_interfaces/srv/detail/result__builder.hpp
[39.607s] -- Up-to-date symlink: /home/user/template_ws/install/my_interfaces/include/my_interfaces/my_interfaces/srv/detail/result__struct.hpp
[39.607s] -- Up-to-date symlink: /home/user/template_ws/install/my_interfaces/include/my_interfaces/my_interfaces/srv/detail/result__traits.hpp
[39.607s] -- Up-to-date symlink: /home/user/template_ws/install/my_interfaces/include/my_interfaces/my_interfaces/srv/result.hpp
[39.607s] -- Symlinking: /home/user/template_ws/install/my_interfaces/include/my_interfaces/my_interfaces/action/detail/fibonacci2__rosidl_typesupport_fastrtps_cpp.hpp
[39.651s] -- Up-to-date symlink: /home/user/template_ws/install/my_interfaces/include/my_interfaces/my_interfaces/action/detail/fibonacci__rosidl_typesupport_fastrtps_cpp.hpp
[39.652s] -- Up-to-date symlink: /home/user/template_ws/install/my_interfaces/include/my_interfaces/my_interfaces/msg/detail/dist__rosidl_typesupport_fastrtps_cpp.hpp
[39.652s] -- Up-to-date symlink: /home/user/template_ws/install/my_interfaces/include/my_interfaces/my_interfaces/msg/detail/num__rosidl_typesupport_fastrtps_cpp.hpp
[39.653s] -- Up-to-date symlink: /home/user/template_ws/install/my_interfaces/include/my_interfaces/my_interfaces/msg/detail/sphere__rosidl_typesupport_fastrtps_cpp.hpp
[39.654s] -- Up-to-date symlink: /home/user/template_ws/install/my_interfaces/include/my_interfaces/my_interfaces/msg/detail/vel__rosidl_typesupport_fastrtps_cpp.hpp
[39.654s] -- Up-to-date symlink: /home/user/template_ws/install/my_interfaces/include/my_interfaces/my_interfaces/msg/rosidl_typesupport_fastrtps_cpp__visibility_control.h
[39.655s] -- Up-to-date symlink: /home/user/template_ws/install/my_interfaces/include/my_interfaces/my_interfaces/srv/detail/add_three_ints__rosidl_typesupport_fastrtps_cpp.hpp
[39.655s] -- Up-to-date symlink: /home/user/template_ws/install/my_interfaces/include/my_interfaces/my_interfaces/srv/detail/bool__rosidl_typesupport_fastrtps_cpp.hpp
[39.656s] -- Up-to-date symlink: /home/user/template_ws/install/my_interfaces/include/my_interfaces/my_interfaces/srv/detail/result__rosidl_typesupport_fastrtps_cpp.hpp
[39.657s] -- Symlinking: /home/user/template_ws/install/my_interfaces/include/my_interfaces/my_interfaces/action/detail/fibonacci2__rosidl_typesupport_introspection_c.h
[39.698s] -- Up-to-date symlink: /home/user/template_ws/install/my_interfaces/include/my_interfaces/my_interfaces/action/detail/fibonacci__rosidl_typesupport_introspection_c.h
[39.698s] -- Up-to-date symlink: /home/user/template_ws/install/my_interfaces/include/my_interfaces/my_interfaces/msg/detail/dist__rosidl_typesupport_introspection_c.h
[39.699s] -- Up-to-date symlink: /home/user/template_ws/install/my_interfaces/include/my_interfaces/my_interfaces/msg/detail/num__rosidl_typesupport_introspection_c.h
[39.699s] -- Up-to-date symlink: /home/user/template_ws/install/my_interfaces/include/my_interfaces/my_interfaces/msg/detail/sphere__rosidl_typesupport_introspection_c.h
[39.700s] -- Up-to-date symlink: /home/user/template_ws/install/my_interfaces/include/my_interfaces/my_interfaces/msg/detail/vel__rosidl_typesupport_introspection_c.h
[39.700s] -- Up-to-date symlink: /home/user/template_ws/install/my_interfaces/include/my_interfaces/my_interfaces/msg/rosidl_typesupport_introspection_c__visibility_control.h
[39.700s] -- Up-to-date symlink: /home/user/template_ws/install/my_interfaces/include/my_interfaces/my_interfaces/srv/detail/add_three_ints__rosidl_typesupport_introspection_c.h
[39.700s] -- Up-to-date symlink: /home/user/template_ws/install/my_interfaces/include/my_interfaces/my_interfaces/srv/detail/result__rosidl_typesupport_introspection_c.h
[39.701s] -- Symlinking: /home/user/template_ws/install/my_interfaces/include/my_interfaces/my_interfaces/action/detail/fibonacci2__rosidl_typesupport_introspection_cpp.hpp
[39.745s] -- Up-to-date symlink: /home/user/template_ws/install/my_interfaces/include/my_interfaces/my_interfaces/action/detail/fibonacci__rosidl_typesupport_introspection_cpp.hpp
[39.746s] -- Up-to-date symlink: /home/user/template_ws/install/my_interfaces/include/my_interfaces/my_interfaces/msg/detail/dist__rosidl_typesupport_introspection_cpp.hpp
[39.747s] -- Up-to-date symlink: /home/user/template_ws/install/my_interfaces/include/my_interfaces/my_interfaces/msg/detail/num__rosidl_typesupport_introspection_cpp.hpp
[39.747s] -- Up-to-date symlink: /home/user/template_ws/install/my_interfaces/include/my_interfaces/my_interfaces/msg/detail/sphere__rosidl_typesupport_introspection_cpp.hpp
[39.747s] -- Up-to-date symlink: /home/user/template_ws/install/my_interfaces/include/my_interfaces/my_interfaces/msg/detail/vel__rosidl_typesupport_introspection_cpp.hpp
[39.747s] -- Up-to-date symlink: /home/user/template_ws/install/my_interfaces/include/my_interfaces/my_interfaces/srv/detail/add_three_ints__rosidl_typesupport_introspection_cpp.hpp
[39.747s] -- Up-to-date symlink: /home/user/template_ws/install/my_interfaces/include/my_interfaces/my_interfaces/srv/detail/bool__rosidl_typesupport_introspection_cpp.hpp
[39.748s] -- Up-to-date symlink: /home/user/template_ws/install/my_interfaces/include/my_interfaces/my_interfaces/srv/detail/result__rosidl_typesupport_introspection_cpp.hpp
[39.748s] -- Up-to-date symlink: /home/user/template_ws/install/my_interfaces/share/my_interfaces/environment/pythonpath.sh
[39.748s] -- Up-to-date symlink: /home/user/template_ws/install/my_interfaces/share/my_interfaces/environment/pythonpath.dsv
[39.749s] -- Up-to-date symlink: /home/user/template_ws/install/my_interfaces/local/lib/python3.10/dist-packages/my_interfaces-0.0.0-py3.10.egg-info/PKG-INFO
[39.750s] -- Up-to-date symlink: /home/user/template_ws/install/my_interfaces/local/lib/python3.10/dist-packages/my_interfaces-0.0.0-py3.10.egg-info/SOURCES.txt
[39.750s] -- Up-to-date symlink: /home/user/template_ws/install/my_interfaces/local/lib/python3.10/dist-packages/my_interfaces-0.0.0-py3.10.egg-info/dependency_links.txt
[39.750s] -- Up-to-date symlink: /home/user/template_ws/install/my_interfaces/local/lib/python3.10/dist-packages/my_interfaces-0.0.0-py3.10.egg-info/top_level.txt
[39.752s] -- Up-to-date symlink: /home/user/template_ws/install/my_interfaces/local/lib/python3.10/dist-packages/my_interfaces/__init__.py
[39.753s] -- Up-to-date symlink: /home/user/template_ws/install/my_interfaces/local/lib/python3.10/dist-packages/my_interfaces/_my_interfaces_s.ep.rosidl_typesupport_c.c
[39.753s] -- Up-to-date symlink: /home/user/template_ws/install/my_interfaces/local/lib/python3.10/dist-packages/my_interfaces/_my_interfaces_s.ep.rosidl_typesupport_fastrtps_c.c
[39.753s] -- Up-to-date symlink: /home/user/template_ws/install/my_interfaces/local/lib/python3.10/dist-packages/my_interfaces/_my_interfaces_s.ep.rosidl_typesupport_introspection_c.c
[39.753s] -- Up-to-date symlink: /home/user/template_ws/install/my_interfaces/local/lib/python3.10/dist-packages/my_interfaces/action/__init__.py
[39.754s] -- Up-to-date symlink: /home/user/template_ws/install/my_interfaces/local/lib/python3.10/dist-packages/my_interfaces/action/_fibonacci.py
[39.754s] -- Symlinking: /home/user/template_ws/install/my_interfaces/local/lib/python3.10/dist-packages/my_interfaces/action/_fibonacci2.py
[39.799s] -- Symlinking: /home/user/template_ws/install/my_interfaces/local/lib/python3.10/dist-packages/my_interfaces/action/_fibonacci2_s.c
[39.842s] -- Up-to-date symlink: /home/user/template_ws/install/my_interfaces/local/lib/python3.10/dist-packages/my_interfaces/action/_fibonacci_s.c
[39.842s] -- Up-to-date symlink: /home/user/template_ws/install/my_interfaces/local/lib/python3.10/dist-packages/my_interfaces/libmy_interfaces__rosidl_generator_py.so
[39.842s] -- Up-to-date symlink: /home/user/template_ws/install/my_interfaces/local/lib/python3.10/dist-packages/my_interfaces/msg/__init__.py
[39.843s] -- Up-to-date symlink: /home/user/template_ws/install/my_interfaces/local/lib/python3.10/dist-packages/my_interfaces/msg/_dist.py
[39.843s] -- Up-to-date symlink: /home/user/template_ws/install/my_interfaces/local/lib/python3.10/dist-packages/my_interfaces/msg/_dist_s.c
[39.843s] -- Up-to-date symlink: /home/user/template_ws/install/my_interfaces/local/lib/python3.10/dist-packages/my_interfaces/msg/_num.py
[39.843s] -- Up-to-date symlink: /home/user/template_ws/install/my_interfaces/local/lib/python3.10/dist-packages/my_interfaces/msg/_num_s.c
[39.844s] -- Up-to-date symlink: /home/user/template_ws/install/my_interfaces/local/lib/python3.10/dist-packages/my_interfaces/msg/_sphere.py
[39.844s] -- Up-to-date symlink: /home/user/template_ws/install/my_interfaces/local/lib/python3.10/dist-packages/my_interfaces/msg/_sphere_s.c
[39.844s] -- Up-to-date symlink: /home/user/template_ws/install/my_interfaces/local/lib/python3.10/dist-packages/my_interfaces/msg/_vel.py
[39.844s] -- Up-to-date symlink: /home/user/template_ws/install/my_interfaces/local/lib/python3.10/dist-packages/my_interfaces/msg/_vel_s.c
[39.845s] -- Up-to-date symlink: /home/user/template_ws/install/my_interfaces/local/lib/python3.10/dist-packages/my_interfaces/my_interfaces_s__rosidl_typesupport_c.cpython-310-x86_64-linux-gnu.so
[39.845s] -- Up-to-date symlink: /home/user/template_ws/install/my_interfaces/local/lib/python3.10/dist-packages/my_interfaces/my_interfaces_s__rosidl_typesupport_fastrtps_c.cpython-310-x86_64-linux-gnu.so
[39.845s] -- Up-to-date symlink: /home/user/template_ws/install/my_interfaces/local/lib/python3.10/dist-packages/my_interfaces/my_interfaces_s__rosidl_typesupport_introspection_c.cpython-310-x86_64-linux-gnu.so
[39.845s] -- Up-to-date symlink: /home/user/template_ws/install/my_interfaces/local/lib/python3.10/dist-packages/my_interfaces/srv/__init__.py
[39.846s] -- Up-to-date symlink: /home/user/template_ws/install/my_interfaces/local/lib/python3.10/dist-packages/my_interfaces/srv/_add_three_ints.py
[39.846s] -- Up-to-date symlink: /home/user/template_ws/install/my_interfaces/local/lib/python3.10/dist-packages/my_interfaces/srv/_add_three_ints_s.c
[39.846s] -- Up-to-date symlink: /home/user/template_ws/install/my_interfaces/local/lib/python3.10/dist-packages/my_interfaces/srv/_result.py
[39.847s] -- Up-to-date symlink: /home/user/template_ws/install/my_interfaces/local/lib/python3.10/dist-packages/my_interfaces/srv/_result_s.c
[39.847s] -- Up-to-date symlink: /home/user/template_ws/install/my_interfaces/local/lib/python3.10/dist-packages/my_interfaces/my_interfaces_s__rosidl_typesupport_introspection_c.cpython-310-x86_64-linux-gnu.so
[39.848s] -- Up-to-date symlink: /home/user/template_ws/install/my_interfaces/local/lib/python3.10/dist-packages/my_interfaces/my_interfaces_s__rosidl_typesupport_fastrtps_c.cpython-310-x86_64-linux-gnu.so
[39.848s] -- Up-to-date symlink: /home/user/template_ws/install/my_interfaces/local/lib/python3.10/dist-packages/my_interfaces/my_interfaces_s__rosidl_typesupport_c.cpython-310-x86_64-linux-gnu.so
[39.849s] -- Up-to-date symlink: /home/user/template_ws/install/my_interfaces/share/my_interfaces/msg/Num.idl
[39.849s] -- Up-to-date symlink: /home/user/template_ws/install/my_interfaces/share/my_interfaces/msg/Sphere.idl
[39.849s] -- Up-to-date symlink: /home/user/template_ws/install/my_interfaces/share/my_interfaces/msg/Vel.idl
[39.850s] -- Up-to-date symlink: /home/user/template_ws/install/my_interfaces/share/my_interfaces/msg/Dist.idl
[39.850s] -- Up-to-date symlink: /home/user/template_ws/install/my_interfaces/share/my_interfaces/srv/AddThreeInts.idl
[39.850s] -- Up-to-date symlink: /home/user/template_ws/install/my_interfaces/share/my_interfaces/srv/Result.idl
[39.851s] -- Up-to-date symlink: /home/user/template_ws/install/my_interfaces/share/my_interfaces/action/Fibonacci.idl
[39.852s] -- Symlinking: /home/user/template_ws/install/my_interfaces/share/my_interfaces/action/Fibonacci2.idl
[39.901s] -- Up-to-date symlink: /home/user/template_ws/install/my_interfaces/share/my_interfaces/msg/Num.msg
[39.901s] -- Up-to-date symlink: /home/user/template_ws/install/my_interfaces/share/my_interfaces/msg/Sphere.msg
[39.901s] -- Up-to-date symlink: /home/user/template_ws/install/my_interfaces/share/my_interfaces/msg/Vel.msg
[39.901s] -- Up-to-date symlink: /home/user/template_ws/install/my_interfaces/share/my_interfaces/msg/Dist.msg
[39.902s] -- Up-to-date symlink: /home/user/template_ws/install/my_interfaces/share/my_interfaces/srv/AddThreeInts.srv
[39.902s] -- Up-to-date symlink: /home/user/template_ws/install/my_interfaces/share/my_interfaces/srv/AddThreeInts_Request.msg
[39.903s] -- Up-to-date symlink: /home/user/template_ws/install/my_interfaces/share/my_interfaces/srv/AddThreeInts_Response.msg
[39.903s] -- Up-to-date symlink: /home/user/template_ws/install/my_interfaces/share/my_interfaces/srv/Result.srv
[39.903s] -- Up-to-date symlink: /home/user/template_ws/install/my_interfaces/share/my_interfaces/srv/Result_Request.msg
[39.904s] -- Up-to-date symlink: /home/user/template_ws/install/my_interfaces/share/my_interfaces/srv/Result_Response.msg
[39.904s] -- Up-to-date symlink: /home/user/template_ws/install/my_interfaces/share/my_interfaces/action/Fibonacci.action
[39.904s] -- Symlinking: /home/user/template_ws/install/my_interfaces/share/my_interfaces/action/Fibonacci2.action
[39.951s] -- Up-to-date symlink: /home/user/template_ws/install/my_interfaces/share/ament_index/resource_index/package_run_dependencies/my_interfaces
[39.952s] -- Up-to-date symlink: /home/user/template_ws/install/my_interfaces/share/ament_index/resource_index/parent_prefix_path/my_interfaces
[39.953s] -- Up-to-date symlink: /home/user/template_ws/install/my_interfaces/share/my_interfaces/environment/ament_prefix_path.sh
[39.953s] -- Up-to-date symlink: /home/user/template_ws/install/my_interfaces/share/my_interfaces/environment/ament_prefix_path.dsv
[39.953s] -- Up-to-date symlink: /home/user/template_ws/install/my_interfaces/share/my_interfaces/environment/path.sh
[39.954s] -- Up-to-date symlink: /home/user/template_ws/install/my_interfaces/share/my_interfaces/environment/path.dsv
[39.954s] -- Up-to-date symlink: /home/user/template_ws/install/my_interfaces/share/my_interfaces/local_setup.bash
[39.954s] -- Up-to-date symlink: /home/user/template_ws/install/my_interfaces/share/my_interfaces/local_setup.sh
[39.954s] -- Up-to-date symlink: /home/user/template_ws/install/my_interfaces/share/my_interfaces/local_setup.zsh
[39.955s] -- Up-to-date symlink: /home/user/template_ws/install/my_interfaces/share/my_interfaces/local_setup.dsv
[39.958s] -- Symlinking: /home/user/template_ws/install/my_interfaces/share/my_interfaces/package.dsv
[39.999s] -- Up-to-date symlink: /home/user/template_ws/install/my_interfaces/share/ament_index/resource_index/packages/my_interfaces
[40.001s] -- Up-to-date symlink: /home/user/template_ws/install/my_interfaces/share/my_interfaces/cmake/rosidl_cmake-extras.cmake
[40.001s] -- Up-to-date symlink: /home/user/template_ws/install/my_interfaces/share/my_interfaces/cmake/ament_cmake_export_dependencies-extras.cmake
[40.001s] -- Up-to-date symlink: /home/user/template_ws/install/my_interfaces/share/my_interfaces/cmake/ament_cmake_export_include_directories-extras.cmake
[40.002s] -- Up-to-date symlink: /home/user/template_ws/install/my_interfaces/share/my_interfaces/cmake/ament_cmake_export_libraries-extras.cmake
[40.002s] -- Up-to-date symlink: /home/user/template_ws/install/my_interfaces/share/my_interfaces/cmake/ament_cmake_export_targets-extras.cmake
[40.003s] -- Up-to-date symlink: /home/user/template_ws/install/my_interfaces/share/my_interfaces/cmake/rosidl_cmake_export_typesupport_targets-extras.cmake
[40.003s] -- Up-to-date symlink: /home/user/template_ws/install/my_interfaces/share/my_interfaces/cmake/rosidl_cmake_export_typesupport_libraries-extras.cmake
[40.003s] -- Up-to-date symlink: /home/user/template_ws/install/my_interfaces/share/my_interfaces/cmake/my_interfacesConfig.cmake
[40.003s] -- Up-to-date symlink: /home/user/template_ws/install/my_interfaces/share/my_interfaces/cmake/my_interfacesConfig-version.cmake
[40.003s] -- Up-to-date symlink: /home/user/template_ws/install/my_interfaces/share/my_interfaces/package.xml
[40.004s] -- Installing: /home/user/template_ws/install/my_interfaces/lib/libmy_interfaces__rosidl_generator_c.so
[40.005s] -- Set runtime path of "/home/user/template_ws/install/my_interfaces/lib/libmy_interfaces__rosidl_generator_c.so" to ""
[40.006s] -- Installing: /home/user/template_ws/install/my_interfaces/lib/libmy_interfaces__rosidl_typesupport_fastrtps_c.so
[40.007s] -- Set runtime path of "/home/user/template_ws/install/my_interfaces/lib/libmy_interfaces__rosidl_typesupport_fastrtps_c.so" to ""
[40.007s] -- Installing: /home/user/template_ws/install/my_interfaces/lib/libmy_interfaces__rosidl_typesupport_fastrtps_cpp.so
[40.009s] -- Set runtime path of "/home/user/template_ws/install/my_interfaces/lib/libmy_interfaces__rosidl_typesupport_fastrtps_cpp.so" to ""
[40.009s] -- Installing: /home/user/template_ws/install/my_interfaces/lib/libmy_interfaces__rosidl_typesupport_introspection_c.so
[40.010s] -- Set runtime path of "/home/user/template_ws/install/my_interfaces/lib/libmy_interfaces__rosidl_typesupport_introspection_c.so" to ""
[40.011s] -- Installing: /home/user/template_ws/install/my_interfaces/lib/libmy_interfaces__rosidl_typesupport_c.so
[40.012s] -- Set runtime path of "/home/user/template_ws/install/my_interfaces/lib/libmy_interfaces__rosidl_typesupport_c.so" to ""
[40.012s] -- Installing: /home/user/template_ws/install/my_interfaces/lib/libmy_interfaces__rosidl_typesupport_introspection_cpp.so
[40.014s] -- Set runtime path of "/home/user/template_ws/install/my_interfaces/lib/libmy_interfaces__rosidl_typesupport_introspection_cpp.so" to ""
[40.014s] -- Installing: /home/user/template_ws/install/my_interfaces/lib/libmy_interfaces__rosidl_typesupport_cpp.so
[40.019s] -- Set runtime path of "/home/user/template_ws/install/my_interfaces/lib/libmy_interfaces__rosidl_typesupport_cpp.so" to ""
[40.320s] Listing '/home/user/template_ws/install/my_interfaces/local/lib/python3.10/dist-packages/my_interfaces'...
[40.320s] Compiling '/home/user/template_ws/install/my_interfaces/local/lib/python3.10/dist-packages/my_interfaces/__init__.py'...
[40.321s] Listing '/home/user/template_ws/install/my_interfaces/local/lib/python3.10/dist-packages/my_interfaces/action'...
[40.321s] Compiling '/home/user/template_ws/install/my_interfaces/local/lib/python3.10/dist-packages/my_interfaces/action/__init__.py'...
[40.321s] Compiling '/home/user/template_ws/install/my_interfaces/local/lib/python3.10/dist-packages/my_interfaces/action/_fibonacci.py'...
[40.321s] Compiling '/home/user/template_ws/install/my_interfaces/local/lib/python3.10/dist-packages/my_interfaces/action/_fibonacci2.py'...
[40.321s] Listing '/home/user/template_ws/install/my_interfaces/local/lib/python3.10/dist-packages/my_interfaces/msg'...
[40.321s] Compiling '/home/user/template_ws/install/my_interfaces/local/lib/python3.10/dist-packages/my_interfaces/msg/__init__.py'...
[40.321s] Compiling '/home/user/template_ws/install/my_interfaces/local/lib/python3.10/dist-packages/my_interfaces/msg/_dist.py'...
[40.321s] Compiling '/home/user/template_ws/install/my_interfaces/local/lib/python3.10/dist-packages/my_interfaces/msg/_num.py'...
[40.322s] Compiling '/home/user/template_ws/install/my_interfaces/local/lib/python3.10/dist-packages/my_interfaces/msg/_sphere.py'...
[40.322s] Compiling '/home/user/template_ws/install/my_interfaces/local/lib/python3.10/dist-packages/my_interfaces/msg/_vel.py'...
[40.322s] Listing '/home/user/template_ws/install/my_interfaces/local/lib/python3.10/dist-packages/my_interfaces/srv'...
[40.322s] Compiling '/home/user/template_ws/install/my_interfaces/local/lib/python3.10/dist-packages/my_interfaces/srv/__init__.py'...
[40.322s] Compiling '/home/user/template_ws/install/my_interfaces/local/lib/python3.10/dist-packages/my_interfaces/srv/_add_three_ints.py'...
[40.322s] Compiling '/home/user/template_ws/install/my_interfaces/local/lib/python3.10/dist-packages/my_interfaces/srv/_result.py'...
[40.337s] -- Installing: /home/user/template_ws/install/my_interfaces/lib/libmy_interfaces__rosidl_generator_py.so
[40.337s] -- Set runtime path of "/home/user/template_ws/install/my_interfaces/lib/libmy_interfaces__rosidl_generator_py.so" to ""
[40.337s] -- Up-to-date: /home/user/template_ws/install/my_interfaces/share/my_interfaces/cmake/export_my_interfaces__rosidl_generator_cExport.cmake
[40.342s] -- Up-to-date: /home/user/template_ws/install/my_interfaces/share/my_interfaces/cmake/export_my_interfaces__rosidl_generator_cExport-noconfig.cmake
[40.343s] -- Up-to-date: /home/user/template_ws/install/my_interfaces/share/my_interfaces/cmake/export_my_interfaces__rosidl_typesupport_fastrtps_cExport.cmake
[40.343s] -- Up-to-date: /home/user/template_ws/install/my_interfaces/share/my_interfaces/cmake/export_my_interfaces__rosidl_typesupport_fastrtps_cExport-noconfig.cmake
[40.343s] -- Up-to-date: /home/user/template_ws/install/my_interfaces/share/my_interfaces/cmake/export_my_interfaces__rosidl_generator_cppExport.cmake
[40.343s] -- Up-to-date: /home/user/template_ws/install/my_interfaces/share/my_interfaces/cmake/export_my_interfaces__rosidl_typesupport_fastrtps_cppExport.cmake
[40.343s] -- Up-to-date: /home/user/template_ws/install/my_interfaces/share/my_interfaces/cmake/export_my_interfaces__rosidl_typesupport_fastrtps_cppExport-noconfig.cmake
[40.343s] -- Up-to-date: /home/user/template_ws/install/my_interfaces/share/my_interfaces/cmake/my_interfaces__rosidl_typesupport_introspection_cExport.cmake
[40.343s] -- Up-to-date: /home/user/template_ws/install/my_interfaces/share/my_interfaces/cmake/my_interfaces__rosidl_typesupport_introspection_cExport-noconfig.cmake
[40.343s] -- Up-to-date: /home/user/template_ws/install/my_interfaces/share/my_interfaces/cmake/my_interfaces__rosidl_typesupport_cExport.cmake
[40.344s] -- Up-to-date: /home/user/template_ws/install/my_interfaces/share/my_interfaces/cmake/my_interfaces__rosidl_typesupport_cExport-noconfig.cmake
[40.344s] -- Up-to-date: /home/user/template_ws/install/my_interfaces/share/my_interfaces/cmake/my_interfaces__rosidl_typesupport_introspection_cppExport.cmake
[40.344s] -- Up-to-date: /home/user/template_ws/install/my_interfaces/share/my_interfaces/cmake/my_interfaces__rosidl_typesupport_introspection_cppExport-noconfig.cmake
[40.344s] -- Up-to-date: /home/user/template_ws/install/my_interfaces/share/my_interfaces/cmake/my_interfaces__rosidl_typesupport_cppExport.cmake
[40.344s] -- Up-to-date: /home/user/template_ws/install/my_interfaces/share/my_interfaces/cmake/my_interfaces__rosidl_typesupport_cppExport-noconfig.cmake
[40.344s] -- Up-to-date: /home/user/template_ws/install/my_interfaces/share/my_interfaces/cmake/export_my_interfaces__rosidl_generator_pyExport.cmake
[40.344s] -- Up-to-date: /home/user/template_ws/install/my_interfaces/share/my_interfaces/cmake/export_my_interfaces__rosidl_generator_pyExport-noconfig.cmake
[40.351s] Invoked command in '/home/user/template_ws/build/my_interfaces' returned '0': CMAKE_PREFIX_PATH=${CMAKE_PREFIX_PATH}:/home/user/template_ws/install/camera_v2_pkg:/home/user/template_ws/install/camera_srv_pkg:/home/user/template_ws/install/camera_pkg:/home/user/ros2_humble/install/rqt_bag_plugins:/home/user/ros2_humble/install/rqt_bag:/home/user/ros2_humble/install/ros2bag:/home/user/ros2_humble/install/tracetools_test:/home/user/ros2_humble/install/tracetools_launch:/home/user/ros2_humble/install/topic_monitor:/home/user/ros2_humble/install/tf2_tools:/home/user/ros2_humble/install/examples_tf2_py:/home/user/ros2_humble/install/tf2_ros_py:/home/user/ros2_humble/install/sros2:/home/user/ros2_humble/install/rqt_topic:/home/user/ros2_humble/install/rqt_srv:/home/user/ros2_humble/install/rqt_shell:/home/user/ros2_humble/install/rqt_service_caller:/home/user/ros2_humble/install/rqt_reconfigure:/home/user/ros2_humble/install/rqt_py_console:/home/user/ros2_humble/install/rqt_publisher:/home/user/ros2_humble/install/rqt_plot:/home/user/ros2_humble/install/rqt_action:/home/user/ros2_humble/install/rqt_msg:/home/user/ros2_humble/install/rqt_console:/home/user/ros2_humble/install/rqt:/home/user/ros2_humble/install/rqt_graph:/home/user/ros2_humble/install/rqt_gui_py:/home/user/ros2_humble/install/rqt_gui:/home/user/ros2_humble/install/ros2trace:/home/user/ros2_humble/install/ros2topic:/home/user/ros2_humble/install/ros2test:/home/user/ros2_humble/install/ros2component:/home/user/ros2_humble/install/ros2param:/home/user/ros2_humble/install/ros2lifecycle:/home/user/ros2_humble/install/ros2service:/home/user/ros2_humble/install/ros2run:/home/user/ros2_humble/install/ros2launch:/home/user/ros2_humble/install/ros2pkg:/home/user/ros2_humble/install/ros2node:/home/user/ros2_humble/install/ros2multicast:/home/user/ros2_humble/install/ros2interface:/home/user/ros2_humble/install/ros2doctor:/home/user/ros2_humble/install/ros2action:/home/user/ros2_humble/install/ros2cli:/home/user/ros2_humble/install/quality_of_service_demo_py:/home/user/ros2_humble/install/lifecycle_py:/home/user/ros2_humble/install/launch_testing_ros:/home/user/ros2_humble/install/launch_ros:/home/user/ros2_humble/install/examples_rclpy_pointcloud_publisher:/home/user/ros2_humble/install/examples_rclpy_minimal_subscriber:/home/user/ros2_humble/install/examples_rclpy_minimal_service:/home/user/ros2_humble/install/examples_rclpy_minimal_publisher:/home/user/ros2_humble/install/examples_rclpy_minimal_client:/home/user/ros2_humble/install/examples_rclpy_minimal_action_server:/home/user/ros2_humble/install/examples_rclpy_minimal_action_client:/home/user/ros2_humble/install/examples_rclpy_guard_conditions:/home/user/ros2_humble/install/examples_rclpy_executors:/home/user/ros2_humble/install/demo_nodes_py:/home/user/ros2_humble/install/action_tutorials_py:/home/user/ros2_humble/install/ament_uncrustify:/home/user/ros2_humble/install/tracetools_trace:/home/user/ros2_humble/install/tracetools_read:/home/user/ros2_humble/install/test_tracetools_launch:/home/user/ros2_humble/install/test_launch_ros:/home/user/ros2_humble/install/sensor_msgs_py:/home/user/ros2_humble/install/rpyutils:/home/user/ros2_humble/install/rosidl_runtime_py:/home/user/ros2_humble/install/rosidl_cli:/home/user/ros2_humble/install/launch_pytest:/home/user/ros2_humble/install/launch_testing:/home/user/ros2_humble/install/launch_yaml:/home/user/ros2_humble/install/launch_xml:/home/user/ros2_humble/install/launch:/home/user/ros2_humble/install/osrf_pycommon:/home/user/ros2_humble/install/launch_testing_examples:/home/user/ros2_humble/install/domain_coordinator:/home/user/ros2_humble/install/ament_xmllint:/home/user/ros2_humble/install/ament_pyflakes:/home/user/ros2_humble/install/ament_pycodestyle:/home/user/ros2_humble/install/ament_pep257:/home/user/ros2_humble/install/ament_pclint:/home/user/ros2_humble/install/ament_package:/home/user/ros2_humble/install/ament_mypy:/home/user/ros2_humble/install/ament_lint_cmake:/home/user/ros2_humble/install/ament_flake8:/home/user/ros2_humble/install/ament_copyright:/home/user/ros2_humble/install/ament_lint:/home/user/ros2_humble/install/ament_index_python:/home/user/ros2_humble/install/ament_cpplint:/home/user/ros2_humble/install/ament_cppcheck:/home/user/ros2_humble/install/ament_clang_tidy:/home/user/ros2_humble/install/ament_clang_format /usr/bin/cmake --install /home/user/template_ws/build/my_interfaces
