[2.191s] Invoking command in '/home/user/template_ws/build/camera_pkg': PYTHONPATH=/home/user/template_ws/build/camera_pkg/prefix_override:/home/user/template_ws/install/camera_pkg/lib/python3.10/site-packages:${PYTHONPATH} /usr/bin/python3 setup.py develop --editable --build-directory /home/user/template_ws/build/camera_pkg/build --no-deps install_data
[3.001s] running develop
[3.585s] running egg_info
[3.586s] creating camera_pkg.egg-info
[3.586s] writing camera_pkg.egg-info/PKG-INFO
[3.586s] writing dependency_links to camera_pkg.egg-info/dependency_links.txt
[3.586s] writing entry points to camera_pkg.egg-info/entry_points.txt
[3.587s] writing requirements to camera_pkg.egg-info/requires.txt
[3.587s] writing top-level names to camera_pkg.egg-info/top_level.txt
[3.587s] writing manifest file 'camera_pkg.egg-info/SOURCES.txt'
[3.589s] reading manifest file 'camera_pkg.egg-info/SOURCES.txt'
[3.590s] writing manifest file 'camera_pkg.egg-info/SOURCES.txt'
[3.597s] running build_ext
[3.597s] Creating /home/user/template_ws/install/camera_pkg/lib/python3.10/site-packages/camera-pkg.egg-link (link to .)
[3.598s] Installing camera_node script to /home/user/template_ws/install/camera_pkg/lib/camera_pkg
[3.598s] 
[3.598s] Installed /home/user/template_ws/build/camera_pkg
[3.599s] running install_data
[3.599s] creating /home/user/template_ws/install/camera_pkg/share/ament_index
[3.599s] creating /home/user/template_ws/install/camera_pkg/share/ament_index/resource_index
[3.599s] creating /home/user/template_ws/install/camera_pkg/share/ament_index/resource_index/packages
[3.599s] copying resource/camera_pkg -> /home/user/template_ws/install/camera_pkg/share/ament_index/resource_index/packages
[3.599s] copying package.xml -> /home/user/template_ws/install/camera_pkg/share/camera_pkg
[3.666s] Invoked command in '/home/user/template_ws/build/camera_pkg' returned '0': PYTHONPATH=/home/user/template_ws/build/camera_pkg/prefix_override:/home/user/template_ws/install/camera_pkg/lib/python3.10/site-packages:${PYTHONPATH} /usr/bin/python3 setup.py develop --editable --build-directory /home/user/template_ws/build/camera_pkg/build --no-deps install_data
