[  1%] Built target my_interfaces__cpp
[ 12%] Built target my_interfaces__rosidl_generator_c
[ 12%] Built target ament_cmake_python_symlink_my_interfaces
[ 23%] Built target my_interfaces__rosidl_typesupport_introspection_c
[ 35%] Built target my_interfaces__rosidl_typesupport_c
[ 47%] Built target my_interfaces__rosidl_typesupport_introspection_cpp
[ 57%] Built target my_interfaces__rosidl_typesupport_fastrtps_c
[ 69%] Built target my_interfaces__rosidl_typesupport_cpp
[ 80%] Built target my_interfaces__rosidl_typesupport_fastrtps_cpp
[ 80%] Built target my_interfaces
[ 81%] Built target my_interfaces__py
[ 91%] Built target my_interfaces__rosidl_generator_py
[ 94%] Built target my_interfaces__rosidl_typesupport_c__pyext
[ 97%] Built target my_interfaces__rosidl_typesupport_fastrtps_c__pyext
[100%] Built target my_interfaces__rosidl_typesupport_introspection_c__pyext
Traceback (most recent call last):
  File "/home/user/template_ws/build/my_interfaces/ament_cmake_python/my_interfaces/setup.py", line 1, in <module>
    from setuptools import find_packages
  File "/home/user/.local/lib/python3.10/site-packages/setuptools/__init__.py", line 16, in <module>
    import setuptools.version
  File "/home/user/.local/lib/python3.10/site-packages/setuptools/version.py", line 1, in <module>
    import pkg_resources
  File "/home/user/.local/lib/python3.10/site-packages/pkg_resources/__init__.py", line 3243, in <module>
    def _initialize_master_working_set():
  File "/home/user/.local/lib/python3.10/site-packages/pkg_resources/__init__.py", line 3226, in _call_aside
    f(*args, **kwargs)
  File "/home/user/.local/lib/python3.10/site-packages/pkg_resources/__init__.py", line 3268, in _initialize_master_working_set
    tuple(
  File "/home/user/.local/lib/python3.10/site-packages/pkg_resources/__init__.py", line 3269, in <genexpr>
    dist.activate(replace=False)
  File "/home/user/.local/lib/python3.10/site-packages/pkg_resources/__init__.py", line 2781, in activate
    for pkg in self._get_metadata('namespace_packages.txt'):
  File "/home/user/.local/lib/python3.10/site-packages/pkg_resources/__init__.py", line 2764, in _get_metadata
    if self.has_metadata(name):
  File "/home/user/.local/lib/python3.10/site-packages/pkg_resources/__init__.py", line 1401, in has_metadata
    return self._has(path)
  File "/home/user/.local/lib/python3.10/site-packages/pkg_resources/__init__.py", line 1599, in _has
    return os.path.exists(path)
KeyboardInterrupt
gmake[2]: *** [CMakeFiles/ament_cmake_python_build_my_interfaces_egg.dir/build.make:70: CMakeFiles/ament_cmake_python_build_my_interfaces_egg] Interrupt
gmake[1]: *** [CMakeFiles/Makefile2:447: CMakeFiles/ament_cmake_python_build_my_interfaces_egg.dir/all] Interrupt
gmake: *** [Makefile:146: all] Interrupt
