[01m[K/home/user/template_ws/src/robot_action_pkg/src/robot_action_node.cpp:[m[K In function ‘[01m[Kvoid CallAction(std::shared_ptr<rclcpp::Node>, rclcpp_action::Client<my_interfaces::action::Fibonacci2>::SharedPtr)[m[K’:
[01m[K/home/user/template_ws/src/robot_action_pkg/src/robot_action_node.cpp:105:5:[m[K [01;31m[Kerror: [m[Kno match for ‘[01m[Koperator=[m[K’ (operand types are ‘[01m[Krclcpp_action::Client<my_interfaces::action::Fibonacci2>::GoalResponseCallback[m[K’ {aka ‘[01m[Kstd::function<void(std::shared_ptr<rclcpp_action::ClientGoalHandle<my_interfaces::action::Fibonacci2> >)>[m[K’} and ‘[01m[KCallAction(std::shared_ptr<rclcpp::Node>, rclcpp_action::Client<my_interfaces::action::Fibonacci2>::SharedPtr)::<lambda(std::shared_future<std::shared_ptr<rclcpp_action::ClientGoalHandle<my_interfaces::action::Fibonacci2> > >)>[m[K’)
  105 |     [01;31m[K}[m[K;
      |     [01;31m[K^[m[K
In file included from [01m[K/usr/include/c++/11/future:47[m[K,
                 from [01m[K/home/user/ros2_humble/install/rclcpp/include/rclcpp/rclcpp/executors.hpp:18[m[K,
                 from [01m[K/home/user/ros2_humble/install/rclcpp/include/rclcpp/rclcpp/rclcpp.hpp:155[m[K,
                 from [01m[K/home/user/template_ws/src/robot_action_pkg/src/robot_action_node.cpp:10[m[K:
[01m[K/usr/include/c++/11/bits/std_function.h:530:9:[m[K [01;36m[Knote: [m[Kcandidate: ‘[01m[Ktemplate<class _Functor> std::function<_Res(_ArgTypes ...)>::_Requires<std::function<_Res(_ArgTypes ...)>::_Callable<_Functor>, std::function<_Res(_ArgTypes ...)>&> std::function<_Res(_ArgTypes ...)>::operator=(_Functor&&) [with _Functor = _Functor; _Res = void; _ArgTypes = {std::shared_ptr<rclcpp_action::ClientGoalHandle<my_interfaces::action::Fibonacci2> >}][m[K’
  530 |         [01;36m[Koperator[m[K=(_Functor&& __f)
      |         [01;36m[K^~~~~~~~[m[K
[01m[K/usr/include/c++/11/bits/std_function.h:530:9:[m[K [01;36m[Knote: [m[K  template argument deduction/substitution failed:
In file included from [01m[K/usr/include/c++/11/ratio:39[m[K,
                 from [01m[K/usr/include/c++/11/chrono:39[m[K,
                 from [01m[K/home/user/template_ws/src/robot_action_pkg/src/robot_action_node.cpp:4[m[K:
/usr/include/c++/11/type_traits: In substitution of ‘[01m[Ktemplate<bool _Cond, class _Tp> using __enable_if_t = typename std::enable_if::type [with bool _Cond = false; _Tp = std::function<void(std::shared_ptr<rclcpp_action::ClientGoalHandle<my_interfaces::action::Fibonacci2> >)>&][m[K’:
[01m[K/usr/include/c++/11/bits/std_function.h:353:8:[m[K   required by substitution of ‘[01m[Ktemplate<class _Res, class ... _ArgTypes> template<class _Cond, class _Tp> using _Requires = std::__enable_if_t<_Cond::value, _Tp> [with _Cond = std::function<void(std::shared_ptr<rclcpp_action::ClientGoalHandle<my_interfaces::action::Fibonacci2> >)>::_Callable<CallAction(std::shared_ptr<rclcpp::Node>, rclcpp_action::Client<my_interfaces::action::Fibonacci2>::SharedPtr)::<lambda(std::shared_future<std::shared_ptr<rclcpp_action::ClientGoalHandle<my_interfaces::action::Fibonacci2> > >)>, CallAction(std::shared_ptr<rclcpp::Node>, rclcpp_action::Client<my_interfaces::action::Fibonacci2>::SharedPtr)::<lambda(std::shared_future<std::shared_ptr<rclcpp_action::ClientGoalHandle<my_interfaces::action::Fibonacci2> > >)>, std::__invoke_result<CallAction(std::shared_ptr<rclcpp::Node>, rclcpp_action::Client<my_interfaces::action::Fibonacci2>::SharedPtr)::<lambda(std::shared_future<std::shared_ptr<rclcpp_action::ClientGoalHandle<my_interfaces::action::Fibonacci2> > >)>&, std::shared_ptr<rclcpp_action::ClientGoalHandle<my_interfaces::action::Fibonacci2> > > >; _Tp = std::function<void(std::shared_ptr<rclcpp_action::ClientGoalHandle<my_interfaces::action::Fibonacci2> >)>&; _Res = void; _ArgTypes = {std::shared_ptr<rclcpp_action::ClientGoalHandle<my_interfaces::action::Fibonacci2> >}][m[K’
[01m[K/usr/include/c++/11/bits/std_function.h:530:2:[m[K   required by substitution of ‘[01m[Ktemplate<class _Functor> std::function<void(std::shared_ptr<rclcpp_action::ClientGoalHandle<my_interfaces::action::Fibonacci2> >)>::_Requires<std::function<void(std::shared_ptr<rclcpp_action::ClientGoalHandle<my_interfaces::action::Fibonacci2> >)>::_Callable<_Functor, typename std::enable_if<(! std::is_same<typename std::remove_cv<typename std::remove_reference<_Tp>::type>::type, std::function<void(std::shared_ptr<rclcpp_action::ClientGoalHandle<my_interfaces::action::Fibonacci2> >)> >::value), std::decay<_Tp> >::type::type, std::__invoke_result<typename std::enable_if<(! std::is_same<typename std::remove_cv<typename std::remove_reference<_Tp>::type>::type, std::function<void(std::shared_ptr<rclcpp_action::ClientGoalHandle<my_interfaces::action::Fibonacci2> >)> >::value), std::decay<_Tp> >::type::type&, std::shared_ptr<rclcpp_action::ClientGoalHandle<my_interfaces::action::Fibonacci2> > > >, std::function<void(std::shared_ptr<rclcpp_action::ClientGoalHandle<my_interfaces::action::Fibonacci2> >)>&> std::function<void(std::shared_ptr<rclcpp_action::ClientGoalHandle<my_interfaces::action::Fibonacci2> >)>::operator=<_Functor>(_Functor&&) [with _Functor = CallAction(std::shared_ptr<rclcpp::Node>, rclcpp_action::Client<my_interfaces::action::Fibonacci2>::SharedPtr)::<lambda(std::shared_future<std::shared_ptr<rclcpp_action::ClientGoalHandle<my_interfaces::action::Fibonacci2> > >)>][m[K’
[01m[K/home/user/template_ws/src/robot_action_pkg/src/robot_action_node.cpp:105:5:[m[K   required from here
[01m[K/usr/include/c++/11/type_traits:2205:11:[m[K [01;31m[Kerror: [m[Kno type named ‘[01m[Ktype[m[K’ in ‘[01m[Kstruct std::enable_if<false, std::function<void(std::shared_ptr<rclcpp_action::ClientGoalHandle<my_interfaces::action::Fibonacci2> >)>&>[m[K’
 2205 |     using [01;31m[K__enable_if_t[m[K = typename enable_if<_Cond, _Tp>::type;
      |           [01;31m[K^~~~~~~~~~~~~[m[K
In file included from [01m[K/usr/include/c++/11/future:47[m[K,
                 from [01m[K/home/user/ros2_humble/install/rclcpp/include/rclcpp/rclcpp/executors.hpp:18[m[K,
                 from [01m[K/home/user/ros2_humble/install/rclcpp/include/rclcpp/rclcpp/rclcpp.hpp:155[m[K,
                 from [01m[K/home/user/template_ws/src/robot_action_pkg/src/robot_action_node.cpp:10[m[K:
[01m[K/usr/include/c++/11/bits/std_function.h:540:9:[m[K [01;36m[Knote: [m[Kcandidate: ‘[01m[Ktemplate<class _Functor> std::function<_Res(_ArgTypes ...)>& std::function<_Res(_ArgTypes ...)>::operator=(std::reference_wrapper<_Functor>) [with _Functor = _Functor; _Res = void; _ArgTypes = {std::shared_ptr<rclcpp_action::ClientGoalHandle<my_interfaces::action::Fibonacci2> >}][m[K’
  540 |         [01;36m[Koperator[m[K=(reference_wrapper<_Functor> __f) noexcept
      |         [01;36m[K^~~~~~~~[m[K
[01m[K/usr/include/c++/11/bits/std_function.h:540:9:[m[K [01;36m[Knote: [m[K  template argument deduction/substitution failed:
[01m[K/home/user/template_ws/src/robot_action_pkg/src/robot_action_node.cpp:105:5:[m[K [01;36m[Knote: [m[K  ‘[01m[KCallAction(std::shared_ptr<rclcpp::Node>, rclcpp_action::Client<my_interfaces::action::Fibonacci2>::SharedPtr)::<lambda(std::shared_future<std::shared_ptr<rclcpp_action::ClientGoalHandle<my_interfaces::action::Fibonacci2> > >)>[m[K’ is not derived from ‘[01m[Kstd::reference_wrapper<_Tp>[m[K’
  105 |     [01;36m[K}[m[K;
      |     [01;36m[K^[m[K
In file included from [01m[K/usr/include/c++/11/future:47[m[K,
                 from [01m[K/home/user/ros2_humble/install/rclcpp/include/rclcpp/rclcpp/executors.hpp:18[m[K,
                 from [01m[K/home/user/ros2_humble/install/rclcpp/include/rclcpp/rclcpp/rclcpp.hpp:155[m[K,
                 from [01m[K/home/user/template_ws/src/robot_action_pkg/src/robot_action_node.cpp:10[m[K:
[01m[K/usr/include/c++/11/bits/std_function.h:469:7:[m[K [01;36m[Knote: [m[Kcandidate: ‘[01m[Kstd::function<_Res(_ArgTypes ...)>& std::function<_Res(_ArgTypes ...)>::operator=(const std::function<_Res(_ArgTypes ...)>&) [with _Res = void; _ArgTypes = {std::shared_ptr<rclcpp_action::ClientGoalHandle<my_interfaces::action::Fibonacci2> >}][m[K’
  469 |       [01;36m[Koperator[m[K=(const function& __x)
      |       [01;36m[K^~~~~~~~[m[K
[01m[K/usr/include/c++/11/bits/std_function.h:469:33:[m[K [01;36m[Knote: [m[K  no known conversion for argument 1 from ‘[01m[KCallAction(std::shared_ptr<rclcpp::Node>, rclcpp_action::Client<my_interfaces::action::Fibonacci2>::SharedPtr)::<lambda(std::shared_future<std::shared_ptr<rclcpp_action::ClientGoalHandle<my_interfaces::action::Fibonacci2> > >)>[m[K’ to ‘[01m[Kconst std::function<void(std::shared_ptr<rclcpp_action::ClientGoalHandle<my_interfaces::action::Fibonacci2> >)>&[m[K’
  469 |       operator=([01;36m[Kconst function& __x[m[K)
      |                 [01;36m[K~~~~~~~~~~~~~~~~^~~[m[K
[01m[K/usr/include/c++/11/bits/std_function.h:487:7:[m[K [01;36m[Knote: [m[Kcandidate: ‘[01m[Kstd::function<_Res(_ArgTypes ...)>& std::function<_Res(_ArgTypes ...)>::operator=(std::function<_Res(_ArgTypes ...)>&&) [with _Res = void; _ArgTypes = {std::shared_ptr<rclcpp_action::ClientGoalHandle<my_interfaces::action::Fibonacci2> >}][m[K’
  487 |       [01;36m[Koperator[m[K=(function&& __x) noexcept
      |       [01;36m[K^~~~~~~~[m[K
[01m[K/usr/include/c++/11/bits/std_function.h:487:28:[m[K [01;36m[Knote: [m[K  no known conversion for argument 1 from ‘[01m[KCallAction(std::shared_ptr<rclcpp::Node>, rclcpp_action::Client<my_interfaces::action::Fibonacci2>::SharedPtr)::<lambda(std::shared_future<std::shared_ptr<rclcpp_action::ClientGoalHandle<my_interfaces::action::Fibonacci2> > >)>[m[K’ to ‘[01m[Kstd::function<void(std::shared_ptr<rclcpp_action::ClientGoalHandle<my_interfaces::action::Fibonacci2> >)>&&[m[K’
  487 |       operator=([01;36m[Kfunction&& __x[m[K) noexcept
      |                 [01;36m[K~~~~~~~~~~~^~~[m[K
[01m[K/usr/include/c++/11/bits/std_function.h:501:7:[m[K [01;36m[Knote: [m[Kcandidate: ‘[01m[Kstd::function<_Res(_ArgTypes ...)>& std::function<_Res(_ArgTypes ...)>::operator=(std::nullptr_t) [with _Res = void; _ArgTypes = {std::shared_ptr<rclcpp_action::ClientGoalHandle<my_interfaces::action::Fibonacci2> >}; std::nullptr_t = std::nullptr_t][m[K’
  501 |       [01;36m[Koperator[m[K=(nullptr_t) noexcept
      |       [01;36m[K^~~~~~~~[m[K
[01m[K/usr/include/c++/11/bits/std_function.h:501:17:[m[K [01;36m[Knote: [m[K  no known conversion for argument 1 from ‘[01m[KCallAction(std::shared_ptr<rclcpp::Node>, rclcpp_action::Client<my_interfaces::action::Fibonacci2>::SharedPtr)::<lambda(std::shared_future<std::shared_ptr<rclcpp_action::ClientGoalHandle<my_interfaces::action::Fibonacci2> > >)>[m[K’ to ‘[01m[Kstd::nullptr_t[m[K’
  501 |       operator=([01;36m[Knullptr_t[m[K) noexcept
      |                 [01;36m[K^~~~~~~~~[m[K
[01m[K/home/user/template_ws/src/robot_action_pkg/src/robot_action_node.cpp:115:5:[m[K [01;31m[Kerror: [m[Kno match for ‘[01m[Koperator=[m[K’ (operand types are ‘[01m[Krclcpp_action::Client<my_interfaces::action::Fibonacci2>::ResultCallback[m[K’ {aka ‘[01m[Kstd::function<void(const rclcpp_action::ClientGoalHandle<my_interfaces::action::Fibonacci2>::WrappedResult&)>[m[K’} and ‘[01m[KCallAction(std::shared_ptr<rclcpp::Node>, rclcpp_action::Client<my_interfaces::action::Fibonacci2>::SharedPtr)::<lambda(rclcpp_action::ClientGoalHandle<my_interfaces::action::Fibonacci2>::SharedPtr, my_interfaces::action::Fibonacci2_Result_<std::allocator<void> >::SharedPtr)>[m[K’)
  115 |     [01;31m[K}[m[K;
      |     [01;31m[K^[m[K
In file included from [01m[K/usr/include/c++/11/future:47[m[K,
                 from [01m[K/home/user/ros2_humble/install/rclcpp/include/rclcpp/rclcpp/executors.hpp:18[m[K,
                 from [01m[K/home/user/ros2_humble/install/rclcpp/include/rclcpp/rclcpp/rclcpp.hpp:155[m[K,
                 from [01m[K/home/user/template_ws/src/robot_action_pkg/src/robot_action_node.cpp:10[m[K:
[01m[K/usr/include/c++/11/bits/std_function.h:530:9:[m[K [01;36m[Knote: [m[Kcandidate: ‘[01m[Ktemplate<class _Functor> std::function<_Res(_ArgTypes ...)>::_Requires<std::function<_Res(_ArgTypes ...)>::_Callable<_Functor>, std::function<_Res(_ArgTypes ...)>&> std::function<_Res(_ArgTypes ...)>::operator=(_Functor&&) [with _Functor = _Functor; _Res = void; _ArgTypes = {const rclcpp_action::ClientGoalHandle<my_interfaces::action::Fibonacci2>::WrappedResult&}][m[K’
  530 |         [01;36m[Koperator[m[K=(_Functor&& __f)
      |         [01;36m[K^~~~~~~~[m[K
[01m[K/usr/include/c++/11/bits/std_function.h:530:9:[m[K [01;36m[Knote: [m[K  template argument deduction/substitution failed:
In file included from [01m[K/usr/include/c++/11/ratio:39[m[K,
                 from [01m[K/usr/include/c++/11/chrono:39[m[K,
                 from [01m[K/home/user/template_ws/src/robot_action_pkg/src/robot_action_node.cpp:4[m[K:
/usr/include/c++/11/type_traits: In substitution of ‘[01m[Ktemplate<bool _Cond, class _Tp> using __enable_if_t = typename std::enable_if::type [with bool _Cond = false; _Tp = std::function<void(const rclcpp_action::ClientGoalHandle<my_interfaces::action::Fibonacci2>::WrappedResult&)>&][m[K’:
[01m[K/usr/include/c++/11/bits/std_function.h:353:8:[m[K   required by substitution of ‘[01m[Ktemplate<class _Res, class ... _ArgTypes> template<class _Cond, class _Tp> using _Requires = std::__enable_if_t<_Cond::value, _Tp> [with _Cond = std::function<void(const rclcpp_action::ClientGoalHandle<my_interfaces::action::Fibonacci2>::WrappedResult&)>::_Callable<CallAction(std::shared_ptr<rclcpp::Node>, rclcpp_action::Client<my_interfaces::action::Fibonacci2>::SharedPtr)::<lambda(rclcpp_action::ClientGoalHandle<my_interfaces::action::Fibonacci2>::SharedPtr, my_interfaces::action::Fibonacci2_Result_<std::allocator<void> >::SharedPtr)>, CallAction(std::shared_ptr<rclcpp::Node>, rclcpp_action::Client<my_interfaces::action::Fibonacci2>::SharedPtr)::<lambda(rclcpp_action::ClientGoalHandle<my_interfaces::action::Fibonacci2>::SharedPtr, my_interfaces::action::Fibonacci2_Result_<std::allocator<void> >::SharedPtr)>, std::__invoke_result<CallAction(std::shared_ptr<rclcpp::Node>, rclcpp_action::Client<my_interfaces::action::Fibonacci2>::SharedPtr)::<lambda(rclcpp_action::ClientGoalHandle<my_interfaces::action::Fibonacci2>::SharedPtr, my_interfaces::action::Fibonacci2_Result_<std::allocator<void> >::SharedPtr)>&, const rclcpp_action::ClientGoalHandle<my_interfaces::action::Fibonacci2>::WrappedResult&> >; _Tp = std::function<void(const rclcpp_action::ClientGoalHandle<my_interfaces::action::Fibonacci2>::WrappedResult&)>&; _Res = void; _ArgTypes = {const rclcpp_action::ClientGoalHandle<my_interfaces::action::Fibonacci2>::WrappedResult&}][m[K’
[01m[K/usr/include/c++/11/bits/std_function.h:530:2:[m[K   required by substitution of ‘[01m[Ktemplate<class _Functor> std::function<void(const rclcpp_action::ClientGoalHandle<my_interfaces::action::Fibonacci2>::WrappedResult&)>::_Requires<std::function<void(const rclcpp_action::ClientGoalHandle<my_interfaces::action::Fibonacci2>::WrappedResult&)>::_Callable<_Functor, typename std::enable_if<(! std::is_same<typename std::remove_cv<typename std::remove_reference<_Tp>::type>::type, std::function<void(const rclcpp_action::ClientGoalHandle<my_interfaces::action::Fibonacci2>::WrappedResult&)> >::value), std::decay<_Tp> >::type::type, std::__invoke_result<typename std::enable_if<(! std::is_same<typename std::remove_cv<typename std::remove_reference<_Tp>::type>::type, std::function<void(const rclcpp_action::ClientGoalHandle<my_interfaces::action::Fibonacci2>::WrappedResult&)> >::value), std::decay<_Tp> >::type::type&, const rclcpp_action::ClientGoalHandle<my_interfaces::action::Fibonacci2>::WrappedResult&> >, std::function<void(const rclcpp_action::ClientGoalHandle<my_interfaces::action::Fibonacci2>::WrappedResult&)>&> std::function<void(const rclcpp_action::ClientGoalHandle<my_interfaces::action::Fibonacci2>::WrappedResult&)>::operator=<_Functor>(_Functor&&) [with _Functor = CallAction(std::shared_ptr<rclcpp::Node>, rclcpp_action::Client<my_interfaces::action::Fibonacci2>::SharedPtr)::<lambda(rclcpp_action::ClientGoalHandle<my_interfaces::action::Fibonacci2>::SharedPtr, my_interfaces::action::Fibonacci2_Result_<std::allocator<void> >::SharedPtr)>][m[K’
[01m[K/home/user/template_ws/src/robot_action_pkg/src/robot_action_node.cpp:115:5:[m[K   required from here
[01m[K/usr/include/c++/11/type_traits:2205:11:[m[K [01;31m[Kerror: [m[Kno type named ‘[01m[Ktype[m[K’ in ‘[01m[Kstruct std::enable_if<false, std::function<void(const rclcpp_action::ClientGoalHandle<my_interfaces::action::Fibonacci2>::WrappedResult&)>&>[m[K’
 2205 |     using [01;31m[K__enable_if_t[m[K = typename enable_if<_Cond, _Tp>::type;
      |           [01;31m[K^~~~~~~~~~~~~[m[K
In file included from [01m[K/usr/include/c++/11/future:47[m[K,
                 from [01m[K/home/user/ros2_humble/install/rclcpp/include/rclcpp/rclcpp/executors.hpp:18[m[K,
                 from [01m[K/home/user/ros2_humble/install/rclcpp/include/rclcpp/rclcpp/rclcpp.hpp:155[m[K,
                 from [01m[K/home/user/template_ws/src/robot_action_pkg/src/robot_action_node.cpp:10[m[K:
[01m[K/usr/include/c++/11/bits/std_function.h:540:9:[m[K [01;36m[Knote: [m[Kcandidate: ‘[01m[Ktemplate<class _Functor> std::function<_Res(_ArgTypes ...)>& std::function<_Res(_ArgTypes ...)>::operator=(std::reference_wrapper<_Functor>) [with _Functor = _Functor; _Res = void; _ArgTypes = {const rclcpp_action::ClientGoalHandle<my_interfaces::action::Fibonacci2>::WrappedResult&}][m[K’
  540 |         [01;36m[Koperator[m[K=(reference_wrapper<_Functor> __f) noexcept
      |         [01;36m[K^~~~~~~~[m[K
[01m[K/usr/include/c++/11/bits/std_function.h:540:9:[m[K [01;36m[Knote: [m[K  template argument deduction/substitution failed:
[01m[K/home/user/template_ws/src/robot_action_pkg/src/robot_action_node.cpp:115:5:[m[K [01;36m[Knote: [m[K  ‘[01m[KCallAction(std::shared_ptr<rclcpp::Node>, rclcpp_action::Client<my_interfaces::action::Fibonacci2>::SharedPtr)::<lambda(rclcpp_action::ClientGoalHandle<my_interfaces::action::Fibonacci2>::SharedPtr, my_interfaces::action::Fibonacci2_Result_<std::allocator<void> >::SharedPtr)>[m[K’ is not derived from ‘[01m[Kstd::reference_wrapper<_Tp>[m[K’
  115 |     [01;36m[K}[m[K;
      |     [01;36m[K^[m[K
In file included from [01m[K/usr/include/c++/11/future:47[m[K,
                 from [01m[K/home/user/ros2_humble/install/rclcpp/include/rclcpp/rclcpp/executors.hpp:18[m[K,
                 from [01m[K/home/user/ros2_humble/install/rclcpp/include/rclcpp/rclcpp/rclcpp.hpp:155[m[K,
                 from [01m[K/home/user/template_ws/src/robot_action_pkg/src/robot_action_node.cpp:10[m[K:
[01m[K/usr/include/c++/11/bits/std_function.h:469:7:[m[K [01;36m[Knote: [m[Kcandidate: ‘[01m[Kstd::function<_Res(_ArgTypes ...)>& std::function<_Res(_ArgTypes ...)>::operator=(const std::function<_Res(_ArgTypes ...)>&) [with _Res = void; _ArgTypes = {const rclcpp_action::ClientGoalHandle<my_interfaces::action::Fibonacci2>::WrappedResult&}][m[K’
  469 |       [01;36m[Koperator[m[K=(const function& __x)
      |       [01;36m[K^~~~~~~~[m[K
[01m[K/usr/include/c++/11/bits/std_function.h:469:33:[m[K [01;36m[Knote: [m[K  no known conversion for argument 1 from ‘[01m[KCallAction(std::shared_ptr<rclcpp::Node>, rclcpp_action::Client<my_interfaces::action::Fibonacci2>::SharedPtr)::<lambda(rclcpp_action::ClientGoalHandle<my_interfaces::action::Fibonacci2>::SharedPtr, my_interfaces::action::Fibonacci2_Result_<std::allocator<void> >::SharedPtr)>[m[K’ to ‘[01m[Kconst std::function<void(const rclcpp_action::ClientGoalHandle<my_interfaces::action::Fibonacci2>::WrappedResult&)>&[m[K’
  469 |       operator=([01;36m[Kconst function& __x[m[K)
      |                 [01;36m[K~~~~~~~~~~~~~~~~^~~[m[K
[01m[K/usr/include/c++/11/bits/std_function.h:487:7:[m[K [01;36m[Knote: [m[Kcandidate: ‘[01m[Kstd::function<_Res(_ArgTypes ...)>& std::function<_Res(_ArgTypes ...)>::operator=(std::function<_Res(_ArgTypes ...)>&&) [with _Res = void; _ArgTypes = {const rclcpp_action::ClientGoalHandle<my_interfaces::action::Fibonacci2>::WrappedResult&}][m[K’
  487 |       [01;36m[Koperator[m[K=(function&& __x) noexcept
      |       [01;36m[K^~~~~~~~[m[K
[01m[K/usr/include/c++/11/bits/std_function.h:487:28:[m[K [01;36m[Knote: [m[K  no known conversion for argument 1 from ‘[01m[KCallAction(std::shared_ptr<rclcpp::Node>, rclcpp_action::Client<my_interfaces::action::Fibonacci2>::SharedPtr)::<lambda(rclcpp_action::ClientGoalHandle<my_interfaces::action::Fibonacci2>::SharedPtr, my_interfaces::action::Fibonacci2_Result_<std::allocator<void> >::SharedPtr)>[m[K’ to ‘[01m[Kstd::function<void(const rclcpp_action::ClientGoalHandle<my_interfaces::action::Fibonacci2>::WrappedResult&)>&&[m[K’
  487 |       operator=([01;36m[Kfunction&& __x[m[K) noexcept
      |                 [01;36m[K~~~~~~~~~~~^~~[m[K
[01m[K/usr/include/c++/11/bits/std_function.h:501:7:[m[K [01;36m[Knote: [m[Kcandidate: ‘[01m[Kstd::function<_Res(_ArgTypes ...)>& std::function<_Res(_ArgTypes ...)>::operator=(std::nullptr_t) [with _Res = void; _ArgTypes = {const rclcpp_action::ClientGoalHandle<my_interfaces::action::Fibonacci2>::WrappedResult&}; std::nullptr_t = std::nullptr_t][m[K’
  501 |       [01;36m[Koperator[m[K=(nullptr_t) noexcept
      |       [01;36m[K^~~~~~~~[m[K
[01m[K/usr/include/c++/11/bits/std_function.h:501:17:[m[K [01;36m[Knote: [m[K  no known conversion for argument 1 from ‘[01m[KCallAction(std::shared_ptr<rclcpp::Node>, rclcpp_action::Client<my_interfaces::action::Fibonacci2>::SharedPtr)::<lambda(rclcpp_action::ClientGoalHandle<my_interfaces::action::Fibonacci2>::SharedPtr, my_interfaces::action::Fibonacci2_Result_<std::allocator<void> >::SharedPtr)>[m[K’ to ‘[01m[Kstd::nullptr_t[m[K’
  501 |       operator=([01;36m[Knullptr_t[m[K) noexcept
      |                 [01;36m[K^~~~~~~~~[m[K
[01m[K/home/user/template_ws/src/robot_action_pkg/src/robot_action_node.cpp:84:47:[m[K [01;35m[Kwarning: [m[Kunused parameter ‘[01m[Knode[m[K’ [[01;35m[K]8;;https://gcc.gnu.org/onlinedocs/gcc/Warning-Options.html#index-Wunused-parameter-Wunused-parameter]8;;[m[K]
   84 | void CallAction([01;35m[Kstd::shared_ptr<rclcpp::Node> node[m[K, rclcpp_action::Client<Fibonacci2>::SharedPtr action_client)
      |                 [01;35m[K~~~~~~~~~~~~~~~~~~~~~~~~~~~~~~^~~~[m[K
[01m[K/home/user/template_ws/src/robot_action_pkg/src/robot_action_node.cpp:[m[K In function ‘[01m[Kint main(int, char**)[m[K’:
[01m[K/home/user/template_ws/src/robot_action_pkg/src/robot_action_node.cpp:147:20:[m[K [01;31m[Kerror: [m[Kcould not convert ‘[01m[Kaction_client[m[K’ from ‘[01m[Kshared_ptr<Client<[01;32m[Kmy_interfaces::action::Fibonacci[m[K>>[m[K’ to ‘[01m[Kshared_ptr<Client<[01;32m[Kmy_interfaces::action::Fibonacci2[m[K>>[m[K’
  147 |   CallAction(node, [01;31m[Kaction_client[m[K);
      |                    [01;31m[K^~~~~~~~~~~~~[m[K
      |                    [01;31m[K|[m[K
      |                    [01;31m[Kshared_ptr<Client<my_interfaces::action::Fibonacci>>[m[K
gmake[2]: *** [CMakeFiles/robot_action_node.dir/build.make:76: CMakeFiles/robot_action_node.dir/src/robot_action_node.cpp.o] Error 1
gmake[1]: *** [CMakeFiles/Makefile2:137: CMakeFiles/robot_action_node.dir/all] Error 2
gmake: *** [Makefile:146: all] Error 2
