running develop
running egg_info
writing ../../build/camera_v2_pkg/camera_v2_pkg.egg-info/PKG-INFO
writing dependency_links to ../../build/camera_v2_pkg/camera_v2_pkg.egg-info/dependency_links.txt
writing entry points to ../../build/camera_v2_pkg/camera_v2_pkg.egg-info/entry_points.txt
writing requirements to ../../build/camera_v2_pkg/camera_v2_pkg.egg-info/requires.txt
writing top-level names to ../../build/camera_v2_pkg/camera_v2_pkg.egg-info/top_level.txt
reading manifest file '../../build/camera_v2_pkg/camera_v2_pkg.egg-info/SOURCES.txt'
adding license file 'LICENSE'
writing manifest file '../../build/camera_v2_pkg/camera_v2_pkg.egg-info/SOURCES.txt'
running build
running build_py
creating /home/user/template_ws/build/camera_v2_pkg/build/lib/camera_v2_pkg
copying camera_v2_pkg/camera_v2_node.py -> /home/user/template_ws/build/camera_v2_pkg/build/lib/camera_v2_pkg
copying camera_v2_pkg/__init__.py -> /home/user/template_ws/build/camera_v2_pkg/build/lib/camera_v2_pkg
running install
running install_lib
creating /home/user/template_ws/install/camera_v2_pkg/lib/python3.10/site-packages/camera_v2_pkg
copying /home/user/template_ws/build/camera_v2_pkg/build/lib/camera_v2_pkg/camera_v2_node.py -> /home/user/template_ws/install/camera_v2_pkg/lib/python3.10/site-packages/camera_v2_pkg
copying /home/user/template_ws/build/camera_v2_pkg/build/lib/camera_v2_pkg/__init__.py -> /home/user/template_ws/install/camera_v2_pkg/lib/python3.10/site-packages/camera_v2_pkg
byte-compiling /home/user/template_ws/install/camera_v2_pkg/lib/python3.10/site-packages/camera_v2_pkg/camera_v2_node.py to camera_v2_node.cpython-310.pyc
byte-compiling /home/user/template_ws/install/camera_v2_pkg/lib/python3.10/site-packages/camera_v2_pkg/__init__.py to __init__.cpython-310.pyc
running install_data
running install_egg_info
removing '/home/user/template_ws/install/camera_v2_pkg/lib/python3.10/site-packages/camera_v2_pkg-0.0.0-py3.10.egg-info' (and everything under it)
Copying ../../build/camera_v2_pkg/camera_v2_pkg.egg-info to /home/user/template_ws/install/camera_v2_pkg/lib/python3.10/site-packages/camera_v2_pkg-0.0.0-py3.10.egg-info
running install_scripts
Installing camera_v2_node script to /home/user/template_ws/install/camera_v2_pkg/lib/camera_v2_pkg
writing list of installed files to '/home/user/template_ws/build/camera_v2_pkg/install.log'
