[1.802s] DEBUG:colcon:Command line arguments: ['/home/user/.local/bin/colcon', 'build', '--symlink-install']
[1.802s] DEBUG:colcon:Parsed command line arguments: Namespace(log_base=None, log_level=None, verb_name='build', build_base='build', install_base='install', merge_install=False, symlink_install=True, test_result_base=None, continue_on_error=False, executor='parallel', parallel_workers=4, event_handlers=None, ignore_user_meta=False, metas=['./colcon.meta'], base_paths=['.'], packages_ignore=None, packages_ignore_regex=None, paths=None, packages_up_to=None, packages_up_to_regex=None, packages_above=None, packages_above_and_dependencies=None, packages_above_depth=None, packages_select_by_dep=None, packages_skip_by_dep=None, packages_skip_up_to=None, packages_select_build_failed=False, packages_skip_build_finished=False, packages_select_test_failures=False, packages_skip_test_passed=False, packages_select=None, packages_skip=None, packages_select_regex=None, packages_skip_regex=None, packages_start=None, packages_end=None, allow_overriding=[], cmake_args=None, cmake_target=None, cmake_target_skip_unavailable=False, cmake_clean_cache=False, cmake_clean_first=False, cmake_force_configure=False, ament_cmake_args=None, catkin_cmake_args=None, catkin_skip_building_tests=False, verb_parser=<colcon_defaults.argument_parser.defaults.DefaultArgumentsDecorator object at 0x7f1e559e30d0>, verb_extension=<colcon_core.verb.build.BuildVerb object at 0x7f1e559e2b60>, main=<bound method BuildVerb.main of <colcon_core.verb.build.BuildVerb object at 0x7f1e559e2b60>>)
[1.903s] Level 1:colcon.colcon_core.package_discovery:discover_packages(colcon_meta) check parameters
[1.903s] Level 1:colcon.colcon_core.package_discovery:discover_packages(recursive) check parameters
[1.903s] Level 1:colcon.colcon_core.package_discovery:discover_packages(ignore) check parameters
[1.903s] Level 1:colcon.colcon_core.package_discovery:discover_packages(path) check parameters
[1.903s] Level 1:colcon.colcon_core.package_discovery:discover_packages(colcon_meta) discover
[1.903s] Level 1:colcon.colcon_core.package_discovery:discover_packages(recursive) discover
[1.903s] INFO:colcon.colcon_core.package_discovery:Crawling recursively for packages in '/home/user/template_ws'
[1.903s] Level 1:colcon.colcon_core.package_identification:_identify(.) by extensions ['ignore', 'ignore_ament_install']
[1.904s] Level 1:colcon.colcon_core.package_identification:_identify(.) by extension 'ignore'
[1.904s] Level 1:colcon.colcon_core.package_identification:_identify(.) by extension 'ignore_ament_install'
[1.904s] Level 1:colcon.colcon_core.package_identification:_identify(.) by extensions ['colcon_pkg']
[1.904s] Level 1:colcon.colcon_core.package_identification:_identify(.) by extension 'colcon_pkg'
[1.904s] Level 1:colcon.colcon_core.package_identification:_identify(.) by extensions ['colcon_meta']
[1.904s] Level 1:colcon.colcon_core.package_identification:_identify(.) by extension 'colcon_meta'
[1.904s] Level 1:colcon.colcon_core.package_identification:_identify(.) by extensions ['ros']
[1.904s] Level 1:colcon.colcon_core.package_identification:_identify(.) by extension 'ros'
[1.922s] Level 1:colcon.colcon_core.package_identification:_identify(.) by extensions ['cmake', 'python']
[1.922s] Level 1:colcon.colcon_core.package_identification:_identify(.) by extension 'cmake'
[1.922s] Level 1:colcon.colcon_core.package_identification:_identify(.) by extension 'python'
[1.922s] Level 1:colcon.colcon_core.package_identification:_identify(.) by extensions ['python_setup_py']
[1.922s] Level 1:colcon.colcon_core.package_identification:_identify(.) by extension 'python_setup_py'
[1.923s] Level 1:colcon.colcon_core.package_identification:_identify(build) by extensions ['ignore', 'ignore_ament_install']
[1.923s] Level 1:colcon.colcon_core.package_identification:_identify(build) by extension 'ignore'
[1.923s] Level 1:colcon.colcon_core.package_identification:_identify(build) ignored
[1.923s] Level 1:colcon.colcon_core.package_identification:_identify(install) by extensions ['ignore', 'ignore_ament_install']
[1.923s] Level 1:colcon.colcon_core.package_identification:_identify(install) by extension 'ignore'
[1.923s] Level 1:colcon.colcon_core.package_identification:_identify(install) ignored
[1.924s] Level 1:colcon.colcon_core.package_identification:_identify(log) by extensions ['ignore', 'ignore_ament_install']
[1.924s] Level 1:colcon.colcon_core.package_identification:_identify(log) by extension 'ignore'
[1.924s] Level 1:colcon.colcon_core.package_identification:_identify(log) ignored
[1.924s] Level 1:colcon.colcon_core.package_identification:_identify(src) by extensions ['ignore', 'ignore_ament_install']
[1.924s] Level 1:colcon.colcon_core.package_identification:_identify(src) by extension 'ignore'
[1.924s] Level 1:colcon.colcon_core.package_identification:_identify(src) by extension 'ignore_ament_install'
[1.925s] Level 1:colcon.colcon_core.package_identification:_identify(src) by extensions ['colcon_pkg']
[1.925s] Level 1:colcon.colcon_core.package_identification:_identify(src) by extension 'colcon_pkg'
[1.925s] Level 1:colcon.colcon_core.package_identification:_identify(src) by extensions ['colcon_meta']
[1.925s] Level 1:colcon.colcon_core.package_identification:_identify(src) by extension 'colcon_meta'
[1.925s] Level 1:colcon.colcon_core.package_identification:_identify(src) by extensions ['ros']
[1.925s] Level 1:colcon.colcon_core.package_identification:_identify(src) by extension 'ros'
[1.925s] Level 1:colcon.colcon_core.package_identification:_identify(src) by extensions ['cmake', 'python']
[1.925s] Level 1:colcon.colcon_core.package_identification:_identify(src) by extension 'cmake'
[1.925s] Level 1:colcon.colcon_core.package_identification:_identify(src) by extension 'python'
[1.925s] Level 1:colcon.colcon_core.package_identification:_identify(src) by extensions ['python_setup_py']
[1.925s] Level 1:colcon.colcon_core.package_identification:_identify(src) by extension 'python_setup_py'
[1.926s] Level 1:colcon.colcon_core.package_identification:_identify(src/camera_action_pkg) by extensions ['ignore', 'ignore_ament_install']
[1.926s] Level 1:colcon.colcon_core.package_identification:_identify(src/camera_action_pkg) by extension 'ignore'
[1.926s] Level 1:colcon.colcon_core.package_identification:_identify(src/camera_action_pkg) ignored
[1.926s] Level 1:colcon.colcon_core.package_identification:_identify(src/camera_pkg) by extensions ['ignore', 'ignore_ament_install']
[1.926s] Level 1:colcon.colcon_core.package_identification:_identify(src/camera_pkg) by extension 'ignore'
[1.926s] Level 1:colcon.colcon_core.package_identification:_identify(src/camera_pkg) ignored
[1.926s] Level 1:colcon.colcon_core.package_identification:_identify(src/camera_srv_pkg) by extensions ['ignore', 'ignore_ament_install']
[1.926s] Level 1:colcon.colcon_core.package_identification:_identify(src/camera_srv_pkg) by extension 'ignore'
[1.927s] Level 1:colcon.colcon_core.package_identification:_identify(src/camera_srv_pkg) by extension 'ignore_ament_install'
[1.927s] Level 1:colcon.colcon_core.package_identification:_identify(src/camera_srv_pkg) by extensions ['colcon_pkg']
[1.927s] Level 1:colcon.colcon_core.package_identification:_identify(src/camera_srv_pkg) by extension 'colcon_pkg'
[1.927s] Level 1:colcon.colcon_core.package_identification:_identify(src/camera_srv_pkg) by extensions ['colcon_meta']
[1.927s] Level 1:colcon.colcon_core.package_identification:_identify(src/camera_srv_pkg) by extension 'colcon_meta'
[1.927s] Level 1:colcon.colcon_core.package_identification:_identify(src/camera_srv_pkg) by extensions ['ros']
[1.927s] Level 1:colcon.colcon_core.package_identification:_identify(src/camera_srv_pkg) by extension 'ros'
[1.933s] DEBUG:colcon.colcon_core.package_identification:Package 'src/camera_srv_pkg' with type 'ros.ament_python' and name 'camera_srv_pkg'
[1.933s] Level 1:colcon.colcon_core.package_identification:_identify(src/camera_v2_pkg) by extensions ['ignore', 'ignore_ament_install']
[1.933s] Level 1:colcon.colcon_core.package_identification:_identify(src/camera_v2_pkg) by extension 'ignore'
[1.933s] Level 1:colcon.colcon_core.package_identification:_identify(src/camera_v2_pkg) ignored
[1.933s] Level 1:colcon.colcon_core.package_identification:_identify(src/my_interfaces) by extensions ['ignore', 'ignore_ament_install']
[1.933s] Level 1:colcon.colcon_core.package_identification:_identify(src/my_interfaces) by extension 'ignore'
[1.934s] Level 1:colcon.colcon_core.package_identification:_identify(src/my_interfaces) ignored
[1.934s] Level 1:colcon.colcon_core.package_identification:_identify(src/robot_action_pkg) by extensions ['ignore', 'ignore_ament_install']
[1.934s] Level 1:colcon.colcon_core.package_identification:_identify(src/robot_action_pkg) by extension 'ignore'
[1.934s] Level 1:colcon.colcon_core.package_identification:_identify(src/robot_action_pkg) ignored
[1.934s] Level 1:colcon.colcon_core.package_identification:_identify(src/robot_pkg) by extensions ['ignore', 'ignore_ament_install']
[1.934s] Level 1:colcon.colcon_core.package_identification:_identify(src/robot_pkg) by extension 'ignore'
[1.934s] Level 1:colcon.colcon_core.package_identification:_identify(src/robot_pkg) ignored
[1.935s] Level 1:colcon.colcon_core.package_identification:_identify(src/robot_srv_pkg) by extensions ['ignore', 'ignore_ament_install']
[1.935s] Level 1:colcon.colcon_core.package_identification:_identify(src/robot_srv_pkg) by extension 'ignore'
[1.935s] Level 1:colcon.colcon_core.package_identification:_identify(src/robot_srv_pkg) ignored
[1.935s] Level 1:colcon.colcon_core.package_identification:_identify(src/robot_v2_pkg) by extensions ['ignore', 'ignore_ament_install']
[1.935s] Level 1:colcon.colcon_core.package_identification:_identify(src/robot_v2_pkg) by extension 'ignore'
[1.935s] Level 1:colcon.colcon_core.package_identification:_identify(src/robot_v2_pkg) ignored
[1.935s] Level 1:colcon.colcon_core.package_discovery:discover_packages(recursive) using defaults
[1.935s] Level 1:colcon.colcon_core.package_discovery:discover_packages(ignore) discover
[1.935s] Level 1:colcon.colcon_core.package_discovery:discover_packages(ignore) using defaults
[1.935s] Level 1:colcon.colcon_core.package_discovery:discover_packages(path) discover
[1.935s] Level 1:colcon.colcon_core.package_discovery:discover_packages(path) using defaults
[2.052s] Level 1:colcon.colcon_core.package_discovery:discover_packages(prefix_path) check parameters
[2.052s] Level 1:colcon.colcon_core.package_discovery:discover_packages(prefix_path) discover
[2.092s] DEBUG:colcon.colcon_installed_package_information.package_discovery:Found 10 installed packages in /home/user/template_ws/install
[2.112s] DEBUG:colcon.colcon_installed_package_information.package_discovery:Found 344 installed packages in /home/user/ros2_humble/install
[2.115s] Level 1:colcon.colcon_core.package_discovery:discover_packages(prefix_path) using defaults
[2.171s] Level 5:colcon.colcon_core.verb:set package 'camera_srv_pkg' build argument 'cmake_args' from command line to 'None'
[2.171s] Level 5:colcon.colcon_core.verb:set package 'camera_srv_pkg' build argument 'cmake_target' from command line to 'None'
[2.171s] Level 5:colcon.colcon_core.verb:set package 'camera_srv_pkg' build argument 'cmake_target_skip_unavailable' from command line to 'False'
[2.171s] Level 5:colcon.colcon_core.verb:set package 'camera_srv_pkg' build argument 'cmake_clean_cache' from command line to 'False'
[2.171s] Level 5:colcon.colcon_core.verb:set package 'camera_srv_pkg' build argument 'cmake_clean_first' from command line to 'False'
[2.171s] Level 5:colcon.colcon_core.verb:set package 'camera_srv_pkg' build argument 'cmake_force_configure' from command line to 'False'
[2.171s] Level 5:colcon.colcon_core.verb:set package 'camera_srv_pkg' build argument 'ament_cmake_args' from command line to 'None'
[2.171s] Level 5:colcon.colcon_core.verb:set package 'camera_srv_pkg' build argument 'catkin_cmake_args' from command line to 'None'
[2.171s] Level 5:colcon.colcon_core.verb:set package 'camera_srv_pkg' build argument 'catkin_skip_building_tests' from command line to 'False'
[2.171s] DEBUG:colcon.colcon_core.verb:Building package 'camera_srv_pkg' with the following arguments: {'ament_cmake_args': None, 'build_base': '/home/user/template_ws/build/camera_srv_pkg', 'catkin_cmake_args': None, 'catkin_skip_building_tests': False, 'cmake_args': None, 'cmake_clean_cache': False, 'cmake_clean_first': False, 'cmake_force_configure': False, 'cmake_target': None, 'cmake_target_skip_unavailable': False, 'install_base': '/home/user/template_ws/install/camera_srv_pkg', 'merge_install': False, 'path': '/home/user/template_ws/src/camera_srv_pkg', 'symlink_install': True, 'test_result_base': None}
[2.176s] INFO:colcon.colcon_core.executor:Executing jobs using 'parallel' executor
[2.207s] DEBUG:colcon.colcon_parallel_executor.executor.parallel:run_until_complete
[2.207s] INFO:colcon.colcon_ros.task.ament_python.build:Building ROS package in '/home/user/template_ws/src/camera_srv_pkg' with build type 'ament_python'
[2.208s] Level 1:colcon.colcon_core.shell:create_environment_hook('camera_srv_pkg', 'ament_prefix_path')
[2.233s] INFO:colcon.colcon_core.plugin_system:Skipping extension 'colcon_core.shell.bat': Not used on non-Windows systems
[2.234s] INFO:colcon.colcon_core.shell:Creating environment hook '/home/user/template_ws/install/camera_srv_pkg/share/camera_srv_pkg/hook/ament_prefix_path.ps1'
[2.235s] INFO:colcon.colcon_core.shell:Creating environment descriptor '/home/user/template_ws/install/camera_srv_pkg/share/camera_srv_pkg/hook/ament_prefix_path.dsv'
[2.236s] INFO:colcon.colcon_core.shell:Creating environment hook '/home/user/template_ws/install/camera_srv_pkg/share/camera_srv_pkg/hook/ament_prefix_path.sh'
[2.251s] INFO:colcon.colcon_core.shell:Skip shell extension 'powershell' for command environment: Not usable outside of PowerShell
[2.251s] DEBUG:colcon.colcon_core.shell:Skip shell extension 'dsv' for command environment
[3.340s] INFO:colcon.colcon_core.task.python.build:Building Python package in '/home/user/template_ws/src/camera_srv_pkg'
[3.359s] INFO:colcon.colcon_core.shell:Skip shell extension 'powershell' for command environment: Not usable outside of PowerShell
[3.359s] DEBUG:colcon.colcon_core.shell:Skip shell extension 'dsv' for command environment
[4.425s] DEBUG:colcon.colcon_core.event_handler.log_command:Invoking command in '/home/user/template_ws/build/camera_srv_pkg': PYTHONPATH=/home/user/template_ws/build/camera_srv_pkg/prefix_override:/home/user/template_ws/install/camera_srv_pkg/lib/python3.10/site-packages:${PYTHONPATH} /usr/bin/python3 setup.py develop --editable --build-directory /home/user/template_ws/build/camera_srv_pkg/build --no-deps install_data
[5.800s] Level 1:colcon.colcon_core.shell:create_environment_hook('camera_srv_pkg', 'pythonpath_develop')
[5.816s] DEBUG:colcon.colcon_core.event_handler.log_command:Invoked command in '/home/user/template_ws/build/camera_srv_pkg' returned '0': PYTHONPATH=/home/user/template_ws/build/camera_srv_pkg/prefix_override:/home/user/template_ws/install/camera_srv_pkg/lib/python3.10/site-packages:${PYTHONPATH} /usr/bin/python3 setup.py develop --editable --build-directory /home/user/template_ws/build/camera_srv_pkg/build --no-deps install_data
[5.818s] INFO:colcon.colcon_core.shell:Creating environment hook '/home/user/template_ws/build/camera_srv_pkg/share/camera_srv_pkg/hook/pythonpath_develop.ps1'
[5.819s] INFO:colcon.colcon_core.shell:Creating environment descriptor '/home/user/template_ws/build/camera_srv_pkg/share/camera_srv_pkg/hook/pythonpath_develop.dsv'
[5.820s] INFO:colcon.colcon_core.shell:Creating environment hook '/home/user/template_ws/build/camera_srv_pkg/share/camera_srv_pkg/hook/pythonpath_develop.sh'
[5.852s] Level 1:colcon.colcon_core.environment:checking '/home/user/template_ws/install/camera_srv_pkg' for CMake module files
[5.852s] Level 1:colcon.colcon_core.environment:checking '/home/user/template_ws/install/camera_srv_pkg' for CMake config files
[5.853s] Level 1:colcon.colcon_core.environment:checking '/home/user/template_ws/install/camera_srv_pkg/lib'
[5.854s] Level 1:colcon.colcon_core.environment:checking '/home/user/template_ws/install/camera_srv_pkg/bin'
[5.854s] Level 1:colcon.colcon_core.environment:checking '/home/user/template_ws/install/camera_srv_pkg/lib/pkgconfig/camera_srv_pkg.pc'
[5.854s] Level 1:colcon.colcon_core.environment:checking '/home/user/template_ws/install/camera_srv_pkg/lib/python3.10/site-packages'
[5.854s] Level 1:colcon.colcon_core.shell:create_environment_hook('camera_srv_pkg', 'pythonpath')
[5.872s] INFO:colcon.colcon_core.shell:Creating environment hook '/home/user/template_ws/install/camera_srv_pkg/share/camera_srv_pkg/hook/pythonpath.ps1'
[5.873s] INFO:colcon.colcon_core.shell:Creating environment descriptor '/home/user/template_ws/install/camera_srv_pkg/share/camera_srv_pkg/hook/pythonpath.dsv'
[5.873s] INFO:colcon.colcon_core.shell:Creating environment hook '/home/user/template_ws/install/camera_srv_pkg/share/camera_srv_pkg/hook/pythonpath.sh'
[5.874s] Level 1:colcon.colcon_core.environment:checking '/home/user/template_ws/install/camera_srv_pkg/bin'
[5.874s] Level 1:colcon.colcon_core.environment:create_environment_scripts_only(camera_srv_pkg)
[5.892s] INFO:colcon.colcon_core.shell:Creating package script '/home/user/template_ws/install/camera_srv_pkg/share/camera_srv_pkg/package.ps1'
[5.893s] INFO:colcon.colcon_core.shell:Creating package descriptor '/home/user/template_ws/install/camera_srv_pkg/share/camera_srv_pkg/package.dsv'
[5.894s] INFO:colcon.colcon_core.shell:Creating package script '/home/user/template_ws/install/camera_srv_pkg/share/camera_srv_pkg/package.sh'
[5.895s] INFO:colcon.colcon_core.shell:Creating package script '/home/user/template_ws/install/camera_srv_pkg/share/camera_srv_pkg/package.bash'
[5.896s] INFO:colcon.colcon_core.shell:Creating package script '/home/user/template_ws/install/camera_srv_pkg/share/camera_srv_pkg/package.zsh'
[5.897s] Level 1:colcon.colcon_core.environment:create_file_with_runtime_dependencies(/home/user/template_ws/install/camera_srv_pkg/share/colcon-core/packages/camera_srv_pkg)
[5.897s] DEBUG:colcon.colcon_parallel_executor.executor.parallel:closing loop
[5.898s] DEBUG:colcon.colcon_parallel_executor.executor.parallel:loop closed
[5.898s] DEBUG:colcon.colcon_parallel_executor.executor.parallel:run_until_complete finished with '0'
[5.898s] DEBUG:colcon.colcon_core.event_reactor:joining thread
[5.936s] INFO:colcon.colcon_core.plugin_system:Skipping extension 'colcon_notification.desktop_notification.terminal_notifier': Not used on non-Darwin systems
[5.936s] INFO:colcon.colcon_core.plugin_system:Skipping extension 'colcon_notification.desktop_notification.win32': Not used on non-Windows systems
[5.936s] INFO:colcon.colcon_notification.desktop_notification:Sending desktop notification using 'notify2'
[5.950s] DEBUG:colcon.colcon_core.event_reactor:joined thread
[5.970s] INFO:colcon.colcon_core.shell:Creating prefix script '/home/user/template_ws/install/local_setup.ps1'
[5.971s] INFO:colcon.colcon_core.shell:Creating prefix util module '/home/user/template_ws/install/_local_setup_util_ps1.py'
[5.973s] INFO:colcon.colcon_core.shell:Creating prefix chain script '/home/user/template_ws/install/setup.ps1'
[6.013s] INFO:colcon.colcon_core.shell:Creating prefix script '/home/user/template_ws/install/local_setup.sh'
[6.014s] INFO:colcon.colcon_core.shell:Creating prefix util module '/home/user/template_ws/install/_local_setup_util_sh.py'
[6.015s] INFO:colcon.colcon_core.shell:Creating prefix chain script '/home/user/template_ws/install/setup.sh'
[6.055s] INFO:colcon.colcon_core.shell:Creating prefix script '/home/user/template_ws/install/local_setup.bash'
[6.056s] INFO:colcon.colcon_core.shell:Creating prefix chain script '/home/user/template_ws/install/setup.bash'
[6.095s] INFO:colcon.colcon_core.shell:Creating prefix script '/home/user/template_ws/install/local_setup.zsh'
[6.095s] INFO:colcon.colcon_core.shell:Creating prefix chain script '/home/user/template_ws/install/setup.zsh'
