[1.654s] DEBUG:colcon:Command line arguments: ['/home/user/.local/bin/colcon', 'build', '--symlink-install']
[1.654s] DEBUG:colcon:Parsed command line arguments: Namespace(log_base=None, log_level=None, verb_name='build', build_base='build', install_base='install', merge_install=False, symlink_install=True, test_result_base=None, continue_on_error=False, executor='parallel', parallel_workers=4, event_handlers=None, ignore_user_meta=False, metas=['./colcon.meta'], base_paths=['.'], packages_ignore=None, packages_ignore_regex=None, paths=None, packages_up_to=None, packages_up_to_regex=None, packages_above=None, packages_above_and_dependencies=None, packages_above_depth=None, packages_select_by_dep=None, packages_skip_by_dep=None, packages_skip_up_to=None, packages_select_build_failed=False, packages_skip_build_finished=False, packages_select_test_failures=False, packages_skip_test_passed=False, packages_select=None, packages_skip=None, packages_select_regex=None, packages_skip_regex=None, packages_start=None, packages_end=None, allow_overriding=[], cmake_args=None, cmake_target=None, cmake_target_skip_unavailable=False, cmake_clean_cache=False, cmake_clean_first=False, cmake_force_configure=False, ament_cmake_args=None, catkin_cmake_args=None, catkin_skip_building_tests=False, verb_parser=<colcon_defaults.argument_parser.defaults.DefaultArgumentsDecorator object at 0x7f549a94e380>, verb_extension=<colcon_core.verb.build.BuildVerb object at 0x7f549a94dea0>, main=<bound method BuildVerb.main of <colcon_core.verb.build.BuildVerb object at 0x7f549a94dea0>>)
[1.729s] Level 1:colcon.colcon_core.package_discovery:discover_packages(colcon_meta) check parameters
[1.729s] Level 1:colcon.colcon_core.package_discovery:discover_packages(recursive) check parameters
[1.729s] Level 1:colcon.colcon_core.package_discovery:discover_packages(ignore) check parameters
[1.729s] Level 1:colcon.colcon_core.package_discovery:discover_packages(path) check parameters
[1.729s] Level 1:colcon.colcon_core.package_discovery:discover_packages(colcon_meta) discover
[1.729s] Level 1:colcon.colcon_core.package_discovery:discover_packages(recursive) discover
[1.730s] INFO:colcon.colcon_core.package_discovery:Crawling recursively for packages in '/home/user/template_ws'
[1.730s] Level 1:colcon.colcon_core.package_identification:_identify(.) by extensions ['ignore', 'ignore_ament_install']
[1.730s] Level 1:colcon.colcon_core.package_identification:_identify(.) by extension 'ignore'
[1.730s] Level 1:colcon.colcon_core.package_identification:_identify(.) by extension 'ignore_ament_install'
[1.730s] Level 1:colcon.colcon_core.package_identification:_identify(.) by extensions ['colcon_pkg']
[1.730s] Level 1:colcon.colcon_core.package_identification:_identify(.) by extension 'colcon_pkg'
[1.730s] Level 1:colcon.colcon_core.package_identification:_identify(.) by extensions ['colcon_meta']
[1.730s] Level 1:colcon.colcon_core.package_identification:_identify(.) by extension 'colcon_meta'
[1.730s] Level 1:colcon.colcon_core.package_identification:_identify(.) by extensions ['ros']
[1.730s] Level 1:colcon.colcon_core.package_identification:_identify(.) by extension 'ros'
[1.747s] Level 1:colcon.colcon_core.package_identification:_identify(.) by extensions ['cmake', 'python']
[1.747s] Level 1:colcon.colcon_core.package_identification:_identify(.) by extension 'cmake'
[1.747s] Level 1:colcon.colcon_core.package_identification:_identify(.) by extension 'python'
[1.747s] Level 1:colcon.colcon_core.package_identification:_identify(.) by extensions ['python_setup_py']
[1.747s] Level 1:colcon.colcon_core.package_identification:_identify(.) by extension 'python_setup_py'
[1.747s] Level 1:colcon.colcon_core.package_identification:_identify(build) by extensions ['ignore', 'ignore_ament_install']
[1.748s] Level 1:colcon.colcon_core.package_identification:_identify(build) by extension 'ignore'
[1.748s] Level 1:colcon.colcon_core.package_identification:_identify(build) ignored
[1.748s] Level 1:colcon.colcon_core.package_identification:_identify(install) by extensions ['ignore', 'ignore_ament_install']
[1.748s] Level 1:colcon.colcon_core.package_identification:_identify(install) by extension 'ignore'
[1.748s] Level 1:colcon.colcon_core.package_identification:_identify(install) ignored
[1.748s] Level 1:colcon.colcon_core.package_identification:_identify(log) by extensions ['ignore', 'ignore_ament_install']
[1.748s] Level 1:colcon.colcon_core.package_identification:_identify(log) by extension 'ignore'
[1.748s] Level 1:colcon.colcon_core.package_identification:_identify(log) ignored
[1.748s] Level 1:colcon.colcon_core.package_identification:_identify(src) by extensions ['ignore', 'ignore_ament_install']
[1.749s] Level 1:colcon.colcon_core.package_identification:_identify(src) by extension 'ignore'
[1.749s] Level 1:colcon.colcon_core.package_identification:_identify(src) by extension 'ignore_ament_install'
[1.749s] Level 1:colcon.colcon_core.package_identification:_identify(src) by extensions ['colcon_pkg']
[1.749s] Level 1:colcon.colcon_core.package_identification:_identify(src) by extension 'colcon_pkg'
[1.749s] Level 1:colcon.colcon_core.package_identification:_identify(src) by extensions ['colcon_meta']
[1.749s] Level 1:colcon.colcon_core.package_identification:_identify(src) by extension 'colcon_meta'
[1.749s] Level 1:colcon.colcon_core.package_identification:_identify(src) by extensions ['ros']
[1.749s] Level 1:colcon.colcon_core.package_identification:_identify(src) by extension 'ros'
[1.749s] Level 1:colcon.colcon_core.package_identification:_identify(src) by extensions ['cmake', 'python']
[1.749s] Level 1:colcon.colcon_core.package_identification:_identify(src) by extension 'cmake'
[1.749s] Level 1:colcon.colcon_core.package_identification:_identify(src) by extension 'python'
[1.749s] Level 1:colcon.colcon_core.package_identification:_identify(src) by extensions ['python_setup_py']
[1.749s] Level 1:colcon.colcon_core.package_identification:_identify(src) by extension 'python_setup_py'
[1.749s] Level 1:colcon.colcon_core.package_identification:_identify(src/camera_pkg) by extensions ['ignore', 'ignore_ament_install']
[1.749s] Level 1:colcon.colcon_core.package_identification:_identify(src/camera_pkg) by extension 'ignore'
[1.749s] Level 1:colcon.colcon_core.package_identification:_identify(src/camera_pkg) ignored
[1.750s] Level 1:colcon.colcon_core.package_identification:_identify(src/camera_v2_pkg) by extensions ['ignore', 'ignore_ament_install']
[1.750s] Level 1:colcon.colcon_core.package_identification:_identify(src/camera_v2_pkg) by extension 'ignore'
[1.750s] Level 1:colcon.colcon_core.package_identification:_identify(src/camera_v2_pkg) ignored
[1.750s] Level 1:colcon.colcon_core.package_identification:_identify(src/my_interfaces) by extensions ['ignore', 'ignore_ament_install']
[1.750s] Level 1:colcon.colcon_core.package_identification:_identify(src/my_interfaces) by extension 'ignore'
[1.750s] Level 1:colcon.colcon_core.package_identification:_identify(src/my_interfaces) by extension 'ignore_ament_install'
[1.750s] Level 1:colcon.colcon_core.package_identification:_identify(src/my_interfaces) by extensions ['colcon_pkg']
[1.750s] Level 1:colcon.colcon_core.package_identification:_identify(src/my_interfaces) by extension 'colcon_pkg'
[1.750s] Level 1:colcon.colcon_core.package_identification:_identify(src/my_interfaces) by extensions ['colcon_meta']
[1.750s] Level 1:colcon.colcon_core.package_identification:_identify(src/my_interfaces) by extension 'colcon_meta'
[1.750s] Level 1:colcon.colcon_core.package_identification:_identify(src/my_interfaces) by extensions ['ros']
[1.750s] Level 1:colcon.colcon_core.package_identification:_identify(src/my_interfaces) by extension 'ros'
[1.754s] DEBUG:colcon.colcon_core.package_identification:Package 'src/my_interfaces' with type 'ros.ament_cmake' and name 'my_interfaces'
[1.754s] Level 1:colcon.colcon_core.package_identification:_identify(src/robot_pkg) by extensions ['ignore', 'ignore_ament_install']
[1.754s] Level 1:colcon.colcon_core.package_identification:_identify(src/robot_pkg) by extension 'ignore'
[1.754s] Level 1:colcon.colcon_core.package_identification:_identify(src/robot_pkg) ignored
[1.754s] Level 1:colcon.colcon_core.package_identification:_identify(src/robot_srv_pkg) by extensions ['ignore', 'ignore_ament_install']
[1.754s] Level 1:colcon.colcon_core.package_identification:_identify(src/robot_srv_pkg) by extension 'ignore'
[1.754s] Level 1:colcon.colcon_core.package_identification:_identify(src/robot_srv_pkg) by extension 'ignore_ament_install'
[1.754s] Level 1:colcon.colcon_core.package_identification:_identify(src/robot_srv_pkg) by extensions ['colcon_pkg']
[1.754s] Level 1:colcon.colcon_core.package_identification:_identify(src/robot_srv_pkg) by extension 'colcon_pkg'
[1.754s] Level 1:colcon.colcon_core.package_identification:_identify(src/robot_srv_pkg) by extensions ['colcon_meta']
[1.755s] Level 1:colcon.colcon_core.package_identification:_identify(src/robot_srv_pkg) by extension 'colcon_meta'
[1.755s] Level 1:colcon.colcon_core.package_identification:_identify(src/robot_srv_pkg) by extensions ['ros']
[1.755s] Level 1:colcon.colcon_core.package_identification:_identify(src/robot_srv_pkg) by extension 'ros'
[1.756s] DEBUG:colcon.colcon_core.package_identification:Package 'src/robot_srv_pkg' with type 'ros.ament_cmake' and name 'robot_srv_pkg'
[1.756s] Level 1:colcon.colcon_core.package_identification:_identify(src/robot_v2_pkg) by extensions ['ignore', 'ignore_ament_install']
[1.756s] Level 1:colcon.colcon_core.package_identification:_identify(src/robot_v2_pkg) by extension 'ignore'
[1.756s] Level 1:colcon.colcon_core.package_identification:_identify(src/robot_v2_pkg) ignored
[1.756s] Level 1:colcon.colcon_core.package_discovery:discover_packages(recursive) using defaults
[1.756s] Level 1:colcon.colcon_core.package_discovery:discover_packages(ignore) discover
[1.756s] Level 1:colcon.colcon_core.package_discovery:discover_packages(ignore) using defaults
[1.756s] Level 1:colcon.colcon_core.package_discovery:discover_packages(path) discover
[1.756s] Level 1:colcon.colcon_core.package_discovery:discover_packages(path) using defaults
[1.855s] Level 1:colcon.colcon_core.package_discovery:discover_packages(prefix_path) check parameters
[1.855s] Level 1:colcon.colcon_core.package_discovery:discover_packages(prefix_path) discover
[1.895s] DEBUG:colcon.colcon_installed_package_information.package_discovery:Found 7 installed packages in /home/user/template_ws/install
[1.914s] DEBUG:colcon.colcon_installed_package_information.package_discovery:Found 344 installed packages in /home/user/ros2_humble/install
[1.917s] Level 1:colcon.colcon_core.package_discovery:discover_packages(prefix_path) using defaults
[1.954s] WARNING:colcon.colcon_core.package_selection:Some selected packages are already built in one or more underlay workspaces:
	'my_interfaces' is in: /home/user/template_ws/install/my_interfaces
If a package in a merged underlay workspace is overridden and it installs headers, then all packages in the overlay must sort their include directories by workspace order. Failure to do so may result in build failures or undefined behavior at run time.
If the overridden package is used by another package in any underlay, then the overriding package in the overlay must be API and ABI compatible or undefined behavior at run time may occur.

If you understand the risks and want to override a package anyways, add the following to the command line:
	--allow-overriding my_interfaces

This may be promoted to an error in a future release of colcon-override-check.
[1.978s] Level 5:colcon.colcon_core.verb:set package 'my_interfaces' build argument 'cmake_args' from command line to 'None'
[1.978s] Level 5:colcon.colcon_core.verb:set package 'my_interfaces' build argument 'cmake_target' from command line to 'None'
[1.978s] Level 5:colcon.colcon_core.verb:set package 'my_interfaces' build argument 'cmake_target_skip_unavailable' from command line to 'False'
[1.978s] Level 5:colcon.colcon_core.verb:set package 'my_interfaces' build argument 'cmake_clean_cache' from command line to 'False'
[1.978s] Level 5:colcon.colcon_core.verb:set package 'my_interfaces' build argument 'cmake_clean_first' from command line to 'False'
[1.978s] Level 5:colcon.colcon_core.verb:set package 'my_interfaces' build argument 'cmake_force_configure' from command line to 'False'
[1.978s] Level 5:colcon.colcon_core.verb:set package 'my_interfaces' build argument 'ament_cmake_args' from command line to 'None'
[1.978s] Level 5:colcon.colcon_core.verb:set package 'my_interfaces' build argument 'catkin_cmake_args' from command line to 'None'
[1.978s] Level 5:colcon.colcon_core.verb:set package 'my_interfaces' build argument 'catkin_skip_building_tests' from command line to 'False'
[1.978s] DEBUG:colcon.colcon_core.verb:Building package 'my_interfaces' with the following arguments: {'ament_cmake_args': None, 'build_base': '/home/user/template_ws/build/my_interfaces', 'catkin_cmake_args': None, 'catkin_skip_building_tests': False, 'cmake_args': None, 'cmake_clean_cache': False, 'cmake_clean_first': False, 'cmake_force_configure': False, 'cmake_target': None, 'cmake_target_skip_unavailable': False, 'install_base': '/home/user/template_ws/install/my_interfaces', 'merge_install': False, 'path': '/home/user/template_ws/src/my_interfaces', 'symlink_install': True, 'test_result_base': None}
[1.999s] Level 5:colcon.colcon_core.verb:set package 'robot_srv_pkg' build argument 'cmake_args' from command line to 'None'
[1.999s] Level 5:colcon.colcon_core.verb:set package 'robot_srv_pkg' build argument 'cmake_target' from command line to 'None'
[1.999s] Level 5:colcon.colcon_core.verb:set package 'robot_srv_pkg' build argument 'cmake_target_skip_unavailable' from command line to 'False'
[1.999s] Level 5:colcon.colcon_core.verb:set package 'robot_srv_pkg' build argument 'cmake_clean_cache' from command line to 'False'
[1.999s] Level 5:colcon.colcon_core.verb:set package 'robot_srv_pkg' build argument 'cmake_clean_first' from command line to 'False'
[1.999s] Level 5:colcon.colcon_core.verb:set package 'robot_srv_pkg' build argument 'cmake_force_configure' from command line to 'False'
[1.999s] Level 5:colcon.colcon_core.verb:set package 'robot_srv_pkg' build argument 'ament_cmake_args' from command line to 'None'
[1.999s] Level 5:colcon.colcon_core.verb:set package 'robot_srv_pkg' build argument 'catkin_cmake_args' from command line to 'None'
[1.999s] Level 5:colcon.colcon_core.verb:set package 'robot_srv_pkg' build argument 'catkin_skip_building_tests' from command line to 'False'
[1.999s] DEBUG:colcon.colcon_core.verb:Building package 'robot_srv_pkg' with the following arguments: {'ament_cmake_args': None, 'build_base': '/home/user/template_ws/build/robot_srv_pkg', 'catkin_cmake_args': None, 'catkin_skip_building_tests': False, 'cmake_args': None, 'cmake_clean_cache': False, 'cmake_clean_first': False, 'cmake_force_configure': False, 'cmake_target': None, 'cmake_target_skip_unavailable': False, 'install_base': '/home/user/template_ws/install/robot_srv_pkg', 'merge_install': False, 'path': '/home/user/template_ws/src/robot_srv_pkg', 'symlink_install': True, 'test_result_base': None}
[2.004s] INFO:colcon.colcon_core.executor:Executing jobs using 'parallel' executor
[2.040s] DEBUG:colcon.colcon_parallel_executor.executor.parallel:run_until_complete
[2.041s] INFO:colcon.colcon_ros.task.ament_cmake.build:Building ROS package in '/home/user/template_ws/src/my_interfaces' with build type 'ament_cmake'
[2.041s] INFO:colcon.colcon_cmake.task.cmake.build:Building CMake package in '/home/user/template_ws/src/my_interfaces'
[2.066s] INFO:colcon.colcon_core.plugin_system:Skipping extension 'colcon_core.shell.bat': Not used on non-Windows systems
[2.066s] INFO:colcon.colcon_core.shell:Skip shell extension 'powershell' for command environment: Not usable outside of PowerShell
[2.066s] DEBUG:colcon.colcon_core.shell:Skip shell extension 'dsv' for command environment
[2.163s] DEBUG:colcon.colcon_core.event_handler.log_command:Invoking command in '/home/user/template_ws/build/my_interfaces': CMAKE_PREFIX_PATH=${CMAKE_PREFIX_PATH}:/home/user/template_ws/install/camera_v2_pkg:/home/user/template_ws/install/camera_pkg:/home/user/ros2_humble/install/rqt_bag_plugins:/home/user/ros2_humble/install/rqt_bag:/home/user/ros2_humble/install/ros2bag:/home/user/ros2_humble/install/tracetools_test:/home/user/ros2_humble/install/tracetools_launch:/home/user/ros2_humble/install/topic_monitor:/home/user/ros2_humble/install/tf2_tools:/home/user/ros2_humble/install/examples_tf2_py:/home/user/ros2_humble/install/tf2_ros_py:/home/user/ros2_humble/install/sros2:/home/user/ros2_humble/install/rqt_topic:/home/user/ros2_humble/install/rqt_srv:/home/user/ros2_humble/install/rqt_shell:/home/user/ros2_humble/install/rqt_service_caller:/home/user/ros2_humble/install/rqt_reconfigure:/home/user/ros2_humble/install/rqt_py_console:/home/user/ros2_humble/install/rqt_publisher:/home/user/ros2_humble/install/rqt_plot:/home/user/ros2_humble/install/rqt_action:/home/user/ros2_humble/install/rqt_msg:/home/user/ros2_humble/install/rqt_console:/home/user/ros2_humble/install/rqt:/home/user/ros2_humble/install/rqt_graph:/home/user/ros2_humble/install/rqt_gui_py:/home/user/ros2_humble/install/rqt_gui:/home/user/ros2_humble/install/ros2trace:/home/user/ros2_humble/install/ros2topic:/home/user/ros2_humble/install/ros2test:/home/user/ros2_humble/install/ros2component:/home/user/ros2_humble/install/ros2param:/home/user/ros2_humble/install/ros2lifecycle:/home/user/ros2_humble/install/ros2service:/home/user/ros2_humble/install/ros2run:/home/user/ros2_humble/install/ros2launch:/home/user/ros2_humble/install/ros2pkg:/home/user/ros2_humble/install/ros2node:/home/user/ros2_humble/install/ros2multicast:/home/user/ros2_humble/install/ros2interface:/home/user/ros2_humble/install/ros2doctor:/home/user/ros2_humble/install/ros2action:/home/user/ros2_humble/install/ros2cli:/home/user/ros2_humble/install/quality_of_service_demo_py:/home/user/ros2_humble/install/lifecycle_py:/home/user/ros2_humble/install/launch_testing_ros:/home/user/ros2_humble/install/launch_ros:/home/user/ros2_humble/install/examples_rclpy_pointcloud_publisher:/home/user/ros2_humble/install/examples_rclpy_minimal_subscriber:/home/user/ros2_humble/install/examples_rclpy_minimal_service:/home/user/ros2_humble/install/examples_rclpy_minimal_publisher:/home/user/ros2_humble/install/examples_rclpy_minimal_client:/home/user/ros2_humble/install/examples_rclpy_minimal_action_server:/home/user/ros2_humble/install/examples_rclpy_minimal_action_client:/home/user/ros2_humble/install/examples_rclpy_guard_conditions:/home/user/ros2_humble/install/examples_rclpy_executors:/home/user/ros2_humble/install/demo_nodes_py:/home/user/ros2_humble/install/action_tutorials_py:/home/user/ros2_humble/install/ament_uncrustify:/home/user/ros2_humble/install/tracetools_trace:/home/user/ros2_humble/install/tracetools_read:/home/user/ros2_humble/install/test_tracetools_launch:/home/user/ros2_humble/install/test_launch_ros:/home/user/ros2_humble/install/sensor_msgs_py:/home/user/ros2_humble/install/rpyutils:/home/user/ros2_humble/install/rosidl_runtime_py:/home/user/ros2_humble/install/rosidl_cli:/home/user/ros2_humble/install/launch_pytest:/home/user/ros2_humble/install/launch_testing:/home/user/ros2_humble/install/launch_yaml:/home/user/ros2_humble/install/launch_xml:/home/user/ros2_humble/install/launch:/home/user/ros2_humble/install/osrf_pycommon:/home/user/ros2_humble/install/launch_testing_examples:/home/user/ros2_humble/install/domain_coordinator:/home/user/ros2_humble/install/ament_xmllint:/home/user/ros2_humble/install/ament_pyflakes:/home/user/ros2_humble/install/ament_pycodestyle:/home/user/ros2_humble/install/ament_pep257:/home/user/ros2_humble/install/ament_pclint:/home/user/ros2_humble/install/ament_package:/home/user/ros2_humble/install/ament_mypy:/home/user/ros2_humble/install/ament_lint_cmake:/home/user/ros2_humble/install/ament_flake8:/home/user/ros2_humble/install/ament_copyright:/home/user/ros2_humble/install/ament_lint:/home/user/ros2_humble/install/ament_index_python:/home/user/ros2_humble/install/ament_cpplint:/home/user/ros2_humble/install/ament_cppcheck:/home/user/ros2_humble/install/ament_clang_tidy:/home/user/ros2_humble/install/ament_clang_format /usr/bin/cmake --build /home/user/template_ws/build/my_interfaces -- -j4 -l4
[4.646s] DEBUG:colcon.colcon_core.event_handler.log_command:Invoked command in '/home/user/template_ws/build/my_interfaces' returned '0': CMAKE_PREFIX_PATH=${CMAKE_PREFIX_PATH}:/home/user/template_ws/install/camera_v2_pkg:/home/user/template_ws/install/camera_pkg:/home/user/ros2_humble/install/rqt_bag_plugins:/home/user/ros2_humble/install/rqt_bag:/home/user/ros2_humble/install/ros2bag:/home/user/ros2_humble/install/tracetools_test:/home/user/ros2_humble/install/tracetools_launch:/home/user/ros2_humble/install/topic_monitor:/home/user/ros2_humble/install/tf2_tools:/home/user/ros2_humble/install/examples_tf2_py:/home/user/ros2_humble/install/tf2_ros_py:/home/user/ros2_humble/install/sros2:/home/user/ros2_humble/install/rqt_topic:/home/user/ros2_humble/install/rqt_srv:/home/user/ros2_humble/install/rqt_shell:/home/user/ros2_humble/install/rqt_service_caller:/home/user/ros2_humble/install/rqt_reconfigure:/home/user/ros2_humble/install/rqt_py_console:/home/user/ros2_humble/install/rqt_publisher:/home/user/ros2_humble/install/rqt_plot:/home/user/ros2_humble/install/rqt_action:/home/user/ros2_humble/install/rqt_msg:/home/user/ros2_humble/install/rqt_console:/home/user/ros2_humble/install/rqt:/home/user/ros2_humble/install/rqt_graph:/home/user/ros2_humble/install/rqt_gui_py:/home/user/ros2_humble/install/rqt_gui:/home/user/ros2_humble/install/ros2trace:/home/user/ros2_humble/install/ros2topic:/home/user/ros2_humble/install/ros2test:/home/user/ros2_humble/install/ros2component:/home/user/ros2_humble/install/ros2param:/home/user/ros2_humble/install/ros2lifecycle:/home/user/ros2_humble/install/ros2service:/home/user/ros2_humble/install/ros2run:/home/user/ros2_humble/install/ros2launch:/home/user/ros2_humble/install/ros2pkg:/home/user/ros2_humble/install/ros2node:/home/user/ros2_humble/install/ros2multicast:/home/user/ros2_humble/install/ros2interface:/home/user/ros2_humble/install/ros2doctor:/home/user/ros2_humble/install/ros2action:/home/user/ros2_humble/install/ros2cli:/home/user/ros2_humble/install/quality_of_service_demo_py:/home/user/ros2_humble/install/lifecycle_py:/home/user/ros2_humble/install/launch_testing_ros:/home/user/ros2_humble/install/launch_ros:/home/user/ros2_humble/install/examples_rclpy_pointcloud_publisher:/home/user/ros2_humble/install/examples_rclpy_minimal_subscriber:/home/user/ros2_humble/install/examples_rclpy_minimal_service:/home/user/ros2_humble/install/examples_rclpy_minimal_publisher:/home/user/ros2_humble/install/examples_rclpy_minimal_client:/home/user/ros2_humble/install/examples_rclpy_minimal_action_server:/home/user/ros2_humble/install/examples_rclpy_minimal_action_client:/home/user/ros2_humble/install/examples_rclpy_guard_conditions:/home/user/ros2_humble/install/examples_rclpy_executors:/home/user/ros2_humble/install/demo_nodes_py:/home/user/ros2_humble/install/action_tutorials_py:/home/user/ros2_humble/install/ament_uncrustify:/home/user/ros2_humble/install/tracetools_trace:/home/user/ros2_humble/install/tracetools_read:/home/user/ros2_humble/install/test_tracetools_launch:/home/user/ros2_humble/install/test_launch_ros:/home/user/ros2_humble/install/sensor_msgs_py:/home/user/ros2_humble/install/rpyutils:/home/user/ros2_humble/install/rosidl_runtime_py:/home/user/ros2_humble/install/rosidl_cli:/home/user/ros2_humble/install/launch_pytest:/home/user/ros2_humble/install/launch_testing:/home/user/ros2_humble/install/launch_yaml:/home/user/ros2_humble/install/launch_xml:/home/user/ros2_humble/install/launch:/home/user/ros2_humble/install/osrf_pycommon:/home/user/ros2_humble/install/launch_testing_examples:/home/user/ros2_humble/install/domain_coordinator:/home/user/ros2_humble/install/ament_xmllint:/home/user/ros2_humble/install/ament_pyflakes:/home/user/ros2_humble/install/ament_pycodestyle:/home/user/ros2_humble/install/ament_pep257:/home/user/ros2_humble/install/ament_pclint:/home/user/ros2_humble/install/ament_package:/home/user/ros2_humble/install/ament_mypy:/home/user/ros2_humble/install/ament_lint_cmake:/home/user/ros2_humble/install/ament_flake8:/home/user/ros2_humble/install/ament_copyright:/home/user/ros2_humble/install/ament_lint:/home/user/ros2_humble/install/ament_index_python:/home/user/ros2_humble/install/ament_cpplint:/home/user/ros2_humble/install/ament_cppcheck:/home/user/ros2_humble/install/ament_clang_tidy:/home/user/ros2_humble/install/ament_clang_format /usr/bin/cmake --build /home/user/template_ws/build/my_interfaces -- -j4 -l4
[6.480s] DEBUG:colcon.colcon_core.event_handler.log_command:Invoking command in '/home/user/template_ws/build/my_interfaces': CMAKE_PREFIX_PATH=${CMAKE_PREFIX_PATH}:/home/user/template_ws/install/camera_v2_pkg:/home/user/template_ws/install/camera_pkg:/home/user/ros2_humble/install/rqt_bag_plugins:/home/user/ros2_humble/install/rqt_bag:/home/user/ros2_humble/install/ros2bag:/home/user/ros2_humble/install/tracetools_test:/home/user/ros2_humble/install/tracetools_launch:/home/user/ros2_humble/install/topic_monitor:/home/user/ros2_humble/install/tf2_tools:/home/user/ros2_humble/install/examples_tf2_py:/home/user/ros2_humble/install/tf2_ros_py:/home/user/ros2_humble/install/sros2:/home/user/ros2_humble/install/rqt_topic:/home/user/ros2_humble/install/rqt_srv:/home/user/ros2_humble/install/rqt_shell:/home/user/ros2_humble/install/rqt_service_caller:/home/user/ros2_humble/install/rqt_reconfigure:/home/user/ros2_humble/install/rqt_py_console:/home/user/ros2_humble/install/rqt_publisher:/home/user/ros2_humble/install/rqt_plot:/home/user/ros2_humble/install/rqt_action:/home/user/ros2_humble/install/rqt_msg:/home/user/ros2_humble/install/rqt_console:/home/user/ros2_humble/install/rqt:/home/user/ros2_humble/install/rqt_graph:/home/user/ros2_humble/install/rqt_gui_py:/home/user/ros2_humble/install/rqt_gui:/home/user/ros2_humble/install/ros2trace:/home/user/ros2_humble/install/ros2topic:/home/user/ros2_humble/install/ros2test:/home/user/ros2_humble/install/ros2component:/home/user/ros2_humble/install/ros2param:/home/user/ros2_humble/install/ros2lifecycle:/home/user/ros2_humble/install/ros2service:/home/user/ros2_humble/install/ros2run:/home/user/ros2_humble/install/ros2launch:/home/user/ros2_humble/install/ros2pkg:/home/user/ros2_humble/install/ros2node:/home/user/ros2_humble/install/ros2multicast:/home/user/ros2_humble/install/ros2interface:/home/user/ros2_humble/install/ros2doctor:/home/user/ros2_humble/install/ros2action:/home/user/ros2_humble/install/ros2cli:/home/user/ros2_humble/install/quality_of_service_demo_py:/home/user/ros2_humble/install/lifecycle_py:/home/user/ros2_humble/install/launch_testing_ros:/home/user/ros2_humble/install/launch_ros:/home/user/ros2_humble/install/examples_rclpy_pointcloud_publisher:/home/user/ros2_humble/install/examples_rclpy_minimal_subscriber:/home/user/ros2_humble/install/examples_rclpy_minimal_service:/home/user/ros2_humble/install/examples_rclpy_minimal_publisher:/home/user/ros2_humble/install/examples_rclpy_minimal_client:/home/user/ros2_humble/install/examples_rclpy_minimal_action_server:/home/user/ros2_humble/install/examples_rclpy_minimal_action_client:/home/user/ros2_humble/install/examples_rclpy_guard_conditions:/home/user/ros2_humble/install/examples_rclpy_executors:/home/user/ros2_humble/install/demo_nodes_py:/home/user/ros2_humble/install/action_tutorials_py:/home/user/ros2_humble/install/ament_uncrustify:/home/user/ros2_humble/install/tracetools_trace:/home/user/ros2_humble/install/tracetools_read:/home/user/ros2_humble/install/test_tracetools_launch:/home/user/ros2_humble/install/test_launch_ros:/home/user/ros2_humble/install/sensor_msgs_py:/home/user/ros2_humble/install/rpyutils:/home/user/ros2_humble/install/rosidl_runtime_py:/home/user/ros2_humble/install/rosidl_cli:/home/user/ros2_humble/install/launch_pytest:/home/user/ros2_humble/install/launch_testing:/home/user/ros2_humble/install/launch_yaml:/home/user/ros2_humble/install/launch_xml:/home/user/ros2_humble/install/launch:/home/user/ros2_humble/install/osrf_pycommon:/home/user/ros2_humble/install/launch_testing_examples:/home/user/ros2_humble/install/domain_coordinator:/home/user/ros2_humble/install/ament_xmllint:/home/user/ros2_humble/install/ament_pyflakes:/home/user/ros2_humble/install/ament_pycodestyle:/home/user/ros2_humble/install/ament_pep257:/home/user/ros2_humble/install/ament_pclint:/home/user/ros2_humble/install/ament_package:/home/user/ros2_humble/install/ament_mypy:/home/user/ros2_humble/install/ament_lint_cmake:/home/user/ros2_humble/install/ament_flake8:/home/user/ros2_humble/install/ament_copyright:/home/user/ros2_humble/install/ament_lint:/home/user/ros2_humble/install/ament_index_python:/home/user/ros2_humble/install/ament_cpplint:/home/user/ros2_humble/install/ament_cppcheck:/home/user/ros2_humble/install/ament_clang_tidy:/home/user/ros2_humble/install/ament_clang_format /usr/bin/cmake --install /home/user/template_ws/build/my_interfaces
[7.032s] Level 1:colcon.colcon_core.environment:create_environment_scripts_only(my_interfaces)
[7.036s] DEBUG:colcon.colcon_core.event_handler.log_command:Invoked command in '/home/user/template_ws/build/my_interfaces' returned '0': CMAKE_PREFIX_PATH=${CMAKE_PREFIX_PATH}:/home/user/template_ws/install/camera_v2_pkg:/home/user/template_ws/install/camera_pkg:/home/user/ros2_humble/install/rqt_bag_plugins:/home/user/ros2_humble/install/rqt_bag:/home/user/ros2_humble/install/ros2bag:/home/user/ros2_humble/install/tracetools_test:/home/user/ros2_humble/install/tracetools_launch:/home/user/ros2_humble/install/topic_monitor:/home/user/ros2_humble/install/tf2_tools:/home/user/ros2_humble/install/examples_tf2_py:/home/user/ros2_humble/install/tf2_ros_py:/home/user/ros2_humble/install/sros2:/home/user/ros2_humble/install/rqt_topic:/home/user/ros2_humble/install/rqt_srv:/home/user/ros2_humble/install/rqt_shell:/home/user/ros2_humble/install/rqt_service_caller:/home/user/ros2_humble/install/rqt_reconfigure:/home/user/ros2_humble/install/rqt_py_console:/home/user/ros2_humble/install/rqt_publisher:/home/user/ros2_humble/install/rqt_plot:/home/user/ros2_humble/install/rqt_action:/home/user/ros2_humble/install/rqt_msg:/home/user/ros2_humble/install/rqt_console:/home/user/ros2_humble/install/rqt:/home/user/ros2_humble/install/rqt_graph:/home/user/ros2_humble/install/rqt_gui_py:/home/user/ros2_humble/install/rqt_gui:/home/user/ros2_humble/install/ros2trace:/home/user/ros2_humble/install/ros2topic:/home/user/ros2_humble/install/ros2test:/home/user/ros2_humble/install/ros2component:/home/user/ros2_humble/install/ros2param:/home/user/ros2_humble/install/ros2lifecycle:/home/user/ros2_humble/install/ros2service:/home/user/ros2_humble/install/ros2run:/home/user/ros2_humble/install/ros2launch:/home/user/ros2_humble/install/ros2pkg:/home/user/ros2_humble/install/ros2node:/home/user/ros2_humble/install/ros2multicast:/home/user/ros2_humble/install/ros2interface:/home/user/ros2_humble/install/ros2doctor:/home/user/ros2_humble/install/ros2action:/home/user/ros2_humble/install/ros2cli:/home/user/ros2_humble/install/quality_of_service_demo_py:/home/user/ros2_humble/install/lifecycle_py:/home/user/ros2_humble/install/launch_testing_ros:/home/user/ros2_humble/install/launch_ros:/home/user/ros2_humble/install/examples_rclpy_pointcloud_publisher:/home/user/ros2_humble/install/examples_rclpy_minimal_subscriber:/home/user/ros2_humble/install/examples_rclpy_minimal_service:/home/user/ros2_humble/install/examples_rclpy_minimal_publisher:/home/user/ros2_humble/install/examples_rclpy_minimal_client:/home/user/ros2_humble/install/examples_rclpy_minimal_action_server:/home/user/ros2_humble/install/examples_rclpy_minimal_action_client:/home/user/ros2_humble/install/examples_rclpy_guard_conditions:/home/user/ros2_humble/install/examples_rclpy_executors:/home/user/ros2_humble/install/demo_nodes_py:/home/user/ros2_humble/install/action_tutorials_py:/home/user/ros2_humble/install/ament_uncrustify:/home/user/ros2_humble/install/tracetools_trace:/home/user/ros2_humble/install/tracetools_read:/home/user/ros2_humble/install/test_tracetools_launch:/home/user/ros2_humble/install/test_launch_ros:/home/user/ros2_humble/install/sensor_msgs_py:/home/user/ros2_humble/install/rpyutils:/home/user/ros2_humble/install/rosidl_runtime_py:/home/user/ros2_humble/install/rosidl_cli:/home/user/ros2_humble/install/launch_pytest:/home/user/ros2_humble/install/launch_testing:/home/user/ros2_humble/install/launch_yaml:/home/user/ros2_humble/install/launch_xml:/home/user/ros2_humble/install/launch:/home/user/ros2_humble/install/osrf_pycommon:/home/user/ros2_humble/install/launch_testing_examples:/home/user/ros2_humble/install/domain_coordinator:/home/user/ros2_humble/install/ament_xmllint:/home/user/ros2_humble/install/ament_pyflakes:/home/user/ros2_humble/install/ament_pycodestyle:/home/user/ros2_humble/install/ament_pep257:/home/user/ros2_humble/install/ament_pclint:/home/user/ros2_humble/install/ament_package:/home/user/ros2_humble/install/ament_mypy:/home/user/ros2_humble/install/ament_lint_cmake:/home/user/ros2_humble/install/ament_flake8:/home/user/ros2_humble/install/ament_copyright:/home/user/ros2_humble/install/ament_lint:/home/user/ros2_humble/install/ament_index_python:/home/user/ros2_humble/install/ament_cpplint:/home/user/ros2_humble/install/ament_cppcheck:/home/user/ros2_humble/install/ament_clang_tidy:/home/user/ros2_humble/install/ament_clang_format /usr/bin/cmake --install /home/user/template_ws/build/my_interfaces
[7.060s] Level 1:colcon.colcon_core.environment:checking '/home/user/template_ws/install/my_interfaces' for CMake module files
[7.061s] Level 1:colcon.colcon_core.environment:checking '/home/user/template_ws/install/my_interfaces' for CMake config files
[7.063s] Level 1:colcon.colcon_core.shell:create_environment_hook('my_interfaces', 'cmake_prefix_path')
[7.077s] INFO:colcon.colcon_core.shell:Creating environment hook '/home/user/template_ws/install/my_interfaces/share/my_interfaces/hook/cmake_prefix_path.ps1'
[7.077s] INFO:colcon.colcon_core.shell:Creating environment descriptor '/home/user/template_ws/install/my_interfaces/share/my_interfaces/hook/cmake_prefix_path.dsv'
[7.078s] INFO:colcon.colcon_core.shell:Creating environment hook '/home/user/template_ws/install/my_interfaces/share/my_interfaces/hook/cmake_prefix_path.sh'
[7.079s] Level 1:colcon.colcon_core.environment:checking '/home/user/template_ws/install/my_interfaces/lib'
[7.080s] Level 1:colcon.colcon_core.shell:create_environment_hook('my_interfaces', 'ld_library_path_lib')
[7.101s] INFO:colcon.colcon_core.shell:Creating environment hook '/home/user/template_ws/install/my_interfaces/share/my_interfaces/hook/ld_library_path_lib.ps1'
[7.101s] INFO:colcon.colcon_core.shell:Creating environment descriptor '/home/user/template_ws/install/my_interfaces/share/my_interfaces/hook/ld_library_path_lib.dsv'
[7.102s] INFO:colcon.colcon_core.shell:Creating environment hook '/home/user/template_ws/install/my_interfaces/share/my_interfaces/hook/ld_library_path_lib.sh'
[7.103s] Level 1:colcon.colcon_core.environment:checking '/home/user/template_ws/install/my_interfaces/bin'
[7.103s] Level 1:colcon.colcon_core.environment:checking '/home/user/template_ws/install/my_interfaces/lib/pkgconfig/my_interfaces.pc'
[7.109s] Level 1:colcon.colcon_core.environment:checking '/home/user/template_ws/install/my_interfaces/lib/python3.10/site-packages'
[7.110s] Level 1:colcon.colcon_core.environment:checking '/home/user/template_ws/install/my_interfaces/bin'
[7.125s] INFO:colcon.colcon_core.shell:Creating package script '/home/user/template_ws/install/my_interfaces/share/my_interfaces/package.ps1'
[7.126s] INFO:colcon.colcon_core.shell:Creating package descriptor '/home/user/template_ws/install/my_interfaces/share/my_interfaces/package.dsv'
[7.127s] INFO:colcon.colcon_core.shell:Creating package script '/home/user/template_ws/install/my_interfaces/share/my_interfaces/package.sh'
[7.128s] INFO:colcon.colcon_core.shell:Creating package script '/home/user/template_ws/install/my_interfaces/share/my_interfaces/package.bash'
[7.128s] INFO:colcon.colcon_core.shell:Creating package script '/home/user/template_ws/install/my_interfaces/share/my_interfaces/package.zsh'
[7.129s] Level 1:colcon.colcon_core.environment:create_file_with_runtime_dependencies(/home/user/template_ws/install/my_interfaces/share/colcon-core/packages/my_interfaces)
[8.708s] Level 1:colcon.colcon_core.environment:create_environment_scripts_only(my_interfaces)
[8.736s] Level 1:colcon.colcon_core.environment:checking '/home/user/template_ws/install/my_interfaces' for CMake module files
[8.738s] Level 1:colcon.colcon_core.environment:checking '/home/user/template_ws/install/my_interfaces' for CMake config files
[8.741s] Level 1:colcon.colcon_core.shell:create_environment_hook('my_interfaces', 'cmake_prefix_path')
[8.763s] INFO:colcon.colcon_core.shell:Creating environment hook '/home/user/template_ws/install/my_interfaces/share/my_interfaces/hook/cmake_prefix_path.ps1'
[8.765s] INFO:colcon.colcon_core.shell:Creating environment descriptor '/home/user/template_ws/install/my_interfaces/share/my_interfaces/hook/cmake_prefix_path.dsv'
[8.766s] INFO:colcon.colcon_core.shell:Creating environment hook '/home/user/template_ws/install/my_interfaces/share/my_interfaces/hook/cmake_prefix_path.sh'
[8.767s] Level 1:colcon.colcon_core.environment:checking '/home/user/template_ws/install/my_interfaces/lib'
[8.768s] Level 1:colcon.colcon_core.shell:create_environment_hook('my_interfaces', 'ld_library_path_lib')
[8.788s] INFO:colcon.colcon_core.shell:Creating environment hook '/home/user/template_ws/install/my_interfaces/share/my_interfaces/hook/ld_library_path_lib.ps1'
[8.790s] INFO:colcon.colcon_core.shell:Creating environment descriptor '/home/user/template_ws/install/my_interfaces/share/my_interfaces/hook/ld_library_path_lib.dsv'
[8.791s] INFO:colcon.colcon_core.shell:Creating environment hook '/home/user/template_ws/install/my_interfaces/share/my_interfaces/hook/ld_library_path_lib.sh'
[8.792s] Level 1:colcon.colcon_core.environment:checking '/home/user/template_ws/install/my_interfaces/bin'
[8.792s] Level 1:colcon.colcon_core.environment:checking '/home/user/template_ws/install/my_interfaces/lib/pkgconfig/my_interfaces.pc'
[8.793s] Level 1:colcon.colcon_core.environment:checking '/home/user/template_ws/install/my_interfaces/lib/python3.10/site-packages'
[8.793s] Level 1:colcon.colcon_core.environment:checking '/home/user/template_ws/install/my_interfaces/bin'
[8.815s] INFO:colcon.colcon_core.shell:Creating package script '/home/user/template_ws/install/my_interfaces/share/my_interfaces/package.ps1'
[8.816s] INFO:colcon.colcon_core.shell:Creating package descriptor '/home/user/template_ws/install/my_interfaces/share/my_interfaces/package.dsv'
[8.817s] INFO:colcon.colcon_core.shell:Creating package script '/home/user/template_ws/install/my_interfaces/share/my_interfaces/package.sh'
[8.819s] INFO:colcon.colcon_core.shell:Creating package script '/home/user/template_ws/install/my_interfaces/share/my_interfaces/package.bash'
[8.820s] INFO:colcon.colcon_core.shell:Creating package script '/home/user/template_ws/install/my_interfaces/share/my_interfaces/package.zsh'
[8.821s] Level 1:colcon.colcon_core.environment:create_file_with_runtime_dependencies(/home/user/template_ws/install/my_interfaces/share/colcon-core/packages/my_interfaces)
[8.823s] INFO:colcon.colcon_ros.task.ament_cmake.build:Building ROS package in '/home/user/template_ws/src/robot_srv_pkg' with build type 'ament_cmake'
[8.824s] INFO:colcon.colcon_cmake.task.cmake.build:Building CMake package in '/home/user/template_ws/src/robot_srv_pkg'
[8.847s] INFO:colcon.colcon_core.shell:Skip shell extension 'powershell' for command environment: Not usable outside of PowerShell
[8.848s] DEBUG:colcon.colcon_core.shell:Skip shell extension 'dsv' for command environment
[9.030s] DEBUG:colcon.colcon_core.event_handler.log_command:Invoking command in '/home/user/template_ws/build/robot_srv_pkg': CMAKE_PREFIX_PATH=/home/user/template_ws/install/my_interfaces:/home/user/template_ws/install/robot_v2_pkg:/home/user/template_ws/install/robot_pkg:/home/user/ros2_humble/install/rosbag2_storage_mcap:/home/user/ros2_humble/install/rosbag2:/home/user/ros2_humble/install/rosbag2_compression_zstd:/home/user/ros2_humble/install/mcap_vendor:/home/user/ros2_humble/install/zstd_vendor:/home/user/ros2_humble/install/rviz_visual_testing_framework:/home/user/ros2_humble/install/rviz2:/home/user/ros2_humble/install/rviz_default_plugins:/home/user/ros2_humble/install/rviz_common:/home/user/ros2_humble/install/rosbag2_py:/home/user/ros2_humble/install/rosbag2_transport:/home/user/ros2_humble/install/rosbag2_performance_benchmarking:/home/user/ros2_humble/install/rosbag2_compression:/home/user/ros2_humble/install/rosbag2_cpp:/home/user/ros2_humble/install/rosbag2_storage_default_plugins:/home/user/ros2_humble/install/rosbag2_storage:/home/user/ros2_humble/install/image_common:/home/user/ros2_humble/install/camera_info_manager:/home/user/ros2_humble/install/camera_calibration_parsers:/home/user/ros2_humble/install/yaml_cpp_vendor:/home/user/ros2_humble/install/interactive_markers:/home/user/ros2_humble/install/common_interfaces:/home/user/ros2_humble/install/visualization_msgs:/home/user/ros2_humble/install/dummy_robot_bringup:/home/user/ros2_humble/install/robot_state_publisher:/home/user/ros2_humble/install/kdl_parser:/home/user/ros2_humble/install/urdf:/home/user/ros2_humble/install/urdfdom:/home/user/ros2_humble/install/urdf_parser_plugin:/home/user/ros2_humble/install/urdfdom_headers:/home/user/ros2_humble/install/turtlesim:/home/user/ros2_humble/install/geometry2:/home/user/ros2_humble/install/tf2_sensor_msgs:/home/user/ros2_humble/install/test_tf2:/home/user/ros2_humble/install/tf2_kdl:/home/user/ros2_humble/install/tf2_geometry_msgs:/home/user/ros2_humble/install/tf2_eigen:/home/user/ros2_humble/install/tf2_bullet:/home/user/ros2_humble/install/tf2_ros:/home/user/ros2_humble/install/tf2_py:/home/user/ros2_humble/install/tf2_msgs:/home/user/ros2_humble/install/test_msgs:/home/user/ros2_humble/install/sros2_cmake:/home/user/ros2_humble/install/ros2cli_common_extensions:/home/user/ros2_humble/install/rqt_py_common:/home/user/ros2_humble/install/rosbag2_storage_mcap_testdata:/home/user/ros2_humble/install/ros_testing:/home/user/ros2_humble/install/ros2cli_test_interfaces:/home/user/ros2_humble/install/quality_of_service_demo_cpp:/home/user/ros2_humble/install/image_transport:/home/user/ros2_humble/install/message_filters:/home/user/ros2_humble/install/demo_nodes_cpp:/home/user/ros2_humble/install/composition:/home/user/ros2_humble/install/laser_geometry:/home/user/ros2_humble/install/rclpy:/home/user/ros2_humble/install/examples_rclcpp_minimal_action_server:/home/user/ros2_humble/install/examples_rclcpp_minimal_action_client:/home/user/ros2_humble/install/action_tutorials_cpp:/home/user/ros2_humble/install/rclcpp_action:/home/user/ros2_humble/install/rcl_action:/home/user/ros2_humble/install/examples_rclcpp_wait_set:/home/user/ros2_humble/install/examples_rclcpp_minimal_service:/home/user/ros2_humble/install/examples_rclcpp_minimal_client:/home/user/ros2_humble/install/examples_rclcpp_async_client:/home/user/ros2_humble/install/example_interfaces:/home/user/ros2_humble/install/action_tutorials_interfaces:/home/user/ros2_humble/install/action_msgs:/home/user/ros2_humble/install/unique_identifier_msgs:/home/user/ros2_humble/install/ament_lint_common:/home/user/ros2_humble/install/ament_cmake_uncrustify:/home/user/ros2_humble/install/uncrustify_vendor:/home/user/ros2_humble/install/trajectory_msgs:/home/user/ros2_humble/install/topic_statistics_demo:/home/user/ros2_humble/install/pendulum_control:/home/user/ros2_humble/install/tlsf_cpp:/home/user/ros2_humble/install/test_tracetools:/home/user/ros2_humble/install/rqt_gui_cpp:/home/user/ros2_humble/install/rosbag2_test_common:/home/user/ros2_humble/install/ros2lifecycle_test_fixtures:/home/user/ros2_humble/install/lifecycle:/home/user/ros2_humble/install/rclcpp_lifecycle:/home/user/ros2_humble/install/logging_demo:/home/user/ros2_humble/install/image_tools:/home/user/ros2_humble/install/examples_rclcpp_minimal_subscriber:/home/user/ros2_humble/install/examples_rclcpp_minimal_composition:/home/user/ros2_humble/install/demo_nodes_cpp_native:/home/user/ros2_humble/install/rclcpp_components:/home/user/ros2_humble/install/intra_process_demo:/home/user/ros2_humble/install/examples_rclcpp_multithreaded_executor:/home/user/ros2_humble/install/examples_rclcpp_minimal_timer:/home/user/ros2_humble/install/examples_rclcpp_minimal_publisher:/home/user/ros2_humble/install/examples_rclcpp_cbg_executor:/home/user/ros2_humble/install/dummy_sensors:/home/user/ros2_humble/install/dummy_map_server:/home/user/ros2_humble/install/rclcpp:/home/user/ros2_humble/install/rcl_lifecycle:/home/user/ros2_humble/install/libstatistics_collector:/home/user/ros2_humble/install/rcl:/home/user/ros2_humble/install/rmw_implementation:/home/user/ros2_humble/install/rmw_fastrtps_dynamic_cpp:/home/user/ros2_humble/install/rmw_fastrtps_cpp:/home/user/ros2_humble/install/rmw_fastrtps_shared_cpp:/home/user/ros2_humble/install/rmw_cyclonedds_cpp:/home/user/ros2_humble/install/tracetools:/home/user/ros2_humble/install/tlsf:/home/user/ros2_humble/install/tinyxml_vendor:/home/user/ros2_humble/install/qt_gui_core:/home/user/ros2_humble/install/qt_gui_cpp:/home/user/ros2_humble/install/pluginlib:/home/user/ros2_humble/install/tinyxml2_vendor:/home/user/ros2_humble/install/tf2_eigen_kdl:/home/user/ros2_humble/install/tf2:/home/user/ros2_humble/install/test_security:/home/user/ros2_humble/install/test_rmw_implementation:/home/user/ros2_humble/install/test_rclcpp:/home/user/ros2_humble/install/test_quality_of_service:/home/user/ros2_humble/install/test_launch_testing:/home/user/ros2_humble/install/test_interface_files:/home/user/ros2_humble/install/test_communication:/home/user/ros2_humble/install/test_cli_remapping:/home/user/ros2_humble/install/test_cli:/home/user/ros2_humble/install/qt_gui_app:/home/user/ros2_humble/install/qt_gui:/home/user/ros2_humble/install/tango_icons_vendor:/home/user/ros2_humble/install/stereo_msgs:/home/user/ros2_humble/install/std_srvs:/home/user/ros2_humble/install/shape_msgs:/home/user/ros2_humble/install/map_msgs:/home/user/ros2_humble/install/sensor_msgs:/home/user/ros2_humble/install/nav_msgs:/home/user/ros2_humble/install/diagnostic_msgs:/home/user/ros2_humble/install/geometry_msgs:/home/user/ros2_humble/install/actionlib_msgs:/home/user/ros2_humble/install/std_msgs:/home/user/ros2_humble/install/statistics_msgs:/home/user/ros2_humble/install/sqlite3_vendor:/home/user/ros2_humble/install/rcl_logging_spdlog:/home/user/ros2_humble/install/spdlog_vendor:/home/user/ros2_humble/install/shared_queues_vendor:/home/user/ros2_humble/install/rviz_rendering_tests:/home/user/ros2_humble/install/rviz_rendering:/home/user/ros2_humble/install/rviz_ogre_vendor:/home/user/ros2_humble/install/rviz_assimp_vendor:/home/user/ros2_humble/install/rttest:/home/user/ros2_humble/install/rmw_connextddsmicro:/home/user/ros2_humble/install/rmw_connextdds:/home/user/ros2_humble/install/rmw_connextdds_common:/home/user/ros2_humble/install/rti_connext_dds_cmake_module:/home/user/ros2_humble/install/rosgraph_msgs:/home/user/ros2_humble/install/rosbag2_interfaces:/home/user/ros2_humble/install/rmw_dds_common:/home/user/ros2_humble/install/composition_interfaces:/home/user/ros2_humble/install/rcl_interfaces:/home/user/ros2_humble/install/pendulum_msgs:/home/user/ros2_humble/install/lifecycle_msgs:/home/user/ros2_humble/install/builtin_interfaces:/home/user/ros2_humble/install/rosidl_default_runtime:/home/user/ros2_humble/install/rosidl_default_generators:/home/user/ros2_humble/install/rosidl_generator_py:/home/user/ros2_humble/install/rosidl_typesupport_introspection_tests:/home/user/ros2_humble/install/rosidl_typesupport_cpp:/home/user/ros2_humble/install/rosidl_typesupport_introspection_cpp:/home/user/ros2_humble/install/rosidl_typesupport_c:/home/user/ros2_humble/install/rosidl_typesupport_introspection_c:/home/user/ros2_humble/install/rosidl_typesupport_fastrtps_c:/home/user/ros2_humble/install/rosidl_typesupport_fastrtps_cpp:/home/user/ros2_humble/install/rosidl_generator_cpp:/home/user/ros2_humble/install/rosidl_runtime_cpp:/home/user/ros2_humble/install/rcl_yaml_param_parser:/home/user/ros2_humble/install/rmw:/home/user/ros2_humble/install/rosidl_runtime_c:/home/user/ros2_humble/install/rosidl_generator_c:/home/user/ros2_humble/install/rosidl_typesupport_interface:/home/user/ros2_humble/install/rosidl_generator_dds_idl:/home/user/ros2_humble/install/rosidl_cmake:/home/user/ros2_humble/install/rosidl_parser:/home/user/ros2_humble/install/rosidl_adapter:/home/user/ros2_humble/install/rosbag2_tests:/home/user/ros2_humble/install/ros_environment:/home/user/ros2_humble/install/rmw_implementation_cmake:/home/user/ros2_humble/install/resource_retriever:/home/user/ros2_humble/install/class_loader:/home/user/ros2_humble/install/rcpputils:/home/user/ros2_humble/install/rcl_logging_noop:/home/user/ros2_humble/install/rcl_logging_interface:/home/user/ros2_humble/install/rcutils:/home/user/ros2_humble/install/qt_gui_py_common:/home/user/ros2_humble/install/qt_dotgraph:/home/user/ros2_humble/install/python_qt_binding:/home/user/ros2_humble/install/python_orocos_kdl_vendor:/home/user/ros2_humble/install/launch_testing_ament_cmake:/home/user/ros2_humble/install/python_cmake_module:/home/user/ros2_humble/install/pybind11_vendor:/home/user/ros2_humble/install/performance_test_fixture:/home/user/ros2_humble/install/osrf_testing_tools_cpp:/home/user/ros2_humble/install/orocos_kdl_vendor:/home/user/ros2_humble/install/mimick_vendor:/home/user/ros2_humble/install/libyaml_vendor:/home/user/ros2_humble/install/libcurl_vendor:/home/user/ros2_humble/install/keyboard_handler:/home/user/ros2_humble/install/cyclonedds:/home/user/ros2_humble/install/iceoryx_posh:/home/user/ros2_humble/install/iceoryx_hoofs:/home/user/ros2_humble/install/iceoryx_binding_c:/home/user/ros2_humble/install/ament_cmake_ros:/home/user/ros2_humble/install/ament_cmake_gmock:/home/user/ros2_humble/install/gmock_vendor:/home/user/ros2_humble/install/ament_cmake_auto:/home/user/ros2_humble/install/ament_cmake_gtest:/home/user/ros2_humble/install/gtest_vendor:/home/user/ros2_humble/install/ament_cmake_google_benchmark:/home/user/ros2_humble/install/google_benchmark_vendor:/home/user/ros2_humble/install/fastrtps:/home/user/ros2_humble/install/foonathan_memory_vendor:/home/user/ros2_humble/install/fastrtps_cmake_module:/home/user/ros2_humble/install/fastcdr:/home/user/ros2_humble/install/eigen3_cmake_module:/home/user/ros2_humble/install/console_bridge_vendor:/home/user/ros2_humble/install/ament_cmake_xmllint:/home/user/ros2_humble/install/ament_cmake_pyflakes:/home/user/ros2_humble/install/ament_cmake_pycodestyle:/home/user/ros2_humble/install/ament_cmake_pep257:/home/user/ros2_humble/install/ament_cmake_pclint:/home/user/ros2_humble/install/ament_lint_auto:/home/user/ros2_humble/install/ament_cmake:/home/user/ros2_humble/install/ament_cmake_version:/home/user/ros2_humble/install/ament_cmake_vendor_package:/home/user/ros2_humble/install/ament_cmake_pytest:/home/user/ros2_humble/install/ament_cmake_nose:/home/user/ros2_humble/install/ament_cmake_mypy:/home/user/ros2_humble/install/ament_cmake_lint_cmake:/home/user/ros2_humble/install/ament_cmake_flake8:/home/user/ros2_humble/install/ament_cmake_cpplint:/home/user/ros2_humble/install/ament_cmake_cppcheck:/home/user/ros2_humble/install/ament_cmake_copyright:/home/user/ros2_humble/install/ament_cmake_clang_tidy:/home/user/ros2_humble/install/ament_cmake_clang_format:/home/user/ros2_humble/install/ament_cmake_test:/home/user/ros2_humble/install/ament_cmake_target_dependencies:/home/user/ros2_humble/install/ament_cmake_python:/home/user/ros2_humble/install/ament_cmake_export_dependencies:/home/user/ros2_humble/install/ament_cmake_libraries:/home/user/ros2_humble/install/ament_cmake_include_directories:/home/user/ros2_humble/install/ament_cmake_gen_version_h:/home/user/ros2_humble/install/ament_cmake_export_targets:/home/user/ros2_humble/install/ament_cmake_export_link_flags:/home/user/ros2_humble/install/ament_cmake_export_interfaces:/home/user/ros2_humble/install/ament_cmake_export_libraries:/home/user/ros2_humble/install/ament_cmake_export_include_directories:/home/user/ros2_humble/install/ament_cmake_export_definitions:/home/user/ros2_humble/install/ament_cmake_core:/home/user/ros2_humble/install/ament_index_cpp:/home/user/template_ws/install/camera_v2_pkg:/home/user/template_ws/install/camera_pkg:/home/user/ros2_humble/install/rqt_bag_plugins:/home/user/ros2_humble/install/rqt_bag:/home/user/ros2_humble/install/ros2bag:/home/user/ros2_humble/install/tracetools_test:/home/user/ros2_humble/install/tracetools_launch:/home/user/ros2_humble/install/topic_monitor:/home/user/ros2_humble/install/tf2_tools:/home/user/ros2_humble/install/examples_tf2_py:/home/user/ros2_humble/install/tf2_ros_py:/home/user/ros2_humble/install/sros2:/home/user/ros2_humble/install/rqt_topic:/home/user/ros2_humble/install/rqt_srv:/home/user/ros2_humble/install/rqt_shell:/home/user/ros2_humble/install/rqt_service_caller:/home/user/ros2_humble/install/rqt_reconfigure:/home/user/ros2_humble/install/rqt_py_console:/home/user/ros2_humble/install/rqt_publisher:/home/user/ros2_humble/install/rqt_plot:/home/user/ros2_humble/install/rqt_action:/home/user/ros2_humble/install/rqt_msg:/home/user/ros2_humble/install/rqt_console:/home/user/ros2_humble/install/rqt:/home/user/ros2_humble/install/rqt_graph:/home/user/ros2_humble/install/rqt_gui_py:/home/user/ros2_humble/install/rqt_gui:/home/user/ros2_humble/install/ros2trace:/home/user/ros2_humble/install/ros2topic:/home/user/ros2_humble/install/ros2test:/home/user/ros2_humble/install/ros2component:/home/user/ros2_humble/install/ros2param:/home/user/ros2_humble/install/ros2lifecycle:/home/user/ros2_humble/install/ros2service:/home/user/ros2_humble/install/ros2run:/home/user/ros2_humble/install/ros2launch:/home/user/ros2_humble/install/ros2pkg:/home/user/ros2_humble/install/ros2node:/home/user/ros2_humble/install/ros2multicast:/home/user/ros2_humble/install/ros2interface:/home/user/ros2_humble/install/ros2doctor:/home/user/ros2_humble/install/ros2action:/home/user/ros2_humble/install/ros2cli:/home/user/ros2_humble/install/quality_of_service_demo_py:/home/user/ros2_humble/install/lifecycle_py:/home/user/ros2_humble/install/launch_testing_ros:/home/user/ros2_humble/install/launch_ros:/home/user/ros2_humble/install/examples_rclpy_pointcloud_publisher:/home/user/ros2_humble/install/examples_rclpy_minimal_subscriber:/home/user/ros2_humble/install/examples_rclpy_minimal_service:/home/user/ros2_humble/install/examples_rclpy_minimal_publisher:/home/user/ros2_humble/install/examples_rclpy_minimal_client:/home/user/ros2_humble/install/examples_rclpy_minimal_action_server:/home/user/ros2_humble/install/examples_rclpy_minimal_action_client:/home/user/ros2_humble/install/examples_rclpy_guard_conditions:/home/user/ros2_humble/install/examples_rclpy_executors:/home/user/ros2_humble/install/demo_nodes_py:/home/user/ros2_humble/install/action_tutorials_py:/home/user/ros2_humble/install/ament_uncrustify:/home/user/ros2_humble/install/tracetools_trace:/home/user/ros2_humble/install/tracetools_read:/home/user/ros2_humble/install/test_tracetools_launch:/home/user/ros2_humble/install/test_launch_ros:/home/user/ros2_humble/install/sensor_msgs_py:/home/user/ros2_humble/install/rpyutils:/home/user/ros2_humble/install/rosidl_runtime_py:/home/user/ros2_humble/install/rosidl_cli:/home/user/ros2_humble/install/launch_pytest:/home/user/ros2_humble/install/launch_testing:/home/user/ros2_humble/install/launch_yaml:/home/user/ros2_humble/install/launch_xml:/home/user/ros2_humble/install/launch:/home/user/ros2_humble/install/osrf_pycommon:/home/user/ros2_humble/install/launch_testing_examples:/home/user/ros2_humble/install/domain_coordinator:/home/user/ros2_humble/install/ament_xmllint:/home/user/ros2_humble/install/ament_pyflakes:/home/user/ros2_humble/install/ament_pycodestyle:/home/user/ros2_humble/install/ament_pep257:/home/user/ros2_humble/install/ament_pclint:/home/user/ros2_humble/install/ament_package:/home/user/ros2_humble/install/ament_mypy:/home/user/ros2_humble/install/ament_lint_cmake:/home/user/ros2_humble/install/ament_flake8:/home/user/ros2_humble/install/ament_copyright:/home/user/ros2_humble/install/ament_lint:/home/user/ros2_humble/install/ament_index_python:/home/user/ros2_humble/install/ament_cpplint:/home/user/ros2_humble/install/ament_cppcheck:/home/user/ros2_humble/install/ament_clang_tidy:/home/user/ros2_humble/install/ament_clang_format /usr/bin/cmake --build /home/user/template_ws/build/robot_srv_pkg -- -j4 -l4
[14.907s] DEBUG:colcon.colcon_core.event_handler.log_command:Invoked command in '/home/user/template_ws/build/robot_srv_pkg' returned '2': CMAKE_PREFIX_PATH=/home/user/template_ws/install/my_interfaces:/home/user/template_ws/install/robot_v2_pkg:/home/user/template_ws/install/robot_pkg:/home/user/ros2_humble/install/rosbag2_storage_mcap:/home/user/ros2_humble/install/rosbag2:/home/user/ros2_humble/install/rosbag2_compression_zstd:/home/user/ros2_humble/install/mcap_vendor:/home/user/ros2_humble/install/zstd_vendor:/home/user/ros2_humble/install/rviz_visual_testing_framework:/home/user/ros2_humble/install/rviz2:/home/user/ros2_humble/install/rviz_default_plugins:/home/user/ros2_humble/install/rviz_common:/home/user/ros2_humble/install/rosbag2_py:/home/user/ros2_humble/install/rosbag2_transport:/home/user/ros2_humble/install/rosbag2_performance_benchmarking:/home/user/ros2_humble/install/rosbag2_compression:/home/user/ros2_humble/install/rosbag2_cpp:/home/user/ros2_humble/install/rosbag2_storage_default_plugins:/home/user/ros2_humble/install/rosbag2_storage:/home/user/ros2_humble/install/image_common:/home/user/ros2_humble/install/camera_info_manager:/home/user/ros2_humble/install/camera_calibration_parsers:/home/user/ros2_humble/install/yaml_cpp_vendor:/home/user/ros2_humble/install/interactive_markers:/home/user/ros2_humble/install/common_interfaces:/home/user/ros2_humble/install/visualization_msgs:/home/user/ros2_humble/install/dummy_robot_bringup:/home/user/ros2_humble/install/robot_state_publisher:/home/user/ros2_humble/install/kdl_parser:/home/user/ros2_humble/install/urdf:/home/user/ros2_humble/install/urdfdom:/home/user/ros2_humble/install/urdf_parser_plugin:/home/user/ros2_humble/install/urdfdom_headers:/home/user/ros2_humble/install/turtlesim:/home/user/ros2_humble/install/geometry2:/home/user/ros2_humble/install/tf2_sensor_msgs:/home/user/ros2_humble/install/test_tf2:/home/user/ros2_humble/install/tf2_kdl:/home/user/ros2_humble/install/tf2_geometry_msgs:/home/user/ros2_humble/install/tf2_eigen:/home/user/ros2_humble/install/tf2_bullet:/home/user/ros2_humble/install/tf2_ros:/home/user/ros2_humble/install/tf2_py:/home/user/ros2_humble/install/tf2_msgs:/home/user/ros2_humble/install/test_msgs:/home/user/ros2_humble/install/sros2_cmake:/home/user/ros2_humble/install/ros2cli_common_extensions:/home/user/ros2_humble/install/rqt_py_common:/home/user/ros2_humble/install/rosbag2_storage_mcap_testdata:/home/user/ros2_humble/install/ros_testing:/home/user/ros2_humble/install/ros2cli_test_interfaces:/home/user/ros2_humble/install/quality_of_service_demo_cpp:/home/user/ros2_humble/install/image_transport:/home/user/ros2_humble/install/message_filters:/home/user/ros2_humble/install/demo_nodes_cpp:/home/user/ros2_humble/install/composition:/home/user/ros2_humble/install/laser_geometry:/home/user/ros2_humble/install/rclpy:/home/user/ros2_humble/install/examples_rclcpp_minimal_action_server:/home/user/ros2_humble/install/examples_rclcpp_minimal_action_client:/home/user/ros2_humble/install/action_tutorials_cpp:/home/user/ros2_humble/install/rclcpp_action:/home/user/ros2_humble/install/rcl_action:/home/user/ros2_humble/install/examples_rclcpp_wait_set:/home/user/ros2_humble/install/examples_rclcpp_minimal_service:/home/user/ros2_humble/install/examples_rclcpp_minimal_client:/home/user/ros2_humble/install/examples_rclcpp_async_client:/home/user/ros2_humble/install/example_interfaces:/home/user/ros2_humble/install/action_tutorials_interfaces:/home/user/ros2_humble/install/action_msgs:/home/user/ros2_humble/install/unique_identifier_msgs:/home/user/ros2_humble/install/ament_lint_common:/home/user/ros2_humble/install/ament_cmake_uncrustify:/home/user/ros2_humble/install/uncrustify_vendor:/home/user/ros2_humble/install/trajectory_msgs:/home/user/ros2_humble/install/topic_statistics_demo:/home/user/ros2_humble/install/pendulum_control:/home/user/ros2_humble/install/tlsf_cpp:/home/user/ros2_humble/install/test_tracetools:/home/user/ros2_humble/install/rqt_gui_cpp:/home/user/ros2_humble/install/rosbag2_test_common:/home/user/ros2_humble/install/ros2lifecycle_test_fixtures:/home/user/ros2_humble/install/lifecycle:/home/user/ros2_humble/install/rclcpp_lifecycle:/home/user/ros2_humble/install/logging_demo:/home/user/ros2_humble/install/image_tools:/home/user/ros2_humble/install/examples_rclcpp_minimal_subscriber:/home/user/ros2_humble/install/examples_rclcpp_minimal_composition:/home/user/ros2_humble/install/demo_nodes_cpp_native:/home/user/ros2_humble/install/rclcpp_components:/home/user/ros2_humble/install/intra_process_demo:/home/user/ros2_humble/install/examples_rclcpp_multithreaded_executor:/home/user/ros2_humble/install/examples_rclcpp_minimal_timer:/home/user/ros2_humble/install/examples_rclcpp_minimal_publisher:/home/user/ros2_humble/install/examples_rclcpp_cbg_executor:/home/user/ros2_humble/install/dummy_sensors:/home/user/ros2_humble/install/dummy_map_server:/home/user/ros2_humble/install/rclcpp:/home/user/ros2_humble/install/rcl_lifecycle:/home/user/ros2_humble/install/libstatistics_collector:/home/user/ros2_humble/install/rcl:/home/user/ros2_humble/install/rmw_implementation:/home/user/ros2_humble/install/rmw_fastrtps_dynamic_cpp:/home/user/ros2_humble/install/rmw_fastrtps_cpp:/home/user/ros2_humble/install/rmw_fastrtps_shared_cpp:/home/user/ros2_humble/install/rmw_cyclonedds_cpp:/home/user/ros2_humble/install/tracetools:/home/user/ros2_humble/install/tlsf:/home/user/ros2_humble/install/tinyxml_vendor:/home/user/ros2_humble/install/qt_gui_core:/home/user/ros2_humble/install/qt_gui_cpp:/home/user/ros2_humble/install/pluginlib:/home/user/ros2_humble/install/tinyxml2_vendor:/home/user/ros2_humble/install/tf2_eigen_kdl:/home/user/ros2_humble/install/tf2:/home/user/ros2_humble/install/test_security:/home/user/ros2_humble/install/test_rmw_implementation:/home/user/ros2_humble/install/test_rclcpp:/home/user/ros2_humble/install/test_quality_of_service:/home/user/ros2_humble/install/test_launch_testing:/home/user/ros2_humble/install/test_interface_files:/home/user/ros2_humble/install/test_communication:/home/user/ros2_humble/install/test_cli_remapping:/home/user/ros2_humble/install/test_cli:/home/user/ros2_humble/install/qt_gui_app:/home/user/ros2_humble/install/qt_gui:/home/user/ros2_humble/install/tango_icons_vendor:/home/user/ros2_humble/install/stereo_msgs:/home/user/ros2_humble/install/std_srvs:/home/user/ros2_humble/install/shape_msgs:/home/user/ros2_humble/install/map_msgs:/home/user/ros2_humble/install/sensor_msgs:/home/user/ros2_humble/install/nav_msgs:/home/user/ros2_humble/install/diagnostic_msgs:/home/user/ros2_humble/install/geometry_msgs:/home/user/ros2_humble/install/actionlib_msgs:/home/user/ros2_humble/install/std_msgs:/home/user/ros2_humble/install/statistics_msgs:/home/user/ros2_humble/install/sqlite3_vendor:/home/user/ros2_humble/install/rcl_logging_spdlog:/home/user/ros2_humble/install/spdlog_vendor:/home/user/ros2_humble/install/shared_queues_vendor:/home/user/ros2_humble/install/rviz_rendering_tests:/home/user/ros2_humble/install/rviz_rendering:/home/user/ros2_humble/install/rviz_ogre_vendor:/home/user/ros2_humble/install/rviz_assimp_vendor:/home/user/ros2_humble/install/rttest:/home/user/ros2_humble/install/rmw_connextddsmicro:/home/user/ros2_humble/install/rmw_connextdds:/home/user/ros2_humble/install/rmw_connextdds_common:/home/user/ros2_humble/install/rti_connext_dds_cmake_module:/home/user/ros2_humble/install/rosgraph_msgs:/home/user/ros2_humble/install/rosbag2_interfaces:/home/user/ros2_humble/install/rmw_dds_common:/home/user/ros2_humble/install/composition_interfaces:/home/user/ros2_humble/install/rcl_interfaces:/home/user/ros2_humble/install/pendulum_msgs:/home/user/ros2_humble/install/lifecycle_msgs:/home/user/ros2_humble/install/builtin_interfaces:/home/user/ros2_humble/install/rosidl_default_runtime:/home/user/ros2_humble/install/rosidl_default_generators:/home/user/ros2_humble/install/rosidl_generator_py:/home/user/ros2_humble/install/rosidl_typesupport_introspection_tests:/home/user/ros2_humble/install/rosidl_typesupport_cpp:/home/user/ros2_humble/install/rosidl_typesupport_introspection_cpp:/home/user/ros2_humble/install/rosidl_typesupport_c:/home/user/ros2_humble/install/rosidl_typesupport_introspection_c:/home/user/ros2_humble/install/rosidl_typesupport_fastrtps_c:/home/user/ros2_humble/install/rosidl_typesupport_fastrtps_cpp:/home/user/ros2_humble/install/rosidl_generator_cpp:/home/user/ros2_humble/install/rosidl_runtime_cpp:/home/user/ros2_humble/install/rcl_yaml_param_parser:/home/user/ros2_humble/install/rmw:/home/user/ros2_humble/install/rosidl_runtime_c:/home/user/ros2_humble/install/rosidl_generator_c:/home/user/ros2_humble/install/rosidl_typesupport_interface:/home/user/ros2_humble/install/rosidl_generator_dds_idl:/home/user/ros2_humble/install/rosidl_cmake:/home/user/ros2_humble/install/rosidl_parser:/home/user/ros2_humble/install/rosidl_adapter:/home/user/ros2_humble/install/rosbag2_tests:/home/user/ros2_humble/install/ros_environment:/home/user/ros2_humble/install/rmw_implementation_cmake:/home/user/ros2_humble/install/resource_retriever:/home/user/ros2_humble/install/class_loader:/home/user/ros2_humble/install/rcpputils:/home/user/ros2_humble/install/rcl_logging_noop:/home/user/ros2_humble/install/rcl_logging_interface:/home/user/ros2_humble/install/rcutils:/home/user/ros2_humble/install/qt_gui_py_common:/home/user/ros2_humble/install/qt_dotgraph:/home/user/ros2_humble/install/python_qt_binding:/home/user/ros2_humble/install/python_orocos_kdl_vendor:/home/user/ros2_humble/install/launch_testing_ament_cmake:/home/user/ros2_humble/install/python_cmake_module:/home/user/ros2_humble/install/pybind11_vendor:/home/user/ros2_humble/install/performance_test_fixture:/home/user/ros2_humble/install/osrf_testing_tools_cpp:/home/user/ros2_humble/install/orocos_kdl_vendor:/home/user/ros2_humble/install/mimick_vendor:/home/user/ros2_humble/install/libyaml_vendor:/home/user/ros2_humble/install/libcurl_vendor:/home/user/ros2_humble/install/keyboard_handler:/home/user/ros2_humble/install/cyclonedds:/home/user/ros2_humble/install/iceoryx_posh:/home/user/ros2_humble/install/iceoryx_hoofs:/home/user/ros2_humble/install/iceoryx_binding_c:/home/user/ros2_humble/install/ament_cmake_ros:/home/user/ros2_humble/install/ament_cmake_gmock:/home/user/ros2_humble/install/gmock_vendor:/home/user/ros2_humble/install/ament_cmake_auto:/home/user/ros2_humble/install/ament_cmake_gtest:/home/user/ros2_humble/install/gtest_vendor:/home/user/ros2_humble/install/ament_cmake_google_benchmark:/home/user/ros2_humble/install/google_benchmark_vendor:/home/user/ros2_humble/install/fastrtps:/home/user/ros2_humble/install/foonathan_memory_vendor:/home/user/ros2_humble/install/fastrtps_cmake_module:/home/user/ros2_humble/install/fastcdr:/home/user/ros2_humble/install/eigen3_cmake_module:/home/user/ros2_humble/install/console_bridge_vendor:/home/user/ros2_humble/install/ament_cmake_xmllint:/home/user/ros2_humble/install/ament_cmake_pyflakes:/home/user/ros2_humble/install/ament_cmake_pycodestyle:/home/user/ros2_humble/install/ament_cmake_pep257:/home/user/ros2_humble/install/ament_cmake_pclint:/home/user/ros2_humble/install/ament_lint_auto:/home/user/ros2_humble/install/ament_cmake:/home/user/ros2_humble/install/ament_cmake_version:/home/user/ros2_humble/install/ament_cmake_vendor_package:/home/user/ros2_humble/install/ament_cmake_pytest:/home/user/ros2_humble/install/ament_cmake_nose:/home/user/ros2_humble/install/ament_cmake_mypy:/home/user/ros2_humble/install/ament_cmake_lint_cmake:/home/user/ros2_humble/install/ament_cmake_flake8:/home/user/ros2_humble/install/ament_cmake_cpplint:/home/user/ros2_humble/install/ament_cmake_cppcheck:/home/user/ros2_humble/install/ament_cmake_copyright:/home/user/ros2_humble/install/ament_cmake_clang_tidy:/home/user/ros2_humble/install/ament_cmake_clang_format:/home/user/ros2_humble/install/ament_cmake_test:/home/user/ros2_humble/install/ament_cmake_target_dependencies:/home/user/ros2_humble/install/ament_cmake_python:/home/user/ros2_humble/install/ament_cmake_export_dependencies:/home/user/ros2_humble/install/ament_cmake_libraries:/home/user/ros2_humble/install/ament_cmake_include_directories:/home/user/ros2_humble/install/ament_cmake_gen_version_h:/home/user/ros2_humble/install/ament_cmake_export_targets:/home/user/ros2_humble/install/ament_cmake_export_link_flags:/home/user/ros2_humble/install/ament_cmake_export_interfaces:/home/user/ros2_humble/install/ament_cmake_export_libraries:/home/user/ros2_humble/install/ament_cmake_export_include_directories:/home/user/ros2_humble/install/ament_cmake_export_definitions:/home/user/ros2_humble/install/ament_cmake_core:/home/user/ros2_humble/install/ament_index_cpp:/home/user/template_ws/install/camera_v2_pkg:/home/user/template_ws/install/camera_pkg:/home/user/ros2_humble/install/rqt_bag_plugins:/home/user/ros2_humble/install/rqt_bag:/home/user/ros2_humble/install/ros2bag:/home/user/ros2_humble/install/tracetools_test:/home/user/ros2_humble/install/tracetools_launch:/home/user/ros2_humble/install/topic_monitor:/home/user/ros2_humble/install/tf2_tools:/home/user/ros2_humble/install/examples_tf2_py:/home/user/ros2_humble/install/tf2_ros_py:/home/user/ros2_humble/install/sros2:/home/user/ros2_humble/install/rqt_topic:/home/user/ros2_humble/install/rqt_srv:/home/user/ros2_humble/install/rqt_shell:/home/user/ros2_humble/install/rqt_service_caller:/home/user/ros2_humble/install/rqt_reconfigure:/home/user/ros2_humble/install/rqt_py_console:/home/user/ros2_humble/install/rqt_publisher:/home/user/ros2_humble/install/rqt_plot:/home/user/ros2_humble/install/rqt_action:/home/user/ros2_humble/install/rqt_msg:/home/user/ros2_humble/install/rqt_console:/home/user/ros2_humble/install/rqt:/home/user/ros2_humble/install/rqt_graph:/home/user/ros2_humble/install/rqt_gui_py:/home/user/ros2_humble/install/rqt_gui:/home/user/ros2_humble/install/ros2trace:/home/user/ros2_humble/install/ros2topic:/home/user/ros2_humble/install/ros2test:/home/user/ros2_humble/install/ros2component:/home/user/ros2_humble/install/ros2param:/home/user/ros2_humble/install/ros2lifecycle:/home/user/ros2_humble/install/ros2service:/home/user/ros2_humble/install/ros2run:/home/user/ros2_humble/install/ros2launch:/home/user/ros2_humble/install/ros2pkg:/home/user/ros2_humble/install/ros2node:/home/user/ros2_humble/install/ros2multicast:/home/user/ros2_humble/install/ros2interface:/home/user/ros2_humble/install/ros2doctor:/home/user/ros2_humble/install/ros2action:/home/user/ros2_humble/install/ros2cli:/home/user/ros2_humble/install/quality_of_service_demo_py:/home/user/ros2_humble/install/lifecycle_py:/home/user/ros2_humble/install/launch_testing_ros:/home/user/ros2_humble/install/launch_ros:/home/user/ros2_humble/install/examples_rclpy_pointcloud_publisher:/home/user/ros2_humble/install/examples_rclpy_minimal_subscriber:/home/user/ros2_humble/install/examples_rclpy_minimal_service:/home/user/ros2_humble/install/examples_rclpy_minimal_publisher:/home/user/ros2_humble/install/examples_rclpy_minimal_client:/home/user/ros2_humble/install/examples_rclpy_minimal_action_server:/home/user/ros2_humble/install/examples_rclpy_minimal_action_client:/home/user/ros2_humble/install/examples_rclpy_guard_conditions:/home/user/ros2_humble/install/examples_rclpy_executors:/home/user/ros2_humble/install/demo_nodes_py:/home/user/ros2_humble/install/action_tutorials_py:/home/user/ros2_humble/install/ament_uncrustify:/home/user/ros2_humble/install/tracetools_trace:/home/user/ros2_humble/install/tracetools_read:/home/user/ros2_humble/install/test_tracetools_launch:/home/user/ros2_humble/install/test_launch_ros:/home/user/ros2_humble/install/sensor_msgs_py:/home/user/ros2_humble/install/rpyutils:/home/user/ros2_humble/install/rosidl_runtime_py:/home/user/ros2_humble/install/rosidl_cli:/home/user/ros2_humble/install/launch_pytest:/home/user/ros2_humble/install/launch_testing:/home/user/ros2_humble/install/launch_yaml:/home/user/ros2_humble/install/launch_xml:/home/user/ros2_humble/install/launch:/home/user/ros2_humble/install/osrf_pycommon:/home/user/ros2_humble/install/launch_testing_examples:/home/user/ros2_humble/install/domain_coordinator:/home/user/ros2_humble/install/ament_xmllint:/home/user/ros2_humble/install/ament_pyflakes:/home/user/ros2_humble/install/ament_pycodestyle:/home/user/ros2_humble/install/ament_pep257:/home/user/ros2_humble/install/ament_pclint:/home/user/ros2_humble/install/ament_package:/home/user/ros2_humble/install/ament_mypy:/home/user/ros2_humble/install/ament_lint_cmake:/home/user/ros2_humble/install/ament_flake8:/home/user/ros2_humble/install/ament_copyright:/home/user/ros2_humble/install/ament_lint:/home/user/ros2_humble/install/ament_index_python:/home/user/ros2_humble/install/ament_cpplint:/home/user/ros2_humble/install/ament_cppcheck:/home/user/ros2_humble/install/ament_clang_tidy:/home/user/ros2_humble/install/ament_clang_format /usr/bin/cmake --build /home/user/template_ws/build/robot_srv_pkg -- -j4 -l4
[15.084s] Level 1:colcon.colcon_core.environment:create_environment_scripts_only(robot_srv_pkg)
[15.101s] Level 1:colcon.colcon_core.environment:checking '/home/user/template_ws/install/robot_srv_pkg' for CMake module files
[15.101s] Level 1:colcon.colcon_core.environment:checking '/home/user/template_ws/install/robot_srv_pkg' for CMake config files
[15.102s] Level 1:colcon.colcon_core.environment:checking '/home/user/template_ws/install/robot_srv_pkg/bin'
[15.102s] Level 1:colcon.colcon_core.environment:checking '/home/user/template_ws/install/robot_srv_pkg/lib/pkgconfig/robot_srv_pkg.pc'
[15.102s] Level 1:colcon.colcon_core.environment:checking '/home/user/template_ws/install/robot_srv_pkg/lib/python3.10/site-packages'
[15.103s] Level 1:colcon.colcon_core.environment:checking '/home/user/template_ws/install/robot_srv_pkg/bin'
[15.116s] INFO:colcon.colcon_core.shell:Creating package script '/home/user/template_ws/install/robot_srv_pkg/share/robot_srv_pkg/package.ps1'
[15.116s] INFO:colcon.colcon_core.shell:Creating package descriptor '/home/user/template_ws/install/robot_srv_pkg/share/robot_srv_pkg/package.dsv'
[15.117s] INFO:colcon.colcon_core.shell:Creating package script '/home/user/template_ws/install/robot_srv_pkg/share/robot_srv_pkg/package.sh'
[15.117s] INFO:colcon.colcon_core.shell:Creating package script '/home/user/template_ws/install/robot_srv_pkg/share/robot_srv_pkg/package.bash'
[15.118s] INFO:colcon.colcon_core.shell:Creating package script '/home/user/template_ws/install/robot_srv_pkg/share/robot_srv_pkg/package.zsh'
[15.118s] Level 1:colcon.colcon_core.environment:create_file_with_runtime_dependencies(/home/user/template_ws/install/robot_srv_pkg/share/colcon-core/packages/robot_srv_pkg)
[15.129s] DEBUG:colcon.colcon_parallel_executor.executor.parallel:closing loop
[15.129s] DEBUG:colcon.colcon_parallel_executor.executor.parallel:loop closed
[15.129s] DEBUG:colcon.colcon_parallel_executor.executor.parallel:run_until_complete finished with '2'
[15.129s] DEBUG:colcon.colcon_core.event_reactor:joining thread
[15.173s] INFO:colcon.colcon_core.plugin_system:Skipping extension 'colcon_notification.desktop_notification.terminal_notifier': Not used on non-Darwin systems
[15.173s] INFO:colcon.colcon_core.plugin_system:Skipping extension 'colcon_notification.desktop_notification.win32': Not used on non-Windows systems
[15.173s] INFO:colcon.colcon_notification.desktop_notification:Sending desktop notification using 'notify2'
[15.198s] DEBUG:colcon.colcon_core.event_reactor:joined thread
[15.223s] INFO:colcon.colcon_core.shell:Creating prefix script '/home/user/template_ws/install/local_setup.ps1'
[15.225s] INFO:colcon.colcon_core.shell:Creating prefix util module '/home/user/template_ws/install/_local_setup_util_ps1.py'
[15.228s] INFO:colcon.colcon_core.shell:Creating prefix chain script '/home/user/template_ws/install/setup.ps1'
[15.270s] INFO:colcon.colcon_core.shell:Creating prefix script '/home/user/template_ws/install/local_setup.sh'
[15.271s] INFO:colcon.colcon_core.shell:Creating prefix util module '/home/user/template_ws/install/_local_setup_util_sh.py'
[15.272s] INFO:colcon.colcon_core.shell:Creating prefix chain script '/home/user/template_ws/install/setup.sh'
[15.312s] INFO:colcon.colcon_core.shell:Creating prefix script '/home/user/template_ws/install/local_setup.bash'
[15.313s] INFO:colcon.colcon_core.shell:Creating prefix chain script '/home/user/template_ws/install/setup.bash'
[15.353s] INFO:colcon.colcon_core.shell:Creating prefix script '/home/user/template_ws/install/local_setup.zsh'
[15.354s] INFO:colcon.colcon_core.shell:Creating prefix chain script '/home/user/template_ws/install/setup.zsh'
