-- Found ament_cmake: 1.3.5 (/home/user/ros2_humble/install/ament_cmake/share/ament_cmake/cmake)
-- Override CMake install command with custom implementation using symlinks instead of copying resources
-- Found rclcpp: 16.0.4 (/home/user/ros2_humble/install/rclcpp/share/rclcpp/cmake)
-- Found rosidl_generator_c: 3.1.4 (/home/user/ros2_humble/install/rosidl_generator_c/share/rosidl_generator_c/cmake)
-- Found rosidl_adapter: 3.1.4 (/home/user/ros2_humble/install/rosidl_adapter/share/rosidl_adapter/cmake)
-- Found rosidl_generator_cpp: 3.1.4 (/home/user/ros2_humble/install/rosidl_generator_cpp/share/rosidl_generator_cpp/cmake)
-- Using all available rosidl_typesupport_c: rosidl_typesupport_introspection_c;rosidl_typesupport_fastrtps_c
-- Using all available rosidl_typesupport_cpp: rosidl_typesupport_introspection_cpp;rosidl_typesupport_fastrtps_cpp
-- Found rmw_implementation_cmake: 6.1.1 (/home/user/ros2_humble/install/rmw_implementation_cmake/share/rmw_implementation_cmake/cmake)
-- Found rmw_fastrtps_cpp: 6.2.2 (/home/user/ros2_humble/install/rmw_fastrtps_cpp/share/rmw_fastrtps_cpp/cmake)
-- Using RMW implementation 'rmw_fastrtps_cpp' as default
-- Found rclcpp_action: 16.0.4 (/home/user/ros2_humble/install/rclcpp_action/share/rclcpp_action/cmake)
-- Found rclcpp_components: 16.0.4 (/home/user/ros2_humble/install/rclcpp_components/share/rclcpp_components/cmake)
-- Found my_interfaces: 0.0.0 (/home/user/template_ws/install/my_interfaces/share/my_interfaces/cmake)
-- Configuring done
-- Generating done
-- Build files have been written to: /home/user/template_ws/build/robot_action_pkg
[ 50%] [32mBuilding CXX object CMakeFiles/robot_action_node.dir/src/robot_action_node.cpp.o[0m
[100%] [32m[1mLinking CXX executable robot_action_node[0m
[100%] Built target robot_action_node
-- Install configuration: ""
-- Execute custom install script
-- Symlinking: /home/user/template_ws/install/robot_action_pkg/lib/robot_action_pkg/robot_action_node
-- Symlinking: /home/user/template_ws/install/robot_action_pkg/share/ament_index/resource_index/package_run_dependencies/robot_action_pkg
-- Symlinking: /home/user/template_ws/install/robot_action_pkg/share/ament_index/resource_index/parent_prefix_path/robot_action_pkg
-- Symlinking: /home/user/template_ws/install/robot_action_pkg/share/robot_action_pkg/environment/ament_prefix_path.sh
-- Symlinking: /home/user/template_ws/install/robot_action_pkg/share/robot_action_pkg/environment/ament_prefix_path.dsv
-- Symlinking: /home/user/template_ws/install/robot_action_pkg/share/robot_action_pkg/environment/path.sh
-- Symlinking: /home/user/template_ws/install/robot_action_pkg/share/robot_action_pkg/environment/path.dsv
-- Symlinking: /home/user/template_ws/install/robot_action_pkg/share/robot_action_pkg/local_setup.bash
-- Symlinking: /home/user/template_ws/install/robot_action_pkg/share/robot_action_pkg/local_setup.sh
-- Symlinking: /home/user/template_ws/install/robot_action_pkg/share/robot_action_pkg/local_setup.zsh
-- Symlinking: /home/user/template_ws/install/robot_action_pkg/share/robot_action_pkg/local_setup.dsv
-- Symlinking: /home/user/template_ws/install/robot_action_pkg/share/robot_action_pkg/package.dsv
-- Symlinking: /home/user/template_ws/install/robot_action_pkg/share/ament_index/resource_index/packages/robot_action_pkg
-- Symlinking: /home/user/template_ws/install/robot_action_pkg/share/robot_action_pkg/cmake/robot_action_pkgConfig.cmake
-- Symlinking: /home/user/template_ws/install/robot_action_pkg/share/robot_action_pkg/cmake/robot_action_pkgConfig-version.cmake
-- Symlinking: /home/user/template_ws/install/robot_action_pkg/share/robot_action_pkg/package.xml
